<?xml version="1.0" encoding="utf-8"?>
<TestRun id="18859418-a118-484d-b297-57c0a1c2c7c8" name="287802@36012S3 2026-07-03 12:22:11" runUser="USTR\287802" xmlns="http://microsoft.com/schemas/VisualStudio/TeamTest/2010">
  <Times creation="2026-07-03T12:22:11.2902879+05:30" queuing="2026-07-03T12:22:11.2902881+05:30" start="2026-07-03T12:22:09.4352758+05:30" finish="2026-07-03T12:22:12.5028977+05:30" />
  <TestSettings name="default" id="ed3a422c-60c9-4944-b1f9-96d5f3f2d647">
    <Deployment runDeploymentRoot="287802_36012S3_2026-07-03_12_22_11" />
  </TestSettings>
  <Results>
    <UnitTestResult executionId="40a5ca2f-89de-497a-979f-1a7476b6ccce" testId="0e2a3242-2686-8c02-85c0-275b58c1340d" testName="HealthAxisCore_Api.Tests.Services.PatientServiceTests.GetPagedAsync_WithSearchByEmail_ShouldReturnMatchingPatient" computerName="36012S3" duration="00:00:00.1637509" startTime="2026-07-03T12:22:10.9627900+05:30" endTime="2026-07-03T12:22:11.1537572+05:30" testType="13cdc9d9-ddb5-4fa4-a97d-d965ccfc6d4b" outcome="Passed" testListId="8c84fa94-04c1-424b-9868-57a2d4851a1d" relativeResultsDirectory="40a5ca2f-89de-497a-979f-1a7476b6ccce" />
    <UnitTestResult executionId="f2a1233b-1efd-4f25-9271-d6dafa5e5b14" testId="d1901348-99a8-1fb2-47bf-3c3ed616662e" testName="HealthAxisCore_Api.Tests.Services.PatientServiceTests.SearchAsync_WhenNoPatientsFound_ShouldReturnEmptyMappedList" computerName="36012S3" duration="00:00:00.0063465" startTime="2026-07-03T12:22:11.2308844+05:30" endTime="2026-07-03T12:22:11.2351451+05:30" testType="13cdc9d9-ddb5-4fa4-a97d-d965ccfc6d4b" outcome="Passed" testListId="8c84fa94-04c1-424b-9868-57a2d4851a1d" relativeResultsDirectory="f2a1233b-1efd-4f25-9271-d6dafa5e5b14" />
    <UnitTestResult executionId="1b5f24f9-2d9a-4968-9bc8-13c12d5c8770" testId="cbb6191d-9b53-0921-28e7-8eb2f0dca3f1" testName="HealthAxisCore_Api.Tests.Services.DoctorServiceTests.GetPagedAsync_WhenPageNumberLessThanOne_ShouldDefaultToOne" computerName="36012S3" duration="00:00:00.0014584" startTime="2026-07-03T12:22:11.2438951+05:30" endTime="2026-07-03T12:22:11.2441707+05:30" testType="13cdc9d9-ddb5-4fa4-a97d-d965ccfc6d4b" outcome="Passed" testListId="8c84fa94-04c1-424b-9868-57a2d4851a1d" relativeResultsDirectory="1b5f24f9-2d9a-4968-9bc8-13c12d5c8770" />
    <UnitTestResult executionId="b83ba87f-c9f2-446a-b5c4-dd0a399db934" testId="3c8a176e-450b-5190-e852-5a50e245b5df" testName="HealthAxisCore_Api.Tests.Services.PatientServiceTests.GetPagedAsync_WithGenderFilter_ShouldReturnMatchingPatients" computerName="36012S3" duration="00:00:00.0023390" startTime="2026-07-03T12:22:11.2411657+05:30" endTime="2026-07-03T12:22:11.2414487+05:30" testType="13cdc9d9-ddb5-4fa4-a97d-d965ccfc6d4b" outcome="Passed" testListId="8c84fa94-04c1-424b-9868-57a2d4851a1d" relativeResultsDirectory="b83ba87f-c9f2-446a-b5c4-dd0a399db934" />
    <UnitTestResult executionId="44f8c85f-aff1-4dee-a5b3-4a8631247272" testId="5793086c-3e69-b231-2580-154b36c43ea6" testName="HealthAxisCore_Api.Tests.Services.AuthServiceTests.RefreshTokenAsync_WhenTokenDoesNotExist_ShouldThrowUnauthorizedException" computerName="36012S3" duration="00:00:00.0018061" startTime="2026-07-03T12:22:12.3263079+05:30" endTime="2026-07-03T12:22:12.3280504+05:30" testType="13cdc9d9-ddb5-4fa4-a97d-d965ccfc6d4b" outcome="Passed" testListId="8c84fa94-04c1-424b-9868-57a2d4851a1d" relativeResultsDirectory="44f8c85f-aff1-4dee-a5b3-4a8631247272" />
    <UnitTestResult executionId="f973efc8-72e7-4725-8064-1e2d1e2aec68" testId="bad64a99-6b30-78d9-d80f-9072ad4dc343" testName="HealthAxisCore_Api.Tests.Services.DoctorServiceTests.GetPagedAsync_WithSearchBySpecialisation_ShouldReturnMatchingDoctors" computerName="36012S3" duration="00:00:00.0023341" startTime="2026-07-03T12:22:11.2621279+05:30" endTime="2026-07-03T12:22:11.2628322+05:30" testType="13cdc9d9-ddb5-4fa4-a97d-d965ccfc6d4b" outcome="Passed" testListId="8c84fa94-04c1-424b-9868-57a2d4851a1d" relativeResultsDirectory="f973efc8-72e7-4725-8064-1e2d1e2aec68" />
    <UnitTestResult executionId="d7d0f1a1-c45a-4b50-b451-90249a3ab943" testId="6f6027ea-662a-9b22-a3eb-6d86c3a6fe45" testName="HealthAxisCore_Api.Tests.Services.PatientServiceTests.GetAllAsync_WhenNoPatientsExist_ShouldReturnEmptyMappedList" computerName="36012S3" duration="00:00:00.0032650" startTime="2026-07-03T12:22:11.2663852+05:30" endTime="2026-07-03T12:22:11.2704829+05:30" testType="13cdc9d9-ddb5-4fa4-a97d-d965ccfc6d4b" outcome="Passed" testListId="8c84fa94-04c1-424b-9868-57a2d4851a1d" relativeResultsDirectory="d7d0f1a1-c45a-4b50-b451-90249a3ab943" />
    <UnitTestResult executionId="eaf7bc02-8e8d-4589-962f-339ba135fe1d" testId="063732d5-57e0-9998-6825-3ffd226fbb73" testName="HealthAxisCore_Api.Tests.Services.AuthServiceTests.RefreshTokenAsync_WhenTokenIsRevoked_ShouldThrowUnauthorizedException" computerName="36012S3" duration="00:00:00.1108619" startTime="2026-07-03T12:22:12.1519512+05:30" endTime="2026-07-03T12:22:12.2628103+05:30" testType="13cdc9d9-ddb5-4fa4-a97d-d965ccfc6d4b" outcome="Passed" testListId="8c84fa94-04c1-424b-9868-57a2d4851a1d" relativeResultsDirectory="eaf7bc02-8e8d-4589-962f-339ba135fe1d" />
    <UnitTestResult executionId="44ca5afc-082b-4464-b71c-0abae0a6fe01" testId="f16fbbff-8fcd-714e-94a4-d7c677e29733" testName="HealthAxisCore_Api.Tests.Services.AuthServiceTests.RegisterAsync_WhenCreateUserFails_ShouldThrowBusinessRuleException" computerName="36012S3" duration="00:00:00.0039685" startTime="2026-07-03T12:22:12.2803294+05:30" endTime="2026-07-03T12:22:12.2841964+05:30" testType="13cdc9d9-ddb5-4fa4-a97d-d965ccfc6d4b" outcome="Passed" testListId="8c84fa94-04c1-424b-9868-57a2d4851a1d" relativeResultsDirectory="44ca5afc-082b-4464-b71c-0abae0a6fe01" />
    <UnitTestResult executionId="ae58c13b-62e3-47cb-aff3-a510e798b34b" testId="372eccf9-a766-db83-5e1c-f6d65fda98fb" testName="HealthAxisCore_Api.Tests.Services.AppointmentServiceTests.CompleteAsync_WhenAppointmentCancelled_ShouldThrowAppointmentRuleException" computerName="36012S3" duration="00:00:00.0027274" startTime="2026-07-03T12:22:11.3572287+05:30" endTime="2026-07-03T12:22:11.3598521+05:30" testType="13cdc9d9-ddb5-4fa4-a97d-d965ccfc6d4b" outcome="Passed" testListId="8c84fa94-04c1-424b-9868-57a2d4851a1d" relativeResultsDirectory="ae58c13b-62e3-47cb-aff3-a510e798b34b" />
    <UnitTestResult executionId="7fe97741-2602-42ce-937f-89b828e715c1" testId="5ebfd6bc-d822-eb58-1c10-315a9ef72183" testName="HealthAxisCore_Api.Tests.Services.HealthRecordServiceTests.GetByPatientAsync_WhenRepositoryReturnsNull_ShouldThrowEntityNotFoundException" computerName="36012S3" duration="00:00:00.0047554" startTime="2026-07-03T12:22:11.2350545+05:30" endTime="2026-07-03T12:22:11.2354062+05:30" testType="13cdc9d9-ddb5-4fa4-a97d-d965ccfc6d4b" outcome="Passed" testListId="8c84fa94-04c1-424b-9868-57a2d4851a1d" relativeResultsDirectory="7fe97741-2602-42ce-937f-89b828e715c1" />
    <UnitTestResult executionId="b225a92d-020e-4c2f-9e10-84c9aa7cc627" testId="2ed6a8c5-6e3d-016c-d777-96e702e4d1c0" testName="HealthAxisCore_Api.Tests.Services.DoctorServiceTests.GetPagedAsync_ShouldOrderDoctorsByName" computerName="36012S3" duration="00:00:00.0017866" startTime="2026-07-03T12:22:11.2457256+05:30" endTime="2026-07-03T12:22:11.2503980+05:30" testType="13cdc9d9-ddb5-4fa4-a97d-d965ccfc6d4b" outcome="Passed" testListId="8c84fa94-04c1-424b-9868-57a2d4851a1d" relativeResultsDirectory="b225a92d-020e-4c2f-9e10-84c9aa7cc627" />
    <UnitTestResult executionId="12f8d7c1-6f32-4008-9da4-a02517baa6d9" testId="56d042a6-6216-46d9-255b-ad2ebba035fd" testName="HealthAxisCore_Api.Tests.Services.DoctorServiceTests.UpdateAsync_WhenDoctorExists_ShouldUpdateDoctorAndReturnTrue" computerName="36012S3" duration="00:00:00.0103851" startTime="2026-07-03T12:22:11.2543285+05:30" endTime="2026-07-03T12:22:11.2609789+05:30" testType="13cdc9d9-ddb5-4fa4-a97d-d965ccfc6d4b" outcome="Passed" testListId="8c84fa94-04c1-424b-9868-57a2d4851a1d" relativeResultsDirectory="12f8d7c1-6f32-4008-9da4-a02517baa6d9" />
    <UnitTestResult executionId="4c29fd7e-a5a8-45ed-9638-450ca5e0d9ee" testId="9c78aecc-402b-fec8-f7d3-6df585a49272" testName="HealthAxisCore_Api.Tests.Services.AppointmentServiceTests.ConfirmAsync_WhenAppointmentCompleted_ShouldThrowAppointmentRuleException" computerName="36012S3" duration="00:00:00.0029284" startTime="2026-07-03T12:22:11.2536464+05:30" endTime="2026-07-03T12:22:11.2537045+05:30" testType="13cdc9d9-ddb5-4fa4-a97d-d965ccfc6d4b" outcome="Passed" testListId="8c84fa94-04c1-424b-9868-57a2d4851a1d" relativeResultsDirectory="4c29fd7e-a5a8-45ed-9638-450ca5e0d9ee" />
    <UnitTestResult executionId="b0a5ffc7-85e9-4e46-ae54-daac59da9204" testId="635e7ca7-ddf1-cde9-3229-a1ddbf36fd2c" testName="HealthAxisCore_Api.Tests.Services.DoctorServiceTests.FilterAsync_ShouldReturnMappedDoctors" computerName="36012S3" duration="00:00:00.0152711" startTime="2026-07-03T12:22:11.2288110+05:30" endTime="2026-07-03T12:22:11.2344541+05:30" testType="13cdc9d9-ddb5-4fa4-a97d-d965ccfc6d4b" outcome="Passed" testListId="8c84fa94-04c1-424b-9868-57a2d4851a1d" relativeResultsDirectory="b0a5ffc7-85e9-4e46-ae54-daac59da9204" />
    <UnitTestResult executionId="c14a1d8a-38ca-43de-9ca2-173d6336dfbd" testId="54849638-9222-3519-5f23-73080971559d" testName="HealthAxisCore_Api.Tests.Services.AppointmentServiceTests.DeleteAsync_WhenAppointmentExists_ShouldDeleteAndReturnTrue" computerName="36012S3" duration="00:00:00.0013292" startTime="2026-07-03T12:22:11.3395181+05:30" endTime="2026-07-03T12:22:11.3407633+05:30" testType="13cdc9d9-ddb5-4fa4-a97d-d965ccfc6d4b" outcome="Passed" testListId="8c84fa94-04c1-424b-9868-57a2d4851a1d" relativeResultsDirectory="c14a1d8a-38ca-43de-9ca2-173d6336dfbd" />
    <UnitTestResult executionId="efdc602f-fcf0-43e3-bd72-866818421cac" testId="d02a2898-969c-e1f7-d1a2-db5d164e7ccd" testName="HealthAxisCore_Api.Tests.Services.AppointmentServiceTests.GetPagedAsync_WithSearchByDoctorId_ShouldReturnMatchingAppointments" computerName="36012S3" duration="00:00:00.0015488" startTime="2026-07-03T12:22:11.3252817+05:30" endTime="2026-07-03T12:22:11.3267302+05:30" testType="13cdc9d9-ddb5-4fa4-a97d-d965ccfc6d4b" outcome="Passed" testListId="8c84fa94-04c1-424b-9868-57a2d4851a1d" relativeResultsDirectory="efdc602f-fcf0-43e3-bd72-866818421cac" />
    <UnitTestResult executionId="86682917-f46d-4ce5-849d-68c67df00f84" testId="9726f9a9-fe5f-9e30-7e0c-10109d0d5e47" testName="HealthAxisCore_Api.Tests.Services.AppointmentServiceTests.CompleteAsync_WhenAppointmentPending_ShouldThrowAppointmentRuleException" computerName="36012S3" duration="00:00:00.0039155" startTime="2026-07-03T12:22:11.2358105+05:30" endTime="2026-07-03T12:22:11.2369852+05:30" testType="13cdc9d9-ddb5-4fa4-a97d-d965ccfc6d4b" outcome="Passed" testListId="8c84fa94-04c1-424b-9868-57a2d4851a1d" relativeResultsDirectory="86682917-f46d-4ce5-849d-68c67df00f84" />
    <UnitTestResult executionId="c297ad44-532f-420b-8b2f-42408db90338" testId="82ca34c3-b6fe-b57e-b1c1-01ffe046c78f" testName="HealthAxisCore_Api.Tests.Services.AppointmentServiceTests.GetPagedAsync_WithSearchByPatientId_ShouldReturnMatchingAppointments" computerName="36012S3" duration="00:00:00.0028415" startTime="2026-07-03T12:22:11.2287755+05:30" endTime="2026-07-03T12:22:11.2298624+05:30" testType="13cdc9d9-ddb5-4fa4-a97d-d965ccfc6d4b" outcome="Passed" testListId="8c84fa94-04c1-424b-9868-57a2d4851a1d" relativeResultsDirectory="c297ad44-532f-420b-8b2f-42408db90338" />
    <UnitTestResult executionId="365e0aec-e4a3-4133-8ace-08e0806a6dda" testId="44ba5ca1-5ff5-1dc9-1059-03f5fb1af5be" testName="HealthAxisCore_Api.Tests.Services.AppointmentServiceTests.GetByIdAsync_WhenAppointmentExists_ShouldReturnMappedAppointment" computerName="36012S3" duration="00:00:00.0025760" startTime="2026-07-03T12:22:11.3378053+05:30" endTime="2026-07-03T12:22:11.3393704+05:30" testType="13cdc9d9-ddb5-4fa4-a97d-d965ccfc6d4b" outcome="Passed" testListId="8c84fa94-04c1-424b-9868-57a2d4851a1d" relativeResultsDirectory="365e0aec-e4a3-4133-8ace-08e0806a6dda" />
    <UnitTestResult executionId="5947467f-3802-4aca-ba83-bbf6a4d9779d" testId="42f3519e-dad9-96d5-cdd3-42041de20506" testName="HealthAxisCore_Api.Tests.Services.HealthRecordServiceTests.GetByIdAsync_WhenRecordExists_ShouldReturnMappedRecord" computerName="36012S3" duration="00:00:00.0055123" startTime="2026-07-03T12:22:11.2298086+05:30" endTime="2026-07-03T12:22:11.2305519+05:30" testType="13cdc9d9-ddb5-4fa4-a97d-d965ccfc6d4b" outcome="Passed" testListId="8c84fa94-04c1-424b-9868-57a2d4851a1d" relativeResultsDirectory="5947467f-3802-4aca-ba83-bbf6a4d9779d" />
    <UnitTestResult executionId="7da11b7f-c9f9-44a4-a74d-248937db4715" testId="e7de5acf-69fa-0b91-a79b-4b8acfb7010d" testName="HealthAxisCore_Api.Tests.Services.HealthRecordServiceTests.GetAllAsync_WhenRecordsExist_ShouldReturnMappedRecords" computerName="36012S3" duration="00:00:00.0056321" startTime="2026-07-03T12:22:11.2392005+05:30" endTime="2026-07-03T12:22:11.2397874+05:30" testType="13cdc9d9-ddb5-4fa4-a97d-d965ccfc6d4b" outcome="Passed" testListId="8c84fa94-04c1-424b-9868-57a2d4851a1d" relativeResultsDirectory="7da11b7f-c9f9-44a4-a74d-248937db4715" />
    <UnitTestResult executionId="9b2d9306-7a18-4826-b91d-b6da405ab40f" testId="6b031548-847c-d18d-edac-9e192bce6f93" testName="HealthAxisCore_Api.Tests.Services.DoctorServiceTests.CreateAsync_WhenValidRequest_ShouldCreateDoctorAndIdentityUser" computerName="36012S3" duration="00:00:00.0198989" startTime="2026-07-03T12:22:11.2804654+05:30" endTime="2026-07-03T12:22:11.3003776+05:30" testType="13cdc9d9-ddb5-4fa4-a97d-d965ccfc6d4b" outcome="Passed" testListId="8c84fa94-04c1-424b-9868-57a2d4851a1d" relativeResultsDirectory="9b2d9306-7a18-4826-b91d-b6da405ab40f" />
    <UnitTestResult executionId="fde52e21-4b27-4a96-a7c8-22716a431e14" testId="76c423c3-99b2-272c-3285-c16a731e687e" testName="HealthAxisCore_Api.Tests.Services.PatientServiceTests.GetPagedAsync_WithSearchByPatientName_ShouldReturnMatchingPatient" computerName="36012S3" duration="00:00:00.0029784" startTime="2026-07-03T12:22:11.2393499+05:30" endTime="2026-07-03T12:22:11.2395196+05:30" testType="13cdc9d9-ddb5-4fa4-a97d-d965ccfc6d4b" outcome="Passed" testListId="8c84fa94-04c1-424b-9868-57a2d4851a1d" relativeResultsDirectory="fde52e21-4b27-4a96-a7c8-22716a431e14" />
    <UnitTestResult executionId="0fb7751e-f59e-491c-bcb0-a65a5755e086" testId="483d482e-7caa-7e6a-f3dc-baf250c4e8f6" testName="HealthAxisCore_Api.Tests.Services.AppointmentServiceTests.CreateAsync_WhenPatientHasAppointmentWithDifferentDoctorSameDate_ShouldThrowAppointmentRuleException" computerName="36012S3" duration="00:00:00.0030915" startTime="2026-07-03T12:22:11.3744376+05:30" endTime="2026-07-03T12:22:11.3773984+05:30" testType="13cdc9d9-ddb5-4fa4-a97d-d965ccfc6d4b" outcome="Passed" testListId="8c84fa94-04c1-424b-9868-57a2d4851a1d" relativeResultsDirectory="0fb7751e-f59e-491c-bcb0-a65a5755e086" />
    <UnitTestResult executionId="b444ec26-711f-4d60-8b50-c8dd07a4dd39" testId="07629545-6acf-22a9-dbbc-e3eeb346119c" testName="HealthAxisCore_Api.Tests.Services.AuthServiceTests.RegisterAsync_WhenUserAlreadyExists_ShouldThrowBusinessRuleException" computerName="36012S3" duration="00:00:00.0028030" startTime="2026-07-03T12:22:12.2934625+05:30" endTime="2026-07-03T12:22:12.2960815+05:30" testType="13cdc9d9-ddb5-4fa4-a97d-d965ccfc6d4b" outcome="Passed" testListId="8c84fa94-04c1-424b-9868-57a2d4851a1d" relativeResultsDirectory="b444ec26-711f-4d60-8b50-c8dd07a4dd39" />
    <UnitTestResult executionId="8641ae14-63e4-447d-8b7b-a085f4c17280" testId="5c1dca9d-acfd-1584-c2bc-71af97ae1575" testName="HealthAxisCore_Api.Tests.Services.PatientServiceTests.UpdateAsync_WhenPatientDoesNotExist_ShouldThrowEntityNotFoundException" computerName="36012S3" duration="00:00:00.0091683" startTime="2026-07-03T12:22:11.2353383+05:30" endTime="2026-07-03T12:22:11.2373813+05:30" testType="13cdc9d9-ddb5-4fa4-a97d-d965ccfc6d4b" outcome="Passed" testListId="8c84fa94-04c1-424b-9868-57a2d4851a1d" relativeResultsDirectory="8641ae14-63e4-447d-8b7b-a085f4c17280" />
    <UnitTestResult executionId="65d453eb-9109-4aee-b5ea-8cf8532f843b" testId="13b164fc-df09-2d3f-9ec7-05b05e28a27b" testName="HealthAxisCore_Api.Tests.Services.DoctorServiceTests.UpdateAsync_WhenDoctorDoesNotExist_ShouldThrowEntityNotFoundException" computerName="36012S3" duration="00:00:00.0054559" startTime="2026-07-03T12:22:11.3005447+05:30" endTime="2026-07-03T12:22:11.3056603+05:30" testType="13cdc9d9-ddb5-4fa4-a97d-d965ccfc6d4b" outcome="Passed" testListId="8c84fa94-04c1-424b-9868-57a2d4851a1d" relativeResultsDirectory="65d453eb-9109-4aee-b5ea-8cf8532f843b" />
    <UnitTestResult executionId="ffa25a29-996d-40de-991d-42f37e64b10d" testId="427d52a1-e39e-0ea8-8130-afc718f896c7" testName="HealthAxisCore_Api.Tests.Services.AuthServiceTests.ChangePasswordAsync_WhenNewPasswordSameAsTemporaryPassword_ShouldThrowBusinessRuleException" computerName="36012S3" duration="00:00:00.0024464" startTime="2026-07-03T12:22:12.3281600+05:30" endTime="2026-07-03T12:22:12.3304902+05:30" testType="13cdc9d9-ddb5-4fa4-a97d-d965ccfc6d4b" outcome="Passed" testListId="8c84fa94-04c1-424b-9868-57a2d4851a1d" relativeResultsDirectory="ffa25a29-996d-40de-991d-42f37e64b10d" />
    <UnitTestResult executionId="f6d65c37-e408-40f3-8b54-3f728605f4fe" testId="ae897d86-3ef1-0b8a-e016-563ce5ffcc72" testName="HealthAxisCore_Api.Tests.Services.AppointmentServiceTests.GetBookedSlotsAsync_WhenDateIsDefault_ShouldThrowAppointmentRuleException" computerName="36012S3" duration="00:00:00.0183726" startTime="2026-07-03T12:22:11.1568904+05:30" endTime="2026-07-03T12:22:11.1662238+05:30" testType="13cdc9d9-ddb5-4fa4-a97d-d965ccfc6d4b" outcome="Passed" testListId="8c84fa94-04c1-424b-9868-57a2d4851a1d" relativeResultsDirectory="f6d65c37-e408-40f3-8b54-3f728605f4fe" />
    <UnitTestResult executionId="f981940a-8bf7-4bb2-b9a2-87ceadaccb28" testId="c9474880-0660-76e6-9150-e517104cefcc" testName="HealthAxisCore_Api.Tests.Services.AppointmentServiceTests.CreateAsync_ShouldIgnoreCancelledAppointmentsWhenCheckingConflicts" computerName="36012S3" duration="00:00:00.0155197" startTime="2026-07-03T12:22:11.2389044+05:30" endTime="2026-07-03T12:22:11.2435267+05:30" testType="13cdc9d9-ddb5-4fa4-a97d-d965ccfc6d4b" outcome="Passed" testListId="8c84fa94-04c1-424b-9868-57a2d4851a1d" relativeResultsDirectory="f981940a-8bf7-4bb2-b9a2-87ceadaccb28" />
    <UnitTestResult executionId="2f7147b8-1664-480b-8dff-5adf23561193" testId="424c59a4-b4c7-9185-64dc-06fd58c77662" testName="HealthAxisCore_Api.Tests.Services.DoctorServiceTests.GetPagedAsync_WithSpecialisationFilter_ShouldReturnMatchingDoctors" computerName="36012S3" duration="00:00:00.0014494" startTime="2026-07-03T12:22:11.2506519+05:30" endTime="2026-07-03T12:22:11.2507206+05:30" testType="13cdc9d9-ddb5-4fa4-a97d-d965ccfc6d4b" outcome="Passed" testListId="8c84fa94-04c1-424b-9868-57a2d4851a1d" relativeResultsDirectory="2f7147b8-1664-480b-8dff-5adf23561193" />
    <UnitTestResult executionId="7b4a4dda-0098-4ff7-a31c-09df7f96d5e7" testId="85f155f5-3c71-35af-b2d6-5abd4abfb0ed" testName="HealthAxisCore_Api.Tests.Services.HealthRecordServiceTests.DeleteAsync_WhenRecordDoesNotExist_ShouldThrowEntityNotFoundException" computerName="36012S3" duration="00:00:00.0058022" startTime="2026-07-03T12:22:11.2369233+05:30" endTime="2026-07-03T12:22:11.2375750+05:30" testType="13cdc9d9-ddb5-4fa4-a97d-d965ccfc6d4b" outcome="Passed" testListId="8c84fa94-04c1-424b-9868-57a2d4851a1d" relativeResultsDirectory="7b4a4dda-0098-4ff7-a31c-09df7f96d5e7" />
    <UnitTestResult executionId="56017ca7-e8a8-45e6-9fb4-50f344f176e8" testId="e40996e9-8364-0839-1551-97bce8beb913" testName="HealthAxisCore_Api.Tests.Services.AppointmentServiceTests.CreateAsync_WhenDoctorSlotAlreadyBooked_ShouldThrowAppointmentRuleException" computerName="36012S3" duration="00:00:00.0078604" startTime="2026-07-03T12:22:11.2709442+05:30" endTime="2026-07-03T12:22:11.2773958+05:30" testType="13cdc9d9-ddb5-4fa4-a97d-d965ccfc6d4b" outcome="Passed" testListId="8c84fa94-04c1-424b-9868-57a2d4851a1d" relativeResultsDirectory="56017ca7-e8a8-45e6-9fb4-50f344f176e8" />
    <UnitTestResult executionId="e9c42e25-649d-42b3-b952-b62c62a11f3e" testId="096e7d1c-5fdd-5e4c-3047-9944fd6e782f" testName="HealthAxisCore_Api.Tests.Services.AppointmentServiceTests.GetPagedAsync_WithStartDate_ShouldReturnAppointmentsAfterStartDate" computerName="36012S3" duration="00:00:00.0039297" startTime="2026-07-03T12:22:11.2877381+05:30" endTime="2026-07-03T12:22:11.2905099+05:30" testType="13cdc9d9-ddb5-4fa4-a97d-d965ccfc6d4b" outcome="Passed" testListId="8c84fa94-04c1-424b-9868-57a2d4851a1d" relativeResultsDirectory="e9c42e25-649d-42b3-b952-b62c62a11f3e" />
    <UnitTestResult executionId="1025445f-85c3-4c43-8954-124cd5cdf01c" testId="d324defb-2e03-788f-9092-933fe449233d" testName="HealthAxisCore_Api.Tests.Services.PatientServiceTests.DeleteAsync_WhenPatientDoesNotExist_ShouldThrowEntityNotFoundException" computerName="36012S3" duration="00:00:00.0396405" startTime="2026-07-03T12:22:11.1563317+05:30" endTime="2026-07-03T12:22:11.2300368+05:30" testType="13cdc9d9-ddb5-4fa4-a97d-d965ccfc6d4b" outcome="Passed" testListId="8c84fa94-04c1-424b-9868-57a2d4851a1d" relativeResultsDirectory="1025445f-85c3-4c43-8954-124cd5cdf01c" />
    <UnitTestResult executionId="6ae86a1a-5856-45ee-849e-7810c3f90a67" testId="d5957aea-6a6a-b329-b208-39732971ac6d" testName="HealthAxisCore_Api.Tests.Services.AppointmentServiceTests.GetPagedAsync_ShouldApplyPagination" computerName="36012S3" duration="00:00:00.0013316" startTime="2026-07-03T12:22:11.3268423+05:30" endTime="2026-07-03T12:22:11.3280678+05:30" testType="13cdc9d9-ddb5-4fa4-a97d-d965ccfc6d4b" outcome="Passed" testListId="8c84fa94-04c1-424b-9868-57a2d4851a1d" relativeResultsDirectory="6ae86a1a-5856-45ee-849e-7810c3f90a67" />
    <UnitTestResult executionId="8b604ec0-cde1-4a24-90b3-77d7e3e55fbf" testId="737df69f-938b-26e8-0b5f-8316b9dd334c" testName="HealthAxisCore_Api.Tests.Services.DoctorServiceTests.DeleteAsync_WhenDoctorDoesNotExist_ShouldThrowEntityNotFoundException" computerName="36012S3" duration="00:00:00.0035265" startTime="2026-07-03T12:22:11.2768634+05:30" endTime="2026-07-03T12:22:11.2802108+05:30" testType="13cdc9d9-ddb5-4fa4-a97d-d965ccfc6d4b" outcome="Passed" testListId="8c84fa94-04c1-424b-9868-57a2d4851a1d" relativeResultsDirectory="8b604ec0-cde1-4a24-90b3-77d7e3e55fbf" />
    <UnitTestResult executionId="79b50ea9-c113-43e9-b27b-77e4d4457464" testId="f1bf9ead-d534-7b4d-7f24-ff17f02ce459" testName="HealthAxisCore_Api.Tests.Services.AuthServiceTests.LoginAsync_WhenUserHasNoRole_ShouldReturnDefaultUserRole" computerName="36012S3" duration="00:00:00.0035729" startTime="2026-07-03T12:22:12.3105604+05:30" endTime="2026-07-03T12:22:12.3140456+05:30" testType="13cdc9d9-ddb5-4fa4-a97d-d965ccfc6d4b" outcome="Passed" testListId="8c84fa94-04c1-424b-9868-57a2d4851a1d" relativeResultsDirectory="79b50ea9-c113-43e9-b27b-77e4d4457464" />
    <UnitTestResult executionId="774811f7-2965-4091-86b4-079143460be2" testId="5a5c2908-3f27-106b-9c33-5e9365c4059b" testName="HealthAxisCore_Api.Tests.Services.AuthServiceTests.ChangePasswordAsync_WhenIdentityChangePasswordFails_ShouldThrowBusinessRuleException" computerName="36012S3" duration="00:00:00.0046797" startTime="2026-07-03T12:22:12.2665643+05:30" endTime="2026-07-03T12:22:12.2711913+05:30" testType="13cdc9d9-ddb5-4fa4-a97d-d965ccfc6d4b" outcome="Passed" testListId="8c84fa94-04c1-424b-9868-57a2d4851a1d" relativeResultsDirectory="774811f7-2965-4091-86b4-079143460be2" />
    <UnitTestResult executionId="50bc2264-c05b-4a58-b600-b6578a92558d" testId="fb88db7e-092a-e84b-0ad3-b7f19a24dfd2" testName="HealthAxisCore_Api.Tests.Services.HealthRecordServiceTests.GetAllAsync_WhenNoRecordsExist_ShouldReturnEmptyMappedList" computerName="36012S3" duration="00:00:00.0025799" startTime="2026-07-03T12:22:11.2403389+05:30" endTime="2026-07-03T12:22:11.2412337+05:30" testType="13cdc9d9-ddb5-4fa4-a97d-d965ccfc6d4b" outcome="Passed" testListId="8c84fa94-04c1-424b-9868-57a2d4851a1d" relativeResultsDirectory="50bc2264-c05b-4a58-b600-b6578a92558d" />
    <UnitTestResult executionId="b0e58911-3a7b-4317-9350-ed57f5f9b809" testId="86a17428-12c6-ae4c-e69a-c674c5ef0743" testName="HealthAxisCore_Api.Tests.Services.DoctorServiceTests.SetStatusAsync_WhenDoctorDoesNotExist_ShouldThrowEntityNotFoundException" computerName="36012S3" duration="00:00:00.0069379" startTime="2026-07-03T12:22:11.2348038+05:30" endTime="2026-07-03T12:22:11.2358537+05:30" testType="13cdc9d9-ddb5-4fa4-a97d-d965ccfc6d4b" outcome="Passed" testListId="8c84fa94-04c1-424b-9868-57a2d4851a1d" relativeResultsDirectory="b0e58911-3a7b-4317-9350-ed57f5f9b809" />
    <UnitTestResult executionId="2a88c192-96c0-4e64-a2fe-e7fabea2e485" testId="8fa44a01-2dc9-8c67-882f-f4c753406e75" testName="HealthAxisCore_Api.Tests.Services.PatientServiceTests.GetPagedAsync_WhenPageSizeLessThanOne_ShouldDefaultToTen" computerName="36012S3" duration="00:00:00.0025030" startTime="2026-07-03T12:22:11.2302507+05:30" endTime="2026-07-03T12:22:11.2303167+05:30" testType="13cdc9d9-ddb5-4fa4-a97d-d965ccfc6d4b" outcome="Passed" testListId="8c84fa94-04c1-424b-9868-57a2d4851a1d" relativeResultsDirectory="2a88c192-96c0-4e64-a2fe-e7fabea2e485" />
    <UnitTestResult executionId="f7ece9c2-8d9f-4c1c-98a1-cf99ea0c2dfa" testId="40674ac4-16dc-cac3-a518-9dc834b42eb7" testName="HealthAxisCore_Api.Tests.Services.DoctorServiceTests.GetAllAsync_ShouldReturnMappedDoctors" computerName="36012S3" duration="00:00:00.0038189" startTime="2026-07-03T12:22:11.2394828+05:30" endTime="2026-07-03T12:22:11.2403770+05:30" testType="13cdc9d9-ddb5-4fa4-a97d-d965ccfc6d4b" outcome="Passed" testListId="8c84fa94-04c1-424b-9868-57a2d4851a1d" relativeResultsDirectory="f7ece9c2-8d9f-4c1c-98a1-cf99ea0c2dfa" />
    <UnitTestResult executionId="d5ff5252-0a8d-4e42-af3f-970400e25214" testId="9248f7e6-b770-ff4f-6771-c61513502eda" testName="HealthAxisCore_Api.Tests.Services.AppointmentServiceTests.GetPagedAsync_WithEndDate_ShouldReturnAppointmentsBeforeEndDate" computerName="36012S3" duration="00:00:00.0046290" startTime="2026-07-03T12:22:11.2513156+05:30" endTime="2026-07-03T12:22:11.2530145+05:30" testType="13cdc9d9-ddb5-4fa4-a97d-d965ccfc6d4b" outcome="Passed" testListId="8c84fa94-04c1-424b-9868-57a2d4851a1d" relativeResultsDirectory="d5ff5252-0a8d-4e42-af3f-970400e25214" />
    <UnitTestResult executionId="6caa6401-e64d-4dff-b1ee-eaab306328e9" testId="42d999eb-e8ef-1408-1e49-8f02bef15477" testName="HealthAxisCore_Api.Tests.Services.DoctorServiceTests.FilterAsync_WhenRepositoryReturnsEmptyList_ShouldReturnEmptyMappedList" computerName="36012S3" duration="00:00:00.0034650" startTime="2026-07-03T12:22:11.2653241+05:30" endTime="2026-07-03T12:22:11.2689129+05:30" testType="13cdc9d9-ddb5-4fa4-a97d-d965ccfc6d4b" outcome="Passed" testListId="8c84fa94-04c1-424b-9868-57a2d4851a1d" relativeResultsDirectory="6caa6401-e64d-4dff-b1ee-eaab306328e9" />
    <UnitTestResult executionId="f6d96ee5-efc9-4b45-ae9e-0d126ba34e98" testId="20f1dbbc-3e3c-4c3a-f8c6-2e062010a838" testName="HealthAxisCore_Api.Tests.Services.DoctorServiceTests.GetPagedAsync_WhenPageSizeLessThanOne_ShouldDefaultToTen" computerName="36012S3" duration="00:00:00.0025490" startTime="2026-07-03T12:22:11.2389553+05:30" endTime="2026-07-03T12:22:11.2393870+05:30" testType="13cdc9d9-ddb5-4fa4-a97d-d965ccfc6d4b" outcome="Passed" testListId="8c84fa94-04c1-424b-9868-57a2d4851a1d" relativeResultsDirectory="f6d96ee5-efc9-4b45-ae9e-0d126ba34e98" />
    <UnitTestResult executionId="0468bc3d-990a-4705-9497-de13f44eaa0a" testId="672e814a-8fdb-ed53-0fcf-e0a49f349801" testName="HealthAxisCore_Api.Tests.Services.AuthServiceTests.LoginAsync_WhenUserDoesNotExist_ShouldThrowUnauthorizedException" computerName="36012S3" duration="00:00:00.0439074" startTime="2026-07-03T12:22:11.8354864+05:30" endTime="2026-07-03T12:22:11.8793438+05:30" testType="13cdc9d9-ddb5-4fa4-a97d-d965ccfc6d4b" outcome="Passed" testListId="8c84fa94-04c1-424b-9868-57a2d4851a1d" relativeResultsDirectory="0468bc3d-990a-4705-9497-de13f44eaa0a" />
    <UnitTestResult executionId="bc18e8db-8004-4941-bac9-bf753e3fd31e" testId="5d4d745e-1a98-8f1c-eb02-9e03b88e28fa" testName="HealthAxisCore_Api.Tests.Services.DoctorServiceTests.DeleteAsync_WhenDoctorExists_ShouldDeleteDoctorAndReturnTrue" computerName="36012S3" duration="00:00:00.0040632" startTime="2026-07-03T12:22:11.2406838+05:30" endTime="2026-07-03T12:22:11.2418791+05:30" testType="13cdc9d9-ddb5-4fa4-a97d-d965ccfc6d4b" outcome="Passed" testListId="8c84fa94-04c1-424b-9868-57a2d4851a1d" relativeResultsDirectory="bc18e8db-8004-4941-bac9-bf753e3fd31e" />
    <UnitTestResult executionId="dc89e6ff-c081-4a78-b2ae-3333c61ff04e" testId="bf1c4cd0-fa7d-1dbd-e3c9-f94d6315da54" testName="HealthAxisCore_Api.Tests.Services.AppointmentServiceTests.CancelAsync_WhenAppointmentCompleted_ShouldThrowAppointmentRuleException" computerName="36012S3" duration="00:00:00.0121539" startTime="2026-07-03T12:22:11.3621431+05:30" endTime="2026-07-03T12:22:11.3742709+05:30" testType="13cdc9d9-ddb5-4fa4-a97d-d965ccfc6d4b" outcome="Passed" testListId="8c84fa94-04c1-424b-9868-57a2d4851a1d" relativeResultsDirectory="dc89e6ff-c081-4a78-b2ae-3333c61ff04e" />
    <UnitTestResult executionId="5364952b-0b7b-4b0a-9bb7-a9ec9d58cc05" testId="0bb35232-247f-5337-15b5-dff0e7eeccda" testName="HealthAxisCore_Api.Tests.Services.AppointmentServiceTests.GetByPatientAsync_WhenNoAppointments_ShouldThrowEntityNotFoundException" computerName="36012S3" duration="00:00:00.0021939" startTime="2026-07-03T12:22:11.3177290+05:30" endTime="2026-07-03T12:22:11.3198401+05:30" testType="13cdc9d9-ddb5-4fa4-a97d-d965ccfc6d4b" outcome="Passed" testListId="8c84fa94-04c1-424b-9868-57a2d4851a1d" relativeResultsDirectory="5364952b-0b7b-4b0a-9bb7-a9ec9d58cc05" />
    <UnitTestResult executionId="868941e2-0a21-4f52-8029-0d6ea3221fe6" testId="ff92a95a-b583-d45b-77d3-85935dc30d60" testName="HealthAxisCore_Api.Tests.Services.AuthServiceTests.RefreshTokenAsync_WhenTokenIsExpired_ShouldThrowUnauthorizedException" computerName="36012S3" duration="00:00:00.0027441" startTime="2026-07-03T12:22:12.3141547+05:30" endTime="2026-07-03T12:22:12.3168357+05:30" testType="13cdc9d9-ddb5-4fa4-a97d-d965ccfc6d4b" outcome="Passed" testListId="8c84fa94-04c1-424b-9868-57a2d4851a1d" relativeResultsDirectory="868941e2-0a21-4f52-8029-0d6ea3221fe6" />
    <UnitTestResult executionId="157e754a-64d1-49a2-95bb-42a37b472e46" testId="bc223c1c-22be-d322-759d-e93ee8f0fffc" testName="HealthAxisCore_Api.Tests.Services.HealthRecordServiceTests.CreateAsync_WhenHealthRecordAlreadyExistsForAppointment_ShouldThrowBusinessRuleException" computerName="36012S3" duration="00:00:00.0068377" startTime="2026-07-03T12:22:11.2413934+05:30" endTime="2026-07-03T12:22:11.2424059+05:30" testType="13cdc9d9-ddb5-4fa4-a97d-d965ccfc6d4b" outcome="Passed" testListId="8c84fa94-04c1-424b-9868-57a2d4851a1d" relativeResultsDirectory="157e754a-64d1-49a2-95bb-42a37b472e46" />
    <UnitTestResult executionId="ac478eac-67b4-4a9a-a0e7-ea47cfd7d05f" testId="a40fc07a-8d1c-db91-92b1-31d9fc4e9b8b" testName="HealthAxisCore_Api.Tests.Services.AppointmentServiceTests.ConfirmAsync_WhenAppointmentPending_ShouldConfirmAndReturnTrue" computerName="36012S3" duration="00:00:00.0014266" startTime="2026-07-03T12:22:11.3069397+05:30" endTime="2026-07-03T12:22:11.3082032+05:30" testType="13cdc9d9-ddb5-4fa4-a97d-d965ccfc6d4b" outcome="Passed" testListId="8c84fa94-04c1-424b-9868-57a2d4851a1d" relativeResultsDirectory="ac478eac-67b4-4a9a-a0e7-ea47cfd7d05f" />
    <UnitTestResult executionId="dd6ace03-071a-4568-8e54-7125dadc3f32" testId="b65be416-069f-6a5b-60f0-527a9627d1c7" testName="HealthAxisCore_Api.Tests.Services.DoctorServiceTests.GetPagedAsync_ShouldApplyPagination" computerName="36012S3" duration="00:00:00.0016991" startTime="2026-07-03T12:22:11.2445795+05:30" endTime="2026-07-03T12:22:11.2448390+05:30" testType="13cdc9d9-ddb5-4fa4-a97d-d965ccfc6d4b" outcome="Passed" testListId="8c84fa94-04c1-424b-9868-57a2d4851a1d" relativeResultsDirectory="dd6ace03-071a-4568-8e54-7125dadc3f32" />
    <UnitTestResult executionId="cd7676cf-1ece-4280-a3c6-6f7c431ac0d2" testId="6263a860-09da-a4e3-8850-c091a9d31d24" testName="HealthAxisCore_Api.Tests.Services.AppointmentServiceTests.CancelAsync_WhenAppointmentIsValid_ShouldCancelAndReturnTrue" computerName="36012S3" duration="00:00:00.0045809" startTime="2026-07-03T12:22:11.2650450+05:30" endTime="2026-07-03T12:22:11.2704067+05:30" testType="13cdc9d9-ddb5-4fa4-a97d-d965ccfc6d4b" outcome="Passed" testListId="8c84fa94-04c1-424b-9868-57a2d4851a1d" relativeResultsDirectory="cd7676cf-1ece-4280-a3c6-6f7c431ac0d2" />
    <UnitTestResult executionId="e817939f-221f-43af-811d-97b479ca9954" testId="a0f289f7-c459-26f3-1bdf-576820d24a51" testName="HealthAxisCore_Api.Tests.Services.PatientServiceTests.GetPagedAsync_WithGenderAll_ShouldNotFilterByGender" computerName="36012S3" duration="00:00:00.0018953" startTime="2026-07-03T12:22:11.2529376+05:30" endTime="2026-07-03T12:22:11.2532549+05:30" testType="13cdc9d9-ddb5-4fa4-a97d-d965ccfc6d4b" outcome="Passed" testListId="8c84fa94-04c1-424b-9868-57a2d4851a1d" relativeResultsDirectory="e817939f-221f-43af-811d-97b479ca9954" />
    <UnitTestResult executionId="dce1392b-768b-41a4-ac9e-86e04a766149" testId="2b828348-0691-bc99-dc6f-1e108e6544c3" testName="HealthAxisCore_Api.Tests.Services.HealthRecordServiceTests.DeleteAsync_WhenRecordExists_ShouldDeleteRecordAndReturnTrue" computerName="36012S3" duration="00:00:00.0024725" startTime="2026-07-03T12:22:11.2377374+05:30" endTime="2026-07-03T12:22:11.2390323+05:30" testType="13cdc9d9-ddb5-4fa4-a97d-d965ccfc6d4b" outcome="Passed" testListId="8c84fa94-04c1-424b-9868-57a2d4851a1d" relativeResultsDirectory="dce1392b-768b-41a4-ac9e-86e04a766149" />
    <UnitTestResult executionId="4f917682-46d2-474e-9405-900124759131" testId="29e4b51e-738e-9c78-4b72-394d89ed8c05" testName="HealthAxisCore_Api.Tests.Services.AppointmentServiceTests.CreateAsync_WhenTimeSlotIsWhitespace_ShouldThrowAppointmentRuleException" computerName="36012S3" duration="00:00:00.0016623" startTime="2026-07-03T12:22:11.3443055+05:30" endTime="2026-07-03T12:22:11.3458181+05:30" testType="13cdc9d9-ddb5-4fa4-a97d-d965ccfc6d4b" outcome="Passed" testListId="8c84fa94-04c1-424b-9868-57a2d4851a1d" relativeResultsDirectory="4f917682-46d2-474e-9405-900124759131" />
    <UnitTestResult executionId="1de0918e-26ea-49d1-abaf-5d11518bb9b9" testId="cc668ebe-7f31-5087-d498-c70f793d16d2" testName="HealthAxisCore_Api.Tests.Services.AppointmentServiceTests.GetPagedAsync_WithSearchByTimeSlot_ShouldReturnMatchingAppointments" computerName="36012S3" duration="00:00:00.0025600" startTime="2026-07-03T12:22:11.2558131+05:30" endTime="2026-07-03T12:22:11.2573644+05:30" testType="13cdc9d9-ddb5-4fa4-a97d-d965ccfc6d4b" outcome="Passed" testListId="8c84fa94-04c1-424b-9868-57a2d4851a1d" relativeResultsDirectory="1de0918e-26ea-49d1-abaf-5d11518bb9b9" />
    <UnitTestResult executionId="f0cab3ae-1c47-4540-9583-87e6af4fb013" testId="ffdc6f1f-0247-a0f0-e5eb-66200cdc94be" testName="HealthAxisCore_Api.Tests.Services.DoctorServiceTests.GetByIdAsync_WhenDoctorExists_ShouldReturnMappedDoctor" computerName="36012S3" duration="00:00:00.0053720" startTime="2026-07-03T12:22:11.2702795+05:30" endTime="2026-07-03T12:22:11.2739937+05:30" testType="13cdc9d9-ddb5-4fa4-a97d-d965ccfc6d4b" outcome="Passed" testListId="8c84fa94-04c1-424b-9868-57a2d4851a1d" relativeResultsDirectory="f0cab3ae-1c47-4540-9583-87e6af4fb013" />
    <UnitTestResult executionId="603e6457-6f57-4d4d-9f98-4937ba730528" testId="1f8fc005-8034-046c-6b70-660117e481c3" testName="HealthAxisCore_Api.Tests.Services.PatientServiceTests.SearchAsync_WhenPatientsFound_ShouldReturnMappedPatients" computerName="36012S3" duration="00:00:00.0038276" startTime="2026-07-03T12:22:11.2375188+05:30" endTime="2026-07-03T12:22:11.2392445+05:30" testType="13cdc9d9-ddb5-4fa4-a97d-d965ccfc6d4b" outcome="Passed" testListId="8c84fa94-04c1-424b-9868-57a2d4851a1d" relativeResultsDirectory="603e6457-6f57-4d4d-9f98-4937ba730528" />
    <UnitTestResult executionId="dc987504-99a4-4256-893a-82008ac3d2d4" testId="27f71c33-d82a-4763-f130-73ba4c175ee1" testName="HealthAxisCore_Api.Tests.Services.AppointmentServiceTests.GetByPatientAsync_WhenRepositoryReturnsNull_ShouldThrowEntityNotFoundException" computerName="36012S3" duration="00:00:00.0045903" startTime="2026-07-03T12:22:11.2955996+05:30" endTime="2026-07-03T12:22:11.3000484+05:30" testType="13cdc9d9-ddb5-4fa4-a97d-d965ccfc6d4b" outcome="Passed" testListId="8c84fa94-04c1-424b-9868-57a2d4851a1d" relativeResultsDirectory="dc987504-99a4-4256-893a-82008ac3d2d4" />
    <UnitTestResult executionId="0c40536b-8a64-4aa7-a4e0-7c9fca0c4e73" testId="6d0b9fae-e49f-8279-f4a9-dbe3caa852fe" testName="HealthAxisCore_Api.Tests.Services.AppointmentServiceTests.CreateAsync_WhenTimeSlotFormatIsInvalid_ShouldThrowAppointmentRuleException" computerName="36012S3" duration="00:00:00.0114128" startTime="2026-07-03T12:22:11.2299934+05:30" endTime="2026-07-03T12:22:11.2309250+05:30" testType="13cdc9d9-ddb5-4fa4-a97d-d965ccfc6d4b" outcome="Passed" testListId="8c84fa94-04c1-424b-9868-57a2d4851a1d" relativeResultsDirectory="0c40536b-8a64-4aa7-a4e0-7c9fca0c4e73" />
    <UnitTestResult executionId="e260d4bd-f3dc-4d02-8d0e-263ad684fd88" testId="432fd773-a8bb-682f-dd61-4624a2a215ac" testName="HealthAxisCore_Api.Tests.Services.AppointmentServiceTests.GetPagedAsync_WhenPageSizeGreaterThanHundred_ShouldLimitToHundred" computerName="36012S3" duration="00:00:00.0030949" startTime="2026-07-03T12:22:11.2437010+05:30" endTime="2026-07-03T12:22:11.2439636+05:30" testType="13cdc9d9-ddb5-4fa4-a97d-d965ccfc6d4b" outcome="Passed" testListId="8c84fa94-04c1-424b-9868-57a2d4851a1d" relativeResultsDirectory="e260d4bd-f3dc-4d02-8d0e-263ad684fd88" />
    <UnitTestResult executionId="e285e1bc-87eb-4207-9054-7840c1d4a431" testId="0b918f1b-a2be-b4a2-b286-958ab896d86c" testName="HealthAxisCore_Api.Tests.Services.AuthServiceTests.LoginAsync_WhenPasswordInvalid_ShouldThrowUnauthorizedException" computerName="36012S3" duration="00:00:00.0036790" startTime="2026-07-03T12:22:12.2629626+05:30" endTime="2026-07-03T12:22:12.2664567+05:30" testType="13cdc9d9-ddb5-4fa4-a97d-d965ccfc6d4b" outcome="Passed" testListId="8c84fa94-04c1-424b-9868-57a2d4851a1d" relativeResultsDirectory="e285e1bc-87eb-4207-9054-7840c1d4a431" />
    <UnitTestResult executionId="4e356819-5f8f-42b8-8955-b3e836eb3adc" testId="2dfc69b6-c131-61b0-578b-18e7ae6cec35" testName="HealthAxisCore_Api.Tests.Services.AppointmentServiceTests.CreateAsync_WhenPatientHasSameDoctorSameDateSameSlot_ShouldThrowAppointmentRuleException" computerName="36012S3" duration="00:00:00.0047606" startTime="2026-07-03T12:22:11.2907406+05:30" endTime="2026-07-03T12:22:11.2953594+05:30" testType="13cdc9d9-ddb5-4fa4-a97d-d965ccfc6d4b" outcome="Passed" testListId="8c84fa94-04c1-424b-9868-57a2d4851a1d" relativeResultsDirectory="4e356819-5f8f-42b8-8955-b3e836eb3adc" />
    <UnitTestResult executionId="b0158d55-942b-45fd-aca9-80a8c879ccbd" testId="1a7dbbe5-59a2-f48b-ea30-e9d8a3ae6051" testName="HealthAxisCore_Api.Tests.Services.AuthServiceTests.RevokeRefreshTokenAsync_WhenTokenExists_ShouldRevokeToken" computerName="36012S3" duration="00:00:00.0121944" startTime="2026-07-03T12:22:12.2981837+05:30" endTime="2026-07-03T12:22:12.3104166+05:30" testType="13cdc9d9-ddb5-4fa4-a97d-d965ccfc6d4b" outcome="Passed" testListId="8c84fa94-04c1-424b-9868-57a2d4851a1d" relativeResultsDirectory="b0158d55-942b-45fd-aca9-80a8c879ccbd" />
    <UnitTestResult executionId="a42146dd-06a2-4fe4-a1e4-57a6025d1abd" testId="3f0509b7-6376-77cc-1117-4bbdf55e5899" testName="HealthAxisCore_Api.Tests.Services.AppointmentServiceTests.ConfirmAsync_WhenAppointmentNotFound_ShouldThrowEntityNotFoundException" computerName="36012S3" duration="00:00:00.0058271" startTime="2026-07-03T12:22:11.2343849+05:30" endTime="2026-07-03T12:22:11.2356437+05:30" testType="13cdc9d9-ddb5-4fa4-a97d-d965ccfc6d4b" outcome="Passed" testListId="8c84fa94-04c1-424b-9868-57a2d4851a1d" relativeResultsDirectory="a42146dd-06a2-4fe4-a1e4-57a6025d1abd" />
    <UnitTestResult executionId="99fae62b-ea18-4043-9907-bc4aac0ee5da" testId="0085bfd0-1fb5-7fb4-f314-0003be09ef88" testName="HealthAxisCore_Api.Tests.Services.AppointmentServiceTests.CreateAsync_WhenPatientHasSameDoctorSameDateDifferentSlot_ShouldThrowAppointmentRuleException" computerName="36012S3" duration="00:00:00.0033229" startTime="2026-07-03T12:22:11.3218992+05:30" endTime="2026-07-03T12:22:11.3251291+05:30" testType="13cdc9d9-ddb5-4fa4-a97d-d965ccfc6d4b" outcome="Passed" testListId="8c84fa94-04c1-424b-9868-57a2d4851a1d" relativeResultsDirectory="99fae62b-ea18-4043-9907-bc4aac0ee5da" />
    <UnitTestResult executionId="fef96232-bba6-48a5-a6ad-b71da1d293f8" testId="8ae75cc9-f446-8423-02f4-8951521dddea" testName="HealthAxisCore_Api.Tests.Services.PatientServiceTests.GetByIdAsync_WhenPatientDoesNotExist_ShouldThrowEntityNotFoundException" computerName="36012S3" duration="00:00:00.0034869" startTime="2026-07-03T12:22:11.2555938+05:30" endTime="2026-07-03T12:22:11.2560464+05:30" testType="13cdc9d9-ddb5-4fa4-a97d-d965ccfc6d4b" outcome="Passed" testListId="8c84fa94-04c1-424b-9868-57a2d4851a1d" relativeResultsDirectory="fef96232-bba6-48a5-a6ad-b71da1d293f8" />
    <UnitTestResult executionId="d658c906-ccf3-4792-900c-aad9926943a5" testId="6f1765eb-7e85-4326-348b-dca5a8ba30a5" testName="HealthAxisCore_Api.Tests.Services.AppointmentServiceTests.GetByDoctorAsync_WhenNoAppointments_ShouldThrowEntityNotFoundException" computerName="36012S3" duration="00:00:00.0023767" startTime="2026-07-03T12:22:11.2371309+05:30" endTime="2026-07-03T12:22:11.2371875+05:30" testType="13cdc9d9-ddb5-4fa4-a97d-d965ccfc6d4b" outcome="Passed" testListId="8c84fa94-04c1-424b-9868-57a2d4851a1d" relativeResultsDirectory="d658c906-ccf3-4792-900c-aad9926943a5" />
    <UnitTestResult executionId="47db85bf-e489-4722-bf28-92fe374a29b0" testId="1e5afcc8-277f-4b06-c393-57e6d27b1d53" testName="HealthAxisCore_Api.Tests.Services.AppointmentServiceTests.CreateAsync_WhenTimeSlotIsEmpty_ShouldThrowAppointmentRuleException" computerName="36012S3" duration="00:00:00.0022179" startTime="2026-07-03T12:22:11.2441129+05:30" endTime="2026-07-03T12:22:11.2446357+05:30" testType="13cdc9d9-ddb5-4fa4-a97d-d965ccfc6d4b" outcome="Passed" testListId="8c84fa94-04c1-424b-9868-57a2d4851a1d" relativeResultsDirectory="47db85bf-e489-4722-bf28-92fe374a29b0" />
    <UnitTestResult executionId="297894d4-aaa3-4a98-8a9e-213b20063d00" testId="0c161ea4-494c-3220-0629-f4469bebc4ed" testName="HealthAxisCore_Api.Tests.Services.AuthServiceTests.ChangePasswordAsync_WhenUserDoesNotExist_ShouldThrowEntityNotFoundException" computerName="36012S3" duration="00:00:00.7949194" startTime="2026-07-03T12:22:10.9627402+05:30" endTime="2026-07-03T12:22:11.7593708+05:30" testType="13cdc9d9-ddb5-4fa4-a97d-d965ccfc6d4b" outcome="Passed" testListId="8c84fa94-04c1-424b-9868-57a2d4851a1d" relativeResultsDirectory="297894d4-aaa3-4a98-8a9e-213b20063d00" />
    <UnitTestResult executionId="ace8702e-c84b-41ee-b114-2d19cfa57658" testId="e3622c63-2381-168b-b32c-c575196fedde" testName="HealthAxisCore_Api.Tests.Services.AppointmentServiceTests.FilterAsync_WhenNoAppointments_ShouldThrowEntityNotFoundException" computerName="36012S3" duration="00:00:00.0046028" startTime="2026-07-03T12:22:11.2609066+05:30" endTime="2026-07-03T12:22:11.2648237+05:30" testType="13cdc9d9-ddb5-4fa4-a97d-d965ccfc6d4b" outcome="Passed" testListId="8c84fa94-04c1-424b-9868-57a2d4851a1d" relativeResultsDirectory="ace8702e-c84b-41ee-b114-2d19cfa57658" />
    <UnitTestResult executionId="56842554-ef97-43e6-ae14-9bfa17108e8e" testId="0d6843bd-0505-1760-7f2e-c266851820a1" testName="HealthAxisCore_Api.Tests.Services.AuthServiceTests.LoginAsync_WhenValidCredentials_ShouldReturnAuthResponseAndStoreRefreshToken" computerName="36012S3" duration="00:00:00.2724166" startTime="2026-07-03T12:22:11.8799855+05:30" endTime="2026-07-03T12:22:12.1517979+05:30" testType="13cdc9d9-ddb5-4fa4-a97d-d965ccfc6d4b" outcome="Passed" testListId="8c84fa94-04c1-424b-9868-57a2d4851a1d" relativeResultsDirectory="56842554-ef97-43e6-ae14-9bfa17108e8e" />
    <UnitTestResult executionId="eb0f3fe6-f9dc-4f12-aec7-fed048624f3f" testId="a3889960-c6ec-2c93-ec6e-9edc5d603260" testName="HealthAxisCore_Api.Tests.Services.AuthServiceTests.RegisterAsync_WhenRoleIsNotPatient_ShouldThrowBusinessRuleException" computerName="36012S3" duration="00:00:00.0018842" startTime="2026-07-03T12:22:12.2968111+05:30" endTime="2026-07-03T12:22:12.2980723+05:30" testType="13cdc9d9-ddb5-4fa4-a97d-d965ccfc6d4b" outcome="Passed" testListId="8c84fa94-04c1-424b-9868-57a2d4851a1d" relativeResultsDirectory="eb0f3fe6-f9dc-4f12-aec7-fed048624f3f" />
    <UnitTestResult executionId="504acb6b-73b6-4c77-a0f6-beb6d34b0ba2" testId="bc844632-f584-cc93-19f4-568140cb2c14" testName="HealthAxisCore_Api.Tests.Services.AppointmentServiceTests.GetByPatientAsync_WhenAppointmentsExist_ShouldReturnMappedAppointments" computerName="36012S3" duration="00:00:00.0024109" startTime="2026-07-03T12:22:11.3045128+05:30" endTime="2026-07-03T12:22:11.3067314+05:30" testType="13cdc9d9-ddb5-4fa4-a97d-d965ccfc6d4b" outcome="Passed" testListId="8c84fa94-04c1-424b-9868-57a2d4851a1d" relativeResultsDirectory="504acb6b-73b6-4c77-a0f6-beb6d34b0ba2" />
    <UnitTestResult executionId="f0c73944-2d8b-4416-96d0-75e2b141973d" testId="24989759-03f9-dbbc-477b-9ced37842193" testName="HealthAxisCore_Api.Tests.Services.PatientServiceTests.GetPagedAsync_WhenPageSizeGreaterThanHundred_ShouldLimitToHundred" computerName="36012S3" duration="00:00:00.0027686" startTime="2026-07-03T12:22:11.2635128+05:30" endTime="2026-07-03T12:22:11.2661384+05:30" testType="13cdc9d9-ddb5-4fa4-a97d-d965ccfc6d4b" outcome="Passed" testListId="8c84fa94-04c1-424b-9868-57a2d4851a1d" relativeResultsDirectory="f0c73944-2d8b-4416-96d0-75e2b141973d" />
    <UnitTestResult executionId="8b6de6d4-814b-4694-b5d4-d2f6cf162423" testId="d6132046-1b6d-200e-a670-827d9b59d219" testName="HealthAxisCore_Api.Tests.Services.HealthRecordServiceTests.GetByPatientAsync_WhenRepositoryReturnsEmptyList_ShouldThrowEntityNotFoundException" computerName="36012S3" duration="00:00:00.0037966" startTime="2026-07-03T12:22:11.2434501+05:30" endTime="2026-07-03T12:22:11.2443622+05:30" testType="13cdc9d9-ddb5-4fa4-a97d-d965ccfc6d4b" outcome="Passed" testListId="8c84fa94-04c1-424b-9868-57a2d4851a1d" relativeResultsDirectory="8b6de6d4-814b-4694-b5d4-d2f6cf162423" />
    <UnitTestResult executionId="cd219e24-2758-4bce-9c4e-2a64faf4f2b6" testId="6060b414-1b55-231c-0261-de434481ef90" testName="HealthAxisCore_Api.Tests.Services.DoctorServiceTests.GetByIdAsync_WhenDoctorDoesNotExist_ShouldThrowEntityNotFoundException" computerName="36012S3" duration="00:00:00.2023202" startTime="2026-07-03T12:22:10.9626982+05:30" endTime="2026-07-03T12:22:11.1662915+05:30" testType="13cdc9d9-ddb5-4fa4-a97d-d965ccfc6d4b" outcome="Passed" testListId="8c84fa94-04c1-424b-9868-57a2d4851a1d" relativeResultsDirectory="cd219e24-2758-4bce-9c4e-2a64faf4f2b6" />
    <UnitTestResult executionId="49bacbd8-8dae-487e-9ad2-08602fbdb44e" testId="c708b804-753d-87d5-cf8b-cf81b762db04" testName="HealthAxisCore_Api.Tests.Services.AppointmentServiceTests.ConfirmAsync_WhenAppointmentCancelled_ShouldThrowAppointmentRuleException" computerName="36012S3" duration="00:00:00.0023286" startTime="2026-07-03T12:22:11.3554399+05:30" endTime="2026-07-03T12:22:11.3570222+05:30" testType="13cdc9d9-ddb5-4fa4-a97d-d965ccfc6d4b" outcome="Passed" testListId="8c84fa94-04c1-424b-9868-57a2d4851a1d" relativeResultsDirectory="49bacbd8-8dae-487e-9ad2-08602fbdb44e" />
    <UnitTestResult executionId="70b20ec7-7d8d-4fff-b4ac-987837f8b315" testId="094a727a-2ad6-248e-0c2b-fa11d3d42136" testName="HealthAxisCore_Api.Tests.Services.AppointmentServiceTests.GetPagedAsync_WithStatusFilter_ShouldReturnOnlyMatchingStatus" computerName="36012S3" duration="00:00:00.0178852" startTime="2026-07-03T12:22:11.1561435+05:30" endTime="2026-07-03T12:22:11.1567081+05:30" testType="13cdc9d9-ddb5-4fa4-a97d-d965ccfc6d4b" outcome="Passed" testListId="8c84fa94-04c1-424b-9868-57a2d4851a1d" relativeResultsDirectory="70b20ec7-7d8d-4fff-b4ac-987837f8b315" />
    <UnitTestResult executionId="fa6835fc-1496-40b5-8015-d483c998736d" testId="8520feed-9ca5-9a39-1209-4e6ad0d6418c" testName="HealthAxisCore_Api.Tests.Services.DoctorServiceTests.GetPagedAsync_WithSearchByDoctorName_ShouldReturnMatchingDoctor" computerName="36012S3" duration="00:00:00.0015897" startTime="2026-07-03T12:22:11.2443059+05:30" endTime="2026-07-03T12:22:11.2444513+05:30" testType="13cdc9d9-ddb5-4fa4-a97d-d965ccfc6d4b" outcome="Passed" testListId="8c84fa94-04c1-424b-9868-57a2d4851a1d" relativeResultsDirectory="fa6835fc-1496-40b5-8015-d483c998736d" />
    <UnitTestResult executionId="175a97ec-7836-4ce9-8c6d-59813bf70ada" testId="06ff8164-8e58-0453-c4d3-4411731ddf34" testName="HealthAxisCore_Api.Tests.Services.HealthRecordServiceTests.CreateAsync_WhenDoctorIdIsNull_ShouldCreateRecordSuccessfully" computerName="36012S3" duration="00:00:00.0084782" startTime="2026-07-03T12:22:11.2307095+05:30" endTime="2026-07-03T12:22:11.2348381+05:30" testType="13cdc9d9-ddb5-4fa4-a97d-d965ccfc6d4b" outcome="Passed" testListId="8c84fa94-04c1-424b-9868-57a2d4851a1d" relativeResultsDirectory="175a97ec-7836-4ce9-8c6d-59813bf70ada" />
    <UnitTestResult executionId="d6b6d62c-3642-44b9-a83c-4f444eb798f7" testId="cc94da51-538c-c1e8-211a-9420231e8c47" testName="HealthAxisCore_Api.Tests.Services.AppointmentServiceTests.FilterAsync_WhenRepositoryReturnsNull_ShouldThrowEntityNotFoundException" computerName="36012S3" duration="00:00:00.0142025" startTime="2026-07-03T12:22:11.2538645+05:30" endTime="2026-07-03T12:22:11.2543906+05:30" testType="13cdc9d9-ddb5-4fa4-a97d-d965ccfc6d4b" outcome="Passed" testListId="8c84fa94-04c1-424b-9868-57a2d4851a1d" relativeResultsDirectory="d6b6d62c-3642-44b9-a83c-4f444eb798f7" />
    <UnitTestResult executionId="60c08c96-67a5-4787-a67a-c1808e3d2c61" testId="4c5d263a-fc55-9a5c-0ff9-b39e1c7b9e2f" testName="HealthAxisCore_Api.Tests.Services.DoctorServiceTests.GetPagedAsync_WithActiveStatus_ShouldReturnOnlyActiveDoctors" computerName="36012S3" duration="00:00:00.0037270" startTime="2026-07-03T12:22:11.2420965+05:30" endTime="2026-07-03T12:22:11.2421628+05:30" testType="13cdc9d9-ddb5-4fa4-a97d-d965ccfc6d4b" outcome="Passed" testListId="8c84fa94-04c1-424b-9868-57a2d4851a1d" relativeResultsDirectory="60c08c96-67a5-4787-a67a-c1808e3d2c61" />
    <UnitTestResult executionId="4af10a47-cd56-4b78-b150-40e519cbb320" testId="bb240967-9f0d-eb3d-d0e7-117d68daa217" testName="HealthAxisCore_Api.Tests.Services.AppointmentServiceTests.CreateAsync_WithValidRequest_ShouldCreateAppointment" computerName="36012S3" duration="00:00:00.0046428" startTime="2026-07-03T12:22:11.3106580+05:30" endTime="2026-07-03T12:22:11.3146997+05:30" testType="13cdc9d9-ddb5-4fa4-a97d-d965ccfc6d4b" outcome="Passed" testListId="8c84fa94-04c1-424b-9868-57a2d4851a1d" relativeResultsDirectory="4af10a47-cd56-4b78-b150-40e519cbb320" />
    <UnitTestResult executionId="cb459dba-369e-4ec5-a5ec-55e0c0dc0ff7" testId="b7439823-fee5-d982-b60f-97c87c60ef54" testName="HealthAxisCore_Api.Tests.Services.AuthServiceTests.RegisterAsync_WhenPasswordsDoNotMatch_ShouldThrowBusinessRuleException" computerName="36012S3" duration="00:00:00.0019910" startTime="2026-07-03T12:22:12.2785758+05:30" endTime="2026-07-03T12:22:12.2802185+05:30" testType="13cdc9d9-ddb5-4fa4-a97d-d965ccfc6d4b" outcome="Passed" testListId="8c84fa94-04c1-424b-9868-57a2d4851a1d" relativeResultsDirectory="cb459dba-369e-4ec5-a5ec-55e0c0dc0ff7" />
    <UnitTestResult executionId="88f45642-1014-4c93-8b98-e40231064924" testId="e86df7ad-6853-7b65-bd47-c36f639077d0" testName="HealthAxisCore_Api.Tests.Services.AuthServiceTests.ChangePasswordAsync_WhenValidRequest_ShouldChangePasswordAndUpdateUser" computerName="36012S3" duration="00:00:00.0053929" startTime="2026-07-03T12:22:12.3169399+05:30" endTime="2026-07-03T12:22:12.3221728+05:30" testType="13cdc9d9-ddb5-4fa4-a97d-d965ccfc6d4b" outcome="Passed" testListId="8c84fa94-04c1-424b-9868-57a2d4851a1d" relativeResultsDirectory="88f45642-1014-4c93-8b98-e40231064924" />
    <UnitTestResult executionId="ae2247af-d3b9-4ac2-aa63-dcd06cb1455b" testId="646a371d-4b7c-4eb4-2a22-209919c3db2f" testName="HealthAxisCore_Api.Tests.Services.AppointmentServiceTests.CreateAsync_WhenScheduledDateTimeIsInPast_ShouldThrowAppointmentRuleException" computerName="36012S3" duration="00:00:00.0043026" startTime="2026-07-03T12:22:11.2373255+05:30" endTime="2026-07-03T12:22:11.2378123+05:30" testType="13cdc9d9-ddb5-4fa4-a97d-d965ccfc6d4b" outcome="Passed" testListId="8c84fa94-04c1-424b-9868-57a2d4851a1d" relativeResultsDirectory="ae2247af-d3b9-4ac2-aa63-dcd06cb1455b" />
    <UnitTestResult executionId="b9cbc7ac-eb26-456d-bacc-83f85f49cef2" testId="e878076e-a55e-7f9b-5a3c-07ab6f3c3dc9" testName="HealthAxisCore_Api.Tests.Services.AuthServiceTests.RefreshTokenAsync_WhenTokenIsValid_ShouldReturnNewAuthResponse" computerName="36012S3" duration="00:00:00.0038429" startTime="2026-07-03T12:22:12.3222883+05:30" endTime="2026-07-03T12:22:12.3261997+05:30" testType="13cdc9d9-ddb5-4fa4-a97d-d965ccfc6d4b" outcome="Passed" testListId="8c84fa94-04c1-424b-9868-57a2d4851a1d" relativeResultsDirectory="b9cbc7ac-eb26-456d-bacc-83f85f49cef2" />
    <UnitTestResult executionId="cee8d5f1-a53c-44cc-adeb-d1dce26f2a36" testId="0cb77ab1-521b-11c8-3bb7-b446f89fd442" testName="HealthAxisCore_Api.Tests.Services.AuthServiceTests.RevokeRefreshTokenAsync_WhenTokenDoesNotExist_ShouldThrowEntityNotFoundException" computerName="36012S3" duration="00:00:00.0089716" startTime="2026-07-03T12:22:12.2843012+05:30" endTime="2026-07-03T12:22:12.2933256+05:30" testType="13cdc9d9-ddb5-4fa4-a97d-d965ccfc6d4b" outcome="Passed" testListId="8c84fa94-04c1-424b-9868-57a2d4851a1d" relativeResultsDirectory="cee8d5f1-a53c-44cc-adeb-d1dce26f2a36" />
    <UnitTestResult executionId="18f35602-3b52-402d-9d5a-0dd5a8d107e1" testId="e89d0d89-8705-cb60-ff98-6b011347a24d" testName="HealthAxisCore_Api.Tests.Services.AppointmentServiceTests.FilterAsync_WhenAppointmentsExist_ShouldReturnMappedAppointments" computerName="36012S3" duration="00:00:00.0029064" startTime="2026-07-03T12:22:11.3459638+05:30" endTime="2026-07-03T12:22:11.3487858+05:30" testType="13cdc9d9-ddb5-4fa4-a97d-d965ccfc6d4b" outcome="Passed" testListId="8c84fa94-04c1-424b-9868-57a2d4851a1d" relativeResultsDirectory="18f35602-3b52-402d-9d5a-0dd5a8d107e1" />
    <UnitTestResult executionId="6e0d14c6-047b-434c-9888-23f9606dc3a4" testId="cbabeac1-56cb-5d18-b234-b0258f0ae218" testName="HealthAxisCore_Api.Tests.Services.AppointmentServiceTests.CancelAsync_WhenAppointmentAlreadyCancelled_ShouldThrowAppointmentRuleException" computerName="36012S3" duration="00:00:00.0030534" startTime="2026-07-03T12:22:11.2777171+05:30" endTime="2026-07-03T12:22:11.2808274+05:30" testType="13cdc9d9-ddb5-4fa4-a97d-d965ccfc6d4b" outcome="Passed" testListId="8c84fa94-04c1-424b-9868-57a2d4851a1d" relativeResultsDirectory="6e0d14c6-047b-434c-9888-23f9606dc3a4" />
    <UnitTestResult executionId="091d897a-bcdf-454b-8bc3-5ee7990ac9f5" testId="bcc458ef-6abd-3440-ffd8-101efdaadd90" testName="HealthAxisCore_Api.Tests.Services.DoctorServiceTests.GetPagedAsync_WithStatusAll_ShouldNotFilterByStatus" computerName="36012S3" duration="00:00:00.0020479" startTime="2026-07-03T12:22:11.2630321+05:30" endTime="2026-07-03T12:22:11.2651213+05:30" testType="13cdc9d9-ddb5-4fa4-a97d-d965ccfc6d4b" outcome="Passed" testListId="8c84fa94-04c1-424b-9868-57a2d4851a1d" relativeResultsDirectory="091d897a-bcdf-454b-8bc3-5ee7990ac9f5" />
    <UnitTestResult executionId="f09cbb1c-c8e1-4554-9a89-32c5f866950d" testId="c420437c-41b4-524b-6b0b-b5d05e11f893" testName="HealthAxisCore_Api.Tests.Services.AppointmentServiceTests.GetAllAsync_ShouldReturnMappedAppointments" computerName="36012S3" duration="00:00:00.0041510" startTime="2026-07-03T12:22:11.3002990+05:30" endTime="2026-07-03T12:22:11.3042661+05:30" testType="13cdc9d9-ddb5-4fa4-a97d-d965ccfc6d4b" outcome="Passed" testListId="8c84fa94-04c1-424b-9868-57a2d4851a1d" relativeResultsDirectory="f09cbb1c-c8e1-4554-9a89-32c5f866950d" />
    <UnitTestResult executionId="9ad344c8-179e-4e63-862b-b2361fd4b3bb" testId="7f060b2a-1fda-faae-4ae9-83a73ad6f308" testName="HealthAxisCore_Api.Tests.Services.AppointmentServiceTests.GetPagedAsync_WithSearchByAppointmentId_ShouldReturnMatchingAppointments" computerName="36012S3" duration="00:00:00.0065650" startTime="2026-07-03T12:22:11.2447704+05:30" endTime="2026-07-03T12:22:11.2510737+05:30" testType="13cdc9d9-ddb5-4fa4-a97d-d965ccfc6d4b" outcome="Passed" testListId="8c84fa94-04c1-424b-9868-57a2d4851a1d" relativeResultsDirectory="9ad344c8-179e-4e63-862b-b2361fd4b3bb" />
    <UnitTestResult executionId="118f069d-bd1e-4749-bbd8-38d0ed9db2f4" testId="17b05795-710d-ff50-f844-5dc2f5d275c2" testName="HealthAxisCore_Api.Tests.Services.AppointmentServiceTests.GetBookedSlotsAsync_WhenDoctorIdInvalid_ShouldThrowAppointmentRuleException" computerName="36012S3" duration="00:00:00.0020941" startTime="2026-07-03T12:22:11.3599865+05:30" endTime="2026-07-03T12:22:11.3620027+05:30" testType="13cdc9d9-ddb5-4fa4-a97d-d965ccfc6d4b" outcome="Passed" testListId="8c84fa94-04c1-424b-9868-57a2d4851a1d" relativeResultsDirectory="118f069d-bd1e-4749-bbd8-38d0ed9db2f4" />
    <UnitTestResult executionId="1dc4e972-d4b0-4223-8dc7-3c129ac8eed5" testId="69a0c6bd-f4f7-595f-3417-980af8f65aac" testName="HealthAxisCore_Api.Tests.Services.AppointmentServiceTests.GetBookedSlotsAsync_ShouldReturnNormalizedDistinctOrderedSlots" computerName="36012S3" duration="00:00:00.0047368" startTime="2026-07-03T12:22:11.3281917+05:30" endTime="2026-07-03T12:22:11.3329134+05:30" testType="13cdc9d9-ddb5-4fa4-a97d-d965ccfc6d4b" outcome="Passed" testListId="8c84fa94-04c1-424b-9868-57a2d4851a1d" relativeResultsDirectory="1dc4e972-d4b0-4223-8dc7-3c129ac8eed5" />
    <UnitTestResult executionId="335716e9-aa71-4ddd-a428-9ab523f5aae6" testId="a7d85989-8b8c-4b03-5ac7-613112b3dc88" testName="HealthAxisCore_Api.Tests.Services.AppointmentServiceTests.CompleteAsync_WhenAppointmentConfirmed_ShouldCompleteAndReturnTrue" computerName="36012S3" duration="00:00:00.0026239" startTime="2026-07-03T12:22:11.2575869+05:30" endTime="2026-07-03T12:22:11.2606773+05:30" testType="13cdc9d9-ddb5-4fa4-a97d-d965ccfc6d4b" outcome="Passed" testListId="8c84fa94-04c1-424b-9868-57a2d4851a1d" relativeResultsDirectory="335716e9-aa71-4ddd-a428-9ab523f5aae6" />
    <UnitTestResult executionId="220e3d49-2a66-4dde-880b-5fa91c5b454d" testId="60084fbf-80b9-59b4-e553-7f0b503afdf4" testName="HealthAxisCore_Api.Tests.Services.DoctorServiceTests.GetPagedAsync_WhenPageSizeGreaterThanHundred_ShouldLimitToHundred" computerName="36012S3" duration="00:00:00.0086851" startTime="2026-07-03T12:22:11.2366809+05:30" endTime="2026-07-03T12:22:11.2378494+05:30" testType="13cdc9d9-ddb5-4fa4-a97d-d965ccfc6d4b" outcome="Passed" testListId="8c84fa94-04c1-424b-9868-57a2d4851a1d" relativeResultsDirectory="220e3d49-2a66-4dde-880b-5fa91c5b454d" />
    <UnitTestResult executionId="f9cfc7a1-e4dc-41e3-8ecc-011fb651e5e1" testId="15888e9a-f3c9-7ba3-8265-a361f436849b" testName="HealthAxisCore_Api.Tests.Services.AuthServiceTests.RefreshTokenAsync_WhenUserHasNoRole_ShouldReturnDefaultUserRole" computerName="36012S3" duration="00:00:00.0068678" startTime="2026-07-03T12:22:12.2713065+05:30" endTime="2026-07-03T12:22:12.2783430+05:30" testType="13cdc9d9-ddb5-4fa4-a97d-d965ccfc6d4b" outcome="Passed" testListId="8c84fa94-04c1-424b-9868-57a2d4851a1d" relativeResultsDirectory="f9cfc7a1-e4dc-41e3-8ecc-011fb651e5e1" />
    <UnitTestResult executionId="c840391b-1618-4e45-9183-933094ad3757" testId="cdfc7e4e-301f-99be-3d05-e6ae9f52887d" testName="HealthAxisCore_Api.Tests.Services.AppointmentServiceTests.CompleteAsync_WhenAppointmentNotFound_ShouldThrowEntityNotFoundException" computerName="36012S3" duration="00:00:00.0016783" startTime="2026-07-03T12:22:11.3409206+05:30" endTime="2026-07-03T12:22:11.3424641+05:30" testType="13cdc9d9-ddb5-4fa4-a97d-d965ccfc6d4b" outcome="Passed" testListId="8c84fa94-04c1-424b-9868-57a2d4851a1d" relativeResultsDirectory="c840391b-1618-4e45-9183-933094ad3757" />
    <UnitTestResult executionId="744f6d74-75a1-426e-8ed1-8e5774b62c6b" testId="dcc873a1-4de3-0b84-64ec-0ee315b09231" testName="HealthAxisCore_Api.Tests.Services.AppointmentServiceTests.CancelAsync_WhenAppointmentNotFound_ShouldThrowEntityNotFoundException" computerName="36012S3" duration="00:00:00.0015811" startTime="2026-07-03T12:22:11.3425877+05:30" endTime="2026-07-03T12:22:11.3441185+05:30" testType="13cdc9d9-ddb5-4fa4-a97d-d965ccfc6d4b" outcome="Passed" testListId="8c84fa94-04c1-424b-9868-57a2d4851a1d" relativeResultsDirectory="744f6d74-75a1-426e-8ed1-8e5774b62c6b" />
    <UnitTestResult executionId="d6c1c7ac-5780-4599-8d16-a7c12aee70b7" testId="2436040b-c186-c702-f0f2-2ae3547b6900" testName="HealthAxisCore_Api.Tests.Services.AppointmentServiceTests.GetByIdAsync_WhenAppointmentDoesNotExist_ShouldThrowEntityNotFoundException" computerName="36012S3" duration="00:00:00.0028180" startTime="2026-07-03T12:22:11.3149090+05:30" endTime="2026-07-03T12:22:11.3175709+05:30" testType="13cdc9d9-ddb5-4fa4-a97d-d965ccfc6d4b" outcome="Passed" testListId="8c84fa94-04c1-424b-9868-57a2d4851a1d" relativeResultsDirectory="d6c1c7ac-5780-4599-8d16-a7c12aee70b7" />
    <UnitTestResult executionId="81b6e30a-f93c-4295-8e08-bd12b3311776" testId="28861832-e27f-d248-e2d3-5c17d5f667b6" testName="HealthAxisCore_Api.Tests.Services.PatientServiceTests.CreateAsync_WhenDuplicatePatientExists_ShouldThrowBusinessRuleException" computerName="36012S3" duration="00:00:00.0073255" startTime="2026-07-03T12:22:11.2534277+05:30" endTime="2026-07-03T12:22:11.2539241+05:30" testType="13cdc9d9-ddb5-4fa4-a97d-d965ccfc6d4b" outcome="Passed" testListId="8c84fa94-04c1-424b-9868-57a2d4851a1d" relativeResultsDirectory="81b6e30a-f93c-4295-8e08-bd12b3311776" />
    <UnitTestResult executionId="82a4c255-470f-4aec-bc25-ea87d0751a8f" testId="88a16fe0-e677-c72b-f4ba-b645b38686be" testName="HealthAxisCore_Api.Tests.Services.PatientServiceTests.UpdateAsync_WhenPatientExists_ShouldUpdatePatientAndReturnTrue" computerName="36012S3" duration="00:00:00.0131900" startTime="2026-07-03T12:22:11.2540988+05:30" endTime="2026-07-03T12:22:11.2554220+05:30" testType="13cdc9d9-ddb5-4fa4-a97d-d965ccfc6d4b" outcome="Passed" testListId="8c84fa94-04c1-424b-9868-57a2d4851a1d" relativeResultsDirectory="82a4c255-470f-4aec-bc25-ea87d0751a8f" />
    <UnitTestResult executionId="69f7c97d-a76d-4461-b2b3-bf13c37186bd" testId="f8ad33e3-d649-5b9b-5634-593a8323f488" testName="HealthAxisCore_Api.Tests.Services.AppointmentServiceTests.GetByDoctorAsync_WhenAppointmentsExist_ShouldReturnMappedAppointments" computerName="36012S3" duration="00:00:00.1588169" startTime="2026-07-03T12:22:10.9627661+05:30" endTime="2026-07-03T12:22:11.1289385+05:30" testType="13cdc9d9-ddb5-4fa4-a97d-d965ccfc6d4b" outcome="Passed" testListId="8c84fa94-04c1-424b-9868-57a2d4851a1d" relativeResultsDirectory="69f7c97d-a76d-4461-b2b3-bf13c37186bd" />
    <UnitTestResult executionId="49f9bf37-1116-43b0-80cf-1c8e0cad7458" testId="4a30418f-f7cd-91a6-f65c-2651e764347f" testName="HealthAxisCore_Api.Tests.Services.HealthRecordServiceTests.GetByPatientAsync_WhenRecordsExist_ShouldReturnMappedRecords" computerName="36012S3" duration="00:00:00.1705485" startTime="2026-07-03T12:22:10.9607685+05:30" endTime="2026-07-03T12:22:11.1564434+05:30" testType="13cdc9d9-ddb5-4fa4-a97d-d965ccfc6d4b" outcome="Passed" testListId="8c84fa94-04c1-424b-9868-57a2d4851a1d" relativeResultsDirectory="49f9bf37-1116-43b0-80cf-1c8e0cad7458" />
    <UnitTestResult executionId="9fb44f37-2e9d-40f4-9c7c-4af7839c816f" testId="9934ed5c-ec3d-be83-a7bb-49a8080f5222" testName="HealthAxisCore_Api.Tests.Services.PatientServiceTests.GetPagedAsync_ShouldOrderPatientsByName" computerName="36012S3" duration="00:00:00.0017797" startTime="2026-07-03T12:22:11.2625257+05:30" endTime="2026-07-03T12:22:11.2633159+05:30" testType="13cdc9d9-ddb5-4fa4-a97d-d965ccfc6d4b" outcome="Passed" testListId="8c84fa94-04c1-424b-9868-57a2d4851a1d" relativeResultsDirectory="9fb44f37-2e9d-40f4-9c7c-4af7839c816f" />
    <UnitTestResult executionId="dc0946cc-3fff-41cf-b0e9-2e2b3df68d5a" testId="9bd8c3a0-b44c-f5aa-6c4c-ec4822626b9d" testName="HealthAxisCore_Api.Tests.Services.PatientServiceTests.CreateAsync_WhenValidRequest_ShouldCreatePatientAndReturnMappedResponse" computerName="36012S3" duration="00:00:00.0172053" startTime="2026-07-03T12:22:11.2418090+05:30" endTime="2026-07-03T12:22:11.2509675+05:30" testType="13cdc9d9-ddb5-4fa4-a97d-d965ccfc6d4b" outcome="Passed" testListId="8c84fa94-04c1-424b-9868-57a2d4851a1d" relativeResultsDirectory="dc0946cc-3fff-41cf-b0e9-2e2b3df68d5a" />
    <UnitTestResult executionId="84937ebc-c3aa-48d5-9114-845c05811d3e" testId="a94faad2-1779-5d82-272a-ad571bb23ae6" testName="HealthAxisCore_Api.Tests.Services.PatientServiceTests.GetAllAsync_WhenPatientsExist_ShouldReturnMappedPatients" computerName="36012S3" duration="00:00:00.0064271" startTime="2026-07-03T12:22:11.2304878+05:30" endTime="2026-07-03T12:22:11.2307693+05:30" testType="13cdc9d9-ddb5-4fa4-a97d-d965ccfc6d4b" outcome="Passed" testListId="8c84fa94-04c1-424b-9868-57a2d4851a1d" relativeResultsDirectory="84937ebc-c3aa-48d5-9114-845c05811d3e" />
    <UnitTestResult executionId="b97fb555-68c0-4e5c-8e1d-40021d279635" testId="93e73685-5464-0503-c54d-5c83bf57f98e" testName="HealthAxisCore_Api.Tests.Services.AppointmentServiceTests.CreateAsync_WhenScheduledDateIsMoreThanThirtyDaysAhead_ShouldThrowAppointmentRuleException" computerName="36012S3" duration="00:00:00.0025298" startTime="2026-07-03T12:22:11.3504670+05:30" endTime="2026-07-03T12:22:11.3526129+05:30" testType="13cdc9d9-ddb5-4fa4-a97d-d965ccfc6d4b" outcome="Passed" testListId="8c84fa94-04c1-424b-9868-57a2d4851a1d" relativeResultsDirectory="b97fb555-68c0-4e5c-8e1d-40021d279635" />
    <UnitTestResult executionId="5c1061a8-2602-424f-beff-1067e5a3b20b" testId="1c4d8b27-513e-d454-eb60-fffa408172af" testName="HealthAxisCore_Api.Tests.Services.PatientServiceTests.GetByIdAsync_WhenPatientExists_ShouldReturnMappedPatient" computerName="36012S3" duration="00:00:00.0043603" startTime="2026-07-03T12:22:11.2513462+05:30" endTime="2026-07-03T12:22:11.2519018+05:30" testType="13cdc9d9-ddb5-4fa4-a97d-d965ccfc6d4b" outcome="Passed" testListId="8c84fa94-04c1-424b-9868-57a2d4851a1d" relativeResultsDirectory="5c1061a8-2602-424f-beff-1067e5a3b20b" />
    <UnitTestResult executionId="3481bc1d-3b1a-4025-95ad-2f088154f08f" testId="d559a479-ae80-5645-2701-30f636ef4ab3" testName="HealthAxisCore_Api.Tests.Services.AppointmentServiceTests.DeleteAsync_WhenAppointmentDoesNotExist_ShouldThrowEntityNotFoundException" computerName="36012S3" duration="00:00:00.0055350" startTime="2026-07-03T12:22:11.2809687+05:30" endTime="2026-07-03T12:22:11.2865084+05:30" testType="13cdc9d9-ddb5-4fa4-a97d-d965ccfc6d4b" outcome="Passed" testListId="8c84fa94-04c1-424b-9868-57a2d4851a1d" relativeResultsDirectory="3481bc1d-3b1a-4025-95ad-2f088154f08f" />
    <UnitTestResult executionId="1bb7150b-988f-468a-b6f5-92d1937e8484" testId="5701981d-34b5-0910-4ae8-66a6939d750f" testName="HealthAxisCore_Api.Tests.Services.AppointmentServiceTests.CompleteAsync_WhenAppointmentAlreadyCompleted_ShouldThrowAppointmentRuleException" computerName="36012S3" duration="00:00:00.0039335" startTime="2026-07-03T12:22:11.2531915+05:30" endTime="2026-07-03T12:22:11.2534895+05:30" testType="13cdc9d9-ddb5-4fa4-a97d-d965ccfc6d4b" outcome="Passed" testListId="8c84fa94-04c1-424b-9868-57a2d4851a1d" relativeResultsDirectory="1bb7150b-988f-468a-b6f5-92d1937e8484" />
    <UnitTestResult executionId="65492cd0-ed01-41a0-a621-e447c778048c" testId="5903e95f-476d-ad64-63b1-41cd198fd3cd" testName="HealthAxisCore_Api.Tests.Services.AppointmentServiceTests.CreateAsync_WhenDoctorIsUnavailable_ShouldThrowAppointmentRuleException" computerName="36012S3" duration="00:00:00.0036881" startTime="2026-07-03T12:22:11.3330959+05:30" endTime="2026-07-03T12:22:11.3367673+05:30" testType="13cdc9d9-ddb5-4fa4-a97d-d965ccfc6d4b" outcome="Passed" testListId="8c84fa94-04c1-424b-9868-57a2d4851a1d" relativeResultsDirectory="65492cd0-ed01-41a0-a621-e447c778048c" />
    <UnitTestResult executionId="c2bce05c-6e35-4355-baaa-a182b5301976" testId="eef5786f-a98d-2b44-ef21-f96a93ea19fd" testName="HealthAxisCore_Api.Tests.Services.DoctorServiceTests.GetPagedAsync_WithInactiveStatus_ShouldReturnOnlyInactiveDoctors" computerName="36012S3" duration="00:00:00.0021704" startTime="2026-07-03T12:22:11.2508994+05:30" endTime="2026-07-03T12:22:11.2514340+05:30" testType="13cdc9d9-ddb5-4fa4-a97d-d965ccfc6d4b" outcome="Passed" testListId="8c84fa94-04c1-424b-9868-57a2d4851a1d" relativeResultsDirectory="c2bce05c-6e35-4355-baaa-a182b5301976" />
    <UnitTestResult executionId="f25a7770-33b2-4160-b21a-e44204eaf54d" testId="4f74a28d-fa0a-863f-11c8-25d677c51b8c" testName="HealthAxisCore_Api.Tests.Services.DoctorServiceTests.SetStatusAsync_WhenDoctorExists_ShouldSetStatusAndReturnTrue" computerName="36012S3" duration="00:00:00.0025661" startTime="2026-07-03T12:22:11.2743712+05:30" endTime="2026-07-03T12:22:11.2766188+05:30" testType="13cdc9d9-ddb5-4fa4-a97d-d965ccfc6d4b" outcome="Passed" testListId="8c84fa94-04c1-424b-9868-57a2d4851a1d" relativeResultsDirectory="f25a7770-33b2-4160-b21a-e44204eaf54d" />
    <UnitTestResult executionId="7ba1d48c-2a7a-40d2-b92e-2fe2d7e9d5cb" testId="b87aa308-5874-d243-f901-44cdbcc1cbc9" testName="HealthAxisCore_Api.Tests.Services.HealthRecordServiceTests.GetByIdAsync_WhenRecordDoesNotExist_ShouldThrowEntityNotFoundException" computerName="36012S3" duration="00:00:00.0027306" startTime="2026-07-03T12:22:11.2355789+05:30" endTime="2026-07-03T12:22:11.2367591+05:30" testType="13cdc9d9-ddb5-4fa4-a97d-d965ccfc6d4b" outcome="Passed" testListId="8c84fa94-04c1-424b-9868-57a2d4851a1d" relativeResultsDirectory="7ba1d48c-2a7a-40d2-b92e-2fe2d7e9d5cb" />
    <UnitTestResult executionId="38365dee-7621-4b81-b676-b28494039567" testId="bb370f6b-0185-dcb5-5e7c-6fdccfecb0f0" testName="HealthAxisCore_Api.Tests.Services.DoctorServiceTests.GetPagedAsync_WithSpecialisationAll_ShouldNotFilterBySpecialisation" computerName="36012S3" duration="00:00:00.0029389" startTime="2026-07-03T12:22:11.2516301+05:30" endTime="2026-07-03T12:22:11.2516937+05:30" testType="13cdc9d9-ddb5-4fa4-a97d-d965ccfc6d4b" outcome="Passed" testListId="8c84fa94-04c1-424b-9868-57a2d4851a1d" relativeResultsDirectory="38365dee-7621-4b81-b676-b28494039567" />
    <UnitTestResult executionId="ff642d16-8d4b-445e-bc6f-436e12055acb" testId="4996191e-4b3b-d8ca-ae44-3d4defbcda42" testName="HealthAxisCore_Api.Tests.Services.AppointmentServiceTests.GetPagedAsync_WhenPageNumberLessThanOne_ShouldDefaultToOne" computerName="36012S3" duration="00:00:00.0019291" startTime="2026-07-03T12:22:11.3527710+05:30" endTime="2026-07-03T12:22:11.3546350+05:30" testType="13cdc9d9-ddb5-4fa4-a97d-d965ccfc6d4b" outcome="Passed" testListId="8c84fa94-04c1-424b-9868-57a2d4851a1d" relativeResultsDirectory="ff642d16-8d4b-445e-bc6f-436e12055acb" />
    <UnitTestResult executionId="32740d0d-ba65-4106-82f0-a3bf78496caf" testId="aff65490-1ea8-bfcb-996c-e6c75d401342" testName="HealthAxisCore_Api.Tests.Services.DoctorServiceTests.GetPagedAsync_WithSearchByEmail_ShouldReturnMatchingDoctor" computerName="36012S3" duration="00:00:00.0029124" startTime="2026-07-03T12:22:11.2423439+05:30" endTime="2026-07-03T12:22:11.2437588+05:30" testType="13cdc9d9-ddb5-4fa4-a97d-d965ccfc6d4b" outcome="Passed" testListId="8c84fa94-04c1-424b-9868-57a2d4851a1d" relativeResultsDirectory="32740d0d-ba65-4106-82f0-a3bf78496caf" />
    <UnitTestResult executionId="6fec83cf-d491-47a9-af76-3ca2d9a20ea8" testId="9f95c5e1-742e-77d0-fe08-69f11fb58cb2" testName="HealthAxisCore_Api.Tests.Services.PatientServiceTests.GetPagedAsync_WhenPageNumberLessThanOne_ShouldDefaultToOne" computerName="36012S3" duration="00:00:00.0019152" startTime="2026-07-03T12:22:11.2396077+05:30" endTime="2026-07-03T12:22:11.2396514+05:30" testType="13cdc9d9-ddb5-4fa4-a97d-d965ccfc6d4b" outcome="Passed" testListId="8c84fa94-04c1-424b-9868-57a2d4851a1d" relativeResultsDirectory="6fec83cf-d491-47a9-af76-3ca2d9a20ea8" />
    <UnitTestResult executionId="66e0f948-795c-4c2a-a2b9-6c2a2e42d133" testId="ed7a488a-f5dc-86a1-e95f-c472b9b92c4c" testName="HealthAxisCore_Api.Tests.Services.PatientServiceTests.GetPagedAsync_WithSearchByPhoneNumber_ShouldReturnMatchingPatient" computerName="36012S3" duration="00:00:00.0020759" startTime="2026-07-03T12:22:11.2397494+05:30" endTime="2026-07-03T12:22:11.2408290+05:30" testType="13cdc9d9-ddb5-4fa4-a97d-d965ccfc6d4b" outcome="Passed" testListId="8c84fa94-04c1-424b-9868-57a2d4851a1d" relativeResultsDirectory="66e0f948-795c-4c2a-a2b9-6c2a2e42d133" />
    <UnitTestResult executionId="044b0435-99cd-4d52-b22a-8ead7a25ea4d" testId="e6e0e118-103a-1814-f81e-407fb22064b8" testName="HealthAxisCore_Api.Tests.Services.PatientServiceTests.DeleteAsync_WhenPatientExists_ShouldDeletePatientAndReturnTrue" computerName="36012S3" duration="00:00:00.0031730" startTime="2026-07-03T12:22:11.2584480+05:30" endTime="2026-07-03T12:22:11.2622736+05:30" testType="13cdc9d9-ddb5-4fa4-a97d-d965ccfc6d4b" outcome="Passed" testListId="8c84fa94-04c1-424b-9868-57a2d4851a1d" relativeResultsDirectory="044b0435-99cd-4d52-b22a-8ead7a25ea4d" />
    <UnitTestResult executionId="18dbfc74-ba8c-44a3-a05e-64cd2faf9a42" testId="0e05d91f-22d1-23ff-4e51-ecb064eadcb9" testName="HealthAxisCore_Api.Tests.Services.AppointmentServiceTests.GetByDoctorAsync_WhenRepositoryReturnsNull_ShouldThrowEntityNotFoundException" computerName="36012S3" duration="00:00:00.0016929" startTime="2026-07-03T12:22:11.3083431+05:30" endTime="2026-07-03T12:22:11.3099375+05:30" testType="13cdc9d9-ddb5-4fa4-a97d-d965ccfc6d4b" outcome="Passed" testListId="8c84fa94-04c1-424b-9868-57a2d4851a1d" relativeResultsDirectory="18dbfc74-ba8c-44a3-a05e-64cd2faf9a42" />
    <UnitTestResult executionId="ef5ba7db-302e-4f8c-9a5c-6894cb500ab1" testId="4692e229-d8bb-18c6-007b-9bcc325a88bf" testName="HealthAxisCore_Api.Tests.Services.AppointmentServiceTests.CreateAsync_WhenDtoIsNull_ShouldThrowAppointmentRuleException" computerName="36012S3" duration="00:00:00.0038194" startTime="2026-07-03T12:22:11.2553461+05:30" endTime="2026-07-03T12:22:11.2556592+05:30" testType="13cdc9d9-ddb5-4fa4-a97d-d965ccfc6d4b" outcome="Passed" testListId="8c84fa94-04c1-424b-9868-57a2d4851a1d" relativeResultsDirectory="ef5ba7db-302e-4f8c-9a5c-6894cb500ab1" />
    <UnitTestResult executionId="2a445d19-499c-4d6b-bf30-63ab9b83a6ef" testId="716f447a-a0aa-05c4-fd84-e7434ad488df" testName="HealthAxisCore_Api.Tests.Services.DoctorServiceTests.CreateAsync_WhenIdentityCreateFails_ShouldThrowBusinessRuleException" computerName="36012S3" duration="00:00:00.0217939" startTime="2026-07-03T12:22:11.2518508+05:30" endTime="2026-07-03T12:22:11.2541688+05:30" testType="13cdc9d9-ddb5-4fa4-a97d-d965ccfc6d4b" outcome="Passed" testListId="8c84fa94-04c1-424b-9868-57a2d4851a1d" relativeResultsDirectory="2a445d19-499c-4d6b-bf30-63ab9b83a6ef" />
    <UnitTestResult executionId="4c023f75-fe5e-49f7-bd06-0e6b0a780c5f" testId="37fd8f24-64d4-97b8-924e-9df53a2bba49" testName="HealthAxisCore_Api.Tests.Services.AuthServiceTests.RegisterAsync_WhenValidRequest_ShouldRegisterPatientAndReturnAuthResponse" computerName="36012S3" duration="00:00:00.0762630" startTime="2026-07-03T12:22:11.7594903+05:30" endTime="2026-07-03T12:22:11.8353540+05:30" testType="13cdc9d9-ddb5-4fa4-a97d-d965ccfc6d4b" outcome="Passed" testListId="8c84fa94-04c1-424b-9868-57a2d4851a1d" relativeResultsDirectory="4c023f75-fe5e-49f7-bd06-0e6b0a780c5f" />
    <UnitTestResult executionId="526dc6d9-2daa-446b-a36d-a494980e2db1" testId="6ee81b32-cfbc-153e-3633-ea98c9fac99b" testName="HealthAxisCore_Api.Tests.Services.AppointmentServiceTests.ConfirmAsync_WhenAppointmentAlreadyConfirmed_ShouldThrowAppointmentRuleException" computerName="36012S3" duration="00:00:00.0018497" startTime="2026-07-03T12:22:11.3199868+05:30" endTime="2026-07-03T12:22:11.3217370+05:30" testType="13cdc9d9-ddb5-4fa4-a97d-d965ccfc6d4b" outcome="Passed" testListId="8c84fa94-04c1-424b-9868-57a2d4851a1d" relativeResultsDirectory="526dc6d9-2daa-446b-a36d-a494980e2db1" />
    <UnitTestResult executionId="4f7b8b79-bddb-4576-9746-b05399a960e0" testId="e0ae2897-a598-1aac-af32-547bedd29d8d" testName="HealthAxisCore_Api.Tests.Services.HealthRecordServiceTests.CreateAsync_WhenValidRequest_ShouldCreateRecordAndReturnMappedResponse" computerName="36012S3" duration="00:00:00.0283429" startTime="2026-07-03T12:22:11.1566413+05:30" endTime="2026-07-03T12:22:11.2289843+05:30" testType="13cdc9d9-ddb5-4fa4-a97d-d965ccfc6d4b" outcome="Passed" testListId="8c84fa94-04c1-424b-9868-57a2d4851a1d" relativeResultsDirectory="4f7b8b79-bddb-4576-9746-b05399a960e0" />
    <UnitTestResult executionId="4dd2e578-c2b1-49ac-b1d7-366627f4a7b2" testId="6c6666e9-38d9-b701-13f4-c8656471db2a" testName="HealthAxisCore_Api.Tests.Services.AppointmentServiceTests.GetPagedAsync_WhenPageSizeLessThanOne_ShouldDefaultToTen" computerName="36012S3" duration="00:00:00.0011792" startTime="2026-07-03T12:22:11.3489243+05:30" endTime="2026-07-03T12:22:11.3500155+05:30" testType="13cdc9d9-ddb5-4fa4-a97d-d965ccfc6d4b" outcome="Passed" testListId="8c84fa94-04c1-424b-9868-57a2d4851a1d" relativeResultsDirectory="4dd2e578-c2b1-49ac-b1d7-366627f4a7b2" />
    <UnitTestResult executionId="fd33b287-852c-421c-96df-5fba32cae9ee" testId="c425b5fa-e86c-03d6-c613-2d19e88517e2" testName="HealthAxisCore_Api.Tests.Services.AppointmentServiceTests.CreateAsync_WhenDoctorSlotAlreadyBookedWithTimeRange_ShouldThrowAppointmentRuleException" computerName="36012S3" duration="00:00:00.0026348" startTime="2026-07-03T12:22:11.3775126+05:30" endTime="2026-07-03T12:22:11.3801530+05:30" testType="13cdc9d9-ddb5-4fa4-a97d-d965ccfc6d4b" outcome="Passed" testListId="8c84fa94-04c1-424b-9868-57a2d4851a1d" relativeResultsDirectory="fd33b287-852c-421c-96df-5fba32cae9ee" />
    <UnitTestResult executionId="0fb53cc2-eb2f-4803-ab59-e83d63b04e7c" testId="a66bd92d-acf2-4f21-4500-f532cce84d13" testName="HealthAxisCore_Api.Tests.Services.PatientServiceTests.GetPagedAsync_ShouldApplyPagination" computerName="36012S3" duration="00:00:00.0021378" startTime="2026-07-03T12:22:11.2564761+05:30" endTime="2026-07-03T12:22:11.2582415+05:30" testType="13cdc9d9-ddb5-4fa4-a97d-d965ccfc6d4b" outcome="Passed" testListId="8c84fa94-04c1-424b-9868-57a2d4851a1d" relativeResultsDirectory="0fb53cc2-eb2f-4803-ab59-e83d63b04e7c" />
  </Results>
  <TestDefinitions>
    <UnitTest name="HealthAxisCore_Api.Tests.Services.DoctorServiceTests.GetPagedAsync_WhenPageSizeGreaterThanHundred_ShouldLimitToHundred" storage="c:\users\287802\source\repos\healthaxisapi\healthaxiscore_api.tests\bin\debug\net10.0\healthaxiscore_api.tests.dll" id="60084fbf-80b9-59b4-e553-7f0b503afdf4">
      <Execution id="220e3d49-2a66-4dde-880b-5fa91c5b454d" />
      <TestMethod codeBase="C:\Users\287802\source\repos\HealthAxisApi\HealthAxisCore_Api.Tests\bin\Debug\net10.0\HealthAxisCore_Api.Tests.dll" adapterTypeName="executor://xunit/VsTestRunner3/netcore/" className="HealthAxisCore_Api.Tests.Services.DoctorServiceTests" name="GetPagedAsync_WhenPageSizeGreaterThanHundred_ShouldLimitToHundred" />
    </UnitTest>
    <UnitTest name="HealthAxisCore_Api.Tests.Services.AppointmentServiceTests.ConfirmAsync_WhenAppointmentCancelled_ShouldThrowAppointmentRuleException" storage="c:\users\287802\source\repos\healthaxisapi\healthaxiscore_api.tests\bin\debug\net10.0\healthaxiscore_api.tests.dll" id="c708b804-753d-87d5-cf8b-cf81b762db04">
      <Execution id="49bacbd8-8dae-487e-9ad2-08602fbdb44e" />
[...]
    <TestEntry testId="5c1dca9d-acfd-1584-c2bc-71af97ae1575" executionId="8641ae14-63e4-447d-8b7b-a085f4c17280" testListId="8c84fa94-04c1-424b-9868-57a2d4851a1d" />
    <TestEntry testId="13b164fc-df09-2d3f-9ec7-05b05e28a27b" executionId="65d453eb-9109-4aee-b5ea-8cf8532f843b" testListId="8c84fa94-04c1-424b-9868-57a2d4851a1d" />
    <TestEntry testId="427d52a1-e39e-0ea8-8130-afc718f896c7" executionId="ffa25a29-996d-40de-991d-42f37e64b10d" testListId="8c84fa94-04c1-424b-9868-57a2d4851a1d" />
    <TestEntry testId="ae897d86-3ef1-0b8a-e016-563ce5ffcc72" executionId="f6d65c37-e408-40f3-8b54-3f728605f4fe" testListId="8c84fa94-04c1-424b-9868-57a2d4851a1d" />
    <TestEntry testId="c9474880-0660-76e6-9150-e517104cefcc" executionId="f981940a-8bf7-4bb2-b9a2-87ceadaccb28" testListId="8c84fa94-04c1-424b-9868-57a2d4851a1d" />
    <TestEntry testId="424c59a4-b4c7-9185-64dc-06fd58c77662" executionId="2f7147b8-1664-480b-8dff-5adf23561193" testListId="8c84fa94-04c1-424b-9868-57a2d4851a1d" />
    <TestEntry testId="85f155f5-3c71-35af-b2d6-5abd4abfb0ed" executionId="7b4a4dda-0098-4ff7-a31c-09df7f96d5e7" testListId="8c84fa94-04c1-424b-9868-57a2d4851a1d" />
    <TestEntry testId="e40996e9-8364-0839-1551-97bce8beb913" executionId="56017ca7-e8a8-45e6-9fb4-50f344f176e8" testListId="8c84fa94-04c1-424b-9868-57a2d4851a1d" />
    <TestEntry testId="096e7d1c-5fdd-5e4c-3047-9944fd6e782f" executionId="e9c42e25-649d-42b3-b952-b62c62a11f3e" testListId="8c84fa94-04c1-424b-9868-57a2d4851a1d" />
    <TestEntry testId="d324defb-2e03-788f-9092-933fe449233d" executionId="1025445f-85c3-4c43-8954-124cd5cdf01c" testListId="8c84fa94-04c1-424b-9868-57a2d4851a1d" />
    <TestEntry testId="d5957aea-6a6a-b329-b208-39732971ac6d" executionId="6ae86a1a-5856-45ee-849e-7810c3f90a67" testListId="8c84fa94-04c1-424b-9868-57a2d4851a1d" />
    <TestEntry testId="737df69f-938b-26e8-0b5f-8316b9dd334c" executionId="8b604ec0-cde1-4a24-90b3-77d7e3e55fbf" testListId="8c84fa94-04c1-424b-9868-57a2d4851a1d" />
    <TestEntry testId="f1bf9ead-d534-7b4d-7f24-ff17f02ce459" executionId="79b50ea9-c113-43e9-b27b-77e4d4457464" testListId="8c84fa94-04c1-424b-9868-57a2d4851a1d" />
    <TestEntry testId="5a5c2908-3f27-106b-9c33-5e9365c4059b" executionId="774811f7-2965-4091-86b4-079143460be2" testListId="8c84fa94-04c1-424b-9868-57a2d4851a1d" />
    <TestEntry testId="fb88db7e-092a-e84b-0ad3-b7f19a24dfd2" executionId="50bc2264-c05b-4a58-b600-b6578a92558d" testListId="8c84fa94-04c1-424b-9868-57a2d4851a1d" />
    <TestEntry testId="86a17428-12c6-ae4c-e69a-c674c5ef0743" executionId="b0e58911-3a7b-4317-9350-ed57f5f9b809" testListId="8c84fa94-04c1-424b-9868-57a2d4851a1d" />
    <TestEntry testId="8fa44a01-2dc9-8c67-882f-f4c753406e75" executionId="2a88c192-96c0-4e64-a2fe-e7fabea2e485" testListId="8c84fa94-04c1-424b-9868-57a2d4851a1d" />
    <TestEntry testId="40674ac4-16dc-cac3-a518-9dc834b42eb7" executionId="f7ece9c2-8d9f-4c1c-98a1-cf99ea0c2dfa" testListId="8c84fa94-04c1-424b-9868-57a2d4851a1d" />
    <TestEntry testId="9248f7e6-b770-ff4f-6771-c61513502eda" executionId="d5ff5252-0a8d-4e42-af3f-970400e25214" testListId="8c84fa94-04c1-424b-9868-57a2d4851a1d" />
    <TestEntry testId="42d999eb-e8ef-1408-1e49-8f02bef15477" executionId="6caa6401-e64d-4dff-b1ee-eaab306328e9" testListId="8c84fa94-04c1-424b-9868-57a2d4851a1d" />
    <TestEntry testId="20f1dbbc-3e3c-4c3a-f8c6-2e062010a838" executionId="f6d96ee5-efc9-4b45-ae9e-0d126ba34e98" testListId="8c84fa94-04c1-424b-9868-57a2d4851a1d" />
    <TestEntry testId="672e814a-8fdb-ed53-0fcf-e0a49f349801" executionId="0468bc3d-990a-4705-9497-de13f44eaa0a" testListId="8c84fa94-04c1-424b-9868-57a2d4851a1d" />
    <TestEntry testId="5d4d745e-1a98-8f1c-eb02-9e03b88e28fa" executionId="bc18e8db-8004-4941-bac9-bf753e3fd31e" testListId="8c84fa94-04c1-424b-9868-57a2d4851a1d" />
    <TestEntry testId="bf1c4cd0-fa7d-1dbd-e3c9-f94d6315da54" executionId="dc89e6ff-c081-4a78-b2ae-3333c61ff04e" testListId="8c84fa94-04c1-424b-9868-57a2d4851a1d" />
    <TestEntry testId="0bb35232-247f-5337-15b5-dff0e7eeccda" executionId="5364952b-0b7b-4b0a-9bb7-a9ec9d58cc05" testListId="8c84fa94-04c1-424b-9868-57a2d4851a1d" />
    <TestEntry testId="ff92a95a-b583-d45b-77d3-85935dc30d60" executionId="868941e2-0a21-4f52-8029-0d6ea3221fe6" testListId="8c84fa94-04c1-424b-9868-57a2d4851a1d" />
    <TestEntry testId="bc223c1c-22be-d322-759d-e93ee8f0fffc" executionId="157e754a-64d1-49a2-95bb-42a37b472e46" testListId="8c84fa94-04c1-424b-9868-57a2d4851a1d" />
    <TestEntry testId="a40fc07a-8d1c-db91-92b1-31d9fc4e9b8b" executionId="ac478eac-67b4-4a9a-a0e7-ea47cfd7d05f" testListId="8c84fa94-04c1-424b-9868-57a2d4851a1d" />
    <TestEntry testId="b65be416-069f-6a5b-60f0-527a9627d1c7" executionId="dd6ace03-071a-4568-8e54-7125dadc3f32" testListId="8c84fa94-04c1-424b-9868-57a2d4851a1d" />
    <TestEntry testId="6263a860-09da-a4e3-8850-c091a9d31d24" executionId="cd7676cf-1ece-4280-a3c6-6f7c431ac0d2" testListId="8c84fa94-04c1-424b-9868-57a2d4851a1d" />
    <TestEntry testId="a0f289f7-c459-26f3-1bdf-576820d24a51" executionId="e817939f-221f-43af-811d-97b479ca9954" testListId="8c84fa94-04c1-424b-9868-57a2d4851a1d" />
    <TestEntry testId="2b828348-0691-bc99-dc6f-1e108e6544c3" executionId="dce1392b-768b-41a4-ac9e-86e04a766149" testListId="8c84fa94-04c1-424b-9868-57a2d4851a1d" />
    <TestEntry testId="29e4b51e-738e-9c78-4b72-394d89ed8c05" executionId="4f917682-46d2-474e-9405-900124759131" testListId="8c84fa94-04c1-424b-9868-57a2d4851a1d" />
    <TestEntry testId="cc668ebe-7f31-5087-d498-c70f793d16d2" executionId="1de0918e-26ea-49d1-abaf-5d11518bb9b9" testListId="8c84fa94-04c1-424b-9868-57a2d4851a1d" />
    <TestEntry testId="ffdc6f1f-0247-a0f0-e5eb-66200cdc94be" executionId="f0cab3ae-1c47-4540-9583-87e6af4fb013" testListId="8c84fa94-04c1-424b-9868-57a2d4851a1d" />
    <TestEntry testId="1f8fc005-8034-046c-6b70-660117e481c3" executionId="603e6457-6f57-4d4d-9f98-4937ba730528" testListId="8c84fa94-04c1-424b-9868-57a2d4851a1d" />
    <TestEntry testId="27f71c33-d82a-4763-f130-73ba4c175ee1" executionId="dc987504-99a4-4256-893a-82008ac3d2d4" testListId="8c84fa94-04c1-424b-9868-57a2d4851a1d" />
    <TestEntry testId="6d0b9fae-e49f-8279-f4a9-dbe3caa852fe" executionId="0c40536b-8a64-4aa7-a4e0-7c9fca0c4e73" testListId="8c84fa94-04c1-424b-9868-57a2d4851a1d" />
    <TestEntry testId="432fd773-a8bb-682f-dd61-4624a2a215ac" executionId="e260d4bd-f3dc-4d02-8d0e-263ad684fd88" testListId="8c84fa94-04c1-424b-9868-57a2d4851a1d" />
    <TestEntry testId="0b918f1b-a2be-b4a2-b286-958ab896d86c" executionId="e285e1bc-87eb-4207-9054-7840c1d4a431" testListId="8c84fa94-04c1-424b-9868-57a2d4851a1d" />
    <TestEntry testId="2dfc69b6-c131-61b0-578b-18e7ae6cec35" executionId="4e356819-5f8f-42b8-8955-b3e836eb3adc" testListId="8c84fa94-04c1-424b-9868-57a2d4851a1d" />
    <TestEntry testId="1a7dbbe5-59a2-f48b-ea30-e9d8a3ae6051" executionId="b0158d55-942b-45fd-aca9-80a8c879ccbd" testListId="8c84fa94-04c1-424b-9868-57a2d4851a1d" />
    <TestEntry testId="3f0509b7-6376-77cc-1117-4bbdf55e5899" executionId="a42146dd-06a2-4fe4-a1e4-57a6025d1abd" testListId="8c84fa94-04c1-424b-9868-57a2d4851a1d" />
    <TestEntry testId="0085bfd0-1fb5-7fb4-f314-0003be09ef88" executionId="99fae62b-ea18-4043-9907-bc4aac0ee5da" testListId="8c84fa94-04c1-424b-9868-57a2d4851a1d" />
    <TestEntry testId="8ae75cc9-f446-8423-02f4-8951521dddea" executionId="fef96232-bba6-48a5-a6ad-b71da1d293f8" testListId="8c84fa94-04c1-424b-9868-57a2d4851a1d" />
    <TestEntry testId="6f1765eb-7e85-4326-348b-dca5a8ba30a5" executionId="d658c906-ccf3-4792-900c-aad9926943a5" testListId="8c84fa94-04c1-424b-9868-57a2d4851a1d" />
    <TestEntry testId="1e5afcc8-277f-4b06-c393-57e6d27b1d53" executionId="47db85bf-e489-4722-bf28-92fe374a29b0" testListId="8c84fa94-04c1-424b-9868-57a2d4851a1d" />
    <TestEntry testId="0c161ea4-494c-3220-0629-f4469bebc4ed" executionId="297894d4-aaa3-4a98-8a9e-213b20063d00" testListId="8c84fa94-04c1-424b-9868-57a2d4851a1d" />
    <TestEntry testId="e3622c63-2381-168b-b32c-c575196fedde" executionId="ace8702e-c84b-41ee-b114-2d19cfa57658" testListId="8c84fa94-04c1-424b-9868-57a2d4851a1d" />
    <TestEntry testId="0d6843bd-0505-1760-7f2e-c266851820a1" executionId="56842554-ef97-43e6-ae14-9bfa17108e8e" testListId="8c84fa94-04c1-424b-9868-57a2d4851a1d" />
    <TestEntry testId="a3889960-c6ec-2c93-ec6e-9edc5d603260" executionId="eb0f3fe6-f9dc-4f12-aec7-fed048624f3f" testListId="8c84fa94-04c1-424b-9868-57a2d4851a1d" />
    <TestEntry testId="bc844632-f584-cc93-19f4-568140cb2c14" executionId="504acb6b-73b6-4c77-a0f6-beb6d34b0ba2" testListId="8c84fa94-04c1-424b-9868-57a2d4851a1d" />
    <TestEntry testId="24989759-03f9-dbbc-477b-9ced37842193" executionId="f0c73944-2d8b-4416-96d0-75e2b141973d" testListId="8c84fa94-04c1-424b-9868-57a2d4851a1d" />
    <TestEntry testId="d6132046-1b6d-200e-a670-827d9b59d219" executionId="8b6de6d4-814b-4694-b5d4-d2f6cf162423" testListId="8c84fa94-04c1-424b-9868-57a2d4851a1d" />
    <TestEntry testId="6060b414-1b55-231c-0261-de434481ef90" executionId="cd219e24-2758-4bce-9c4e-2a64faf4f2b6" testListId="8c84fa94-04c1-424b-9868-57a2d4851a1d" />
    <TestEntry testId="c708b804-753d-87d5-cf8b-cf81b762db04" executionId="49bacbd8-8dae-487e-9ad2-08602fbdb44e" testListId="8c84fa94-04c1-424b-9868-57a2d4851a1d" />
    <TestEntry testId="094a727a-2ad6-248e-0c2b-fa11d3d42136" executionId="70b20ec7-7d8d-4fff-b4ac-987837f8b315" testListId="8c84fa94-04c1-424b-9868-57a2d4851a1d" />
    <TestEntry testId="8520feed-9ca5-9a39-1209-4e6ad0d6418c" executionId="fa6835fc-1496-40b5-8015-d483c998736d" testListId="8c84fa94-04c1-424b-9868-57a2d4851a1d" />
    <TestEntry testId="06ff8164-8e58-0453-c4d3-4411731ddf34" executionId="175a97ec-7836-4ce9-8c6d-59813bf70ada" testListId="8c84fa94-04c1-424b-9868-57a2d4851a1d" />
    <TestEntry testId="cc94da51-538c-c1e8-211a-9420231e8c47" executionId="d6b6d62c-3642-44b9-a83c-4f444eb798f7" testListId="8c84fa94-04c1-424b-9868-57a2d4851a1d" />
    <TestEntry testId="4c5d263a-fc55-9a5c-0ff9-b39e1c7b9e2f" executionId="60c08c96-67a5-4787-a67a-c1808e3d2c61" testListId="8c84fa94-04c1-424b-9868-57a2d4851a1d" />
    <TestEntry testId="bb240967-9f0d-eb3d-d0e7-117d68daa217" executionId="4af10a47-cd56-4b78-b150-40e519cbb320" testListId="8c84fa94-04c1-424b-9868-57a2d4851a1d" />
    <TestEntry testId="b7439823-fee5-d982-b60f-97c87c60ef54" executionId="cb459dba-369e-4ec5-a5ec-55e0c0dc0ff7" testListId="8c84fa94-04c1-424b-9868-57a2d4851a1d" />
    <TestEntry testId="e86df7ad-6853-7b65-bd47-c36f639077d0" executionId="88f45642-1014-4c93-8b98-e40231064924" testListId="8c84fa94-04c1-424b-9868-57a2d4851a1d" />
    <TestEntry testId="646a371d-4b7c-4eb4-2a22-209919c3db2f" executionId="ae2247af-d3b9-4ac2-aa63-dcd06cb1455b" testListId="8c84fa94-04c1-424b-9868-57a2d4851a1d" />
    <TestEntry testId="e878076e-a55e-7f9b-5a3c-07ab6f3c3dc9" executionId="b9cbc7ac-eb26-456d-bacc-83f85f49cef2" testListId="8c84fa94-04c1-424b-9868-57a2d4851a1d" />
    <TestEntry testId="0cb77ab1-521b-11c8-3bb7-b446f89fd442" executionId="cee8d5f1-a53c-44cc-adeb-d1dce26f2a36" testListId="8c84fa94-04c1-424b-9868-57a2d4851a1d" />
    <TestEntry testId="e89d0d89-8705-cb60-ff98-6b011347a24d" executionId="18f35602-3b52-402d-9d5a-0dd5a8d107e1" testListId="8c84fa94-04c1-424b-9868-57a2d4851a1d" />
    <TestEntry testId="cbabeac1-56cb-5d18-b234-b0258f0ae218" executionId="6e0d14c6-047b-434c-9888-23f9606dc3a4" testListId="8c84fa94-04c1-424b-9868-57a2d4851a1d" />
    <TestEntry testId="bcc458ef-6abd-3440-ffd8-101efdaadd90" executionId="091d897a-bcdf-454b-8bc3-5ee7990ac9f5" testListId="8c84fa94-04c1-424b-9868-57a2d4851a1d" />
    <TestEntry testId="c420437c-41b4-524b-6b0b-b5d05e11f893" executionId="f09cbb1c-c8e1-4554-9a89-32c5f866950d" testListId="8c84fa94-04c1-424b-9868-57a2d4851a1d" />
    <TestEntry testId="7f060b2a-1fda-faae-4ae9-83a73ad6f308" executionId="9ad344c8-179e-4e63-862b-b2361fd4b3bb" testListId="8c84fa94-04c1-424b-9868-57a2d4851a1d" />
    <TestEntry testId="17b05795-710d-ff50-f844-5dc2f5d275c2" executionId="118f069d-bd1e-4749-bbd8-38d0ed9db2f4" testListId="8c84fa94-04c1-424b-9868-57a2d4851a1d" />
    <TestEntry testId="69a0c6bd-f4f7-595f-3417-980af8f65aac" executionId="1dc4e972-d4b0-4223-8dc7-3c129ac8eed5" testListId="8c84fa94-04c1-424b-9868-57a2d4851a1d" />
    <TestEntry testId="a7d85989-8b8c-4b03-5ac7-613112b3dc88" executionId="335716e9-aa71-4ddd-a428-9ab523f5aae6" testListId="8c84fa94-04c1-424b-9868-57a2d4851a1d" />
    <TestEntry testId="60084fbf-80b9-59b4-e553-7f0b503afdf4" executionId="220e3d49-2a66-4dde-880b-5fa91c5b454d" testListId="8c84fa94-04c1-424b-9868-57a2d4851a1d" />
    <TestEntry testId="15888e9a-f3c9-7ba3-8265-a361f436849b" executionId="f9cfc7a1-e4dc-41e3-8ecc-011fb651e5e1" testListId="8c84fa94-04c1-424b-9868-57a2d4851a1d" />
    <TestEntry testId="cdfc7e4e-301f-99be-3d05-e6ae9f52887d" executionId="c840391b-1618-4e45-9183-933094ad3757" testListId="8c84fa94-04c1-424b-9868-57a2d4851a1d" />
    <TestEntry testId="dcc873a1-4de3-0b84-64ec-0ee315b09231" executionId="744f6d74-75a1-426e-8ed1-8e5774b62c6b" testListId="8c84fa94-04c1-424b-9868-57a2d4851a1d" />
    <TestEntry testId="2436040b-c186-c702-f0f2-2ae3547b6900" executionId="d6c1c7ac-5780-4599-8d16-a7c12aee70b7" testListId="8c84fa94-04c1-424b-9868-57a2d4851a1d" />
    <TestEntry testId="28861832-e27f-d248-e2d3-5c17d5f667b6" executionId="81b6e30a-f93c-4295-8e08-bd12b3311776" testListId="8c84fa94-04c1-424b-9868-57a2d4851a1d" />
    <TestEntry testId="88a16fe0-e677-c72b-f4ba-b645b38686be" executionId="82a4c255-470f-4aec-bc25-ea87d0751a8f" testListId="8c84fa94-04c1-424b-9868-57a2d4851a1d" />
    <TestEntry testId="f8ad33e3-d649-5b9b-5634-593a8323f488" executionId="69f7c97d-a76d-4461-b2b3-bf13c37186bd" testListId="8c84fa94-04c1-424b-9868-57a2d4851a1d" />
    <TestEntry testId="4a30418f-f7cd-91a6-f65c-2651e764347f" executionId="49f9bf37-1116-43b0-80cf-1c8e0cad7458" testListId="8c84fa94-04c1-424b-9868-57a2d4851a1d" />
    <TestEntry testId="9934ed5c-ec3d-be83-a7bb-49a8080f5222" executionId="9fb44f37-2e9d-40f4-9c7c-4af7839c816f" testListId="8c84fa94-04c1-424b-9868-57a2d4851a1d" />
    <TestEntry testId="9bd8c3a0-b44c-f5aa-6c4c-ec4822626b9d" executionId="dc0946cc-3fff-41cf-b0e9-2e2b3df68d5a" testListId="8c84fa94-04c1-424b-9868-57a2d4851a1d" />
    <TestEntry testId="a94faad2-1779-5d82-272a-ad571bb23ae6" executionId="84937ebc-c3aa-48d5-9114-845c05811d3e" testListId="8c84fa94-04c1-424b-9868-57a2d4851a1d" />
    <TestEntry testId="93e73685-5464-0503-c54d-5c83bf57f98e" executionId="b97fb555-68c0-4e5c-8e1d-40021d279635" testListId="8c84fa94-04c1-424b-9868-57a2d4851a1d" />
    <TestEntry testId="1c4d8b27-513e-d454-eb60-fffa408172af" executionId="5c1061a8-2602-424f-beff-1067e5a3b20b" testListId="8c84fa94-04c1-424b-9868-57a2d4851a1d" />
    <TestEntry testId="d559a479-ae80-5645-2701-30f636ef4ab3" executionId="3481bc1d-3b1a-4025-95ad-2f088154f08f" testListId="8c84fa94-04c1-424b-9868-57a2d4851a1d" />
    <TestEntry testId="5701981d-34b5-0910-4ae8-66a6939d750f" executionId="1bb7150b-988f-468a-b6f5-92d1937e8484" testListId="8c84fa94-04c1-424b-9868-57a2d4851a1d" />
    <TestEntry testId="5903e95f-476d-ad64-63b1-41cd198fd3cd" executionId="65492cd0-ed01-41a0-a621-e447c778048c" testListId="8c84fa94-04c1-424b-9868-57a2d4851a1d" />
    <TestEntry testId="eef5786f-a98d-2b44-ef21-f96a93ea19fd" executionId="c2bce05c-6e35-4355-baaa-a182b5301976" testListId="8c84fa94-04c1-424b-9868-57a2d4851a1d" />
    <TestEntry testId="4f74a28d-fa0a-863f-11c8-25d677c51b8c" executionId="f25a7770-33b2-4160-b21a-e44204eaf54d" testListId="8c84fa94-04c1-424b-9868-57a2d4851a1d" />
    <TestEntry testId="b87aa308-5874-d243-f901-44cdbcc1cbc9" executionId="7ba1d48c-2a7a-40d2-b92e-2fe2d7e9d5cb" testListId="8c84fa94-04c1-424b-9868-57a2d4851a1d" />
    <TestEntry testId="bb370f6b-0185-dcb5-5e7c-6fdccfecb0f0" executionId="38365dee-7621-4b81-b676-b28494039567" testListId="8c84fa94-04c1-424b-9868-57a2d4851a1d" />
    <TestEntry testId="4996191e-4b3b-d8ca-ae44-3d4defbcda42" executionId="ff642d16-8d4b-445e-bc6f-436e12055acb" testListId="8c84fa94-04c1-424b-9868-57a2d4851a1d" />
    <TestEntry testId="aff65490-1ea8-bfcb-996c-e6c75d401342" executionId="32740d0d-ba65-4106-82f0-a3bf78496caf" testListId="8c84fa94-04c1-424b-9868-57a2d4851a1d" />
    <TestEntry testId="9f95c5e1-742e-77d0-fe08-69f11fb58cb2" executionId="6fec83cf-d491-47a9-af76-3ca2d9a20ea8" testListId="8c84fa94-04c1-424b-9868-57a2d4851a1d" />
    <TestEntry testId="ed7a488a-f5dc-86a1-e95f-c472b9b92c4c" executionId="66e0f948-795c-4c2a-a2b9-6c2a2e42d133" testListId="8c84fa94-04c1-424b-9868-57a2d4851a1d" />
    <TestEntry testId="e6e0e118-103a-1814-f81e-407fb22064b8" executionId="044b0435-99cd-4d52-b22a-8ead7a25ea4d" testListId="8c84fa94-04c1-424b-9868-57a2d4851a1d" />
    <TestEntry testId="0e05d91f-22d1-23ff-4e51-ecb064eadcb9" executionId="18dbfc74-ba8c-44a3-a05e-64cd2faf9a42" testListId="8c84fa94-04c1-424b-9868-57a2d4851a1d" />
    <TestEntry testId="4692e229-d8bb-18c6-007b-9bcc325a88bf" executionId="ef5ba7db-302e-4f8c-9a5c-6894cb500ab1" testListId="8c84fa94-04c1-424b-9868-57a2d4851a1d" />
    <TestEntry testId="716f447a-a0aa-05c4-fd84-e7434ad488df" executionId="2a445d19-499c-4d6b-bf30-63ab9b83a6ef" testListId="8c84fa94-04c1-424b-9868-57a2d4851a1d" />
    <TestEntry testId="37fd8f24-64d4-97b8-924e-9df53a2bba49" executionId="4c023f75-fe5e-49f7-bd06-0e6b0a780c5f" testListId="8c84fa94-04c1-424b-9868-57a2d4851a1d" />
    <TestEntry testId="6ee81b32-cfbc-153e-3633-ea98c9fac99b" executionId="526dc6d9-2daa-446b-a36d-a494980e2db1" testListId="8c84fa94-04c1-424b-9868-57a2d4851a1d" />
    <TestEntry testId="e0ae2897-a598-1aac-af32-547bedd29d8d" executionId="4f7b8b79-bddb-4576-9746-b05399a960e0" testListId="8c84fa94-04c1-424b-9868-57a2d4851a1d" />
    <TestEntry testId="6c6666e9-38d9-b701-13f4-c8656471db2a" executionId="4dd2e578-c2b1-49ac-b1d7-366627f4a7b2" testListId="8c84fa94-04c1-424b-9868-57a2d4851a1d" />
    <TestEntry testId="c425b5fa-e86c-03d6-c613-2d19e88517e2" executionId="fd33b287-852c-421c-96df-5fba32cae9ee" testListId="8c84fa94-04c1-424b-9868-57a2d4851a1d" />
    <TestEntry testId="a66bd92d-acf2-4f21-4500-f532cce84d13" executionId="0fb53cc2-eb2f-4803-ab59-e83d63b04e7c" testListId="8c84fa94-04c1-424b-9868-57a2d4851a1d" />
  </TestEntries>
  <TestLists>
    <TestList name="Results Not in a List" id="8c84fa94-04c1-424b-9868-57a2d4851a1d" />
    <TestList name="All Loaded Results" id="19431567-8539-422a-85d7-44ee4e166bda" />
  </TestLists>
  <ResultSummary outcome="Completed">
    <Counters total="136" executed="136" passed="136" failed="0" error="0" timeout="0" aborted="0" inconclusive="0" passedButRunAborted="0" notRunnable="0" notExecuted="0" disconnected="0" warning="0" completed="0" inProgress="0" pending="0" />
    <Output>
      <StdOut>[xUnit.net 00:00:00.00] xUnit.net VSTest Adapter v3.1.5+1b188a7b0a (64-bit .NET 10.0.9)&#xD;
[xUnit.net 00:00:00.25]   Discovering: HealthAxisCore_Api.Tests&#xD;
[xUnit.net 00:00:00.30]   Discovered:  HealthAxisCore_Api.Tests&#xD;
[xUnit.net 00:00:00.34]   Starting:    HealthAxisCore_Api.Tests&#xD;
     Warning:&#xD;
     The component "Fluent Assertions" is governed by the rules defined in the Xceed License Agreement and&#xD;
     the Xceed Fluent Assertions Community License. You may use Fluent Assertions free of charge for&#xD;
     non-commercial use only. An active subscription is required to use Fluent Assertions for commercial use.&#xD;
     Please contact Xceed Sales mailto:sales@xceed.com to acquire a subscription at a very low cost.&#xD;
     A paid commercial license supports the development and continued increasing support of&#xD;
     Fluent Assertions users under both commercial and community licenses. Help us&#xD;
     keep Fluent Assertions at the forefront of unit testing.&#xD;
     For more information, visit https://xceed.com/products/unit-testing/fluent-assertions/&#xD;
Doctor Temporary Password: Temp@2788&#xD;
[xUnit.net 00:00:01.74]   Finished:    HealthAxisCore_Api.Tests&#xD;
</StdOut>
    </Output>
  </ResultSummary>
</TestRun>