<?xml version="1.0" encoding="utf-8"?>
<TestRun id="6afa8bb5-05e4-4cc8-8789-36056cb180b7" name="287802@36012S3 2026-07-03 12:26:59" runUser="USTR\287802" xmlns="http://microsoft.com/schemas/VisualStudio/TeamTest/2010">
  <Times creation="2026-07-03T12:26:59.5853887+05:30" queuing="2026-07-03T12:26:59.5853890+05:30" start="2026-07-03T12:26:57.4142401+05:30" finish="2026-07-03T12:27:02.5116226+05:30" />
  <TestSettings name="default" id="74106fde-d38d-4df3-8035-e1ee60a2d4b4">
    <Deployment runDeploymentRoot="287802_36012S3_2026-07-03_12_26_59" />
  </TestSettings>
  <Results>
    <UnitTestResult executionId="cad7690d-0462-4005-a060-0f7f9f155be1" testId="eef5786f-a98d-2b44-ef21-f96a93ea19fd" testName="HealthAxisCore_Api.Tests.Services.DoctorServiceTests.GetPagedAsync_WithInactiveStatus_ShouldReturnOnlyInactiveDoctors" computerName="36012S3" duration="00:00:00.0043251" startTime="2026-07-03T12:26:59.5214136+05:30" endTime="2026-07-03T12:26:59.5218856+05:30" testType="13cdc9d9-ddb5-4fa4-a97d-d965ccfc6d4b" outcome="Passed" testListId="8c84fa94-04c1-424b-9868-57a2d4851a1d" relativeResultsDirectory="cad7690d-0462-4005-a060-0f7f9f155be1" />
    <UnitTestResult executionId="59bf816a-a6b4-4f31-8351-e33ed2915c49" testId="54849638-9222-3519-5f23-73080971559d" testName="HealthAxisCore_Api.Tests.Services.AppointmentServiceTests.DeleteAsync_WhenAppointmentExists_ShouldDeleteAndReturnTrue" computerName="36012S3" duration="00:00:00.0025648" startTime="2026-07-03T12:26:59.6976653+05:30" endTime="2026-07-03T12:26:59.7000467+05:30" testType="13cdc9d9-ddb5-4fa4-a97d-d965ccfc6d4b" outcome="Passed" testListId="8c84fa94-04c1-424b-9868-57a2d4851a1d" relativeResultsDirectory="59bf816a-a6b4-4f31-8351-e33ed2915c49" />
    <UnitTestResult executionId="2804341a-c8fc-4bd1-b8f2-0446c64079a8" testId="bb240967-9f0d-eb3d-d0e7-117d68daa217" testName="HealthAxisCore_Api.Tests.Services.AppointmentServiceTests.CreateAsync_WithValidRequest_ShouldCreateAppointment" computerName="36012S3" duration="00:00:00.0112855" startTime="2026-07-03T12:26:59.6233803+05:30" endTime="2026-07-03T12:26:59.6345533+05:30" testType="13cdc9d9-ddb5-4fa4-a97d-d965ccfc6d4b" outcome="Passed" testListId="8c84fa94-04c1-424b-9868-57a2d4851a1d" relativeResultsDirectory="2804341a-c8fc-4bd1-b8f2-0446c64079a8" />
    <UnitTestResult executionId="12392c1e-8538-4dee-9bb8-2b02629ab9f8" testId="6b031548-847c-d18d-edac-9e192bce6f93" testName="HealthAxisCore_Api.Tests.Services.DoctorServiceTests.CreateAsync_WhenValidRequest_ShouldCreateDoctorAndIdentityUser" computerName="36012S3" duration="00:00:00.0383239" startTime="2026-07-03T12:26:59.5727533+05:30" endTime="2026-07-03T12:26:59.6109069+05:30" testType="13cdc9d9-ddb5-4fa4-a97d-d965ccfc6d4b" outcome="Passed" testListId="8c84fa94-04c1-424b-9868-57a2d4851a1d" relativeResultsDirectory="12392c1e-8538-4dee-9bb8-2b02629ab9f8" />
    <UnitTestResult executionId="f722965f-4fe2-48bf-8d91-74f443658a8d" testId="372eccf9-a766-db83-5e1c-f6d65fda98fb" testName="HealthAxisCore_Api.Tests.Services.AppointmentServiceTests.CompleteAsync_WhenAppointmentCancelled_ShouldThrowAppointmentRuleException" computerName="36012S3" duration="00:00:00.0028885" startTime="2026-07-03T12:26:59.7308302+05:30" endTime="2026-07-03T12:26:59.7336062+05:30" testType="13cdc9d9-ddb5-4fa4-a97d-d965ccfc6d4b" outcome="Passed" testListId="8c84fa94-04c1-424b-9868-57a2d4851a1d" relativeResultsDirectory="f722965f-4fe2-48bf-8d91-74f443658a8d" />
    <UnitTestResult executionId="2633a42e-8b5c-40ed-a58f-710fd930f873" testId="6060b414-1b55-231c-0261-de434481ef90" testName="HealthAxisCore_Api.Tests.Services.DoctorServiceTests.GetByIdAsync_WhenDoctorDoesNotExist_ShouldThrowEntityNotFoundException" computerName="36012S3" duration="00:00:00.2358788" startTime="2026-07-03T12:26:59.1534304+05:30" endTime="2026-07-03T12:26:59.4829805+05:30" testType="13cdc9d9-ddb5-4fa4-a97d-d965ccfc6d4b" outcome="Passed" testListId="8c84fa94-04c1-424b-9868-57a2d4851a1d" relativeResultsDirectory="2633a42e-8b5c-40ed-a58f-710fd930f873" />
    <UnitTestResult executionId="46b3cd2b-b523-448d-b77e-42ecbf3359ec" testId="4a30418f-f7cd-91a6-f65c-2651e764347f" testName="HealthAxisCore_Api.Tests.Services.HealthRecordServiceTests.GetByPatientAsync_WhenRecordsExist_ShouldReturnMappedRecords" computerName="36012S3" duration="00:00:00.1967544" startTime="2026-07-03T12:26:59.1532967+05:30" endTime="2026-07-03T12:26:59.3774190+05:30" testType="13cdc9d9-ddb5-4fa4-a97d-d965ccfc6d4b" outcome="Passed" testListId="8c84fa94-04c1-424b-9868-57a2d4851a1d" relativeResultsDirectory="46b3cd2b-b523-448d-b77e-42ecbf3359ec" />
    <UnitTestResult executionId="0fe76c33-eae3-479f-b1d7-309d13748172" testId="6f1765eb-7e85-4326-348b-dca5a8ba30a5" testName="HealthAxisCore_Api.Tests.Services.AppointmentServiceTests.GetByDoctorAsync_WhenNoAppointments_ShouldThrowEntityNotFoundException" computerName="36012S3" duration="00:00:00.0042772" startTime="2026-07-03T12:26:59.4962652+05:30" endTime="2026-07-03T12:26:59.4967680+05:30" testType="13cdc9d9-ddb5-4fa4-a97d-d965ccfc6d4b" outcome="Passed" testListId="8c84fa94-04c1-424b-9868-57a2d4851a1d" relativeResultsDirectory="0fe76c33-eae3-479f-b1d7-309d13748172" />
    <UnitTestResult executionId="cb2d1ca9-1817-4b35-8b62-f6a2a9eea36b" testId="28861832-e27f-d248-e2d3-5c17d5f667b6" testName="HealthAxisCore_Api.Tests.Services.PatientServiceTests.CreateAsync_WhenDuplicatePatientExists_ShouldThrowBusinessRuleException" computerName="36012S3" duration="00:00:00.0103954" startTime="2026-07-03T12:26:59.5217934+05:30" endTime="2026-07-03T12:26:59.5227507+05:30" testType="13cdc9d9-ddb5-4fa4-a97d-d965ccfc6d4b" outcome="Passed" testListId="8c84fa94-04c1-424b-9868-57a2d4851a1d" relativeResultsDirectory="cb2d1ca9-1817-4b35-8b62-f6a2a9eea36b" />
    <UnitTestResult executionId="4c23b618-e52d-4585-b333-58edf3a0f00f" testId="06ff8164-8e58-0453-c4d3-4411731ddf34" testName="HealthAxisCore_Api.Tests.Services.HealthRecordServiceTests.CreateAsync_WhenDoctorIdIsNull_ShouldCreateRecordSuccessfully" computerName="36012S3" duration="00:00:00.0127208" startTime="2026-07-03T12:26:59.4917427+05:30" endTime="2026-07-03T12:26:59.4923186+05:30" testType="13cdc9d9-ddb5-4fa4-a97d-d965ccfc6d4b" outcome="Passed" testListId="8c84fa94-04c1-424b-9868-57a2d4851a1d" relativeResultsDirectory="4c23b618-e52d-4585-b333-58edf3a0f00f" />
    <UnitTestResult executionId="dfb286e7-d239-461a-bfa7-1ddd269428c9" testId="6c6666e9-38d9-b701-13f4-c8656471db2a" testName="HealthAxisCore_Api.Tests.Services.AppointmentServiceTests.GetPagedAsync_WhenPageSizeLessThanOne_ShouldDefaultToTen" computerName="36012S3" duration="00:00:00.0023094" startTime="2026-07-03T12:26:59.7182777+05:30" endTime="2026-07-03T12:26:59.7195624+05:30" testType="13cdc9d9-ddb5-4fa4-a97d-d965ccfc6d4b" outcome="Passed" testListId="8c84fa94-04c1-424b-9868-57a2d4851a1d" relativeResultsDirectory="dfb286e7-d239-461a-bfa7-1ddd269428c9" />
    <UnitTestResult executionId="25a7716e-a347-4bf1-a4a0-e6a2baffdedc" testId="69a0c6bd-f4f7-595f-3417-980af8f65aac" testName="HealthAxisCore_Api.Tests.Services.AppointmentServiceTests.GetBookedSlotsAsync_ShouldReturnNormalizedDistinctOrderedSlots" computerName="36012S3" duration="00:00:00.0124650" startTime="2026-07-03T12:26:59.6789762+05:30" endTime="2026-07-03T12:26:59.6862103+05:30" testType="13cdc9d9-ddb5-4fa4-a97d-d965ccfc6d4b" outcome="Passed" testListId="8c84fa94-04c1-424b-9868-57a2d4851a1d" relativeResultsDirectory="25a7716e-a347-4bf1-a4a0-e6a2baffdedc" />
    <UnitTestResult executionId="c91dbf91-ffbc-4d78-a400-10f043248532" testId="aff65490-1ea8-bfcb-996c-e6c75d401342" testName="HealthAxisCore_Api.Tests.Services.DoctorServiceTests.GetPagedAsync_WithSearchByEmail_ShouldReturnMatchingDoctor" computerName="36012S3" duration="00:00:00.0032312" startTime="2026-07-03T12:26:59.5086514+05:30" endTime="2026-07-03T12:26:59.5120792+05:30" testType="13cdc9d9-ddb5-4fa4-a97d-d965ccfc6d4b" outcome="Passed" testListId="8c84fa94-04c1-424b-9868-57a2d4851a1d" relativeResultsDirectory="c91dbf91-ffbc-4d78-a400-10f043248532" />
    <UnitTestResult executionId="12d31665-2f17-4af5-b879-bb443657a2be" testId="4f74a28d-fa0a-863f-11c8-25d677c51b8c" testName="HealthAxisCore_Api.Tests.Services.DoctorServiceTests.SetStatusAsync_WhenDoctorExists_ShouldSetStatusAndReturnTrue" computerName="36012S3" duration="00:00:00.0067472" startTime="2026-07-03T12:26:59.5606708+05:30" endTime="2026-07-03T12:26:59.5671741+05:30" testType="13cdc9d9-ddb5-4fa4-a97d-d965ccfc6d4b" outcome="Passed" testListId="8c84fa94-04c1-424b-9868-57a2d4851a1d" relativeResultsDirectory="12d31665-2f17-4af5-b879-bb443657a2be" />
    <UnitTestResult executionId="7d932148-ba6c-4245-958a-24424b0a29b4" testId="cbabeac1-56cb-5d18-b234-b0258f0ae218" testName="HealthAxisCore_Api.Tests.Services.AppointmentServiceTests.CancelAsync_WhenAppointmentAlreadyCancelled_ShouldThrowAppointmentRuleException" computerName="36012S3" duration="00:00:00.0056959" startTime="2026-07-03T12:26:59.5660658+05:30" endTime="2026-07-03T12:26:59.5705596+05:30" testType="13cdc9d9-ddb5-4fa4-a97d-d965ccfc6d4b" outcome="Passed" testListId="8c84fa94-04c1-424b-9868-57a2d4851a1d" relativeResultsDirectory="7d932148-ba6c-4245-958a-24424b0a29b4" />
    <UnitTestResult executionId="65cf125e-eee5-4a61-9e4f-68dbe4f2d5f4" testId="0d6843bd-0505-1760-7f2e-c266851820a1" testName="HealthAxisCore_Api.Tests.Services.AuthServiceTests.LoginAsync_WhenValidCredentials_ShouldReturnAuthResponseAndStoreRefreshToken" computerName="36012S3" duration="00:00:01.0653891" startTime="2026-07-03T12:27:00.6595895+05:30" endTime="2026-07-03T12:27:01.7254544+05:30" testType="13cdc9d9-ddb5-4fa4-a97d-d965ccfc6d4b" outcome="Passed" testListId="8c84fa94-04c1-424b-9868-57a2d4851a1d" relativeResultsDirectory="65cf125e-eee5-4a61-9e4f-68dbe4f2d5f4" />
    <UnitTestResult executionId="601ce813-de2b-4a83-940b-934379eaf4bd" testId="9f95c5e1-742e-77d0-fe08-69f11fb58cb2" testName="HealthAxisCore_Api.Tests.Services.PatientServiceTests.GetPagedAsync_WhenPageNumberLessThanOne_ShouldDefaultToOne" computerName="36012S3" duration="00:00:00.0023487" startTime="2026-07-03T12:26:59.4995215+05:30" endTime="2026-07-03T12:26:59.4998636+05:30" testType="13cdc9d9-ddb5-4fa4-a97d-d965ccfc6d4b" outcome="Passed" testListId="8c84fa94-04c1-424b-9868-57a2d4851a1d" relativeResultsDirectory="601ce813-de2b-4a83-940b-934379eaf4bd" />
    <UnitTestResult executionId="36fe4426-8fb9-469b-aec9-d30450744571" testId="76c423c3-99b2-272c-3285-c16a731e687e" testName="HealthAxisCore_Api.Tests.Services.PatientServiceTests.GetPagedAsync_WithSearchByPatientName_ShouldReturnMatchingPatient" computerName="36012S3" duration="00:00:00.0025821" startTime="2026-07-03T12:26:59.4993319+05:30" endTime="2026-07-03T12:26:59.4993869+05:30" testType="13cdc9d9-ddb5-4fa4-a97d-d965ccfc6d4b" outcome="Passed" testListId="8c84fa94-04c1-424b-9868-57a2d4851a1d" relativeResultsDirectory="36fe4426-8fb9-469b-aec9-d30450744571" />
    <UnitTestResult executionId="659c598d-ca8d-43e6-9c23-dea1c7bd2bab" testId="dcc873a1-4de3-0b84-64ec-0ee315b09231" testName="HealthAxisCore_Api.Tests.Services.AppointmentServiceTests.CancelAsync_WhenAppointmentNotFound_ShouldThrowEntityNotFoundException" computerName="36012S3" duration="00:00:00.0038927" startTime="2026-07-03T12:26:59.7051351+05:30" endTime="2026-07-03T12:26:59.7087980+05:30" testType="13cdc9d9-ddb5-4fa4-a97d-d965ccfc6d4b" outcome="Passed" testListId="8c84fa94-04c1-424b-9868-57a2d4851a1d" relativeResultsDirectory="659c598d-ca8d-43e6-9c23-dea1c7bd2bab" />
    <UnitTestResult executionId="cc0df43e-0596-4e46-872d-7c60842f0c94" testId="094a727a-2ad6-248e-0c2b-fa11d3d42136" testName="HealthAxisCore_Api.Tests.Services.AppointmentServiceTests.GetPagedAsync_WithStatusFilter_ShouldReturnOnlyMatchingStatus" computerName="36012S3" duration="00:00:00.0185206" startTime="2026-07-03T12:26:59.3769764+05:30" endTime="2026-07-03T12:26:59.3780378+05:30" testType="13cdc9d9-ddb5-4fa4-a97d-d965ccfc6d4b" outcome="Passed" testListId="8c84fa94-04c1-424b-9868-57a2d4851a1d" relativeResultsDirectory="cc0df43e-0596-4e46-872d-7c60842f0c94" />
    <UnitTestResult executionId="664d0bde-b254-4aa4-84d4-71fd906f6685" testId="20f1dbbc-3e3c-4c3a-f8c6-2e062010a838" testName="HealthAxisCore_Api.Tests.Services.DoctorServiceTests.GetPagedAsync_WhenPageSizeLessThanOne_ShouldDefaultToTen" computerName="36012S3" duration="00:00:00.0036374" startTime="2026-07-03T12:26:59.5009685+05:30" endTime="2026-07-03T12:26:59.5017686+05:30" testType="13cdc9d9-ddb5-4fa4-a97d-d965ccfc6d4b" outcome="Passed" testListId="8c84fa94-04c1-424b-9868-57a2d4851a1d" relativeResultsDirectory="664d0bde-b254-4aa4-84d4-71fd906f6685" />
    <UnitTestResult executionId="bf025006-10d6-4bcd-8678-c63dac832e35" testId="bcc458ef-6abd-3440-ffd8-101efdaadd90" testName="HealthAxisCore_Api.Tests.Services.DoctorServiceTests.GetPagedAsync_WithStatusAll_ShouldNotFilterByStatus" computerName="36012S3" duration="00:00:00.0050613" startTime="2026-07-03T12:26:59.5432507+05:30" endTime="2026-07-03T12:26:59.5490025+05:30" testType="13cdc9d9-ddb5-4fa4-a97d-d965ccfc6d4b" outcome="Passed" testListId="8c84fa94-04c1-424b-9868-57a2d4851a1d" relativeResultsDirectory="bf025006-10d6-4bcd-8678-c63dac832e35" />
    <UnitTestResult executionId="aa614808-dccd-4fdd-8514-83dc3aa37e8f" testId="9248f7e6-b770-ff4f-6771-c61513502eda" testName="HealthAxisCore_Api.Tests.Services.AppointmentServiceTests.GetPagedAsync_WithEndDate_ShouldReturnAppointmentsBeforeEndDate" computerName="36012S3" duration="00:00:00.0050451" startTime="2026-07-03T12:26:59.5144532+05:30" endTime="2026-07-03T12:26:59.5163238+05:30" testType="13cdc9d9-ddb5-4fa4-a97d-d965ccfc6d4b" outcome="Passed" testListId="8c84fa94-04c1-424b-9868-57a2d4851a1d" relativeResultsDirectory="aa614808-dccd-4fdd-8514-83dc3aa37e8f" />
    <UnitTestResult executionId="c0bf1a98-a70c-4d94-b26b-6e24d7a3fa80" testId="cc668ebe-7f31-5087-d498-c70f793d16d2" testName="HealthAxisCore_Api.Tests.Services.AppointmentServiceTests.GetPagedAsync_WithSearchByTimeSlot_ShouldReturnMatchingAppointments" computerName="36012S3" duration="00:00:00.0054073" startTime="2026-07-03T12:26:59.5300725+05:30" endTime="2026-07-03T12:26:59.5315845+05:30" testType="13cdc9d9-ddb5-4fa4-a97d-d965ccfc6d4b" outcome="Passed" testListId="8c84fa94-04c1-424b-9868-57a2d4851a1d" relativeResultsDirectory="c0bf1a98-a70c-4d94-b26b-6e24d7a3fa80" />
    <UnitTestResult executionId="4930bff2-c530-4832-94a1-6992f5021584" testId="fb88db7e-092a-e84b-0ad3-b7f19a24dfd2" testName="HealthAxisCore_Api.Tests.Services.HealthRecordServiceTests.GetAllAsync_WhenNoRecordsExist_ShouldReturnEmptyMappedList" computerName="36012S3" duration="00:00:00.0044291" startTime="2026-07-03T12:26:59.4997690+05:30" endTime="2026-07-03T12:26:59.5010241+05:30" testType="13cdc9d9-ddb5-4fa4-a97d-d965ccfc6d4b" outcome="Passed" testListId="8c84fa94-04c1-424b-9868-57a2d4851a1d" relativeResultsDirectory="4930bff2-c530-4832-94a1-6992f5021584" />
    <UnitTestResult executionId="7687f000-daea-4688-8aa0-60a8ad655fa3" testId="0b918f1b-a2be-b4a2-b286-958ab896d86c" testName="HealthAxisCore_Api.Tests.Services.AuthServiceTests.LoginAsync_WhenPasswordInvalid_ShouldThrowUnauthorizedException" computerName="36012S3" duration="00:00:00.0089440" startTime="2026-07-03T12:27:02.0215293+05:30" endTime="2026-07-03T12:27:02.0304570+05:30" testType="13cdc9d9-ddb5-4fa4-a97d-d965ccfc6d4b" outcome="Passed" testListId="8c84fa94-04c1-424b-9868-57a2d4851a1d" relativeResultsDirectory="7687f000-daea-4688-8aa0-60a8ad655fa3" />
    <UnitTestResult executionId="d9175359-24fc-4f60-bcfd-a6f95706ddde" testId="672e814a-8fdb-ed53-0fcf-e0a49f349801" testName="HealthAxisCore_Api.Tests.Services.AuthServiceTests.LoginAsync_WhenUserDoesNotExist_ShouldThrowUnauthorizedException" computerName="36012S3" duration="00:00:00.1660767" startTime="2026-07-03T12:27:00.4935497+05:30" endTime="2026-07-03T12:27:00.6593692+05:30" testType="13cdc9d9-ddb5-4fa4-a97d-d965ccfc6d4b" outcome="Passed" testListId="8c84fa94-04c1-424b-9868-57a2d4851a1d" relativeResultsDirectory="d9175359-24fc-4f60-bcfd-a6f95706ddde" />
    <UnitTestResult executionId="2945c7af-0ba0-4a9a-b258-7ae5f69a1ee1" testId="cc94da51-538c-c1e8-211a-9420231e8c47" testName="HealthAxisCore_Api.Tests.Services.AppointmentServiceTests.FilterAsync_WhenRepositoryReturnsNull_ShouldThrowEntityNotFoundException" computerName="36012S3" duration="00:00:00.0180136" startTime="2026-07-03T12:26:59.5223787+05:30" endTime="2026-07-03T12:26:59.5285490+05:30" testType="13cdc9d9-ddb5-4fa4-a97d-d965ccfc6d4b" outcome="Passed" testListId="8c84fa94-04c1-424b-9868-57a2d4851a1d" relativeResultsDirectory="2945c7af-0ba0-4a9a-b258-7ae5f69a1ee1" />
    <UnitTestResult executionId="37c7e00d-7e50-400e-8842-af02f2a607e7" testId="bb370f6b-0185-dcb5-5e7c-6fdccfecb0f0" testName="HealthAxisCore_Api.Tests.Services.DoctorServiceTests.GetPagedAsync_WithSpecialisationAll_ShouldNotFilterBySpecialisation" computerName="36012S3" duration="00:00:00.0021967" startTime="2026-07-03T12:26:59.5220820+05:30" endTime="2026-07-03T12:26:59.5224682+05:30" testType="13cdc9d9-ddb5-4fa4-a97d-d965ccfc6d4b" outcome="Passed" testListId="8c84fa94-04c1-424b-9868-57a2d4851a1d" relativeResultsDirectory="37c7e00d-7e50-400e-8842-af02f2a607e7" />
    <UnitTestResult executionId="0f1e2996-7aa4-4596-93cf-26af262729e8" testId="8fa44a01-2dc9-8c67-882f-f4c753406e75" testName="HealthAxisCore_Api.Tests.Services.PatientServiceTests.GetPagedAsync_WhenPageSizeLessThanOne_ShouldDefaultToTen" computerName="36012S3" duration="00:00:00.0033601" startTime="2026-07-03T12:26:59.4846258+05:30" endTime="2026-07-03T12:26:59.4850022+05:30" testType="13cdc9d9-ddb5-4fa4-a97d-d965ccfc6d4b" outcome="Passed" testListId="8c84fa94-04c1-424b-9868-57a2d4851a1d" relativeResultsDirectory="0f1e2996-7aa4-4596-93cf-26af262729e8" />
    <UnitTestResult executionId="810bc14f-e34b-40f8-8d92-b9259fc049c9" testId="1c4d8b27-513e-d454-eb60-fffa408172af" testName="HealthAxisCore_Api.Tests.Services.PatientServiceTests.GetByIdAsync_WhenPatientExists_ShouldReturnMappedPatient" computerName="36012S3" duration="00:00:00.0068594" startTime="2026-07-03T12:26:59.5159017+05:30" endTime="2026-07-03T12:26:59.5170029+05:30" testType="13cdc9d9-ddb5-4fa4-a97d-d965ccfc6d4b" outcome="Passed" testListId="8c84fa94-04c1-424b-9868-57a2d4851a1d" relativeResultsDirectory="810bc14f-e34b-40f8-8d92-b9259fc049c9" />
    <UnitTestResult executionId="10edf415-ff64-404c-9194-4fbd8a1306a3" testId="42f3519e-dad9-96d5-cdd3-42041de20506" testName="HealthAxisCore_Api.Tests.Services.HealthRecordServiceTests.GetByIdAsync_WhenRecordExists_ShouldReturnMappedRecord" computerName="36012S3" duration="00:00:00.0092322" startTime="2026-07-03T12:26:59.4828886+05:30" endTime="2026-07-03T12:26:59.4852124+05:30" testType="13cdc9d9-ddb5-4fa4-a97d-d965ccfc6d4b" outcome="Passed" testListId="8c84fa94-04c1-424b-9868-57a2d4851a1d" relativeResultsDirectory="10edf415-ff64-404c-9194-4fbd8a1306a3" />
    <UnitTestResult executionId="9f76efba-673a-4876-bddf-8710b689ca53" testId="0c161ea4-494c-3220-0629-f4469bebc4ed" testName="HealthAxisCore_Api.Tests.Services.AuthServiceTests.ChangePasswordAsync_WhenUserDoesNotExist_ShouldThrowEntityNotFoundException" computerName="36012S3" duration="00:00:01.2311222" startTime="2026-07-03T12:26:59.1534666+05:30" endTime="2026-07-03T12:27:00.3865739+05:30" testType="13cdc9d9-ddb5-4fa4-a97d-d965ccfc6d4b" outcome="Passed" testListId="8c84fa94-04c1-424b-9868-57a2d4851a1d" relativeResultsDirectory="9f76efba-673a-4876-bddf-8710b689ca53" />
    <UnitTestResult executionId="b585a30c-5ec1-4c87-8d32-83a171fc5935" testId="0bb35232-247f-5337-15b5-dff0e7eeccda" testName="HealthAxisCore_Api.Tests.Services.AppointmentServiceTests.GetByPatientAsync_WhenNoAppointments_ShouldThrowEntityNotFoundException" computerName="36012S3" duration="00:00:00.0065202" startTime="2026-07-03T12:26:59.6442690+05:30" endTime="2026-07-03T12:26:59.6485817+05:30" testType="13cdc9d9-ddb5-4fa4-a97d-d965ccfc6d4b" outcome="Passed" testListId="8c84fa94-04c1-424b-9868-57a2d4851a1d" relativeResultsDirectory="b585a30c-5ec1-4c87-8d32-83a171fc5935" />
    <UnitTestResult executionId="3b925563-fb86-48b1-b271-7e31c0504889" testId="f8ad33e3-d649-5b9b-5634-593a8323f488" testName="HealthAxisCore_Api.Tests.Services.AppointmentServiceTests.GetByDoctorAsync_WhenAppointmentsExist_ShouldReturnMappedAppointments" computerName="36012S3" duration="00:00:00.1829842" startTime="2026-07-03T12:26:59.1534999+05:30" endTime="2026-07-03T12:26:59.3455636+05:30" testType="13cdc9d9-ddb5-4fa4-a97d-d965ccfc6d4b" outcome="Passed" testListId="8c84fa94-04c1-424b-9868-57a2d4851a1d" relativeResultsDirectory="3b925563-fb86-48b1-b271-7e31c0504889" />
    <UnitTestResult executionId="96b8376f-bb3d-4340-9ece-c16735452313" testId="424c59a4-b4c7-9185-64dc-06fd58c77662" testName="HealthAxisCore_Api.Tests.Services.DoctorServiceTests.GetPagedAsync_WithSpecialisationFilter_ShouldReturnMatchingDoctors" computerName="36012S3" duration="00:00:00.0025764" startTime="2026-07-03T12:26:59.5169094+05:30" endTime="2026-07-03T12:26:59.5200996+05:30" testType="13cdc9d9-ddb5-4fa4-a97d-d965ccfc6d4b" outcome="Passed" testListId="8c84fa94-04c1-424b-9868-57a2d4851a1d" relativeResultsDirectory="96b8376f-bb3d-4340-9ece-c16735452313" />
    <UnitTestResult executionId="a7a8746f-23e3-4722-9105-e5c8a57685af" testId="d324defb-2e03-788f-9092-933fe449233d" testName="HealthAxisCore_Api.Tests.Services.PatientServiceTests.DeleteAsync_WhenPatientDoesNotExist_ShouldThrowEntityNotFoundException" computerName="36012S3" duration="00:00:00.0475559" startTime="2026-07-03T12:26:59.3769457+05:30" endTime="2026-07-03T12:26:59.4844052+05:30" testType="13cdc9d9-ddb5-4fa4-a97d-d965ccfc6d4b" outcome="Passed" testListId="8c84fa94-04c1-424b-9868-57a2d4851a1d" relativeResultsDirectory="a7a8746f-23e3-4722-9105-e5c8a57685af" />
    <UnitTestResult executionId="aa90f617-a39c-4453-b116-d02f23cf6d0d" testId="85f155f5-3c71-35af-b2d6-5abd4abfb0ed" testName="HealthAxisCore_Api.Tests.Services.HealthRecordServiceTests.DeleteAsync_WhenRecordDoesNotExist_ShouldThrowEntityNotFoundException" computerName="36012S3" duration="00:00:00.0087735" startTime="2026-07-03T12:26:59.4955303+05:30" endTime="2026-07-03T12:26:59.4963886+05:30" testType="13cdc9d9-ddb5-4fa4-a97d-d965ccfc6d4b" outcome="Passed" testListId="8c84fa94-04c1-424b-9868-57a2d4851a1d" relativeResultsDirectory="aa90f617-a39c-4453-b116-d02f23cf6d0d" />
    <UnitTestResult executionId="0dace9ef-1f6a-49e3-8c59-c7dfe3e72372" testId="0085bfd0-1fb5-7fb4-f314-0003be09ef88" testName="HealthAxisCore_Api.Tests.Services.AppointmentServiceTests.CreateAsync_WhenPatientHasSameDoctorSameDateDifferentSlot_ShouldThrowAppointmentRuleException" computerName="36012S3" duration="00:00:00.0132647" startTime="2026-07-03T12:26:59.6546215+05:30" endTime="2026-07-03T12:26:59.6673558+05:30" testType="13cdc9d9-ddb5-4fa4-a97d-d965ccfc6d4b" outcome="Passed" testListId="8c84fa94-04c1-424b-9868-57a2d4851a1d" relativeResultsDirectory="0dace9ef-1f6a-49e3-8c59-c7dfe3e72372" />
    <UnitTestResult executionId="8fd703d6-19d4-4a3d-abe2-e2e77fb63f03" testId="f1bf9ead-d534-7b4d-7f24-ff17f02ce459" testName="HealthAxisCore_Api.Tests.Services.AuthServiceTests.LoginAsync_WhenUserHasNoRole_ShouldReturnDefaultUserRole" computerName="36012S3" duration="00:00:00.0165917" startTime="2026-07-03T12:27:02.1568310+05:30" endTime="2026-07-03T12:27:02.1733597+05:30" testType="13cdc9d9-ddb5-4fa4-a97d-d965ccfc6d4b" outcome="Passed" testListId="8c84fa94-04c1-424b-9868-57a2d4851a1d" relativeResultsDirectory="8fd703d6-19d4-4a3d-abe2-e2e77fb63f03" />
    <UnitTestResult executionId="35299743-4372-4d2b-9988-925b66a9570f" testId="635e7ca7-ddf1-cde9-3229-a1ddbf36fd2c" testName="HealthAxisCore_Api.Tests.Services.DoctorServiceTests.FilterAsync_ShouldReturnMappedDoctors" computerName="36012S3" duration="00:00:00.0343010" startTime="2026-07-03T12:26:59.4842554+05:30" endTime="2026-07-03T12:26:59.4956573+05:30" testType="13cdc9d9-ddb5-4fa4-a97d-d965ccfc6d4b" outcome="Passed" testListId="8c84fa94-04c1-424b-9868-57a2d4851a1d" relativeResultsDirectory="35299743-4372-4d2b-9988-925b66a9570f" />
    <UnitTestResult executionId="11cdde24-73ef-45f1-95e5-a36f8af6d006" testId="1f8fc005-8034-046c-6b70-660117e481c3" testName="HealthAxisCore_Api.Tests.Services.PatientServiceTests.SearchAsync_WhenPatientsFound_ShouldReturnMappedPatients" computerName="36012S3" duration="00:00:00.0061136" startTime="2026-07-03T12:26:59.4974066+05:30" endTime="2026-07-03T12:26:59.4991990+05:30" testType="13cdc9d9-ddb5-4fa4-a97d-d965ccfc6d4b" outcome="Passed" testListId="8c84fa94-04c1-424b-9868-57a2d4851a1d" relativeResultsDirectory="11cdde24-73ef-45f1-95e5-a36f8af6d006" />
    <UnitTestResult executionId="0b537ea9-c6de-4aad-a1c5-d94c47aee0f0" testId="5701981d-34b5-0910-4ae8-66a6939d750f" testName="HealthAxisCore_Api.Tests.Services.AppointmentServiceTests.CompleteAsync_WhenAppointmentAlreadyCompleted_ShouldThrowAppointmentRuleException" computerName="36012S3" duration="00:00:00.0037540" startTime="2026-07-03T12:26:59.5165619+05:30" endTime="2026-07-03T12:26:59.5196591+05:30" testType="13cdc9d9-ddb5-4fa4-a97d-d965ccfc6d4b" outcome="Passed" testListId="8c84fa94-04c1-424b-9868-57a2d4851a1d" relativeResultsDirectory="0b537ea9-c6de-4aad-a1c5-d94c47aee0f0" />
    <UnitTestResult executionId="630b02e8-516d-431c-9976-e59a025f018a" testId="3f0509b7-6376-77cc-1117-4bbdf55e5899" testName="HealthAxisCore_Api.Tests.Services.AppointmentServiceTests.ConfirmAsync_WhenAppointmentNotFound_ShouldThrowEntityNotFoundException" computerName="36012S3" duration="00:00:00.0064319" startTime="2026-07-03T12:26:59.4929702+05:30" endTime="2026-07-03T12:26:59.4936682+05:30" testType="13cdc9d9-ddb5-4fa4-a97d-d965ccfc6d4b" outcome="Passed" testListId="8c84fa94-04c1-424b-9868-57a2d4851a1d" relativeResultsDirectory="630b02e8-516d-431c-9976-e59a025f018a" />
    <UnitTestResult executionId="be113afe-2be8-4cec-9d7b-fae7c7f6ed92" testId="e89d0d89-8705-cb60-ff98-6b011347a24d" testName="HealthAxisCore_Api.Tests.Services.AppointmentServiceTests.FilterAsync_WhenAppointmentsExist_ShouldReturnMappedAppointments" computerName="36012S3" duration="00:00:00.0046943" startTime="2026-07-03T12:26:59.7124262+05:30" endTime="2026-07-03T12:26:59.7170577+05:30" testType="13cdc9d9-ddb5-4fa4-a97d-d965ccfc6d4b" outcome="Passed" testListId="8c84fa94-04c1-424b-9868-57a2d4851a1d" relativeResultsDirectory="be113afe-2be8-4cec-9d7b-fae7c7f6ed92" />
    <UnitTestResult executionId="c75d6f69-2548-453f-ba89-645d0379c48a" testId="063732d5-57e0-9998-6825-3ffd226fbb73" testName="HealthAxisCore_Api.Tests.Services.AuthServiceTests.RefreshTokenAsync_WhenTokenIsRevoked_ShouldThrowUnauthorizedException" computerName="36012S3" duration="00:00:00.2959459" startTime="2026-07-03T12:27:01.7264728+05:30" endTime="2026-07-03T12:27:02.0212384+05:30" testType="13cdc9d9-ddb5-4fa4-a97d-d965ccfc6d4b" outcome="Passed" testListId="8c84fa94-04c1-424b-9868-57a2d4851a1d" relativeResultsDirectory="c75d6f69-2548-453f-ba89-645d0379c48a" />
    <UnitTestResult executionId="3245a34f-0054-47eb-8163-76ae13d13e0f" testId="096e7d1c-5fdd-5e4c-3047-9944fd6e782f" testName="HealthAxisCore_Api.Tests.Services.AppointmentServiceTests.GetPagedAsync_WithStartDate_ShouldReturnAppointmentsAfterStartDate" computerName="36012S3" duration="00:00:00.0073862" startTime="2026-07-03T12:26:59.5821873+05:30" endTime="2026-07-03T12:26:59.5890711+05:30" testType="13cdc9d9-ddb5-4fa4-a97d-d965ccfc6d4b" outcome="Passed" testListId="8c84fa94-04c1-424b-9868-57a2d4851a1d" relativeResultsDirectory="3245a34f-0054-47eb-8163-76ae13d13e0f" />
    <UnitTestResult executionId="aff80f5f-cf2e-4f5f-a4b1-34562ece2556" testId="4692e229-d8bb-18c6-007b-9bcc325a88bf" testName="HealthAxisCore_Api.Tests.Services.AppointmentServiceTests.CreateAsync_WhenDtoIsNull_ShouldThrowAppointmentRuleException" computerName="36012S3" duration="00:00:00.0039382" startTime="2026-07-03T12:26:59.5289047+05:30" endTime="2026-07-03T12:26:59.5298594+05:30" testType="13cdc9d9-ddb5-4fa4-a97d-d965ccfc6d4b" outcome="Passed" testListId="8c84fa94-04c1-424b-9868-57a2d4851a1d" relativeResultsDirectory="aff80f5f-cf2e-4f5f-a4b1-34562ece2556" />
    <UnitTestResult executionId="271d6935-c00c-4360-ac22-f3c2426ea39a" testId="bad64a99-6b30-78d9-d80f-9072ad4dc343" testName="HealthAxisCore_Api.Tests.Services.DoctorServiceTests.GetPagedAsync_WithSearchBySpecialisation_ShouldReturnMatchingDoctors" computerName="36012S3" duration="00:00:00.0032751" startTime="2026-07-03T12:26:59.5394196+05:30" endTime="2026-07-03T12:26:59.5427255+05:30" testType="13cdc9d9-ddb5-4fa4-a97d-d965ccfc6d4b" outcome="Passed" testListId="8c84fa94-04c1-424b-9868-57a2d4851a1d" relativeResultsDirectory="271d6935-c00c-4360-ac22-f3c2426ea39a" />
    <UnitTestResult executionId="14aaabb1-f2b3-4b27-a925-0d2e56bb9aa5" testId="1e5afcc8-277f-4b06-c393-57e6d27b1d53" testName="HealthAxisCore_Api.Tests.Services.AppointmentServiceTests.CreateAsync_WhenTimeSlotIsEmpty_ShouldThrowAppointmentRuleException" computerName="36012S3" duration="00:00:00.0025710" startTime="2026-07-03T12:26:59.5055263+05:30" endTime="2026-07-03T12:26:59.5079423+05:30" testType="13cdc9d9-ddb5-4fa4-a97d-d965ccfc6d4b" outcome="Passed" testListId="8c84fa94-04c1-424b-9868-57a2d4851a1d" relativeResultsDirectory="14aaabb1-f2b3-4b27-a925-0d2e56bb9aa5" />
    <UnitTestResult executionId="ef707306-b8f0-45c8-9b92-24324c3bc2a6" testId="1a7dbbe5-59a2-f48b-ea30-e9d8a3ae6051" testName="HealthAxisCore_Api.Tests.Services.AuthServiceTests.RevokeRefreshTokenAsync_WhenTokenExists_ShouldRevokeToken" computerName="36012S3" duration="00:00:00.0392859" startTime="2026-07-03T12:27:02.1200473+05:30" endTime="2026-07-03T12:27:02.1561123+05:30" testType="13cdc9d9-ddb5-4fa4-a97d-d965ccfc6d4b" outcome="Passed" testListId="8c84fa94-04c1-424b-9868-57a2d4851a1d" relativeResultsDirectory="ef707306-b8f0-45c8-9b92-24324c3bc2a6" />
    <UnitTestResult executionId="32b60763-873a-4ad3-83f8-4b1053301b65" testId="93e73685-5464-0503-c54d-5c83bf57f98e" testName="HealthAxisCore_Api.Tests.Services.AppointmentServiceTests.CreateAsync_WhenScheduledDateIsMoreThanThirtyDaysAhead_ShouldThrowAppointmentRuleException" computerName="36012S3" duration="00:00:00.0038771" startTime="2026-07-03T12:26:59.7198614+05:30" endTime="2026-07-03T12:26:59.7234903+05:30" testType="13cdc9d9-ddb5-4fa4-a97d-d965ccfc6d4b" outcome="Passed" testListId="8c84fa94-04c1-424b-9868-57a2d4851a1d" relativeResultsDirectory="32b60763-873a-4ad3-83f8-4b1053301b65" />
    <UnitTestResult executionId="1a0ebd53-1a49-4c12-adbf-caf648bebc32" testId="d6132046-1b6d-200e-a670-827d9b59d219" testName="HealthAxisCore_Api.Tests.Services.HealthRecordServiceTests.GetByPatientAsync_WhenRepositoryReturnsEmptyList_ShouldThrowEntityNotFoundException" computerName="36012S3" duration="00:00:00.0054664" startTime="2026-07-03T12:26:59.5029896+05:30" endTime="2026-07-03T12:26:59.5048818+05:30" testType="13cdc9d9-ddb5-4fa4-a97d-d965ccfc6d4b" outcome="Passed" testListId="8c84fa94-04c1-424b-9868-57a2d4851a1d" relativeResultsDirectory="1a0ebd53-1a49-4c12-adbf-caf648bebc32" />
    <UnitTestResult executionId="f73459e6-1c0f-4c3f-a41d-1b142521ac68" testId="0e2a3242-2686-8c02-85c0-275b58c1340d" testName="HealthAxisCore_Api.Tests.Services.PatientServiceTests.GetPagedAsync_WithSearchByEmail_ShouldReturnMatchingPatient" computerName="36012S3" duration="00:00:00.1860154" startTime="2026-07-03T12:26:59.1510121+05:30" endTime="2026-07-03T12:26:59.3564622+05:30" testType="13cdc9d9-ddb5-4fa4-a97d-d965ccfc6d4b" outcome="Passed" testListId="8c84fa94-04c1-424b-9868-57a2d4851a1d" relativeResultsDirectory="f73459e6-1c0f-4c3f-a41d-1b142521ac68" />
    <UnitTestResult executionId="a219b49a-b3a3-4c94-a547-bb3655bb0af5" testId="0e05d91f-22d1-23ff-4e51-ecb064eadcb9" testName="HealthAxisCore_Api.Tests.Services.AppointmentServiceTests.GetByDoctorAsync_WhenRepositoryReturnsNull_ShouldThrowEntityNotFoundException" computerName="36012S3" duration="00:00:00.0033392" startTime="2026-07-03T12:26:59.6202514+05:30" endTime="2026-07-03T12:26:59.6230872+05:30" testType="13cdc9d9-ddb5-4fa4-a97d-d965ccfc6d4b" outcome="Passed" testListId="8c84fa94-04c1-424b-9868-57a2d4851a1d" relativeResultsDirectory="a219b49a-b3a3-4c94-a547-bb3655bb0af5" />
    <UnitTestResult executionId="92756710-533f-4fdf-87d7-0057e0b3c9d9" testId="e6e0e118-103a-1814-f81e-407fb22064b8" testName="HealthAxisCore_Api.Tests.Services.PatientServiceTests.DeleteAsync_WhenPatientExists_ShouldDeletePatientAndReturnTrue" computerName="36012S3" duration="00:00:00.0082553" startTime="2026-07-03T12:26:59.5372218+05:30" endTime="2026-07-03T12:26:59.5384103+05:30" testType="13cdc9d9-ddb5-4fa4-a97d-d965ccfc6d4b" outcome="Passed" testListId="8c84fa94-04c1-424b-9868-57a2d4851a1d" relativeResultsDirectory="92756710-533f-4fdf-87d7-0057e0b3c9d9" />
    <UnitTestResult executionId="7e69718c-a8ec-4a9c-b512-cfd223fb8ae4" testId="ed7a488a-f5dc-86a1-e95f-c472b9b92c4c" testName="HealthAxisCore_Api.Tests.Services.PatientServiceTests.GetPagedAsync_WithSearchByPhoneNumber_ShouldReturnMatchingPatient" computerName="36012S3" duration="00:00:00.0026189" startTime="2026-07-03T12:26:59.5007461+05:30" endTime="2026-07-03T12:26:59.5014086+05:30" testType="13cdc9d9-ddb5-4fa4-a97d-d965ccfc6d4b" outcome="Passed" testListId="8c84fa94-04c1-424b-9868-57a2d4851a1d" relativeResultsDirectory="7e69718c-a8ec-4a9c-b512-cfd223fb8ae4" />
    <UnitTestResult executionId="47cecc5d-1657-41a4-8e7f-8264e389f26c" testId="e7de5acf-69fa-0b91-a79b-4b8acfb7010d" testName="HealthAxisCore_Api.Tests.Services.HealthRecordServiceTests.GetAllAsync_WhenRecordsExist_ShouldReturnMappedRecords" computerName="36012S3" duration="00:00:00.0078297" startTime="2026-07-03T12:26:59.4986747+05:30" endTime="2026-07-03T12:26:59.4995733+05:30" testType="13cdc9d9-ddb5-4fa4-a97d-d965ccfc6d4b" outcome="Passed" testListId="8c84fa94-04c1-424b-9868-57a2d4851a1d" relativeResultsDirectory="47cecc5d-1657-41a4-8e7f-8264e389f26c" />
    <UnitTestResult executionId="59168552-d31d-41b1-9349-22da34ed6a5e" testId="27f71c33-d82a-4763-f130-73ba4c175ee1" testName="HealthAxisCore_Api.Tests.Services.AppointmentServiceTests.GetByPatientAsync_WhenRepositoryReturnsNull_ShouldThrowEntityNotFoundException" computerName="36012S3" duration="00:00:00.0073150" startTime="2026-07-03T12:26:59.5974411+05:30" endTime="2026-07-03T12:26:59.6047943+05:30" testType="13cdc9d9-ddb5-4fa4-a97d-d965ccfc6d4b" outcome="Passed" testListId="8c84fa94-04c1-424b-9868-57a2d4851a1d" relativeResultsDirectory="59168552-d31d-41b1-9349-22da34ed6a5e" />
    <UnitTestResult executionId="624c3bbd-2731-4c33-a33c-e1766b9671fc" testId="a94faad2-1779-5d82-272a-ad571bb23ae6" testName="HealthAxisCore_Api.Tests.Services.PatientServiceTests.GetAllAsync_WhenPatientsExist_ShouldReturnMappedPatients" computerName="36012S3" duration="00:00:00.0099309" startTime="2026-07-03T12:26:59.4851449+05:30" endTime="2026-07-03T12:26:59.4918822+05:30" testType="13cdc9d9-ddb5-4fa4-a97d-d965ccfc6d4b" outcome="Passed" testListId="8c84fa94-04c1-424b-9868-57a2d4851a1d" relativeResultsDirectory="624c3bbd-2731-4c33-a33c-e1766b9671fc" />
    <UnitTestResult executionId="d5b104ff-be6e-46f3-ac6c-723940b3f27b" testId="432fd773-a8bb-682f-dd61-4624a2a215ac" testName="HealthAxisCore_Api.Tests.Services.AppointmentServiceTests.GetPagedAsync_WhenPageSizeGreaterThanHundred_ShouldLimitToHundred" computerName="36012S3" duration="00:00:00.0036954" startTime="2026-07-03T12:26:59.5047895+05:30" endTime="2026-07-03T12:26:59.5052326+05:30" testType="13cdc9d9-ddb5-4fa4-a97d-d965ccfc6d4b" outcome="Passed" testListId="8c84fa94-04c1-424b-9868-57a2d4851a1d" relativeResultsDirectory="d5b104ff-be6e-46f3-ac6c-723940b3f27b" />
    <UnitTestResult executionId="5899a0d9-ced2-4b35-aa6c-b84365cfe67e" testId="9bd8c3a0-b44c-f5aa-6c4c-ec4822626b9d" testName="HealthAxisCore_Api.Tests.Services.PatientServiceTests.CreateAsync_WhenValidRequest_ShouldCreatePatientAndReturnMappedResponse" computerName="36012S3" duration="00:00:00.0238741" startTime="2026-07-03T12:26:59.5025524+05:30" endTime="2026-07-03T12:26:59.5156218+05:30" testType="13cdc9d9-ddb5-4fa4-a97d-d965ccfc6d4b" outcome="Passed" testListId="8c84fa94-04c1-424b-9868-57a2d4851a1d" relativeResultsDirectory="5899a0d9-ced2-4b35-aa6c-b84365cfe67e" />
    <UnitTestResult executionId="623cd449-fcde-43fc-bbd1-9760063c1ab6" testId="bf1c4cd0-fa7d-1dbd-e3c9-f94d6315da54" testName="HealthAxisCore_Api.Tests.Services.AppointmentServiceTests.CancelAsync_WhenAppointmentCompleted_ShouldThrowAppointmentRuleException" computerName="36012S3" duration="00:00:00.0028195" startTime="2026-07-03T12:26:59.7514443+05:30" endTime="2026-07-03T12:26:59.7539055+05:30" testType="13cdc9d9-ddb5-4fa4-a97d-d965ccfc6d4b" outcome="Passed" testListId="8c84fa94-04c1-424b-9868-57a2d4851a1d" relativeResultsDirectory="623cd449-fcde-43fc-bbd1-9760063c1ab6" />
    <UnitTestResult executionId="20c411a5-9ad6-4f8d-9e34-855ffd657750" testId="82ca34c3-b6fe-b57e-b1c1-01ffe046c78f" testName="HealthAxisCore_Api.Tests.Services.AppointmentServiceTests.GetPagedAsync_WithSearchByPatientId_ShouldReturnMatchingAppointments" computerName="36012S3" duration="00:00:00.0044501" startTime="2026-07-03T12:26:59.4842911+05:30" endTime="2026-07-03T12:26:59.4847215+05:30" testType="13cdc9d9-ddb5-4fa4-a97d-d965ccfc6d4b" outcome="Passed" testListId="8c84fa94-04c1-424b-9868-57a2d4851a1d" relativeResultsDirectory="20c411a5-9ad6-4f8d-9e34-855ffd657750" />
    <UnitTestResult executionId="b4661d91-d02e-4781-aa32-9b22c24c126f" testId="8520feed-9ca5-9a39-1209-4e6ad0d6418c" testName="HealthAxisCore_Api.Tests.Services.DoctorServiceTests.GetPagedAsync_WithSearchByDoctorName_ShouldReturnMatchingDoctor" computerName="36012S3" duration="00:00:00.0022384" startTime="2026-07-03T12:26:59.5140430+05:30" endTime="2026-07-03T12:26:59.5149379+05:30" testType="13cdc9d9-ddb5-4fa4-a97d-d965ccfc6d4b" outcome="Passed" testListId="8c84fa94-04c1-424b-9868-57a2d4851a1d" relativeResultsDirectory="b4661d91-d02e-4781-aa32-9b22c24c126f" />
    <UnitTestResult executionId="e426afc3-53e0-4b31-af56-26d071918d6e" testId="d559a479-ae80-5645-2701-30f636ef4ab3" testName="HealthAxisCore_Api.Tests.Services.AppointmentServiceTests.DeleteAsync_WhenAppointmentDoesNotExist_ShouldThrowEntityNotFoundException" computerName="36012S3" duration="00:00:00.0087632" startTime="2026-07-03T12:26:59.5721975+05:30" endTime="2026-07-03T12:26:59.5798146+05:30" testType="13cdc9d9-ddb5-4fa4-a97d-d965ccfc6d4b" outcome="Passed" testListId="8c84fa94-04c1-424b-9868-57a2d4851a1d" relativeResultsDirectory="e426afc3-53e0-4b31-af56-26d071918d6e" />
    <UnitTestResult executionId="cdaff439-5f5b-460e-830d-0fccc9276046" testId="5903e95f-476d-ad64-63b1-41cd198fd3cd" testName="HealthAxisCore_Api.Tests.Services.AppointmentServiceTests.CreateAsync_WhenDoctorIsUnavailable_ShouldThrowAppointmentRuleException" computerName="36012S3" duration="00:00:00.0073288" startTime="2026-07-03T12:26:59.6865992+05:30" endTime="2026-07-03T12:26:59.6937100+05:30" testType="13cdc9d9-ddb5-4fa4-a97d-d965ccfc6d4b" outcome="Passed" testListId="8c84fa94-04c1-424b-9868-57a2d4851a1d" relativeResultsDirectory="cdaff439-5f5b-460e-830d-0fccc9276046" />
    <UnitTestResult executionId="fb35dc42-ff63-4c9c-b83d-c10abea34b61" testId="4c5d263a-fc55-9a5c-0ff9-b39e1c7b9e2f" testName="HealthAxisCore_Api.Tests.Services.DoctorServiceTests.GetPagedAsync_WithActiveStatus_ShouldReturnOnlyActiveDoctors" computerName="36012S3" duration="00:00:00.0036474" startTime="2026-07-03T12:26:59.5053775+05:30" endTime="2026-07-03T12:26:59.5083618+05:30" testType="13cdc9d9-ddb5-4fa4-a97d-d965ccfc6d4b" outcome="Passed" testListId="8c84fa94-04c1-424b-9868-57a2d4851a1d" relativeResultsDirectory="fb35dc42-ff63-4c9c-b83d-c10abea34b61" />
    <UnitTestResult executionId="85158e32-a364-4e78-8188-3c22bed0cf36" testId="c425b5fa-e86c-03d6-c613-2d19e88517e2" testName="HealthAxisCore_Api.Tests.Services.AppointmentServiceTests.CreateAsync_WhenDoctorSlotAlreadyBookedWithTimeRange_ShouldThrowAppointmentRuleException" computerName="36012S3" duration="00:00:00.0043267" startTime="2026-07-03T12:26:59.7591710+05:30" endTime="2026-07-03T12:26:59.7633926+05:30" testType="13cdc9d9-ddb5-4fa4-a97d-d965ccfc6d4b" outcome="Passed" testListId="8c84fa94-04c1-424b-9868-57a2d4851a1d" relativeResultsDirectory="85158e32-a364-4e78-8188-3c22bed0cf36" />
    <UnitTestResult executionId="0e47f693-f50c-470d-857b-33a0c28493b6" testId="29e4b51e-738e-9c78-4b72-394d89ed8c05" testName="HealthAxisCore_Api.Tests.Services.AppointmentServiceTests.CreateAsync_WhenTimeSlotIsWhitespace_ShouldThrowAppointmentRuleException" computerName="36012S3" duration="00:00:00.0033189" startTime="2026-07-03T12:26:59.7091940+05:30" endTime="2026-07-03T12:26:59.7121994+05:30" testType="13cdc9d9-ddb5-4fa4-a97d-d965ccfc6d4b" outcome="Passed" testListId="8c84fa94-04c1-424b-9868-57a2d4851a1d" relativeResultsDirectory="0e47f693-f50c-470d-857b-33a0c28493b6" />
    <UnitTestResult executionId="903a642b-a7de-449c-b07b-063028d421ae" testId="2b828348-0691-bc99-dc6f-1e108e6544c3" testName="HealthAxisCore_Api.Tests.Services.HealthRecordServiceTests.DeleteAsync_WhenRecordExists_ShouldDeleteRecordAndReturnTrue" computerName="36012S3" duration="00:00:00.0037761" startTime="2026-07-03T12:26:59.4966780+05:30" endTime="2026-07-03T12:26:59.4975187+05:30" testType="13cdc9d9-ddb5-4fa4-a97d-d965ccfc6d4b" outcome="Passed" testListId="8c84fa94-04c1-424b-9868-57a2d4851a1d" relativeResultsDirectory="903a642b-a7de-449c-b07b-063028d421ae" />
    <UnitTestResult executionId="f6072daa-66b8-4a40-a564-31b8137b4c5e" testId="427d52a1-e39e-0ea8-8130-afc718f896c7" testName="HealthAxisCore_Api.Tests.Services.AuthServiceTests.ChangePasswordAsync_WhenNewPasswordSameAsTemporaryPassword_ShouldThrowBusinessRuleException" computerName="36012S3" duration="00:00:00.0070463" startTime="2026-07-03T12:27:02.2378454+05:30" endTime="2026-07-03T12:27:02.2444405+05:30" testType="13cdc9d9-ddb5-4fa4-a97d-d965ccfc6d4b" outcome="Passed" testListId="8c84fa94-04c1-424b-9868-57a2d4851a1d" relativeResultsDirectory="f6072daa-66b8-4a40-a564-31b8137b4c5e" />
    <UnitTestResult executionId="78cf125c-45a2-425c-9ac7-093a36b96127" testId="c708b804-753d-87d5-cf8b-cf81b762db04" testName="HealthAxisCore_Api.Tests.Services.AppointmentServiceTests.ConfirmAsync_WhenAppointmentCancelled_ShouldThrowAppointmentRuleException" computerName="36012S3" duration="00:00:00.0036391" startTime="2026-07-03T12:26:59.7275838+05:30" endTime="2026-07-03T12:26:59.7306173+05:30" testType="13cdc9d9-ddb5-4fa4-a97d-d965ccfc6d4b" outcome="Passed" testListId="8c84fa94-04c1-424b-9868-57a2d4851a1d" relativeResultsDirectory="78cf125c-45a2-425c-9ac7-093a36b96127" />
    <UnitTestResult executionId="3ee5e1db-9d41-4bd3-abbc-faadd5237879" testId="42d999eb-e8ef-1408-1e49-8f02bef15477" testName="HealthAxisCore_Api.Tests.Services.DoctorServiceTests.FilterAsync_WhenRepositoryReturnsEmptyList_ShouldReturnEmptyMappedList" computerName="36012S3" duration="00:00:00.0076123" startTime="2026-07-03T12:26:59.5496734+05:30" endTime="2026-07-03T12:26:59.5558640+05:30" testType="13cdc9d9-ddb5-4fa4-a97d-d965ccfc6d4b" outcome="Passed" testListId="8c84fa94-04c1-424b-9868-57a2d4851a1d" relativeResultsDirectory="3ee5e1db-9d41-4bd3-abbc-faadd5237879" />
    <UnitTestResult executionId="3118d8e6-e1c8-4748-b7ba-0ad4078a1290" testId="07629545-6acf-22a9-dbbc-e3eeb346119c" testName="HealthAxisCore_Api.Tests.Services.AuthServiceTests.RegisterAsync_WhenUserAlreadyExists_ShouldThrowBusinessRuleException" computerName="36012S3" duration="00:00:00.0088694" startTime="2026-07-03T12:27:02.1018917+05:30" endTime="2026-07-03T12:27:02.1107921+05:30" testType="13cdc9d9-ddb5-4fa4-a97d-d965ccfc6d4b" outcome="Passed" testListId="8c84fa94-04c1-424b-9868-57a2d4851a1d" relativeResultsDirectory="3118d8e6-e1c8-4748-b7ba-0ad4078a1290" />
    <UnitTestResult executionId="ee479a53-5294-43fd-a8c9-69a8a43f077e" testId="e878076e-a55e-7f9b-5a3c-07ab6f3c3dc9" testName="HealthAxisCore_Api.Tests.Services.AuthServiceTests.RefreshTokenAsync_WhenTokenIsValid_ShouldReturnNewAuthResponse" computerName="36012S3" duration="00:00:00.0196820" startTime="2026-07-03T12:27:02.2108633+05:30" endTime="2026-07-03T12:27:02.2302208+05:30" testType="13cdc9d9-ddb5-4fa4-a97d-d965ccfc6d4b" outcome="Passed" testListId="8c84fa94-04c1-424b-9868-57a2d4851a1d" relativeResultsDirectory="ee479a53-5294-43fd-a8c9-69a8a43f077e" />
    <UnitTestResult executionId="4320c1d5-5f64-48a4-8629-52e3ccdb2635" testId="4996191e-4b3b-d8ca-ae44-3d4defbcda42" testName="HealthAxisCore_Api.Tests.Services.AppointmentServiceTests.GetPagedAsync_WhenPageNumberLessThanOne_ShouldDefaultToOne" computerName="36012S3" duration="00:00:00.0032429" startTime="2026-07-03T12:26:59.7237447+05:30" endTime="2026-07-03T12:26:59.7269048+05:30" testType="13cdc9d9-ddb5-4fa4-a97d-d965ccfc6d4b" outcome="Passed" testListId="8c84fa94-04c1-424b-9868-57a2d4851a1d" relativeResultsDirectory="4320c1d5-5f64-48a4-8629-52e3ccdb2635" />
    <UnitTestResult executionId="8b8594eb-f262-4922-8346-d8ac4cded95e" testId="e40996e9-8364-0839-1551-97bce8beb913" testName="HealthAxisCore_Api.Tests.Services.AppointmentServiceTests.CreateAsync_WhenDoctorSlotAlreadyBooked_ShouldThrowAppointmentRuleException" computerName="36012S3" duration="00:00:00.0098356" startTime="2026-07-03T12:26:59.5559839+05:30" endTime="2026-07-03T12:26:59.5654577+05:30" testType="13cdc9d9-ddb5-4fa4-a97d-d965ccfc6d4b" outcome="Passed" testListId="8c84fa94-04c1-424b-9868-57a2d4851a1d" relativeResultsDirectory="8b8594eb-f262-4922-8346-d8ac4cded95e" />
    <UnitTestResult executionId="08420539-067d-4800-b4cc-7385ea4e9d53" testId="c420437c-41b4-524b-6b0b-b5d05e11f893" testName="HealthAxisCore_Api.Tests.Services.AppointmentServiceTests.GetAllAsync_ShouldReturnMappedAppointments" computerName="36012S3" duration="00:00:00.0083432" startTime="2026-07-03T12:26:59.6065383+05:30" endTime="2026-07-03T12:26:59.6127119+05:30" testType="13cdc9d9-ddb5-4fa4-a97d-d965ccfc6d4b" outcome="Passed" testListId="8c84fa94-04c1-424b-9868-57a2d4851a1d" relativeResultsDirectory="08420539-067d-4800-b4cc-7385ea4e9d53" />
    <UnitTestResult executionId="5e4e1874-56c4-452c-a254-4c93ff098358" testId="8ae75cc9-f446-8423-02f4-8951521dddea" testName="HealthAxisCore_Api.Tests.Services.PatientServiceTests.GetByIdAsync_WhenPatientDoesNotExist_ShouldThrowEntityNotFoundException" computerName="36012S3" duration="00:00:00.0060158" startTime="2026-07-03T12:26:59.5294448+05:30" endTime="2026-07-03T12:26:59.5302217+05:30" testType="13cdc9d9-ddb5-4fa4-a97d-d965ccfc6d4b" outcome="Passed" testListId="8c84fa94-04c1-424b-9868-57a2d4851a1d" relativeResultsDirectory="5e4e1874-56c4-452c-a254-4c93ff098358" />
    <UnitTestResult executionId="47609bea-ffbc-4946-9329-cd5748c882f3" testId="0cb77ab1-521b-11c8-3bb7-b446f89fd442" testName="HealthAxisCore_Api.Tests.Services.AuthServiceTests.RevokeRefreshTokenAsync_WhenTokenDoesNotExist_ShouldThrowEntityNotFoundException" computerName="36012S3" duration="00:00:00.0158185" startTime="2026-07-03T12:27:02.0860801+05:30" endTime="2026-07-03T12:27:02.1016249+05:30" testType="13cdc9d9-ddb5-4fa4-a97d-d965ccfc6d4b" outcome="Passed" testListId="8c84fa94-04c1-424b-9868-57a2d4851a1d" relativeResultsDirectory="47609bea-ffbc-4946-9329-cd5748c882f3" />
    <UnitTestResult executionId="34e745b7-2d73-4227-bd2c-5c64b1f696ec" testId="9934ed5c-ec3d-be83-a7bb-49a8080f5222" testName="HealthAxisCore_Api.Tests.Services.PatientServiceTests.GetPagedAsync_ShouldOrderPatientsByName" computerName="36012S3" duration="00:00:00.0062837" startTime="2026-07-03T12:26:59.5390490+05:30" endTime="2026-07-03T12:26:59.5412714+05:30" testType="13cdc9d9-ddb5-4fa4-a97d-d965ccfc6d4b" outcome="Passed" testListId="8c84fa94-04c1-424b-9868-57a2d4851a1d" relativeResultsDirectory="34e745b7-2d73-4227-bd2c-5c64b1f696ec" />
    <UnitTestResult executionId="e56f9a6e-0d73-4679-bef8-53e1c9b4b7b4" testId="86a17428-12c6-ae4c-e69a-c674c5ef0743" testName="HealthAxisCore_Api.Tests.Services.DoctorServiceTests.SetStatusAsync_WhenDoctorDoesNotExist_ShouldThrowEntityNotFoundException" computerName="36012S3" duration="00:00:00.0114662" startTime="2026-07-03T12:26:59.4958888+05:30" endTime="2026-07-03T12:26:59.4987530+05:30" testType="13cdc9d9-ddb5-4fa4-a97d-d965ccfc6d4b" outcome="Passed" testListId="8c84fa94-04c1-424b-9868-57a2d4851a1d" relativeResultsDirectory="e56f9a6e-0d73-4679-bef8-53e1c9b4b7b4" />
    <UnitTestResult executionId="f7016b54-914b-45dc-ac7e-22c8f7446070" testId="37fd8f24-64d4-97b8-924e-9df53a2bba49" testName="HealthAxisCore_Api.Tests.Services.AuthServiceTests.RegisterAsync_WhenValidRequest_ShouldRegisterPatientAndReturnAuthResponse" computerName="36012S3" duration="00:00:00.1067599" startTime="2026-07-03T12:27:00.3874857+05:30" endTime="2026-07-03T12:27:00.4931894+05:30" testType="13cdc9d9-ddb5-4fa4-a97d-d965ccfc6d4b" outcome="Passed" testListId="8c84fa94-04c1-424b-9868-57a2d4851a1d" relativeResultsDirectory="f7016b54-914b-45dc-ac7e-22c8f7446070" />
    <UnitTestResult executionId="e58905d6-f8fc-4187-bc4b-d027e630a3b9" testId="40674ac4-16dc-cac3-a518-9dc834b42eb7" testName="HealthAxisCore_Api.Tests.Services.DoctorServiceTests.GetAllAsync_ShouldReturnMappedDoctors" computerName="36012S3" duration="00:00:00.0085343" startTime="2026-07-03T12:26:59.5020092+05:30" endTime="2026-07-03T12:26:59.5030858+05:30" testType="13cdc9d9-ddb5-4fa4-a97d-d965ccfc6d4b" outcome="Passed" testListId="8c84fa94-04c1-424b-9868-57a2d4851a1d" relativeResultsDirectory="e58905d6-f8fc-4187-bc4b-d027e630a3b9" />
    <UnitTestResult executionId="632e55d8-18ba-4b42-8beb-ab5da7df3c34" testId="6f6027ea-662a-9b22-a3eb-6d86c3a6fe45" testName="HealthAxisCore_Api.Tests.Services.PatientServiceTests.GetAllAsync_WhenNoPatientsExist_ShouldReturnEmptyMappedList" computerName="36012S3" duration="00:00:00.0080692" startTime="2026-07-03T12:26:59.5487138+05:30" endTime="2026-07-03T12:26:59.5554967+05:30" testType="13cdc9d9-ddb5-4fa4-a97d-d965ccfc6d4b" outcome="Passed" testListId="8c84fa94-04c1-424b-9868-57a2d4851a1d" relativeResultsDirectory="632e55d8-18ba-4b42-8beb-ab5da7df3c34" />
    <UnitTestResult executionId="96511b4f-0df0-456f-a8b9-601a84183234" testId="d02a2898-969c-e1f7-d1a2-db5d164e7ccd" testName="HealthAxisCore_Api.Tests.Services.AppointmentServiceTests.GetPagedAsync_WithSearchByDoctorId_ShouldReturnMatchingAppointments" computerName="36012S3" duration="00:00:00.0029335" startTime="2026-07-03T12:26:59.6677271+05:30" endTime="2026-07-03T12:26:59.6704280+05:30" testType="13cdc9d9-ddb5-4fa4-a97d-d965ccfc6d4b" outcome="Passed" testListId="8c84fa94-04c1-424b-9868-57a2d4851a1d" relativeResultsDirectory="96511b4f-0df0-456f-a8b9-601a84183234" />
    <UnitTestResult executionId="fe03232e-b7d6-4455-9a21-59df71f7b7b9" testId="a0f289f7-c459-26f3-1bdf-576820d24a51" testName="HealthAxisCore_Api.Tests.Services.PatientServiceTests.GetPagedAsync_WithGenderAll_ShouldNotFilterByGender" computerName="36012S3" duration="00:00:00.0027490" startTime="2026-07-03T12:26:59.5195218+05:30" endTime="2026-07-03T12:26:59.5215381+05:30" testType="13cdc9d9-ddb5-4fa4-a97d-d965ccfc6d4b" outcome="Passed" testListId="8c84fa94-04c1-424b-9868-57a2d4851a1d" relativeResultsDirectory="fe03232e-b7d6-4455-9a21-59df71f7b7b9" />
    <UnitTestResult executionId="0035b23c-6ec1-4cd2-8dce-80bf0c678598" testId="5ebfd6bc-d822-eb58-1c10-315a9ef72183" testName="HealthAxisCore_Api.Tests.Services.HealthRecordServiceTests.GetByPatientAsync_WhenRepositoryReturnsNull_ShouldThrowEntityNotFoundException" computerName="36012S3" duration="00:00:00.0071081" startTime="2026-07-03T12:26:59.4926100+05:30" endTime="2026-07-03T12:26:59.4932850+05:30" testType="13cdc9d9-ddb5-4fa4-a97d-d965ccfc6d4b" outcome="Passed" testListId="8c84fa94-04c1-424b-9868-57a2d4851a1d" relativeResultsDirectory="0035b23c-6ec1-4cd2-8dce-80bf0c678598" />
    <UnitTestResult executionId="10f40947-75fc-4273-8c22-a302a995d8b6" testId="9726f9a9-fe5f-9e30-7e0c-10109d0d5e47" testName="HealthAxisCore_Api.Tests.Services.AppointmentServiceTests.CompleteAsync_WhenAppointmentPending_ShouldThrowAppointmentRuleException" computerName="36012S3" duration="00:00:00.0058973" startTime="2026-07-03T12:26:59.4939198+05:30" endTime="2026-07-03T12:26:59.4959878+05:30" testType="13cdc9d9-ddb5-4fa4-a97d-d965ccfc6d4b" outcome="Passed" testListId="8c84fa94-04c1-424b-9868-57a2d4851a1d" relativeResultsDirectory="10f40947-75fc-4273-8c22-a302a995d8b6" />
    <UnitTestResult executionId="6d64d826-98ad-4406-92da-790812972e21" testId="5d4d745e-1a98-8f1c-eb02-9e03b88e28fa" testName="HealthAxisCore_Api.Tests.Services.DoctorServiceTests.DeleteAsync_WhenDoctorExists_ShouldDeleteDoctorAndReturnTrue" computerName="36012S3" duration="00:00:00.0043855" startTime="2026-07-03T12:26:59.5044161+05:30" endTime="2026-07-03T12:26:59.5050272+05:30" testType="13cdc9d9-ddb5-4fa4-a97d-d965ccfc6d4b" outcome="Passed" testListId="8c84fa94-04c1-424b-9868-57a2d4851a1d" relativeResultsDirectory="6d64d826-98ad-4406-92da-790812972e21" />
    <UnitTestResult executionId="1efa30e1-d196-44dd-9a11-825b165b23a4" testId="5c1dca9d-acfd-1584-c2bc-71af97ae1575" testName="HealthAxisCore_Api.Tests.Services.PatientServiceTests.UpdateAsync_WhenPatientDoesNotExist_ShouldThrowEntityNotFoundException" computerName="36012S3" duration="00:00:00.0155398" startTime="2026-07-03T12:26:59.4932447+05:30" endTime="2026-07-03T12:26:59.4971615+05:30" testType="13cdc9d9-ddb5-4fa4-a97d-d965ccfc6d4b" outcome="Passed" testListId="8c84fa94-04c1-424b-9868-57a2d4851a1d" relativeResultsDirectory="1efa30e1-d196-44dd-9a11-825b165b23a4" />
    <UnitTestResult executionId="85d2fdbc-53bf-4917-ae6a-25c9605b7cac" testId="a3889960-c6ec-2c93-ec6e-9edc5d603260" testName="HealthAxisCore_Api.Tests.Services.AuthServiceTests.RegisterAsync_WhenRoleIsNotPatient_ShouldThrowBusinessRuleException" computerName="36012S3" duration="00:00:00.0058399" startTime="2026-07-03T12:27:02.1114694+05:30" endTime="2026-07-03T12:27:02.1167772+05:30" testType="13cdc9d9-ddb5-4fa4-a97d-d965ccfc6d4b" outcome="Passed" testListId="8c84fa94-04c1-424b-9868-57a2d4851a1d" relativeResultsDirectory="85d2fdbc-53bf-4917-ae6a-25c9605b7cac" />
    <UnitTestResult executionId="c3f9ea5d-c26b-4f35-bcd4-e91ccc83f56d" testId="bc223c1c-22be-d322-759d-e93ee8f0fffc" testName="HealthAxisCore_Api.Tests.Services.HealthRecordServiceTests.CreateAsync_WhenHealthRecordAlreadyExistsForAppointment_ShouldThrowBusinessRuleException" computerName="36012S3" duration="00:00:00.0094964" startTime="2026-07-03T12:26:59.5012873+05:30" endTime="2026-07-03T12:26:59.5026386+05:30" testType="13cdc9d9-ddb5-4fa4-a97d-d965ccfc6d4b" outcome="Passed" testListId="8c84fa94-04c1-424b-9868-57a2d4851a1d" relativeResultsDirectory="c3f9ea5d-c26b-4f35-bcd4-e91ccc83f56d" />
    <UnitTestResult executionId="828b866c-5ea3-453c-aed6-98f994aa4ae2" testId="6d0b9fae-e49f-8279-f4a9-dbe3caa852fe" testName="HealthAxisCore_Api.Tests.Services.AppointmentServiceTests.CreateAsync_WhenTimeSlotFormatIsInvalid_ShouldThrowAppointmentRuleException" computerName="36012S3" duration="00:00:00.0199785" startTime="2026-07-03T12:26:59.4849239+05:30" endTime="2026-07-03T12:26:59.4927180+05:30" testType="13cdc9d9-ddb5-4fa4-a97d-d965ccfc6d4b" outcome="Passed" testListId="8c84fa94-04c1-424b-9868-57a2d4851a1d" relativeResultsDirectory="828b866c-5ea3-453c-aed6-98f994aa4ae2" />
    <UnitTestResult executionId="d9a8e6ba-99ce-4059-ac5c-5ff6acad478f" testId="f16fbbff-8fcd-714e-94a4-d7c677e29733" testName="HealthAxisCore_Api.Tests.Services.AuthServiceTests.RegisterAsync_WhenCreateUserFails_ShouldThrowBusinessRuleException" computerName="36012S3" duration="00:00:00.0114108" startTime="2026-07-03T12:27:02.0744408+05:30" endTime="2026-07-03T12:27:02.0856858+05:30" testType="13cdc9d9-ddb5-4fa4-a97d-d965ccfc6d4b" outcome="Passed" testListId="8c84fa94-04c1-424b-9868-57a2d4851a1d" relativeResultsDirectory="d9a8e6ba-99ce-4059-ac5c-5ff6acad478f" />
    <UnitTestResult executionId="d03b20cf-670c-438e-bbe1-ac488212bd90" testId="44ba5ca1-5ff5-1dc9-1059-03f5fb1af5be" testName="HealthAxisCore_Api.Tests.Services.AppointmentServiceTests.GetByIdAsync_WhenAppointmentExists_ShouldReturnMappedAppointment" computerName="36012S3" duration="00:00:00.0035670" startTime="2026-07-03T12:26:59.6942071+05:30" endTime="2026-07-03T12:26:59.6973422+05:30" testType="13cdc9d9-ddb5-4fa4-a97d-d965ccfc6d4b" outcome="Passed" testListId="8c84fa94-04c1-424b-9868-57a2d4851a1d" relativeResultsDirectory="d03b20cf-670c-438e-bbe1-ac488212bd90" />
    <UnitTestResult executionId="9bf15510-fd4b-49a6-a889-144c5f34f3dd" testId="6ee81b32-cfbc-153e-3633-ea98c9fac99b" testName="HealthAxisCore_Api.Tests.Services.AppointmentServiceTests.ConfirmAsync_WhenAppointmentAlreadyConfirmed_ShouldThrowAppointmentRuleException" computerName="36012S3" duration="00:00:00.0050659" startTime="2026-07-03T12:26:59.6489337+05:30" endTime="2026-07-03T12:26:59.6539925+05:30" testType="13cdc9d9-ddb5-4fa4-a97d-d965ccfc6d4b" outcome="Passed" testListId="8c84fa94-04c1-424b-9868-57a2d4851a1d" relativeResultsDirectory="9bf15510-fd4b-49a6-a889-144c5f34f3dd" />
    <UnitTestResult executionId="fcbbe8f7-2f19-46d2-9273-5ffd0bdcf0a1" testId="bc844632-f584-cc93-19f4-568140cb2c14" testName="HealthAxisCore_Api.Tests.Services.AppointmentServiceTests.GetByPatientAsync_WhenAppointmentsExist_ShouldReturnMappedAppointments" computerName="36012S3" duration="00:00:00.0035469" startTime="2026-07-03T12:26:59.6130300+05:30" endTime="2026-07-03T12:26:59.6164016+05:30" testType="13cdc9d9-ddb5-4fa4-a97d-d965ccfc6d4b" outcome="Passed" testListId="8c84fa94-04c1-424b-9868-57a2d4851a1d" relativeResultsDirectory="fcbbe8f7-2f19-46d2-9273-5ffd0bdcf0a1" />
    <UnitTestResult executionId="57d4f7b2-550a-4e47-854b-780adcf2c787" testId="b87aa308-5874-d243-f901-44cdbcc1cbc9" testName="HealthAxisCore_Api.Tests.Services.HealthRecordServiceTests.GetByIdAsync_WhenRecordDoesNotExist_ShouldThrowEntityNotFoundException" computerName="36012S3" duration="00:00:00.0045931" startTime="2026-07-03T12:26:59.4935563+05:30" endTime="2026-07-03T12:26:59.4940141+05:30" testType="13cdc9d9-ddb5-4fa4-a97d-d965ccfc6d4b" outcome="Passed" testListId="8c84fa94-04c1-424b-9868-57a2d4851a1d" relativeResultsDirectory="57d4f7b2-550a-4e47-854b-780adcf2c787" />
    <UnitTestResult executionId="af8f15a3-2b12-4b72-9088-95769dde22ca" testId="716f447a-a0aa-05c4-fd84-e7434ad488df" testName="HealthAxisCore_Api.Tests.Services.DoctorServiceTests.CreateAsync_WhenIdentityCreateFails_ShouldThrowBusinessRuleException" computerName="36012S3" duration="00:00:00.0187271" startTime="2026-07-03T12:26:59.5226712+05:30" endTime="2026-07-03T12:26:59.5295353+05:30" testType="13cdc9d9-ddb5-4fa4-a97d-d965ccfc6d4b" outcome="Passed" testListId="8c84fa94-04c1-424b-9868-57a2d4851a1d" relativeResultsDirectory="af8f15a3-2b12-4b72-9088-95769dde22ca" />
    <UnitTestResult executionId="4e7816a2-5e0d-4d02-8545-7ac49d8265cc" testId="cbb6191d-9b53-0921-28e7-8eb2f0dca3f1" testName="HealthAxisCore_Api.Tests.Services.DoctorServiceTests.GetPagedAsync_WhenPageNumberLessThanOne_ShouldDefaultToOne" computerName="36012S3" duration="00:00:00.0023731" startTime="2026-07-03T12:26:59.5124020+05:30" endTime="2026-07-03T12:26:59.5124680+05:30" testType="13cdc9d9-ddb5-4fa4-a97d-d965ccfc6d4b" outcome="Passed" testListId="8c84fa94-04c1-424b-9868-57a2d4851a1d" relativeResultsDirectory="4e7816a2-5e0d-4d02-8545-7ac49d8265cc" />
    <UnitTestResult executionId="92affd69-912d-40e2-aabd-3e99d297f485" testId="ae897d86-3ef1-0b8a-e016-563ce5ffcc72" testName="HealthAxisCore_Api.Tests.Services.AppointmentServiceTests.GetBookedSlotsAsync_WhenDateIsDefault_ShouldThrowAppointmentRuleException" computerName="36012S3" duration="00:00:00.0249208" startTime="2026-07-03T12:26:59.3784120+05:30" endTime="2026-07-03T12:26:59.4838467+05:30" testType="13cdc9d9-ddb5-4fa4-a97d-d965ccfc6d4b" outcome="Passed" testListId="8c84fa94-04c1-424b-9868-57a2d4851a1d" relativeResultsDirectory="92affd69-912d-40e2-aabd-3e99d297f485" />
    <UnitTestResult executionId="6f8138e8-c5d7-44ee-810a-a3f22293be6e" testId="24989759-03f9-dbbc-477b-9ced37842193" testName="HealthAxisCore_Api.Tests.Services.PatientServiceTests.GetPagedAsync_WhenPageSizeGreaterThanHundred_ShouldLimitToHundred" computerName="36012S3" duration="00:00:00.0060752" startTime="2026-07-03T12:26:59.5425291+05:30" endTime="2026-07-03T12:26:59.5461768+05:30" testType="13cdc9d9-ddb5-4fa4-a97d-d965ccfc6d4b" outcome="Passed" testListId="8c84fa94-04c1-424b-9868-57a2d4851a1d" relativeResultsDirectory="6f8138e8-c5d7-44ee-810a-a3f22293be6e" />
    <UnitTestResult executionId="6b62748a-e935-4cf4-9edf-aa542038324e" testId="17b05795-710d-ff50-f844-5dc2f5d275c2" testName="HealthAxisCore_Api.Tests.Services.AppointmentServiceTests.GetBookedSlotsAsync_WhenDoctorIdInvalid_ShouldThrowAppointmentRuleException" computerName="36012S3" duration="00:00:00.0172462" startTime="2026-07-03T12:26:59.7338147+05:30" endTime="2026-07-03T12:26:59.7510201+05:30" testType="13cdc9d9-ddb5-4fa4-a97d-d965ccfc6d4b" outcome="Passed" testListId="8c84fa94-04c1-424b-9868-57a2d4851a1d" relativeResultsDirectory="6b62748a-e935-4cf4-9edf-aa542038324e" />
    <UnitTestResult executionId="c393c9a1-1931-4952-99bd-a064fd8bb704" testId="483d482e-7caa-7e6a-f3dc-baf250c4e8f6" testName="HealthAxisCore_Api.Tests.Services.AppointmentServiceTests.CreateAsync_WhenPatientHasAppointmentWithDifferentDoctorSameDate_ShouldThrowAppointmentRuleException" computerName="36012S3" duration="00:00:00.0049967" startTime="2026-07-03T12:26:59.7542459+05:30" endTime="2026-07-03T12:26:59.7589680+05:30" testType="13cdc9d9-ddb5-4fa4-a97d-d965ccfc6d4b" outcome="Passed" testListId="8c84fa94-04c1-424b-9868-57a2d4851a1d" relativeResultsDirectory="c393c9a1-1931-4952-99bd-a064fd8bb704" />
    <UnitTestResult executionId="544c522d-c286-40e1-88eb-f6a466457544" testId="e86df7ad-6853-7b65-bd47-c36f639077d0" testName="HealthAxisCore_Api.Tests.Services.AuthServiceTests.ChangePasswordAsync_WhenValidRequest_ShouldChangePasswordAndUpdateUser" computerName="36012S3" duration="00:00:00.0228656" startTime="2026-07-03T12:27:02.1877936+05:30" endTime="2026-07-03T12:27:02.2101283+05:30" testType="13cdc9d9-ddb5-4fa4-a97d-d965ccfc6d4b" outcome="Passed" testListId="8c84fa94-04c1-424b-9868-57a2d4851a1d" relativeResultsDirectory="544c522d-c286-40e1-88eb-f6a466457544" />
    <UnitTestResult executionId="2707bc35-344f-45d0-915d-845732c03472" testId="5793086c-3e69-b231-2580-154b36c43ea6" testName="HealthAxisCore_Api.Tests.Services.AuthServiceTests.RefreshTokenAsync_WhenTokenDoesNotExist_ShouldThrowUnauthorizedException" computerName="36012S3" duration="00:00:00.0068066" startTime="2026-07-03T12:27:02.2308927+05:30" endTime="2026-07-03T12:27:02.2372567+05:30" testType="13cdc9d9-ddb5-4fa4-a97d-d965ccfc6d4b" outcome="Passed" testListId="8c84fa94-04c1-424b-9868-57a2d4851a1d" relativeResultsDirectory="2707bc35-344f-45d0-915d-845732c03472" />
    <UnitTestResult executionId="6d46c7ba-9a3d-41b8-9374-b6d7e09095c4" testId="88a16fe0-e677-c72b-f4ba-b645b38686be" testName="HealthAxisCore_Api.Tests.Services.PatientServiceTests.UpdateAsync_WhenPatientExists_ShouldUpdatePatientAndReturnTrue" computerName="36012S3" duration="00:00:00.0124488" startTime="2026-07-03T12:26:59.5283673+05:30" endTime="2026-07-03T12:26:59.5291639+05:30" testType="13cdc9d9-ddb5-4fa4-a97d-d965ccfc6d4b" outcome="Passed" testListId="8c84fa94-04c1-424b-9868-57a2d4851a1d" relativeResultsDirectory="6d46c7ba-9a3d-41b8-9374-b6d7e09095c4" />
    <UnitTestResult executionId="bfc482d1-0108-4ce8-bd05-302f8a5e17c5" testId="6263a860-09da-a4e3-8850-c091a9d31d24" testName="HealthAxisCore_Api.Tests.Services.AppointmentServiceTests.CancelAsync_WhenAppointmentIsValid_ShouldCancelAndReturnTrue" computerName="36012S3" duration="00:00:00.0118432" startTime="2026-07-03T12:26:59.5437748+05:30" endTime="2026-07-03T12:26:59.5553893+05:30" testType="13cdc9d9-ddb5-4fa4-a97d-d965ccfc6d4b" outcome="Passed" testListId="8c84fa94-04c1-424b-9868-57a2d4851a1d" relativeResultsDirectory="bfc482d1-0108-4ce8-bd05-302f8a5e17c5" />
    <UnitTestResult executionId="44e9c099-162a-4247-be1d-f1e2d04a9e6d" testId="7f060b2a-1fda-faae-4ae9-83a73ad6f308" testName="HealthAxisCore_Api.Tests.Services.AppointmentServiceTests.GetPagedAsync_WithSearchByAppointmentId_ShouldReturnMatchingAppointments" computerName="36012S3" duration="00:00:00.0090293" startTime="2026-07-03T12:26:59.5082608+05:30" endTime="2026-07-03T12:26:59.5141702+05:30" testType="13cdc9d9-ddb5-4fa4-a97d-d965ccfc6d4b" outcome="Passed" testListId="8c84fa94-04c1-424b-9868-57a2d4851a1d" relativeResultsDirectory="44e9c099-162a-4247-be1d-f1e2d04a9e6d" />
    <UnitTestResult executionId="26c911b7-0780-438f-8c26-572222392f61" testId="a40fc07a-8d1c-db91-92b1-31d9fc4e9b8b" testName="HealthAxisCore_Api.Tests.Services.AppointmentServiceTests.ConfirmAsync_WhenAppointmentPending_ShouldConfirmAndReturnTrue" computerName="36012S3" duration="00:00:00.0031239" startTime="2026-07-03T12:26:59.6177023+05:30" endTime="2026-07-03T12:26:59.6196990+05:30" testType="13cdc9d9-ddb5-4fa4-a97d-d965ccfc6d4b" outcome="Passed" testListId="8c84fa94-04c1-424b-9868-57a2d4851a1d" relativeResultsDirectory="26c911b7-0780-438f-8c26-572222392f61" />
    <UnitTestResult executionId="51eda55c-d99f-4d0e-ac59-156c992b7521" testId="60084fbf-80b9-59b4-e553-7f0b503afdf4" testName="HealthAxisCore_Api.Tests.Services.DoctorServiceTests.GetPagedAsync_WhenPageSizeGreaterThanHundred_ShouldLimitToHundred" computerName="36012S3" duration="00:00:00.0114268" startTime="2026-07-03T12:26:59.4989342+05:30" endTime="2026-07-03T12:26:59.5008122+05:30" testType="13cdc9d9-ddb5-4fa4-a97d-d965ccfc6d4b" outcome="Passed" testListId="8c84fa94-04c1-424b-9868-57a2d4851a1d" relativeResultsDirectory="51eda55c-d99f-4d0e-ac59-156c992b7521" />
    <UnitTestResult executionId="79e4b253-99a7-4354-b205-5261ace824e8" testId="13b164fc-df09-2d3f-9ec7-05b05e28a27b" testName="HealthAxisCore_Api.Tests.Services.DoctorServiceTests.UpdateAsync_WhenDoctorDoesNotExist_ShouldThrowEntityNotFoundException" computerName="36012S3" duration="00:00:00.0071526" startTime="2026-07-03T12:26:59.6120345+05:30" endTime="2026-07-03T12:26:59.6182271+05:30" testType="13cdc9d9-ddb5-4fa4-a97d-d965ccfc6d4b" outcome="Passed" testListId="8c84fa94-04c1-424b-9868-57a2d4851a1d" relativeResultsDirectory="79e4b253-99a7-4354-b205-5261ace824e8" />
    <UnitTestResult executionId="79c4530f-b72e-43a5-b4fa-96be6c1cff5a" testId="646a371d-4b7c-4eb4-2a22-209919c3db2f" testName="HealthAxisCore_Api.Tests.Services.AppointmentServiceTests.CreateAsync_WhenScheduledDateTimeIsInPast_ShouldThrowAppointmentRuleException" computerName="36012S3" duration="00:00:00.0047803" startTime="2026-07-03T12:26:59.4970623+05:30" endTime="2026-07-03T12:26:59.4989956+05:30" testType="13cdc9d9-ddb5-4fa4-a97d-d965ccfc6d4b" outcome="Passed" testListId="8c84fa94-04c1-424b-9868-57a2d4851a1d" relativeResultsDirectory="79c4530f-b72e-43a5-b4fa-96be6c1cff5a" />
    <UnitTestResult executionId="8eab3623-ee3d-4d86-83d2-505f5c034de3" testId="d5957aea-6a6a-b329-b208-39732971ac6d" testName="HealthAxisCore_Api.Tests.Services.AppointmentServiceTests.GetPagedAsync_ShouldApplyPagination" computerName="36012S3" duration="00:00:00.0030364" startTime="2026-07-03T12:26:59.6719538+05:30" endTime="2026-07-03T12:26:59.6785721+05:30" testType="13cdc9d9-ddb5-4fa4-a97d-d965ccfc6d4b" outcome="Passed" testListId="8c84fa94-04c1-424b-9868-57a2d4851a1d" relativeResultsDirectory="8eab3623-ee3d-4d86-83d2-505f5c034de3" />
    <UnitTestResult executionId="b99c0b86-b60b-4fd3-815d-1a022b382f12" testId="e0ae2897-a598-1aac-af32-547bedd29d8d" testName="HealthAxisCore_Api.Tests.Services.HealthRecordServiceTests.CreateAsync_WhenValidRequest_ShouldCreateRecordAndReturnMappedResponse" computerName="36012S3" duration="00:00:00.0353422" startTime="2026-07-03T12:26:59.3779448+05:30" endTime="2026-07-03T12:26:59.3886782+05:30" testType="13cdc9d9-ddb5-4fa4-a97d-d965ccfc6d4b" outcome="Passed" testListId="8c84fa94-04c1-424b-9868-57a2d4851a1d" relativeResultsDirectory="b99c0b86-b60b-4fd3-815d-1a022b382f12" />
    <UnitTestResult executionId="1b9263e1-2392-4d2b-a016-b3c113dfde05" testId="15888e9a-f3c9-7ba3-8265-a361f436849b" testName="HealthAxisCore_Api.Tests.Services.AuthServiceTests.RefreshTokenAsync_WhenUserHasNoRole_ShouldReturnDefaultUserRole" computerName="36012S3" duration="00:00:00.0254658" startTime="2026-07-03T12:27:02.0450481+05:30" endTime="2026-07-03T12:27:02.0699054+05:30" testType="13cdc9d9-ddb5-4fa4-a97d-d965ccfc6d4b" outcome="Passed" testListId="8c84fa94-04c1-424b-9868-57a2d4851a1d" relativeResultsDirectory="1b9263e1-2392-4d2b-a016-b3c113dfde05" />
    <UnitTestResult executionId="516336f5-1ee0-416d-914c-75feb39b497d" testId="2436040b-c186-c702-f0f2-2ae3547b6900" testName="HealthAxisCore_Api.Tests.Services.AppointmentServiceTests.GetByIdAsync_WhenAppointmentDoesNotExist_ShouldThrowEntityNotFoundException" computerName="36012S3" duration="00:00:00.0072573" startTime="2026-07-03T12:26:59.6350597+05:30" endTime="2026-07-03T12:26:59.6419897+05:30" testType="13cdc9d9-ddb5-4fa4-a97d-d965ccfc6d4b" outcome="Passed" testListId="8c84fa94-04c1-424b-9868-57a2d4851a1d" relativeResultsDirectory="516336f5-1ee0-416d-914c-75feb39b497d" />
    <UnitTestResult executionId="72903dec-1f74-46b3-be39-f18b3109278e" testId="2ed6a8c5-6e3d-016c-d777-96e702e4d1c0" testName="HealthAxisCore_Api.Tests.Services.DoctorServiceTests.GetPagedAsync_ShouldOrderDoctorsByName" computerName="36012S3" duration="00:00:00.0031266" startTime="2026-07-03T12:26:59.5162313+05:30" endTime="2026-07-03T12:26:59.5166561+05:30" testType="13cdc9d9-ddb5-4fa4-a97d-d965ccfc6d4b" outcome="Passed" testListId="8c84fa94-04c1-424b-9868-57a2d4851a1d" relativeResultsDirectory="72903dec-1f74-46b3-be39-f18b3109278e" />
    <UnitTestResult executionId="64de0a93-c03b-43d1-a068-fc7f449e7fce" testId="d1901348-99a8-1fb2-47bf-3c3ed616662e" testName="HealthAxisCore_Api.Tests.Services.PatientServiceTests.SearchAsync_WhenNoPatientsFound_ShouldReturnEmptyMappedList" computerName="36012S3" duration="00:00:00.0101730" startTime="2026-07-03T12:26:59.4922119+05:30" endTime="2026-07-03T12:26:59.4930649+05:30" testType="13cdc9d9-ddb5-4fa4-a97d-d965ccfc6d4b" outcome="Passed" testListId="8c84fa94-04c1-424b-9868-57a2d4851a1d" relativeResultsDirectory="64de0a93-c03b-43d1-a068-fc7f449e7fce" />
    <UnitTestResult executionId="b381b09e-b736-465b-9933-d03f1c3cb6c4" testId="ff92a95a-b583-d45b-77d3-85935dc30d60" testName="HealthAxisCore_Api.Tests.Services.AuthServiceTests.RefreshTokenAsync_WhenTokenIsExpired_ShouldThrowUnauthorizedException" computerName="36012S3" duration="00:00:00.0134868" startTime="2026-07-03T12:27:02.1737206+05:30" endTime="2026-07-03T12:27:02.1871132+05:30" testType="13cdc9d9-ddb5-4fa4-a97d-d965ccfc6d4b" outcome="Passed" testListId="8c84fa94-04c1-424b-9868-57a2d4851a1d" relativeResultsDirectory="b381b09e-b736-465b-9933-d03f1c3cb6c4" />
    <UnitTestResult executionId="d2cb1890-612b-4f0e-aac3-060ca5062e47" testId="e3622c63-2381-168b-b32c-c575196fedde" testName="HealthAxisCore_Api.Tests.Services.AppointmentServiceTests.FilterAsync_WhenNoAppointments_ShouldThrowEntityNotFoundException" computerName="36012S3" duration="00:00:00.0109459" startTime="2026-07-03T12:26:59.5379535+05:30" endTime="2026-07-03T12:26:59.5433621+05:30" testType="13cdc9d9-ddb5-4fa4-a97d-d965ccfc6d4b" outcome="Passed" testListId="8c84fa94-04c1-424b-9868-57a2d4851a1d" relativeResultsDirectory="d2cb1890-612b-4f0e-aac3-060ca5062e47" />
    <UnitTestResult executionId="79fd3751-a91e-4b87-bfef-3f9e1b323ef5" testId="56d042a6-6216-46d9-255b-ad2ebba035fd" testName="HealthAxisCore_Api.Tests.Services.DoctorServiceTests.UpdateAsync_WhenDoctorExists_ShouldUpdateDoctorAndReturnTrue" computerName="36012S3" duration="00:00:00.0271874" startTime="2026-07-03T12:26:59.5297643+05:30" endTime="2026-07-03T12:26:59.5391479+05:30" testType="13cdc9d9-ddb5-4fa4-a97d-d965ccfc6d4b" outcome="Passed" testListId="8c84fa94-04c1-424b-9868-57a2d4851a1d" relativeResultsDirectory="79fd3751-a91e-4b87-bfef-3f9e1b323ef5" />
    <UnitTestResult executionId="7324e892-a307-421f-83a2-0a6d134d7f17" testId="3c8a176e-450b-5190-e852-5a50e245b5df" testName="HealthAxisCore_Api.Tests.Services.PatientServiceTests.GetPagedAsync_WithGenderFilter_ShouldReturnMatchingPatients" computerName="36012S3" duration="00:00:00.0052211" startTime="2026-07-03T12:26:59.5016680+05:30" endTime="2026-07-03T12:26:59.5020950+05:30" testType="13cdc9d9-ddb5-4fa4-a97d-d965ccfc6d4b" outcome="Passed" testListId="8c84fa94-04c1-424b-9868-57a2d4851a1d" relativeResultsDirectory="7324e892-a307-421f-83a2-0a6d134d7f17" />
    <UnitTestResult executionId="f59c30a8-132d-4ebc-b2b9-d642347e8843" testId="a66bd92d-acf2-4f21-4500-f532cce84d13" testName="HealthAxisCore_Api.Tests.Services.PatientServiceTests.GetPagedAsync_ShouldApplyPagination" computerName="36012S3" duration="00:00:00.0066695" startTime="2026-07-03T12:26:59.5308199+05:30" endTime="2026-07-03T12:26:59.5323548+05:30" testType="13cdc9d9-ddb5-4fa4-a97d-d965ccfc6d4b" outcome="Passed" testListId="8c84fa94-04c1-424b-9868-57a2d4851a1d" relativeResultsDirectory="f59c30a8-132d-4ebc-b2b9-d642347e8843" />
    <UnitTestResult executionId="2857b1a5-f170-4cdc-8463-0c129e3584fc" testId="737df69f-938b-26e8-0b5f-8316b9dd334c" testName="HealthAxisCore_Api.Tests.Services.DoctorServiceTests.DeleteAsync_WhenDoctorDoesNotExist_ShouldThrowEntityNotFoundException" computerName="36012S3" duration="00:00:00.0052116" startTime="2026-07-03T12:26:59.5675051+05:30" endTime="2026-07-03T12:26:59.5724402+05:30" testType="13cdc9d9-ddb5-4fa4-a97d-d965ccfc6d4b" outcome="Passed" testListId="8c84fa94-04c1-424b-9868-57a2d4851a1d" relativeResultsDirectory="2857b1a5-f170-4cdc-8463-0c129e3584fc" />
    <UnitTestResult executionId="6b021309-36c1-4a15-9dc7-f478bd9b337e" testId="b7439823-fee5-d982-b60f-97c87c60ef54" testName="HealthAxisCore_Api.Tests.Services.AuthServiceTests.RegisterAsync_WhenPasswordsDoNotMatch_ShouldThrowBusinessRuleException" computerName="36012S3" duration="00:00:00.0038406" startTime="2026-07-03T12:27:02.0703042+05:30" endTime="2026-07-03T12:27:02.0738824+05:30" testType="13cdc9d9-ddb5-4fa4-a97d-d965ccfc6d4b" outcome="Passed" testListId="8c84fa94-04c1-424b-9868-57a2d4851a1d" relativeResultsDirectory="6b021309-36c1-4a15-9dc7-f478bd9b337e" />
    <UnitTestResult executionId="44eb1b69-c5bd-4f8a-bfe0-fb059e2ae230" testId="cdfc7e4e-301f-99be-3d05-e6ae9f52887d" testName="HealthAxisCore_Api.Tests.Services.AppointmentServiceTests.CompleteAsync_WhenAppointmentNotFound_ShouldThrowEntityNotFoundException" computerName="36012S3" duration="00:00:00.0045438" startTime="2026-07-03T12:26:59.7003555+05:30" endTime="2026-07-03T12:26:59.7047517+05:30" testType="13cdc9d9-ddb5-4fa4-a97d-d965ccfc6d4b" outcome="Passed" testListId="8c84fa94-04c1-424b-9868-57a2d4851a1d" relativeResultsDirectory="44eb1b69-c5bd-4f8a-bfe0-fb059e2ae230" />
    <UnitTestResult executionId="03f107cd-d660-4f9d-a4aa-598f43eca110" testId="ffdc6f1f-0247-a0f0-e5eb-66200cdc94be" testName="HealthAxisCore_Api.Tests.Services.DoctorServiceTests.GetByIdAsync_WhenDoctorExists_ShouldReturnMappedDoctor" computerName="36012S3" duration="00:00:00.0053908" startTime="2026-07-03T12:26:59.5560644+05:30" endTime="2026-07-03T12:26:59.5602989+05:30" testType="13cdc9d9-ddb5-4fa4-a97d-d965ccfc6d4b" outcome="Passed" testListId="8c84fa94-04c1-424b-9868-57a2d4851a1d" relativeResultsDirectory="03f107cd-d660-4f9d-a4aa-598f43eca110" />
    <UnitTestResult executionId="fd871a7b-e811-4f77-8ab5-0d5e1bb91c07" testId="5a5c2908-3f27-106b-9c33-5e9365c4059b" testName="HealthAxisCore_Api.Tests.Services.AuthServiceTests.ChangePasswordAsync_WhenIdentityChangePasswordFails_ShouldThrowBusinessRuleException" computerName="36012S3" duration="00:00:00.0135707" startTime="2026-07-03T12:27:02.0306415+05:30" endTime="2026-07-03T12:27:02.0443112+05:30" testType="13cdc9d9-ddb5-4fa4-a97d-d965ccfc6d4b" outcome="Passed" testListId="8c84fa94-04c1-424b-9868-57a2d4851a1d" relativeResultsDirectory="fd871a7b-e811-4f77-8ab5-0d5e1bb91c07" />
    <UnitTestResult executionId="9ac3c1d5-5b3b-4991-9ba9-94abec755509" testId="b65be416-069f-6a5b-60f0-527a9627d1c7" testName="HealthAxisCore_Api.Tests.Services.DoctorServiceTests.GetPagedAsync_ShouldApplyPagination" computerName="36012S3" duration="00:00:00.0031356" startTime="2026-07-03T12:26:59.5155306+05:30" endTime="2026-07-03T12:26:59.5159894+05:30" testType="13cdc9d9-ddb5-4fa4-a97d-d965ccfc6d4b" outcome="Passed" testListId="8c84fa94-04c1-424b-9868-57a2d4851a1d" relativeResultsDirectory="9ac3c1d5-5b3b-4991-9ba9-94abec755509" />
    <UnitTestResult executionId="08c3e972-1496-4ccc-86df-6abc6343250e" testId="9c78aecc-402b-fec8-f7d3-6df585a49272" testName="HealthAxisCore_Api.Tests.Services.AppointmentServiceTests.ConfirmAsync_WhenAppointmentCompleted_ShouldThrowAppointmentRuleException" computerName="36012S3" duration="00:00:00.0050348" startTime="2026-07-03T12:26:59.5199264+05:30" endTime="2026-07-03T12:26:59.5221712+05:30" testType="13cdc9d9-ddb5-4fa4-a97d-d965ccfc6d4b" outcome="Passed" testListId="8c84fa94-04c1-424b-9868-57a2d4851a1d" relativeResultsDirectory="08c3e972-1496-4ccc-86df-6abc6343250e" />
    <UnitTestResult executionId="3d559fab-8a08-4ee0-9dd2-d0d7877d38dd" testId="c9474880-0660-76e6-9150-e517104cefcc" testName="HealthAxisCore_Api.Tests.Services.AppointmentServiceTests.CreateAsync_ShouldIgnoreCancelledAppointmentsWhenCheckingConflicts" computerName="36012S3" duration="00:00:00.0241418" startTime="2026-07-03T12:26:59.4991400+05:30" endTime="2026-07-03T12:26:59.5045310+05:30" testType="13cdc9d9-ddb5-4fa4-a97d-d965ccfc6d4b" outcome="Passed" testListId="8c84fa94-04c1-424b-9868-57a2d4851a1d" relativeResultsDirectory="3d559fab-8a08-4ee0-9dd2-d0d7877d38dd" />
    <UnitTestResult executionId="b34adbcc-7728-4771-8ddb-5bea1a19fe23" testId="2dfc69b6-c131-61b0-578b-18e7ae6cec35" testName="HealthAxisCore_Api.Tests.Services.AppointmentServiceTests.CreateAsync_WhenPatientHasSameDoctorSameDateSameSlot_ShouldThrowAppointmentRuleException" computerName="36012S3" duration="00:00:00.0076341" startTime="2026-07-03T12:26:59.5894087+05:30" endTime="2026-07-03T12:26:59.5968464+05:30" testType="13cdc9d9-ddb5-4fa4-a97d-d965ccfc6d4b" outcome="Passed" testListId="8c84fa94-04c1-424b-9868-57a2d4851a1d" relativeResultsDirectory="b34adbcc-7728-4771-8ddb-5bea1a19fe23" />
    <UnitTestResult executionId="72203253-d547-4755-a9c1-471dda89f8bf" testId="a7d85989-8b8c-4b03-5ac7-613112b3dc88" testName="HealthAxisCore_Api.Tests.Services.AppointmentServiceTests.CompleteAsync_WhenAppointmentConfirmed_ShouldCompleteAndReturnTrue" computerName="36012S3" duration="00:00:00.0128879" startTime="2026-07-03T12:26:59.5322287+05:30" endTime="2026-07-03T12:26:59.5374008+05:30" testType="13cdc9d9-ddb5-4fa4-a97d-d965ccfc6d4b" outcome="Passed" testListId="8c84fa94-04c1-424b-9868-57a2d4851a1d" relativeResultsDirectory="72203253-d547-4755-a9c1-471dda89f8bf" />
  </Results>
  <TestDefinitions>
    <UnitTest name="HealthAxisCore_Api.Tests.Services.DoctorServiceTests.GetPagedAsync_WhenPageSizeGreaterThanHundred_ShouldLimitToHundred" storage="c:\users\287802\source\repos\healthaxisapi\healthaxiscore_api.tests\bin\debug\net10.0\healthaxiscore_api.tests.dll" id="60084fbf-80b9-59b4-e553-7f0b503afdf4">
      <Execution id="51eda55c-d99f-4d0e-ac59-156c992b7521" />
      <TestMethod codeBase="C:\Users\287802\source\repos\HealthAxisApi\HealthAxisCore_Api.Tests\bin\Debug\net10.0\HealthAxisCore_Api.Tests.dll" adapterTypeName="executor://xunit/VsTestRunner3/netcore/" className="HealthAxisCore_Api.Tests.Services.DoctorServiceTests" name="GetPagedAsync_WhenPageSizeGreaterThanHundred_ShouldLimitToHundred" />
    </UnitTest>
    <UnitTest name="HealthAxisCore_Api.Tests.Services.AppointmentServiceTests.ConfirmAsync_WhenAppointmentCancelled_ShouldThrowAppointmentRuleException" storage="c:\users\287802\source\repos\healthaxisapi\healthaxiscore_api.tests\bin\debug\net10.0\healthaxiscore_api.tests.dll" id="c708b804-753d-87d5-cf8b-cf81b762db04">
      <Execution id="78cf125c-45a2-425c-9ac7-093a36b96127" />
[...]
    <TestEntry testId="672e814a-8fdb-ed53-0fcf-e0a49f349801" executionId="d9175359-24fc-4f60-bcfd-a6f95706ddde" testListId="8c84fa94-04c1-424b-9868-57a2d4851a1d" />
    <TestEntry testId="cc94da51-538c-c1e8-211a-9420231e8c47" executionId="2945c7af-0ba0-4a9a-b258-7ae5f69a1ee1" testListId="8c84fa94-04c1-424b-9868-57a2d4851a1d" />
    <TestEntry testId="bb370f6b-0185-dcb5-5e7c-6fdccfecb0f0" executionId="37c7e00d-7e50-400e-8842-af02f2a607e7" testListId="8c84fa94-04c1-424b-9868-57a2d4851a1d" />
    <TestEntry testId="8fa44a01-2dc9-8c67-882f-f4c753406e75" executionId="0f1e2996-7aa4-4596-93cf-26af262729e8" testListId="8c84fa94-04c1-424b-9868-57a2d4851a1d" />
    <TestEntry testId="1c4d8b27-513e-d454-eb60-fffa408172af" executionId="810bc14f-e34b-40f8-8d92-b9259fc049c9" testListId="8c84fa94-04c1-424b-9868-57a2d4851a1d" />
    <TestEntry testId="42f3519e-dad9-96d5-cdd3-42041de20506" executionId="10edf415-ff64-404c-9194-4fbd8a1306a3" testListId="8c84fa94-04c1-424b-9868-57a2d4851a1d" />
    <TestEntry testId="0c161ea4-494c-3220-0629-f4469bebc4ed" executionId="9f76efba-673a-4876-bddf-8710b689ca53" testListId="8c84fa94-04c1-424b-9868-57a2d4851a1d" />
    <TestEntry testId="0bb35232-247f-5337-15b5-dff0e7eeccda" executionId="b585a30c-5ec1-4c87-8d32-83a171fc5935" testListId="8c84fa94-04c1-424b-9868-57a2d4851a1d" />
    <TestEntry testId="f8ad33e3-d649-5b9b-5634-593a8323f488" executionId="3b925563-fb86-48b1-b271-7e31c0504889" testListId="8c84fa94-04c1-424b-9868-57a2d4851a1d" />
    <TestEntry testId="424c59a4-b4c7-9185-64dc-06fd58c77662" executionId="96b8376f-bb3d-4340-9ece-c16735452313" testListId="8c84fa94-04c1-424b-9868-57a2d4851a1d" />
    <TestEntry testId="d324defb-2e03-788f-9092-933fe449233d" executionId="a7a8746f-23e3-4722-9105-e5c8a57685af" testListId="8c84fa94-04c1-424b-9868-57a2d4851a1d" />
    <TestEntry testId="85f155f5-3c71-35af-b2d6-5abd4abfb0ed" executionId="aa90f617-a39c-4453-b116-d02f23cf6d0d" testListId="8c84fa94-04c1-424b-9868-57a2d4851a1d" />
    <TestEntry testId="0085bfd0-1fb5-7fb4-f314-0003be09ef88" executionId="0dace9ef-1f6a-49e3-8c59-c7dfe3e72372" testListId="8c84fa94-04c1-424b-9868-57a2d4851a1d" />
    <TestEntry testId="f1bf9ead-d534-7b4d-7f24-ff17f02ce459" executionId="8fd703d6-19d4-4a3d-abe2-e2e77fb63f03" testListId="8c84fa94-04c1-424b-9868-57a2d4851a1d" />
    <TestEntry testId="635e7ca7-ddf1-cde9-3229-a1ddbf36fd2c" executionId="35299743-4372-4d2b-9988-925b66a9570f" testListId="8c84fa94-04c1-424b-9868-57a2d4851a1d" />
    <TestEntry testId="1f8fc005-8034-046c-6b70-660117e481c3" executionId="11cdde24-73ef-45f1-95e5-a36f8af6d006" testListId="8c84fa94-04c1-424b-9868-57a2d4851a1d" />
    <TestEntry testId="5701981d-34b5-0910-4ae8-66a6939d750f" executionId="0b537ea9-c6de-4aad-a1c5-d94c47aee0f0" testListId="8c84fa94-04c1-424b-9868-57a2d4851a1d" />
    <TestEntry testId="3f0509b7-6376-77cc-1117-4bbdf55e5899" executionId="630b02e8-516d-431c-9976-e59a025f018a" testListId="8c84fa94-04c1-424b-9868-57a2d4851a1d" />
    <TestEntry testId="e89d0d89-8705-cb60-ff98-6b011347a24d" executionId="be113afe-2be8-4cec-9d7b-fae7c7f6ed92" testListId="8c84fa94-04c1-424b-9868-57a2d4851a1d" />
    <TestEntry testId="063732d5-57e0-9998-6825-3ffd226fbb73" executionId="c75d6f69-2548-453f-ba89-645d0379c48a" testListId="8c84fa94-04c1-424b-9868-57a2d4851a1d" />
    <TestEntry testId="096e7d1c-5fdd-5e4c-3047-9944fd6e782f" executionId="3245a34f-0054-47eb-8163-76ae13d13e0f" testListId="8c84fa94-04c1-424b-9868-57a2d4851a1d" />
    <TestEntry testId="4692e229-d8bb-18c6-007b-9bcc325a88bf" executionId="aff80f5f-cf2e-4f5f-a4b1-34562ece2556" testListId="8c84fa94-04c1-424b-9868-57a2d4851a1d" />
    <TestEntry testId="bad64a99-6b30-78d9-d80f-9072ad4dc343" executionId="271d6935-c00c-4360-ac22-f3c2426ea39a" testListId="8c84fa94-04c1-424b-9868-57a2d4851a1d" />
    <TestEntry testId="1e5afcc8-277f-4b06-c393-57e6d27b1d53" executionId="14aaabb1-f2b3-4b27-a925-0d2e56bb9aa5" testListId="8c84fa94-04c1-424b-9868-57a2d4851a1d" />
    <TestEntry testId="1a7dbbe5-59a2-f48b-ea30-e9d8a3ae6051" executionId="ef707306-b8f0-45c8-9b92-24324c3bc2a6" testListId="8c84fa94-04c1-424b-9868-57a2d4851a1d" />
    <TestEntry testId="93e73685-5464-0503-c54d-5c83bf57f98e" executionId="32b60763-873a-4ad3-83f8-4b1053301b65" testListId="8c84fa94-04c1-424b-9868-57a2d4851a1d" />
    <TestEntry testId="d6132046-1b6d-200e-a670-827d9b59d219" executionId="1a0ebd53-1a49-4c12-adbf-caf648bebc32" testListId="8c84fa94-04c1-424b-9868-57a2d4851a1d" />
    <TestEntry testId="0e2a3242-2686-8c02-85c0-275b58c1340d" executionId="f73459e6-1c0f-4c3f-a41d-1b142521ac68" testListId="8c84fa94-04c1-424b-9868-57a2d4851a1d" />
    <TestEntry testId="0e05d91f-22d1-23ff-4e51-ecb064eadcb9" executionId="a219b49a-b3a3-4c94-a547-bb3655bb0af5" testListId="8c84fa94-04c1-424b-9868-57a2d4851a1d" />
    <TestEntry testId="e6e0e118-103a-1814-f81e-407fb22064b8" executionId="92756710-533f-4fdf-87d7-0057e0b3c9d9" testListId="8c84fa94-04c1-424b-9868-57a2d4851a1d" />
    <TestEntry testId="ed7a488a-f5dc-86a1-e95f-c472b9b92c4c" executionId="7e69718c-a8ec-4a9c-b512-cfd223fb8ae4" testListId="8c84fa94-04c1-424b-9868-57a2d4851a1d" />
    <TestEntry testId="e7de5acf-69fa-0b91-a79b-4b8acfb7010d" executionId="47cecc5d-1657-41a4-8e7f-8264e389f26c" testListId="8c84fa94-04c1-424b-9868-57a2d4851a1d" />
    <TestEntry testId="27f71c33-d82a-4763-f130-73ba4c175ee1" executionId="59168552-d31d-41b1-9349-22da34ed6a5e" testListId="8c84fa94-04c1-424b-9868-57a2d4851a1d" />
    <TestEntry testId="a94faad2-1779-5d82-272a-ad571bb23ae6" executionId="624c3bbd-2731-4c33-a33c-e1766b9671fc" testListId="8c84fa94-04c1-424b-9868-57a2d4851a1d" />
    <TestEntry testId="432fd773-a8bb-682f-dd61-4624a2a215ac" executionId="d5b104ff-be6e-46f3-ac6c-723940b3f27b" testListId="8c84fa94-04c1-424b-9868-57a2d4851a1d" />
    <TestEntry testId="9bd8c3a0-b44c-f5aa-6c4c-ec4822626b9d" executionId="5899a0d9-ced2-4b35-aa6c-b84365cfe67e" testListId="8c84fa94-04c1-424b-9868-57a2d4851a1d" />
    <TestEntry testId="bf1c4cd0-fa7d-1dbd-e3c9-f94d6315da54" executionId="623cd449-fcde-43fc-bbd1-9760063c1ab6" testListId="8c84fa94-04c1-424b-9868-57a2d4851a1d" />
    <TestEntry testId="82ca34c3-b6fe-b57e-b1c1-01ffe046c78f" executionId="20c411a5-9ad6-4f8d-9e34-855ffd657750" testListId="8c84fa94-04c1-424b-9868-57a2d4851a1d" />
    <TestEntry testId="8520feed-9ca5-9a39-1209-4e6ad0d6418c" executionId="b4661d91-d02e-4781-aa32-9b22c24c126f" testListId="8c84fa94-04c1-424b-9868-57a2d4851a1d" />
    <TestEntry testId="d559a479-ae80-5645-2701-30f636ef4ab3" executionId="e426afc3-53e0-4b31-af56-26d071918d6e" testListId="8c84fa94-04c1-424b-9868-57a2d4851a1d" />
    <TestEntry testId="5903e95f-476d-ad64-63b1-41cd198fd3cd" executionId="cdaff439-5f5b-460e-830d-0fccc9276046" testListId="8c84fa94-04c1-424b-9868-57a2d4851a1d" />
    <TestEntry testId="4c5d263a-fc55-9a5c-0ff9-b39e1c7b9e2f" executionId="fb35dc42-ff63-4c9c-b83d-c10abea34b61" testListId="8c84fa94-04c1-424b-9868-57a2d4851a1d" />
    <TestEntry testId="c425b5fa-e86c-03d6-c613-2d19e88517e2" executionId="85158e32-a364-4e78-8188-3c22bed0cf36" testListId="8c84fa94-04c1-424b-9868-57a2d4851a1d" />
    <TestEntry testId="29e4b51e-738e-9c78-4b72-394d89ed8c05" executionId="0e47f693-f50c-470d-857b-33a0c28493b6" testListId="8c84fa94-04c1-424b-9868-57a2d4851a1d" />
    <TestEntry testId="2b828348-0691-bc99-dc6f-1e108e6544c3" executionId="903a642b-a7de-449c-b07b-063028d421ae" testListId="8c84fa94-04c1-424b-9868-57a2d4851a1d" />
    <TestEntry testId="427d52a1-e39e-0ea8-8130-afc718f896c7" executionId="f6072daa-66b8-4a40-a564-31b8137b4c5e" testListId="8c84fa94-04c1-424b-9868-57a2d4851a1d" />
    <TestEntry testId="c708b804-753d-87d5-cf8b-cf81b762db04" executionId="78cf125c-45a2-425c-9ac7-093a36b96127" testListId="8c84fa94-04c1-424b-9868-57a2d4851a1d" />
    <TestEntry testId="42d999eb-e8ef-1408-1e49-8f02bef15477" executionId="3ee5e1db-9d41-4bd3-abbc-faadd5237879" testListId="8c84fa94-04c1-424b-9868-57a2d4851a1d" />
    <TestEntry testId="07629545-6acf-22a9-dbbc-e3eeb346119c" executionId="3118d8e6-e1c8-4748-b7ba-0ad4078a1290" testListId="8c84fa94-04c1-424b-9868-57a2d4851a1d" />
    <TestEntry testId="e878076e-a55e-7f9b-5a3c-07ab6f3c3dc9" executionId="ee479a53-5294-43fd-a8c9-69a8a43f077e" testListId="8c84fa94-04c1-424b-9868-57a2d4851a1d" />
    <TestEntry testId="4996191e-4b3b-d8ca-ae44-3d4defbcda42" executionId="4320c1d5-5f64-48a4-8629-52e3ccdb2635" testListId="8c84fa94-04c1-424b-9868-57a2d4851a1d" />
    <TestEntry testId="e40996e9-8364-0839-1551-97bce8beb913" executionId="8b8594eb-f262-4922-8346-d8ac4cded95e" testListId="8c84fa94-04c1-424b-9868-57a2d4851a1d" />
    <TestEntry testId="c420437c-41b4-524b-6b0b-b5d05e11f893" executionId="08420539-067d-4800-b4cc-7385ea4e9d53" testListId="8c84fa94-04c1-424b-9868-57a2d4851a1d" />
    <TestEntry testId="8ae75cc9-f446-8423-02f4-8951521dddea" executionId="5e4e1874-56c4-452c-a254-4c93ff098358" testListId="8c84fa94-04c1-424b-9868-57a2d4851a1d" />
    <TestEntry testId="0cb77ab1-521b-11c8-3bb7-b446f89fd442" executionId="47609bea-ffbc-4946-9329-cd5748c882f3" testListId="8c84fa94-04c1-424b-9868-57a2d4851a1d" />
    <TestEntry testId="9934ed5c-ec3d-be83-a7bb-49a8080f5222" executionId="34e745b7-2d73-4227-bd2c-5c64b1f696ec" testListId="8c84fa94-04c1-424b-9868-57a2d4851a1d" />
    <TestEntry testId="86a17428-12c6-ae4c-e69a-c674c5ef0743" executionId="e56f9a6e-0d73-4679-bef8-53e1c9b4b7b4" testListId="8c84fa94-04c1-424b-9868-57a2d4851a1d" />
    <TestEntry testId="37fd8f24-64d4-97b8-924e-9df53a2bba49" executionId="f7016b54-914b-45dc-ac7e-22c8f7446070" testListId="8c84fa94-04c1-424b-9868-57a2d4851a1d" />
    <TestEntry testId="40674ac4-16dc-cac3-a518-9dc834b42eb7" executionId="e58905d6-f8fc-4187-bc4b-d027e630a3b9" testListId="8c84fa94-04c1-424b-9868-57a2d4851a1d" />
    <TestEntry testId="6f6027ea-662a-9b22-a3eb-6d86c3a6fe45" executionId="632e55d8-18ba-4b42-8beb-ab5da7df3c34" testListId="8c84fa94-04c1-424b-9868-57a2d4851a1d" />
    <TestEntry testId="d02a2898-969c-e1f7-d1a2-db5d164e7ccd" executionId="96511b4f-0df0-456f-a8b9-601a84183234" testListId="8c84fa94-04c1-424b-9868-57a2d4851a1d" />
    <TestEntry testId="a0f289f7-c459-26f3-1bdf-576820d24a51" executionId="fe03232e-b7d6-4455-9a21-59df71f7b7b9" testListId="8c84fa94-04c1-424b-9868-57a2d4851a1d" />
    <TestEntry testId="5ebfd6bc-d822-eb58-1c10-315a9ef72183" executionId="0035b23c-6ec1-4cd2-8dce-80bf0c678598" testListId="8c84fa94-04c1-424b-9868-57a2d4851a1d" />
    <TestEntry testId="9726f9a9-fe5f-9e30-7e0c-10109d0d5e47" executionId="10f40947-75fc-4273-8c22-a302a995d8b6" testListId="8c84fa94-04c1-424b-9868-57a2d4851a1d" />
    <TestEntry testId="5d4d745e-1a98-8f1c-eb02-9e03b88e28fa" executionId="6d64d826-98ad-4406-92da-790812972e21" testListId="8c84fa94-04c1-424b-9868-57a2d4851a1d" />
    <TestEntry testId="5c1dca9d-acfd-1584-c2bc-71af97ae1575" executionId="1efa30e1-d196-44dd-9a11-825b165b23a4" testListId="8c84fa94-04c1-424b-9868-57a2d4851a1d" />
    <TestEntry testId="a3889960-c6ec-2c93-ec6e-9edc5d603260" executionId="85d2fdbc-53bf-4917-ae6a-25c9605b7cac" testListId="8c84fa94-04c1-424b-9868-57a2d4851a1d" />
    <TestEntry testId="bc223c1c-22be-d322-759d-e93ee8f0fffc" executionId="c3f9ea5d-c26b-4f35-bcd4-e91ccc83f56d" testListId="8c84fa94-04c1-424b-9868-57a2d4851a1d" />
    <TestEntry testId="6d0b9fae-e49f-8279-f4a9-dbe3caa852fe" executionId="828b866c-5ea3-453c-aed6-98f994aa4ae2" testListId="8c84fa94-04c1-424b-9868-57a2d4851a1d" />
    <TestEntry testId="f16fbbff-8fcd-714e-94a4-d7c677e29733" executionId="d9a8e6ba-99ce-4059-ac5c-5ff6acad478f" testListId="8c84fa94-04c1-424b-9868-57a2d4851a1d" />
    <TestEntry testId="44ba5ca1-5ff5-1dc9-1059-03f5fb1af5be" executionId="d03b20cf-670c-438e-bbe1-ac488212bd90" testListId="8c84fa94-04c1-424b-9868-57a2d4851a1d" />
    <TestEntry testId="6ee81b32-cfbc-153e-3633-ea98c9fac99b" executionId="9bf15510-fd4b-49a6-a889-144c5f34f3dd" testListId="8c84fa94-04c1-424b-9868-57a2d4851a1d" />
    <TestEntry testId="bc844632-f584-cc93-19f4-568140cb2c14" executionId="fcbbe8f7-2f19-46d2-9273-5ffd0bdcf0a1" testListId="8c84fa94-04c1-424b-9868-57a2d4851a1d" />
    <TestEntry testId="b87aa308-5874-d243-f901-44cdbcc1cbc9" executionId="57d4f7b2-550a-4e47-854b-780adcf2c787" testListId="8c84fa94-04c1-424b-9868-57a2d4851a1d" />
    <TestEntry testId="716f447a-a0aa-05c4-fd84-e7434ad488df" executionId="af8f15a3-2b12-4b72-9088-95769dde22ca" testListId="8c84fa94-04c1-424b-9868-57a2d4851a1d" />
    <TestEntry testId="cbb6191d-9b53-0921-28e7-8eb2f0dca3f1" executionId="4e7816a2-5e0d-4d02-8545-7ac49d8265cc" testListId="8c84fa94-04c1-424b-9868-57a2d4851a1d" />
    <TestEntry testId="ae897d86-3ef1-0b8a-e016-563ce5ffcc72" executionId="92affd69-912d-40e2-aabd-3e99d297f485" testListId="8c84fa94-04c1-424b-9868-57a2d4851a1d" />
    <TestEntry testId="24989759-03f9-dbbc-477b-9ced37842193" executionId="6f8138e8-c5d7-44ee-810a-a3f22293be6e" testListId="8c84fa94-04c1-424b-9868-57a2d4851a1d" />
    <TestEntry testId="17b05795-710d-ff50-f844-5dc2f5d275c2" executionId="6b62748a-e935-4cf4-9edf-aa542038324e" testListId="8c84fa94-04c1-424b-9868-57a2d4851a1d" />
    <TestEntry testId="483d482e-7caa-7e6a-f3dc-baf250c4e8f6" executionId="c393c9a1-1931-4952-99bd-a064fd8bb704" testListId="8c84fa94-04c1-424b-9868-57a2d4851a1d" />
    <TestEntry testId="e86df7ad-6853-7b65-bd47-c36f639077d0" executionId="544c522d-c286-40e1-88eb-f6a466457544" testListId="8c84fa94-04c1-424b-9868-57a2d4851a1d" />
    <TestEntry testId="5793086c-3e69-b231-2580-154b36c43ea6" executionId="2707bc35-344f-45d0-915d-845732c03472" testListId="8c84fa94-04c1-424b-9868-57a2d4851a1d" />
    <TestEntry testId="88a16fe0-e677-c72b-f4ba-b645b38686be" executionId="6d46c7ba-9a3d-41b8-9374-b6d7e09095c4" testListId="8c84fa94-04c1-424b-9868-57a2d4851a1d" />
    <TestEntry testId="6263a860-09da-a4e3-8850-c091a9d31d24" executionId="bfc482d1-0108-4ce8-bd05-302f8a5e17c5" testListId="8c84fa94-04c1-424b-9868-57a2d4851a1d" />
    <TestEntry testId="7f060b2a-1fda-faae-4ae9-83a73ad6f308" executionId="44e9c099-162a-4247-be1d-f1e2d04a9e6d" testListId="8c84fa94-04c1-424b-9868-57a2d4851a1d" />
    <TestEntry testId="a40fc07a-8d1c-db91-92b1-31d9fc4e9b8b" executionId="26c911b7-0780-438f-8c26-572222392f61" testListId="8c84fa94-04c1-424b-9868-57a2d4851a1d" />
    <TestEntry testId="60084fbf-80b9-59b4-e553-7f0b503afdf4" executionId="51eda55c-d99f-4d0e-ac59-156c992b7521" testListId="8c84fa94-04c1-424b-9868-57a2d4851a1d" />
    <TestEntry testId="13b164fc-df09-2d3f-9ec7-05b05e28a27b" executionId="79e4b253-99a7-4354-b205-5261ace824e8" testListId="8c84fa94-04c1-424b-9868-57a2d4851a1d" />
    <TestEntry testId="646a371d-4b7c-4eb4-2a22-209919c3db2f" executionId="79c4530f-b72e-43a5-b4fa-96be6c1cff5a" testListId="8c84fa94-04c1-424b-9868-57a2d4851a1d" />
    <TestEntry testId="d5957aea-6a6a-b329-b208-39732971ac6d" executionId="8eab3623-ee3d-4d86-83d2-505f5c034de3" testListId="8c84fa94-04c1-424b-9868-57a2d4851a1d" />
    <TestEntry testId="e0ae2897-a598-1aac-af32-547bedd29d8d" executionId="b99c0b86-b60b-4fd3-815d-1a022b382f12" testListId="8c84fa94-04c1-424b-9868-57a2d4851a1d" />
    <TestEntry testId="15888e9a-f3c9-7ba3-8265-a361f436849b" executionId="1b9263e1-2392-4d2b-a016-b3c113dfde05" testListId="8c84fa94-04c1-424b-9868-57a2d4851a1d" />
    <TestEntry testId="2436040b-c186-c702-f0f2-2ae3547b6900" executionId="516336f5-1ee0-416d-914c-75feb39b497d" testListId="8c84fa94-04c1-424b-9868-57a2d4851a1d" />
    <TestEntry testId="2ed6a8c5-6e3d-016c-d777-96e702e4d1c0" executionId="72903dec-1f74-46b3-be39-f18b3109278e" testListId="8c84fa94-04c1-424b-9868-57a2d4851a1d" />
    <TestEntry testId="d1901348-99a8-1fb2-47bf-3c3ed616662e" executionId="64de0a93-c03b-43d1-a068-fc7f449e7fce" testListId="8c84fa94-04c1-424b-9868-57a2d4851a1d" />
    <TestEntry testId="ff92a95a-b583-d45b-77d3-85935dc30d60" executionId="b381b09e-b736-465b-9933-d03f1c3cb6c4" testListId="8c84fa94-04c1-424b-9868-57a2d4851a1d" />
    <TestEntry testId="e3622c63-2381-168b-b32c-c575196fedde" executionId="d2cb1890-612b-4f0e-aac3-060ca5062e47" testListId="8c84fa94-04c1-424b-9868-57a2d4851a1d" />
    <TestEntry testId="56d042a6-6216-46d9-255b-ad2ebba035fd" executionId="79fd3751-a91e-4b87-bfef-3f9e1b323ef5" testListId="8c84fa94-04c1-424b-9868-57a2d4851a1d" />
    <TestEntry testId="3c8a176e-450b-5190-e852-5a50e245b5df" executionId="7324e892-a307-421f-83a2-0a6d134d7f17" testListId="8c84fa94-04c1-424b-9868-57a2d4851a1d" />
    <TestEntry testId="a66bd92d-acf2-4f21-4500-f532cce84d13" executionId="f59c30a8-132d-4ebc-b2b9-d642347e8843" testListId="8c84fa94-04c1-424b-9868-57a2d4851a1d" />
    <TestEntry testId="737df69f-938b-26e8-0b5f-8316b9dd334c" executionId="2857b1a5-f170-4cdc-8463-0c129e3584fc" testListId="8c84fa94-04c1-424b-9868-57a2d4851a1d" />
    <TestEntry testId="b7439823-fee5-d982-b60f-97c87c60ef54" executionId="6b021309-36c1-4a15-9dc7-f478bd9b337e" testListId="8c84fa94-04c1-424b-9868-57a2d4851a1d" />
    <TestEntry testId="cdfc7e4e-301f-99be-3d05-e6ae9f52887d" executionId="44eb1b69-c5bd-4f8a-bfe0-fb059e2ae230" testListId="8c84fa94-04c1-424b-9868-57a2d4851a1d" />
    <TestEntry testId="ffdc6f1f-0247-a0f0-e5eb-66200cdc94be" executionId="03f107cd-d660-4f9d-a4aa-598f43eca110" testListId="8c84fa94-04c1-424b-9868-57a2d4851a1d" />
    <TestEntry testId="5a5c2908-3f27-106b-9c33-5e9365c4059b" executionId="fd871a7b-e811-4f77-8ab5-0d5e1bb91c07" testListId="8c84fa94-04c1-424b-9868-57a2d4851a1d" />
    <TestEntry testId="b65be416-069f-6a5b-60f0-527a9627d1c7" executionId="9ac3c1d5-5b3b-4991-9ba9-94abec755509" testListId="8c84fa94-04c1-424b-9868-57a2d4851a1d" />
    <TestEntry testId="9c78aecc-402b-fec8-f7d3-6df585a49272" executionId="08c3e972-1496-4ccc-86df-6abc6343250e" testListId="8c84fa94-04c1-424b-9868-57a2d4851a1d" />
    <TestEntry testId="c9474880-0660-76e6-9150-e517104cefcc" executionId="3d559fab-8a08-4ee0-9dd2-d0d7877d38dd" testListId="8c84fa94-04c1-424b-9868-57a2d4851a1d" />
    <TestEntry testId="2dfc69b6-c131-61b0-578b-18e7ae6cec35" executionId="b34adbcc-7728-4771-8ddb-5bea1a19fe23" testListId="8c84fa94-04c1-424b-9868-57a2d4851a1d" />
    <TestEntry testId="a7d85989-8b8c-4b03-5ac7-613112b3dc88" executionId="72203253-d547-4755-a9c1-471dda89f8bf" testListId="8c84fa94-04c1-424b-9868-57a2d4851a1d" />
  </TestEntries>
  <TestLists>
    <TestList name="Results Not in a List" id="8c84fa94-04c1-424b-9868-57a2d4851a1d" />
    <TestList name="All Loaded Results" id="19431567-8539-422a-85d7-44ee4e166bda" />
  </TestLists>
  <ResultSummary outcome="Completed">
    <Counters total="136" executed="136" passed="136" failed="0" error="0" timeout="0" aborted="0" inconclusive="0" passedButRunAborted="0" notRunnable="0" notExecuted="0" disconnected="0" warning="0" completed="0" inProgress="0" pending="0" />
    <Output>
      <StdOut>[xUnit.net 00:00:00.00] xUnit.net VSTest Adapter v3.1.5+1b188a7b0a (64-bit .NET 10.0.9)&#xD;
[xUnit.net 00:00:00.34]   Discovering: HealthAxisCore_Api.Tests&#xD;
[xUnit.net 00:00:00.42]   Discovered:  HealthAxisCore_Api.Tests&#xD;
[xUnit.net 00:00:00.47]   Starting:    HealthAxisCore_Api.Tests&#xD;
     Warning:&#xD;
     The component "Fluent Assertions" is governed by the rules defined in the Xceed License Agreement and&#xD;
     the Xceed Fluent Assertions Community License. You may use Fluent Assertions free of charge for&#xD;
     non-commercial use only. An active subscription is required to use Fluent Assertions for commercial use.&#xD;
     Please contact Xceed Sales mailto:sales@xceed.com to acquire a subscription at a very low cost.&#xD;
     A paid commercial license supports the development and continued increasing support of&#xD;
     Fluent Assertions users under both commercial and community licenses. Help us&#xD;
     keep Fluent Assertions at the forefront of unit testing.&#xD;
     For more information, visit https://xceed.com/products/unit-testing/fluent-assertions/&#xD;
Doctor Temporary Password: Temp@8899&#xD;
[xUnit.net 00:00:03.62]   Finished:    HealthAxisCore_Api.Tests&#xD;
</StdOut>
    </Output>
  </ResultSummary>
</TestRun>