<?xml version="1.0" encoding="utf-8"?>
<TestRun id="8402bc3c-4a97-4036-a742-7989241cc5a4" name="287802@36012S3 2026-07-03 12:30:43" runUser="USTR\287802" xmlns="http://microsoft.com/schemas/VisualStudio/TeamTest/2010">
  <Times creation="2026-07-03T12:30:43.0992009+05:30" queuing="2026-07-03T12:30:43.0992010+05:30" start="2026-07-03T12:30:41.1761657+05:30" finish="2026-07-03T12:30:44.4842097+05:30" />
  <TestSettings name="default" id="9684daf8-ff16-40a1-8ab2-d8cc330272eb">
    <Deployment runDeploymentRoot="287802_36012S3_2026-07-03_12_30_43" />
  </TestSettings>
  <Results>
    <UnitTestResult executionId="27b06f3e-3300-47ae-82ac-e5d64641a836" testId="cbb6191d-9b53-0921-28e7-8eb2f0dca3f1" testName="HealthAxisCore_Api.Tests.Services.DoctorServiceTests.GetPagedAsync_WhenPageNumberLessThanOne_ShouldDefaultToOne" computerName="36012S3" duration="00:00:00.0024818" startTime="2026-07-03T12:30:43.0516318+05:30" endTime="2026-07-03T12:30:43.0541632+05:30" testType="13cdc9d9-ddb5-4fa4-a97d-d965ccfc6d4b" outcome="Passed" testListId="8c84fa94-04c1-424b-9868-57a2d4851a1d" relativeResultsDirectory="27b06f3e-3300-47ae-82ac-e5d64641a836" />
    <UnitTestResult executionId="d15bce97-57dd-4046-9513-08a18d21eec4" testId="d02a2898-969c-e1f7-d1a2-db5d164e7ccd" testName="HealthAxisCore_Api.Tests.Services.AppointmentServiceTests.GetPagedAsync_WithSearchByDoctorId_ShouldReturnMatchingAppointments" computerName="36012S3" duration="00:00:00.0024402" startTime="2026-07-03T12:30:43.1551849+05:30" endTime="2026-07-03T12:30:43.1567059+05:30" testType="13cdc9d9-ddb5-4fa4-a97d-d965ccfc6d4b" outcome="Passed" testListId="8c84fa94-04c1-424b-9868-57a2d4851a1d" relativeResultsDirectory="d15bce97-57dd-4046-9513-08a18d21eec4" />
    <UnitTestResult executionId="a2943b81-723d-44d7-b055-8e2cbf56ef75" testId="ffdc6f1f-0247-a0f0-e5eb-66200cdc94be" testName="HealthAxisCore_Api.Tests.Services.DoctorServiceTests.GetByIdAsync_WhenDoctorExists_ShouldReturnMappedDoctor" computerName="36012S3" duration="00:00:00.0050866" startTime="2026-07-03T12:30:43.0856381+05:30" endTime="2026-07-03T12:30:43.0905865+05:30" testType="13cdc9d9-ddb5-4fa4-a97d-d965ccfc6d4b" outcome="Passed" testListId="8c84fa94-04c1-424b-9868-57a2d4851a1d" relativeResultsDirectory="a2943b81-723d-44d7-b055-8e2cbf56ef75" />
    <UnitTestResult executionId="147593da-e35e-4972-9b4e-decb36a534db" testId="bc223c1c-22be-d322-759d-e93ee8f0fffc" testName="HealthAxisCore_Api.Tests.Services.HealthRecordServiceTests.CreateAsync_WhenHealthRecordAlreadyExistsForAppointment_ShouldThrowBusinessRuleException" computerName="36012S3" duration="00:00:00.0091408" startTime="2026-07-03T12:30:43.0490072+05:30" endTime="2026-07-03T12:30:43.0501233+05:30" testType="13cdc9d9-ddb5-4fa4-a97d-d965ccfc6d4b" outcome="Passed" testListId="8c84fa94-04c1-424b-9868-57a2d4851a1d" relativeResultsDirectory="147593da-e35e-4972-9b4e-decb36a534db" />
    <UnitTestResult executionId="66fc748a-ad21-495b-a964-881eaaf3db68" testId="13b164fc-df09-2d3f-9ec7-05b05e28a27b" testName="HealthAxisCore_Api.Tests.Services.DoctorServiceTests.UpdateAsync_WhenDoctorDoesNotExist_ShouldThrowEntityNotFoundException" computerName="36012S3" duration="00:00:00.0045746" startTime="2026-07-03T12:30:43.1220916+05:30" endTime="2026-07-03T12:30:43.1265606+05:30" testType="13cdc9d9-ddb5-4fa4-a97d-d965ccfc6d4b" outcome="Passed" testListId="8c84fa94-04c1-424b-9868-57a2d4851a1d" relativeResultsDirectory="66fc748a-ad21-495b-a964-881eaaf3db68" />
    <UnitTestResult executionId="75f7cad1-c9d4-42a1-aa91-a85a14c719e3" testId="5903e95f-476d-ad64-63b1-41cd198fd3cd" testName="HealthAxisCore_Api.Tests.Services.AppointmentServiceTests.CreateAsync_WhenDoctorIsUnavailable_ShouldThrowAppointmentRuleException" computerName="36012S3" duration="00:00:00.0045522" startTime="2026-07-03T12:30:43.1658473+05:30" endTime="2026-07-03T12:30:43.1703006+05:30" testType="13cdc9d9-ddb5-4fa4-a97d-d965ccfc6d4b" outcome="Passed" testListId="8c84fa94-04c1-424b-9868-57a2d4851a1d" relativeResultsDirectory="75f7cad1-c9d4-42a1-aa91-a85a14c719e3" />
    <UnitTestResult executionId="ebd60072-9dc0-48a0-8313-2765cccfcf5f" testId="5c1dca9d-acfd-1584-c2bc-71af97ae1575" testName="HealthAxisCore_Api.Tests.Services.PatientServiceTests.UpdateAsync_WhenPatientDoesNotExist_ShouldThrowEntityNotFoundException" computerName="36012S3" duration="00:00:00.0116932" startTime="2026-07-03T12:30:43.0444856+05:30" endTime="2026-07-03T12:30:43.0454573+05:30" testType="13cdc9d9-ddb5-4fa4-a97d-d965ccfc6d4b" outcome="Passed" testListId="8c84fa94-04c1-424b-9868-57a2d4851a1d" relativeResultsDirectory="ebd60072-9dc0-48a0-8313-2765cccfcf5f" />
    <UnitTestResult executionId="514842e6-e194-4c73-a55e-46516d395e13" testId="dcc873a1-4de3-0b84-64ec-0ee315b09231" testName="HealthAxisCore_Api.Tests.Services.AppointmentServiceTests.CancelAsync_WhenAppointmentNotFound_ShouldThrowEntityNotFoundException" computerName="36012S3" duration="00:00:00.0024335" startTime="2026-07-03T12:30:43.1774007+05:30" endTime="2026-07-03T12:30:43.1798075+05:30" testType="13cdc9d9-ddb5-4fa4-a97d-d965ccfc6d4b" outcome="Passed" testListId="8c84fa94-04c1-424b-9868-57a2d4851a1d" relativeResultsDirectory="514842e6-e194-4c73-a55e-46516d395e13" />
    <UnitTestResult executionId="7030e8ee-70af-4a69-a738-5d7829951c23" testId="29e4b51e-738e-9c78-4b72-394d89ed8c05" testName="HealthAxisCore_Api.Tests.Services.AppointmentServiceTests.CreateAsync_WhenTimeSlotIsWhitespace_ShouldThrowAppointmentRuleException" computerName="36012S3" duration="00:00:00.0022597" startTime="2026-07-03T12:30:43.1802290+05:30" endTime="2026-07-03T12:30:43.1820876+05:30" testType="13cdc9d9-ddb5-4fa4-a97d-d965ccfc6d4b" outcome="Passed" testListId="8c84fa94-04c1-424b-9868-57a2d4851a1d" relativeResultsDirectory="7030e8ee-70af-4a69-a738-5d7829951c23" />
    <UnitTestResult executionId="dd137928-8a12-4464-98e4-33df11f41bd5" testId="e6e0e118-103a-1814-f81e-407fb22064b8" testName="HealthAxisCore_Api.Tests.Services.PatientServiceTests.DeleteAsync_WhenPatientExists_ShouldDeletePatientAndReturnTrue" computerName="36012S3" duration="00:00:00.0029435" startTime="2026-07-03T12:30:43.0750013+05:30" endTime="2026-07-03T12:30:43.0769046+05:30" testType="13cdc9d9-ddb5-4fa4-a97d-d965ccfc6d4b" outcome="Passed" testListId="8c84fa94-04c1-424b-9868-57a2d4851a1d" relativeResultsDirectory="dd137928-8a12-4464-98e4-33df11f41bd5" />
    <UnitTestResult executionId="f6f05451-e686-4bb2-a0de-562a0c6a3c2b" testId="d559a479-ae80-5645-2701-30f636ef4ab3" testName="HealthAxisCore_Api.Tests.Services.AppointmentServiceTests.DeleteAsync_WhenAppointmentDoesNotExist_ShouldThrowEntityNotFoundException" computerName="36012S3" duration="00:00:00.0076175" startTime="2026-07-03T12:30:43.0997018+05:30" endTime="2026-07-03T12:30:43.1072184+05:30" testType="13cdc9d9-ddb5-4fa4-a97d-d965ccfc6d4b" outcome="Passed" testListId="8c84fa94-04c1-424b-9868-57a2d4851a1d" relativeResultsDirectory="f6f05451-e686-4bb2-a0de-562a0c6a3c2b" />
    <UnitTestResult executionId="5227625c-44dc-44d9-9330-2b40f5b04384" testId="bad64a99-6b30-78d9-d80f-9072ad4dc343" testName="HealthAxisCore_Api.Tests.Services.DoctorServiceTests.GetPagedAsync_WithSearchBySpecialisation_ShouldReturnMatchingDoctors" computerName="36012S3" duration="00:00:00.0025331" startTime="2026-07-03T12:30:43.0765576+05:30" endTime="2026-07-03T12:30:43.0790484+05:30" testType="13cdc9d9-ddb5-4fa4-a97d-d965ccfc6d4b" outcome="Passed" testListId="8c84fa94-04c1-424b-9868-57a2d4851a1d" relativeResultsDirectory="5227625c-44dc-44d9-9330-2b40f5b04384" />
    <UnitTestResult executionId="0424e277-29b2-4b5b-9fef-c3dfa8e67d9a" testId="bc844632-f584-cc93-19f4-568140cb2c14" testName="HealthAxisCore_Api.Tests.Services.AppointmentServiceTests.GetByPatientAsync_WhenAppointmentsExist_ShouldReturnMappedAppointments" computerName="36012S3" duration="00:00:00.0031739" startTime="2026-07-03T12:30:43.1261252+05:30" endTime="2026-07-03T12:30:43.1279774+05:30" testType="13cdc9d9-ddb5-4fa4-a97d-d965ccfc6d4b" outcome="Passed" testListId="8c84fa94-04c1-424b-9868-57a2d4851a1d" relativeResultsDirectory="0424e277-29b2-4b5b-9fef-c3dfa8e67d9a" />
    <UnitTestResult executionId="52e1ea2a-2827-4d70-8006-21c63a01ca71" testId="4a30418f-f7cd-91a6-f65c-2651e764347f" testName="HealthAxisCore_Api.Tests.Services.HealthRecordServiceTests.GetByPatientAsync_WhenRecordsExist_ShouldReturnMappedRecords" computerName="36012S3" duration="00:00:00.1986032" startTime="2026-07-03T12:30:42.7131240+05:30" endTime="2026-07-03T12:30:42.9432966+05:30" testType="13cdc9d9-ddb5-4fa4-a97d-d965ccfc6d4b" outcome="Passed" testListId="8c84fa94-04c1-424b-9868-57a2d4851a1d" relativeResultsDirectory="52e1ea2a-2827-4d70-8006-21c63a01ca71" />
    <UnitTestResult executionId="db97edaf-15e2-4690-aebf-b9cab51549e1" testId="2dfc69b6-c131-61b0-578b-18e7ae6cec35" testName="HealthAxisCore_Api.Tests.Services.AppointmentServiceTests.CreateAsync_WhenPatientHasSameDoctorSameDateSameSlot_ShouldThrowAppointmentRuleException" computerName="36012S3" duration="00:00:00.0048483" startTime="2026-07-03T12:30:43.1108801+05:30" endTime="2026-07-03T12:30:43.1154640+05:30" testType="13cdc9d9-ddb5-4fa4-a97d-d965ccfc6d4b" outcome="Passed" testListId="8c84fa94-04c1-424b-9868-57a2d4851a1d" relativeResultsDirectory="db97edaf-15e2-4690-aebf-b9cab51549e1" />
    <UnitTestResult executionId="a7c4cce3-6c36-4009-9ab1-61300cd2d3ec" testId="cc668ebe-7f31-5087-d498-c70f793d16d2" testName="HealthAxisCore_Api.Tests.Services.AppointmentServiceTests.GetPagedAsync_WithSearchByTimeSlot_ShouldReturnMatchingAppointments" computerName="36012S3" duration="00:00:00.0021731" startTime="2026-07-03T12:30:43.0735716+05:30" endTime="2026-07-03T12:30:43.0755282+05:30" testType="13cdc9d9-ddb5-4fa4-a97d-d965ccfc6d4b" outcome="Passed" testListId="8c84fa94-04c1-424b-9868-57a2d4851a1d" relativeResultsDirectory="a7c4cce3-6c36-4009-9ab1-61300cd2d3ec" />
    <UnitTestResult executionId="6f6b2906-43ff-477e-b8ba-c748a5347d41" testId="9c78aecc-402b-fec8-f7d3-6df585a49272" testName="HealthAxisCore_Api.Tests.Services.AppointmentServiceTests.ConfirmAsync_WhenAppointmentCompleted_ShouldThrowAppointmentRuleException" computerName="36012S3" duration="00:00:00.0056246" startTime="2026-07-03T12:30:43.0640266+05:30" endTime="2026-07-03T12:30:43.0653053+05:30" testType="13cdc9d9-ddb5-4fa4-a97d-d965ccfc6d4b" outcome="Passed" testListId="8c84fa94-04c1-424b-9868-57a2d4851a1d" relativeResultsDirectory="6f6b2906-43ff-477e-b8ba-c748a5347d41" />
    <UnitTestResult executionId="d0a81bfb-2b5e-4976-a4b3-0e02fefe0e2f" testId="4c5d263a-fc55-9a5c-0ff9-b39e1c7b9e2f" testName="HealthAxisCore_Api.Tests.Services.DoctorServiceTests.GetPagedAsync_WithActiveStatus_ShouldReturnOnlyActiveDoctors" computerName="36012S3" duration="00:00:00.0043208" startTime="2026-07-03T12:30:43.0504552+05:30" endTime="2026-07-03T12:30:43.0508113+05:30" testType="13cdc9d9-ddb5-4fa4-a97d-d965ccfc6d4b" outcome="Passed" testListId="8c84fa94-04c1-424b-9868-57a2d4851a1d" relativeResultsDirectory="d0a81bfb-2b5e-4976-a4b3-0e02fefe0e2f" />
    <UnitTestResult executionId="a52ff0e9-3043-4b77-8e80-b9df703ded57" testId="56d042a6-6216-46d9-255b-ad2ebba035fd" testName="HealthAxisCore_Api.Tests.Services.DoctorServiceTests.UpdateAsync_WhenDoctorExists_ShouldUpdateDoctorAndReturnTrue" computerName="36012S3" duration="00:00:00.0120935" startTime="2026-07-03T12:30:43.0657493+05:30" endTime="2026-07-03T12:30:43.0763045+05:30" testType="13cdc9d9-ddb5-4fa4-a97d-d965ccfc6d4b" outcome="Passed" testListId="8c84fa94-04c1-424b-9868-57a2d4851a1d" relativeResultsDirectory="a52ff0e9-3043-4b77-8e80-b9df703ded57" />
    <UnitTestResult executionId="0696c8dc-e6e3-4055-8694-6548a65bda3b" testId="93e73685-5464-0503-c54d-5c83bf57f98e" testName="HealthAxisCore_Api.Tests.Services.AppointmentServiceTests.CreateAsync_WhenScheduledDateIsMoreThanThirtyDaysAhead_ShouldThrowAppointmentRuleException" computerName="36012S3" duration="00:00:00.0024038" startTime="2026-07-03T12:30:43.1882298+05:30" endTime="2026-07-03T12:30:43.1905261+05:30" testType="13cdc9d9-ddb5-4fa4-a97d-d965ccfc6d4b" outcome="Passed" testListId="8c84fa94-04c1-424b-9868-57a2d4851a1d" relativeResultsDirectory="0696c8dc-e6e3-4055-8694-6548a65bda3b" />
    <UnitTestResult executionId="cc417345-4cf9-487e-aa94-108ef35bf58b" testId="d5957aea-6a6a-b329-b208-39732971ac6d" testName="HealthAxisCore_Api.Tests.Services.AppointmentServiceTests.GetPagedAsync_ShouldApplyPagination" computerName="36012S3" duration="00:00:00.0018095" startTime="2026-07-03T12:30:43.1568896+05:30" endTime="2026-07-03T12:30:43.1586241+05:30" testType="13cdc9d9-ddb5-4fa4-a97d-d965ccfc6d4b" outcome="Passed" testListId="8c84fa94-04c1-424b-9868-57a2d4851a1d" relativeResultsDirectory="cc417345-4cf9-487e-aa94-108ef35bf58b" />
    <UnitTestResult executionId="6edef5d2-485a-42c0-862a-a799866fbc85" testId="aff65490-1ea8-bfcb-996c-e6c75d401342" testName="HealthAxisCore_Api.Tests.Services.DoctorServiceTests.GetPagedAsync_WithSearchByEmail_ShouldReturnMatchingDoctor" computerName="36012S3" duration="00:00:00.0037133" startTime="2026-07-03T12:30:43.0509830+05:30" endTime="2026-07-03T12:30:43.0514080+05:30" testType="13cdc9d9-ddb5-4fa4-a97d-d965ccfc6d4b" outcome="Passed" testListId="8c84fa94-04c1-424b-9868-57a2d4851a1d" relativeResultsDirectory="6edef5d2-485a-42c0-862a-a799866fbc85" />
    <UnitTestResult executionId="498c11e6-0885-4308-a39d-72ff7b245d8b" testId="d324defb-2e03-788f-9092-933fe449233d" testName="HealthAxisCore_Api.Tests.Services.PatientServiceTests.DeleteAsync_WhenPatientDoesNotExist_ShouldThrowEntityNotFoundException" computerName="36012S3" duration="00:00:00.0463843" startTime="2026-07-03T12:30:42.9430851+05:30" endTime="2026-07-03T12:30:43.0366691+05:30" testType="13cdc9d9-ddb5-4fa4-a97d-d965ccfc6d4b" outcome="Passed" testListId="8c84fa94-04c1-424b-9868-57a2d4851a1d" relativeResultsDirectory="498c11e6-0885-4308-a39d-72ff7b245d8b" />
    <UnitTestResult executionId="79853e7b-b62a-4021-9303-1086626a5fd5" testId="716f447a-a0aa-05c4-fd84-e7434ad488df" testName="HealthAxisCore_Api.Tests.Services.DoctorServiceTests.CreateAsync_WhenIdentityCreateFails_ShouldThrowBusinessRuleException" computerName="36012S3" duration="00:00:00.0199058" startTime="2026-07-03T12:30:43.0637768+05:30" endTime="2026-07-03T12:30:43.0655765+05:30" testType="13cdc9d9-ddb5-4fa4-a97d-d965ccfc6d4b" outcome="Passed" testListId="8c84fa94-04c1-424b-9868-57a2d4851a1d" relativeResultsDirectory="79853e7b-b62a-4021-9303-1086626a5fd5" />
    <UnitTestResult executionId="0a2bbcaf-6b93-47ea-96c5-ddf71443149a" testId="7f060b2a-1fda-faae-4ae9-83a73ad6f308" testName="HealthAxisCore_Api.Tests.Services.AppointmentServiceTests.GetPagedAsync_WithSearchByAppointmentId_ShouldReturnMatchingAppointments" computerName="36012S3" duration="00:00:00.0096205" startTime="2026-07-03T12:30:43.0596572+05:30" endTime="2026-07-03T12:30:43.0611573+05:30" testType="13cdc9d9-ddb5-4fa4-a97d-d965ccfc6d4b" outcome="Passed" testListId="8c84fa94-04c1-424b-9868-57a2d4851a1d" relativeResultsDirectory="0a2bbcaf-6b93-47ea-96c5-ddf71443149a" />
    <UnitTestResult executionId="73e807df-f298-4843-8b7a-57dbe590e220" testId="37fd8f24-64d4-97b8-924e-9df53a2bba49" testName="HealthAxisCore_Api.Tests.Services.AuthServiceTests.RegisterAsync_WhenValidRequest_ShouldRegisterPatientAndReturnAuthResponse" computerName="36012S3" duration="00:00:00.0869379" startTime="2026-07-03T12:30:43.7080039+05:30" endTime="2026-07-03T12:30:43.7945565+05:30" testType="13cdc9d9-ddb5-4fa4-a97d-d965ccfc6d4b" outcome="Passed" testListId="8c84fa94-04c1-424b-9868-57a2d4851a1d" relativeResultsDirectory="73e807df-f298-4843-8b7a-57dbe590e220" />
    <UnitTestResult executionId="c9aa4f4f-9192-41b8-a5fb-3d4cba9d6c9d" testId="e86df7ad-6853-7b65-bd47-c36f639077d0" testName="HealthAxisCore_Api.Tests.Services.AuthServiceTests.ChangePasswordAsync_WhenValidRequest_ShouldChangePasswordAndUpdateUser" computerName="36012S3" duration="00:00:00.0049895" startTime="2026-07-03T12:30:44.2918035+05:30" endTime="2026-07-03T12:30:44.2966618+05:30" testType="13cdc9d9-ddb5-4fa4-a97d-d965ccfc6d4b" outcome="Passed" testListId="8c84fa94-04c1-424b-9868-57a2d4851a1d" relativeResultsDirectory="c9aa4f4f-9192-41b8-a5fb-3d4cba9d6c9d" />
    <UnitTestResult executionId="e99a9b91-77ef-4345-8f9d-da5dc3638dc9" testId="096e7d1c-5fdd-5e4c-3047-9944fd6e782f" testName="HealthAxisCore_Api.Tests.Services.AppointmentServiceTests.GetPagedAsync_WithStartDate_ShouldReturnAppointmentsAfterStartDate" computerName="36012S3" duration="00:00:00.0032505" startTime="2026-07-03T12:30:43.1075528+05:30" endTime="2026-07-03T12:30:43.1105440+05:30" testType="13cdc9d9-ddb5-4fa4-a97d-d965ccfc6d4b" outcome="Passed" testListId="8c84fa94-04c1-424b-9868-57a2d4851a1d" relativeResultsDirectory="e99a9b91-77ef-4345-8f9d-da5dc3638dc9" />
    <UnitTestResult executionId="624531b4-d3ff-4ab6-95f3-2f7c6ed62389" testId="c420437c-41b4-524b-6b0b-b5d05e11f893" testName="HealthAxisCore_Api.Tests.Services.AppointmentServiceTests.GetAllAsync_ShouldReturnMappedAppointments" computerName="36012S3" duration="00:00:00.0041916" startTime="2026-07-03T12:30:43.1207445+05:30" endTime="2026-07-03T12:30:43.1247217+05:30" testType="13cdc9d9-ddb5-4fa4-a97d-d965ccfc6d4b" outcome="Passed" testListId="8c84fa94-04c1-424b-9868-57a2d4851a1d" relativeResultsDirectory="624531b4-d3ff-4ab6-95f3-2f7c6ed62389" />
    <UnitTestResult executionId="909e77e0-27e0-4bdc-b8c7-479cda2c8f6b" testId="a94faad2-1779-5d82-272a-ad571bb23ae6" testName="HealthAxisCore_Api.Tests.Services.PatientServiceTests.GetAllAsync_WhenPatientsExist_ShouldReturnMappedPatients" computerName="36012S3" duration="00:00:00.0066235" startTime="2026-07-03T12:30:43.0425207+05:30" endTime="2026-07-03T12:30:43.0426076+05:30" testType="13cdc9d9-ddb5-4fa4-a97d-d965ccfc6d4b" outcome="Passed" testListId="8c84fa94-04c1-424b-9868-57a2d4851a1d" relativeResultsDirectory="909e77e0-27e0-4bdc-b8c7-479cda2c8f6b" />
    <UnitTestResult executionId="80c46b1e-4594-4d4c-861d-f29e2bee9d7c" testId="42f3519e-dad9-96d5-cdd3-42041de20506" testName="HealthAxisCore_Api.Tests.Services.HealthRecordServiceTests.GetByIdAsync_WhenRecordExists_ShouldReturnMappedRecord" computerName="36012S3" duration="00:00:00.0075755" startTime="2026-07-03T12:30:43.0348674+05:30" endTime="2026-07-03T12:30:43.0369334+05:30" testType="13cdc9d9-ddb5-4fa4-a97d-d965ccfc6d4b" outcome="Passed" testListId="8c84fa94-04c1-424b-9868-57a2d4851a1d" relativeResultsDirectory="80c46b1e-4594-4d4c-861d-f29e2bee9d7c" />
    <UnitTestResult executionId="056a1517-1b5a-4057-8dd0-b926e40a4a8d" testId="737df69f-938b-26e8-0b5f-8316b9dd334c" testName="HealthAxisCore_Api.Tests.Services.DoctorServiceTests.DeleteAsync_WhenDoctorDoesNotExist_ShouldThrowEntityNotFoundException" computerName="36012S3" duration="00:00:00.0056332" startTime="2026-07-03T12:30:43.0937893+05:30" endTime="2026-07-03T12:30:43.0992327+05:30" testType="13cdc9d9-ddb5-4fa4-a97d-d965ccfc6d4b" outcome="Passed" testListId="8c84fa94-04c1-424b-9868-57a2d4851a1d" relativeResultsDirectory="056a1517-1b5a-4057-8dd0-b926e40a4a8d" />
    <UnitTestResult executionId="371d2c20-4a4f-4e29-b0bb-817e75e94678" testId="9248f7e6-b770-ff4f-6771-c61513502eda" testName="HealthAxisCore_Api.Tests.Services.AppointmentServiceTests.GetPagedAsync_WithEndDate_ShouldReturnAppointmentsBeforeEndDate" computerName="36012S3" duration="00:00:00.0053829" startTime="2026-07-03T12:30:43.0624289+05:30" endTime="2026-07-03T12:30:43.0633468+05:30" testType="13cdc9d9-ddb5-4fa4-a97d-d965ccfc6d4b" outcome="Passed" testListId="8c84fa94-04c1-424b-9868-57a2d4851a1d" relativeResultsDirectory="371d2c20-4a4f-4e29-b0bb-817e75e94678" />
    <UnitTestResult executionId="7ba6eb9b-9e44-4c74-a595-4c5e6e74b92e" testId="8ae75cc9-f446-8423-02f4-8951521dddea" testName="HealthAxisCore_Api.Tests.Services.PatientServiceTests.GetByIdAsync_WhenPatientDoesNotExist_ShouldThrowEntityNotFoundException" computerName="36012S3" duration="00:00:00.0068382" startTime="2026-07-03T12:30:43.0659770+05:30" endTime="2026-07-03T12:30:43.0711128+05:30" testType="13cdc9d9-ddb5-4fa4-a97d-d965ccfc6d4b" outcome="Passed" testListId="8c84fa94-04c1-424b-9868-57a2d4851a1d" relativeResultsDirectory="7ba6eb9b-9e44-4c74-a595-4c5e6e74b92e" />
    <UnitTestResult executionId="505308b6-6b18-48c0-a78f-0285e3c89ac4" testId="24989759-03f9-dbbc-477b-9ced37842193" testName="HealthAxisCore_Api.Tests.Services.PatientServiceTests.GetPagedAsync_WhenPageSizeGreaterThanHundred_ShouldLimitToHundred" computerName="36012S3" duration="00:00:00.0029224" startTime="2026-07-03T12:30:43.0795156+05:30" endTime="2026-07-03T12:30:43.0831185+05:30" testType="13cdc9d9-ddb5-4fa4-a97d-d965ccfc6d4b" outcome="Passed" testListId="8c84fa94-04c1-424b-9868-57a2d4851a1d" relativeResultsDirectory="505308b6-6b18-48c0-a78f-0285e3c89ac4" />
    <UnitTestResult executionId="a196160d-27ae-461a-a979-539ab7575ca9" testId="d6132046-1b6d-200e-a670-827d9b59d219" testName="HealthAxisCore_Api.Tests.Services.HealthRecordServiceTests.GetByPatientAsync_WhenRepositoryReturnsEmptyList_ShouldThrowEntityNotFoundException" computerName="36012S3" duration="00:00:00.0051872" startTime="2026-07-03T12:30:43.0502630+05:30" endTime="2026-07-03T12:30:43.0510364+05:30" testType="13cdc9d9-ddb5-4fa4-a97d-d965ccfc6d4b" outcome="Passed" testListId="8c84fa94-04c1-424b-9868-57a2d4851a1d" relativeResultsDirectory="a196160d-27ae-461a-a979-539ab7575ca9" />
    <UnitTestResult executionId="f6a17c66-4380-455a-aeef-755c0b2a0193" testId="0e2a3242-2686-8c02-85c0-275b58c1340d" testName="HealthAxisCore_Api.Tests.Services.PatientServiceTests.GetPagedAsync_WithSearchByEmail_ShouldReturnMatchingPatient" computerName="36012S3" duration="00:00:00.1896609" startTime="2026-07-03T12:30:42.7130682+05:30" endTime="2026-07-03T12:30:42.9122763+05:30" testType="13cdc9d9-ddb5-4fa4-a97d-d965ccfc6d4b" outcome="Passed" testListId="8c84fa94-04c1-424b-9868-57a2d4851a1d" relativeResultsDirectory="f6a17c66-4380-455a-aeef-755c0b2a0193" />
    <UnitTestResult executionId="428f6001-9d3f-47fc-b7e0-bb625dafec90" testId="e7de5acf-69fa-0b91-a79b-4b8acfb7010d" testName="HealthAxisCore_Api.Tests.Services.HealthRecordServiceTests.GetAllAsync_WhenRecordsExist_ShouldReturnMappedRecords" computerName="36012S3" duration="00:00:00.0088077" startTime="2026-07-03T12:30:43.0464471+05:30" endTime="2026-07-03T12:30:43.0481212+05:30" testType="13cdc9d9-ddb5-4fa4-a97d-d965ccfc6d4b" outcome="Passed" testListId="8c84fa94-04c1-424b-9868-57a2d4851a1d" relativeResultsDirectory="428f6001-9d3f-47fc-b7e0-bb625dafec90" />
    <UnitTestResult executionId="4b8f91e7-8a83-400e-a6eb-04365c8256be" testId="ed7a488a-f5dc-86a1-e95f-c472b9b92c4c" testName="HealthAxisCore_Api.Tests.Services.PatientServiceTests.GetPagedAsync_WithSearchByPhoneNumber_ShouldReturnMatchingPatient" computerName="36012S3" duration="00:00:00.0026110" startTime="2026-07-03T12:30:43.0484618+05:30" endTime="2026-07-03T12:30:43.0487004+05:30" testType="13cdc9d9-ddb5-4fa4-a97d-d965ccfc6d4b" outcome="Passed" testListId="8c84fa94-04c1-424b-9868-57a2d4851a1d" relativeResultsDirectory="4b8f91e7-8a83-400e-a6eb-04365c8256be" />
    <UnitTestResult executionId="9b61e760-9920-43c4-b6ca-214a55a37876" testId="635e7ca7-ddf1-cde9-3229-a1ddbf36fd2c" testName="HealthAxisCore_Api.Tests.Services.DoctorServiceTests.FilterAsync_ShouldReturnMappedDoctors" computerName="36012S3" duration="00:00:00.0218841" startTime="2026-07-03T12:30:43.0359522+05:30" endTime="2026-07-03T12:30:43.0433073+05:30" testType="13cdc9d9-ddb5-4fa4-a97d-d965ccfc6d4b" outcome="Passed" testListId="8c84fa94-04c1-424b-9868-57a2d4851a1d" relativeResultsDirectory="9b61e760-9920-43c4-b6ca-214a55a37876" />
    <UnitTestResult executionId="52e4e648-5cb6-42fc-85d4-4d99ad7d71d5" testId="8520feed-9ca5-9a39-1209-4e6ad0d6418c" testName="HealthAxisCore_Api.Tests.Services.DoctorServiceTests.GetPagedAsync_WithSearchByDoctorName_ShouldReturnMatchingDoctor" computerName="36012S3" duration="00:00:00.0020531" startTime="2026-07-03T12:30:43.0564706+05:30" endTime="2026-07-03T12:30:43.0597443+05:30" testType="13cdc9d9-ddb5-4fa4-a97d-d965ccfc6d4b" outcome="Passed" testListId="8c84fa94-04c1-424b-9868-57a2d4851a1d" relativeResultsDirectory="52e4e648-5cb6-42fc-85d4-4d99ad7d71d5" />
    <UnitTestResult executionId="3ffa83b1-e343-41f1-a63a-114dc57df56b" testId="2b828348-0691-bc99-dc6f-1e108e6544c3" testName="HealthAxisCore_Api.Tests.Services.HealthRecordServiceTests.DeleteAsync_WhenRecordExists_ShouldDeleteRecordAndReturnTrue" computerName="36012S3" duration="00:00:00.0029965" startTime="2026-07-03T12:30:43.0454198+05:30" endTime="2026-07-03T12:30:43.0462974+05:30" testType="13cdc9d9-ddb5-4fa4-a97d-d965ccfc6d4b" outcome="Passed" testListId="8c84fa94-04c1-424b-9868-57a2d4851a1d" relativeResultsDirectory="3ffa83b1-e343-41f1-a63a-114dc57df56b" />
    <UnitTestResult executionId="bdf2f3dc-2d3f-448e-8811-2d318c6b99ec" testId="5a5c2908-3f27-106b-9c33-5e9365c4059b" testName="HealthAxisCore_Api.Tests.Services.AuthServiceTests.ChangePasswordAsync_WhenIdentityChangePasswordFails_ShouldThrowBusinessRuleException" computerName="36012S3" duration="00:00:00.0041647" startTime="2026-07-03T12:30:44.2393250+05:30" endTime="2026-07-03T12:30:44.2433790+05:30" testType="13cdc9d9-ddb5-4fa4-a97d-d965ccfc6d4b" outcome="Passed" testListId="8c84fa94-04c1-424b-9868-57a2d4851a1d" relativeResultsDirectory="bdf2f3dc-2d3f-448e-8811-2d318c6b99ec" />
    <UnitTestResult executionId="47c6f477-967e-499d-9484-21adb8492272" testId="86a17428-12c6-ae4c-e69a-c674c5ef0743" testName="HealthAxisCore_Api.Tests.Services.DoctorServiceTests.SetStatusAsync_WhenDoctorDoesNotExist_ShouldThrowEntityNotFoundException" computerName="36012S3" duration="00:00:00.0117336" startTime="2026-07-03T12:30:43.0435216+05:30" endTime="2026-07-03T12:30:43.0451262+05:30" testType="13cdc9d9-ddb5-4fa4-a97d-d965ccfc6d4b" outcome="Passed" testListId="8c84fa94-04c1-424b-9868-57a2d4851a1d" relativeResultsDirectory="47c6f477-967e-499d-9484-21adb8492272" />
    <UnitTestResult executionId="031956f5-f47f-4516-bbb7-fe513dd24c22" testId="2ed6a8c5-6e3d-016c-d777-96e702e4d1c0" testName="HealthAxisCore_Api.Tests.Services.DoctorServiceTests.GetPagedAsync_ShouldOrderDoctorsByName" computerName="36012S3" duration="00:00:00.0025602" startTime="2026-07-03T12:30:43.0604989+05:30" endTime="2026-07-03T12:30:43.0605763+05:30" testType="13cdc9d9-ddb5-4fa4-a97d-d965ccfc6d4b" outcome="Passed" testListId="8c84fa94-04c1-424b-9868-57a2d4851a1d" relativeResultsDirectory="031956f5-f47f-4516-bbb7-fe513dd24c22" />
    <UnitTestResult executionId="51aaea2f-639a-4460-99c6-403cfe10846c" testId="bb370f6b-0185-dcb5-5e7c-6fdccfecb0f0" testName="HealthAxisCore_Api.Tests.Services.DoctorServiceTests.GetPagedAsync_WithSpecialisationAll_ShouldNotFilterBySpecialisation" computerName="36012S3" duration="00:00:00.0016610" startTime="2026-07-03T12:30:43.0632713+05:30" endTime="2026-07-03T12:30:43.0635778+05:30" testType="13cdc9d9-ddb5-4fa4-a97d-d965ccfc6d4b" outcome="Passed" testListId="8c84fa94-04c1-424b-9868-57a2d4851a1d" relativeResultsDirectory="51aaea2f-639a-4460-99c6-403cfe10846c" />
    <UnitTestResult executionId="ce5b11e3-c990-4ec9-b92a-7770148b4288" testId="063732d5-57e0-9998-6825-3ffd226fbb73" testName="HealthAxisCore_Api.Tests.Services.AuthServiceTests.RefreshTokenAsync_WhenTokenIsRevoked_ShouldThrowUnauthorizedException" computerName="36012S3" duration="00:00:00.1065701" startTime="2026-07-03T12:30:44.1290548+05:30" endTime="2026-07-03T12:30:44.2355032+05:30" testType="13cdc9d9-ddb5-4fa4-a97d-d965ccfc6d4b" outcome="Passed" testListId="8c84fa94-04c1-424b-9868-57a2d4851a1d" relativeResultsDirectory="ce5b11e3-c990-4ec9-b92a-7770148b4288" />
    <UnitTestResult executionId="ba40bcf7-491e-4924-99c0-2134527f2e59" testId="e40996e9-8364-0839-1551-97bce8beb913" testName="HealthAxisCore_Api.Tests.Services.AppointmentServiceTests.CreateAsync_WhenDoctorSlotAlreadyBooked_ShouldThrowAppointmentRuleException" computerName="36012S3" duration="00:00:00.0060928" startTime="2026-07-03T12:30:43.0902172+05:30" endTime="2026-07-03T12:30:43.0960911+05:30" testType="13cdc9d9-ddb5-4fa4-a97d-d965ccfc6d4b" outcome="Passed" testListId="8c84fa94-04c1-424b-9868-57a2d4851a1d" relativeResultsDirectory="ba40bcf7-491e-4924-99c0-2134527f2e59" />
    <UnitTestResult executionId="c17bab76-9160-450c-84e2-a16e9bf51082" testId="07629545-6acf-22a9-dbbc-e3eeb346119c" testName="HealthAxisCore_Api.Tests.Services.AuthServiceTests.RegisterAsync_WhenUserAlreadyExists_ShouldThrowBusinessRuleException" computerName="36012S3" duration="00:00:00.0037767" startTime="2026-07-03T12:30:44.2662223+05:30" endTime="2026-07-03T12:30:44.2698558+05:30" testType="13cdc9d9-ddb5-4fa4-a97d-d965ccfc6d4b" outcome="Passed" testListId="8c84fa94-04c1-424b-9868-57a2d4851a1d" relativeResultsDirectory="c17bab76-9160-450c-84e2-a16e9bf51082" />
    <UnitTestResult executionId="eea7ad26-cc76-43ff-a12b-573293beb230" testId="483d482e-7caa-7e6a-f3dc-baf250c4e8f6" testName="HealthAxisCore_Api.Tests.Services.AppointmentServiceTests.CreateAsync_WhenPatientHasAppointmentWithDifferentDoctorSameDate_ShouldThrowAppointmentRuleException" computerName="36012S3" duration="00:00:00.0042150" startTime="2026-07-03T12:30:43.2151311+05:30" endTime="2026-07-03T12:30:43.2192101+05:30" testType="13cdc9d9-ddb5-4fa4-a97d-d965ccfc6d4b" outcome="Passed" testListId="8c84fa94-04c1-424b-9868-57a2d4851a1d" relativeResultsDirectory="eea7ad26-cc76-43ff-a12b-573293beb230" />
    <UnitTestResult executionId="dac283de-3967-4d17-a61a-30a8d4ca0b90" testId="bb240967-9f0d-eb3d-d0e7-117d68daa217" testName="HealthAxisCore_Api.Tests.Services.AppointmentServiceTests.CreateAsync_WithValidRequest_ShouldCreateAppointment" computerName="36012S3" duration="00:00:00.0073602" startTime="2026-07-03T12:30:43.1332536+05:30" endTime="2026-07-03T12:30:43.1404381+05:30" testType="13cdc9d9-ddb5-4fa4-a97d-d965ccfc6d4b" outcome="Passed" testListId="8c84fa94-04c1-424b-9868-57a2d4851a1d" relativeResultsDirectory="dac283de-3967-4d17-a61a-30a8d4ca0b90" />
    <UnitTestResult executionId="4b5dae24-678c-423d-a546-9c6f19fe06f4" testId="82ca34c3-b6fe-b57e-b1c1-01ffe046c78f" testName="HealthAxisCore_Api.Tests.Services.AppointmentServiceTests.GetPagedAsync_WithSearchByPatientId_ShouldReturnMatchingAppointments" computerName="36012S3" duration="00:00:00.0032686" startTime="2026-07-03T12:30:43.0359771+05:30" endTime="2026-07-03T12:30:43.0360633+05:30" testType="13cdc9d9-ddb5-4fa4-a97d-d965ccfc6d4b" outcome="Passed" testListId="8c84fa94-04c1-424b-9868-57a2d4851a1d" relativeResultsDirectory="4b5dae24-678c-423d-a546-9c6f19fe06f4" />
    <UnitTestResult executionId="42c1187e-585d-4585-b7ec-e8b5ff07a5d8" testId="bcc458ef-6abd-3440-ffd8-101efdaadd90" testName="HealthAxisCore_Api.Tests.Services.DoctorServiceTests.GetPagedAsync_WithStatusAll_ShouldNotFilterByStatus" computerName="36012S3" duration="00:00:00.0025684" startTime="2026-07-03T12:30:43.0792818+05:30" endTime="2026-07-03T12:30:43.0815837+05:30" testType="13cdc9d9-ddb5-4fa4-a97d-d965ccfc6d4b" outcome="Passed" testListId="8c84fa94-04c1-424b-9868-57a2d4851a1d" relativeResultsDirectory="42c1187e-585d-4585-b7ec-e8b5ff07a5d8" />
    <UnitTestResult executionId="e537cfbe-d5be-48f8-85f3-f7563f1bd437" testId="1f8fc005-8034-046c-6b70-660117e481c3" testName="HealthAxisCore_Api.Tests.Services.PatientServiceTests.SearchAsync_WhenPatientsFound_ShouldReturnMappedPatients" computerName="36012S3" duration="00:00:00.0060233" startTime="2026-07-03T12:30:43.0462410+05:30" endTime="2026-07-03T12:30:43.0466872+05:30" testType="13cdc9d9-ddb5-4fa4-a97d-d965ccfc6d4b" outcome="Passed" testListId="8c84fa94-04c1-424b-9868-57a2d4851a1d" relativeResultsDirectory="e537cfbe-d5be-48f8-85f3-f7563f1bd437" />
    <UnitTestResult executionId="ecfb9895-6b96-4061-9baf-2b220bcab39d" testId="06ff8164-8e58-0453-c4d3-4411731ddf34" testName="HealthAxisCore_Api.Tests.Services.HealthRecordServiceTests.CreateAsync_WhenDoctorIdIsNull_ShouldCreateRecordSuccessfully" computerName="36012S3" duration="00:00:00.0096790" startTime="2026-07-03T12:30:43.0371649+05:30" endTime="2026-07-03T12:30:43.0428280+05:30" testType="13cdc9d9-ddb5-4fa4-a97d-d965ccfc6d4b" outcome="Passed" testListId="8c84fa94-04c1-424b-9868-57a2d4851a1d" relativeResultsDirectory="ecfb9895-6b96-4061-9baf-2b220bcab39d" />
    <UnitTestResult executionId="1bbf5be9-412f-4493-be04-086b96d87aa5" testId="372eccf9-a766-db83-5e1c-f6d65fda98fb" testName="HealthAxisCore_Api.Tests.Services.AppointmentServiceTests.CompleteAsync_WhenAppointmentCancelled_ShouldThrowAppointmentRuleException" computerName="36012S3" duration="00:00:00.0024700" startTime="2026-07-03T12:30:43.1953185+05:30" endTime="2026-07-03T12:30:43.1976746+05:30" testType="13cdc9d9-ddb5-4fa4-a97d-d965ccfc6d4b" outcome="Passed" testListId="8c84fa94-04c1-424b-9868-57a2d4851a1d" relativeResultsDirectory="1bbf5be9-412f-4493-be04-086b96d87aa5" />
    <UnitTestResult executionId="ffb0c6de-cab1-4286-bd96-6419f3666f65" testId="28861832-e27f-d248-e2d3-5c17d5f667b6" testName="HealthAxisCore_Api.Tests.Services.PatientServiceTests.CreateAsync_WhenDuplicatePatientExists_ShouldThrowBusinessRuleException" computerName="36012S3" duration="00:00:00.0092742" startTime="2026-07-03T12:30:43.0630124+05:30" endTime="2026-07-03T12:30:43.0641116+05:30" testType="13cdc9d9-ddb5-4fa4-a97d-d965ccfc6d4b" outcome="Passed" testListId="8c84fa94-04c1-424b-9868-57a2d4851a1d" relativeResultsDirectory="ffb0c6de-cab1-4286-bd96-6419f3666f65" />
    <UnitTestResult executionId="c2f7f9e3-bb4b-4f3a-9ea2-1ac1ff5704bd" testId="54849638-9222-3519-5f23-73080971559d" testName="HealthAxisCore_Api.Tests.Services.AppointmentServiceTests.DeleteAsync_WhenAppointmentExists_ShouldDeleteAndReturnTrue" computerName="36012S3" duration="00:00:00.0018528" startTime="2026-07-03T12:30:43.1730485+05:30" endTime="2026-07-03T12:30:43.1746836+05:30" testType="13cdc9d9-ddb5-4fa4-a97d-d965ccfc6d4b" outcome="Passed" testListId="8c84fa94-04c1-424b-9868-57a2d4851a1d" relativeResultsDirectory="c2f7f9e3-bb4b-4f3a-9ea2-1ac1ff5704bd" />
    <UnitTestResult executionId="4c9fb985-bd84-4b5b-9ad6-cb64a2b87e54" testId="d1901348-99a8-1fb2-47bf-3c3ed616662e" testName="HealthAxisCore_Api.Tests.Services.PatientServiceTests.SearchAsync_WhenNoPatientsFound_ShouldReturnEmptyMappedList" computerName="36012S3" duration="00:00:00.0084042" startTime="2026-07-03T12:30:43.0427705+05:30" endTime="2026-07-03T12:30:43.0436081+05:30" testType="13cdc9d9-ddb5-4fa4-a97d-d965ccfc6d4b" outcome="Passed" testListId="8c84fa94-04c1-424b-9868-57a2d4851a1d" relativeResultsDirectory="4c9fb985-bd84-4b5b-9ad6-cb64a2b87e54" />
    <UnitTestResult executionId="7a4d5919-655f-47f5-8041-145cec7a9895" testId="f8ad33e3-d649-5b9b-5634-593a8323f488" testName="HealthAxisCore_Api.Tests.Services.AppointmentServiceTests.GetByDoctorAsync_WhenAppointmentsExist_ShouldReturnMappedAppointments" computerName="36012S3" duration="00:00:00.1857933" startTime="2026-07-03T12:30:42.7101612+05:30" endTime="2026-07-03T12:30:42.9227569+05:30" testType="13cdc9d9-ddb5-4fa4-a97d-d965ccfc6d4b" outcome="Passed" testListId="8c84fa94-04c1-424b-9868-57a2d4851a1d" relativeResultsDirectory="7a4d5919-655f-47f5-8041-145cec7a9895" />
    <UnitTestResult executionId="7897d278-0a61-42d1-b4e7-b963af11ac05" testId="6f1765eb-7e85-4326-348b-dca5a8ba30a5" testName="HealthAxisCore_Api.Tests.Services.AppointmentServiceTests.GetByDoctorAsync_WhenNoAppointments_ShouldThrowEntityNotFoundException" computerName="36012S3" duration="00:00:00.0049997" startTime="2026-07-03T12:30:43.0450705+05:30" endTime="2026-07-03T12:30:43.0465011+05:30" testType="13cdc9d9-ddb5-4fa4-a97d-d965ccfc6d4b" outcome="Passed" testListId="8c84fa94-04c1-424b-9868-57a2d4851a1d" relativeResultsDirectory="7897d278-0a61-42d1-b4e7-b963af11ac05" />
    <UnitTestResult executionId="58dfc0a7-ee9a-4d19-8efe-37473ab4bce4" testId="a66bd92d-acf2-4f21-4500-f532cce84d13" testName="HealthAxisCore_Api.Tests.Services.PatientServiceTests.GetPagedAsync_ShouldApplyPagination" computerName="36012S3" duration="00:00:00.0027037" startTime="2026-07-03T12:30:43.0714009+05:30" endTime="2026-07-03T12:30:43.0738662+05:30" testType="13cdc9d9-ddb5-4fa4-a97d-d965ccfc6d4b" outcome="Passed" testListId="8c84fa94-04c1-424b-9868-57a2d4851a1d" relativeResultsDirectory="58dfc0a7-ee9a-4d19-8efe-37473ab4bce4" />
    <UnitTestResult executionId="3e3fda8c-a0ce-4634-bce6-b8c07f20d2ca" testId="f16fbbff-8fcd-714e-94a4-d7c677e29733" testName="HealthAxisCore_Api.Tests.Services.AuthServiceTests.RegisterAsync_WhenCreateUserFails_ShouldThrowBusinessRuleException" computerName="36012S3" duration="00:00:00.0044593" startTime="2026-07-03T12:30:44.2534845+05:30" endTime="2026-07-03T12:30:44.2577992+05:30" testType="13cdc9d9-ddb5-4fa4-a97d-d965ccfc6d4b" outcome="Passed" testListId="8c84fa94-04c1-424b-9868-57a2d4851a1d" relativeResultsDirectory="3e3fda8c-a0ce-4634-bce6-b8c07f20d2ca" />
    <UnitTestResult executionId="c4353360-a107-4f42-944d-121341d77a65" testId="6b031548-847c-d18d-edac-9e192bce6f93" testName="HealthAxisCore_Api.Tests.Services.DoctorServiceTests.CreateAsync_WhenValidRequest_ShouldCreateDoctorAndIdentityUser" computerName="36012S3" duration="00:00:00.0225802" startTime="2026-07-03T12:30:43.0994626+05:30" endTime="2026-07-03T12:30:43.1218755+05:30" testType="13cdc9d9-ddb5-4fa4-a97d-d965ccfc6d4b" outcome="Passed" testListId="8c84fa94-04c1-424b-9868-57a2d4851a1d" relativeResultsDirectory="c4353360-a107-4f42-944d-121341d77a65" />
    <UnitTestResult executionId="56750ffd-a98f-4d21-bd38-e739666381d1" testId="9f95c5e1-742e-77d0-fe08-69f11fb58cb2" testName="HealthAxisCore_Api.Tests.Services.PatientServiceTests.GetPagedAsync_WhenPageNumberLessThanOne_ShouldDefaultToOne" computerName="36012S3" duration="00:00:00.0040376" startTime="2026-07-03T12:30:43.0471912+05:30" endTime="2026-07-03T12:30:43.0483236+05:30" testType="13cdc9d9-ddb5-4fa4-a97d-d965ccfc6d4b" outcome="Passed" testListId="8c84fa94-04c1-424b-9868-57a2d4851a1d" relativeResultsDirectory="56750ffd-a98f-4d21-bd38-e739666381d1" />
    <UnitTestResult executionId="47637c4e-7135-459b-99b0-2ff5e1508ed9" testId="0d6843bd-0505-1760-7f2e-c266851820a1" testName="HealthAxisCore_Api.Tests.Services.AuthServiceTests.LoginAsync_WhenValidCredentials_ShouldReturnAuthResponseAndStoreRefreshToken" computerName="36012S3" duration="00:00:00.2832410" startTime="2026-07-03T12:30:43.8457384+05:30" endTime="2026-07-03T12:30:44.1289095+05:30" testType="13cdc9d9-ddb5-4fa4-a97d-d965ccfc6d4b" outcome="Passed" testListId="8c84fa94-04c1-424b-9868-57a2d4851a1d" relativeResultsDirectory="47637c4e-7135-459b-99b0-2ff5e1508ed9" />
    <UnitTestResult executionId="9989d11d-5606-416c-9bf4-0c7f0a5ef7c6" testId="6c6666e9-38d9-b701-13f4-c8656471db2a" testName="HealthAxisCore_Api.Tests.Services.AppointmentServiceTests.GetPagedAsync_WhenPageSizeLessThanOne_ShouldDefaultToTen" computerName="36012S3" duration="00:00:00.0018192" startTime="2026-07-03T12:30:43.1863708+05:30" endTime="2026-07-03T12:30:43.1880386+05:30" testType="13cdc9d9-ddb5-4fa4-a97d-d965ccfc6d4b" outcome="Passed" testListId="8c84fa94-04c1-424b-9868-57a2d4851a1d" relativeResultsDirectory="9989d11d-5606-416c-9bf4-0c7f0a5ef7c6" />
    <UnitTestResult executionId="661ebb77-004a-422d-8b00-d0df718d0f92" testId="e89d0d89-8705-cb60-ff98-6b011347a24d" testName="HealthAxisCore_Api.Tests.Services.AppointmentServiceTests.FilterAsync_WhenAppointmentsExist_ShouldReturnMappedAppointments" computerName="36012S3" duration="00:00:00.0040183" startTime="2026-07-03T12:30:43.1833714+05:30" endTime="2026-07-03T12:30:43.1861517+05:30" testType="13cdc9d9-ddb5-4fa4-a97d-d965ccfc6d4b" outcome="Passed" testListId="8c84fa94-04c1-424b-9868-57a2d4851a1d" relativeResultsDirectory="661ebb77-004a-422d-8b00-d0df718d0f92" />
    <UnitTestResult executionId="55ef5a5c-27b8-4b36-ab2b-1079feae968a" testId="42d999eb-e8ef-1408-1e49-8f02bef15477" testName="HealthAxisCore_Api.Tests.Services.DoctorServiceTests.FilterAsync_WhenRepositoryReturnsEmptyList_ShouldReturnEmptyMappedList" computerName="36012S3" duration="00:00:00.0037542" startTime="2026-07-03T12:30:43.0830186+05:30" endTime="2026-07-03T12:30:43.0854186+05:30" testType="13cdc9d9-ddb5-4fa4-a97d-d965ccfc6d4b" outcome="Passed" testListId="8c84fa94-04c1-424b-9868-57a2d4851a1d" relativeResultsDirectory="55ef5a5c-27b8-4b36-ab2b-1079feae968a" />
    <UnitTestResult executionId="4b4eed9f-73e5-4d02-8120-9c4bbd906b39" testId="27f71c33-d82a-4763-f130-73ba4c175ee1" testName="HealthAxisCore_Api.Tests.Services.AppointmentServiceTests.GetByPatientAsync_WhenRepositoryReturnsNull_ShouldThrowEntityNotFoundException" computerName="36012S3" duration="00:00:00.0048824" startTime="2026-07-03T12:30:43.1156955+05:30" endTime="2026-07-03T12:30:43.1204492+05:30" testType="13cdc9d9-ddb5-4fa4-a97d-d965ccfc6d4b" outcome="Passed" testListId="8c84fa94-04c1-424b-9868-57a2d4851a1d" relativeResultsDirectory="4b4eed9f-73e5-4d02-8120-9c4bbd906b39" />
    <UnitTestResult executionId="59128b2f-0e69-4a6e-a00c-7275b21fd7cf" testId="0e05d91f-22d1-23ff-4e51-ecb064eadcb9" testName="HealthAxisCore_Api.Tests.Services.AppointmentServiceTests.GetByDoctorAsync_WhenRepositoryReturnsNull_ShouldThrowEntityNotFoundException" computerName="36012S3" duration="00:00:00.0028420" startTime="2026-07-03T12:30:43.1302186+05:30" endTime="2026-07-03T12:30:43.1329604+05:30" testType="13cdc9d9-ddb5-4fa4-a97d-d965ccfc6d4b" outcome="Passed" testListId="8c84fa94-04c1-424b-9868-57a2d4851a1d" relativeResultsDirectory="59128b2f-0e69-4a6e-a00c-7275b21fd7cf" />
    <UnitTestResult executionId="bb66d8d0-4e9d-485f-af81-fbe0f592d934" testId="b87aa308-5874-d243-f901-44cdbcc1cbc9" testName="HealthAxisCore_Api.Tests.Services.HealthRecordServiceTests.GetByIdAsync_WhenRecordDoesNotExist_ShouldThrowEntityNotFoundException" computerName="36012S3" duration="00:00:00.0051225" startTime="2026-07-03T12:30:43.0434988+05:30" endTime="2026-07-03T12:30:43.0447585+05:30" testType="13cdc9d9-ddb5-4fa4-a97d-d965ccfc6d4b" outcome="Passed" testListId="8c84fa94-04c1-424b-9868-57a2d4851a1d" relativeResultsDirectory="bb66d8d0-4e9d-485f-af81-fbe0f592d934" />
    <UnitTestResult executionId="b00c0ec1-b40c-459b-be91-ec141c8b6b7f" testId="9934ed5c-ec3d-be83-a7bb-49a8080f5222" testName="HealthAxisCore_Api.Tests.Services.PatientServiceTests.GetPagedAsync_ShouldOrderPatientsByName" computerName="36012S3" duration="00:00:00.0023172" startTime="2026-07-03T12:30:43.0771218+05:30" endTime="2026-07-03T12:30:43.0793533+05:30" testType="13cdc9d9-ddb5-4fa4-a97d-d965ccfc6d4b" outcome="Passed" testListId="8c84fa94-04c1-424b-9868-57a2d4851a1d" relativeResultsDirectory="b00c0ec1-b40c-459b-be91-ec141c8b6b7f" />
    <UnitTestResult executionId="46c2c718-8abe-4284-819e-17bf8bdcdd9a" testId="4996191e-4b3b-d8ca-ae44-3d4defbcda42" testName="HealthAxisCore_Api.Tests.Services.AppointmentServiceTests.GetPagedAsync_WhenPageNumberLessThanOne_ShouldDefaultToOne" computerName="36012S3" duration="00:00:00.0017851" startTime="2026-07-03T12:30:43.1906885+05:30" endTime="2026-07-03T12:30:43.1923418+05:30" testType="13cdc9d9-ddb5-4fa4-a97d-d965ccfc6d4b" outcome="Passed" testListId="8c84fa94-04c1-424b-9868-57a2d4851a1d" relativeResultsDirectory="46c2c718-8abe-4284-819e-17bf8bdcdd9a" />
    <UnitTestResult executionId="6fbc7387-17ba-4b11-8833-4640b469d262" testId="cdfc7e4e-301f-99be-3d05-e6ae9f52887d" testName="HealthAxisCore_Api.Tests.Services.AppointmentServiceTests.CompleteAsync_WhenAppointmentNotFound_ShouldThrowEntityNotFoundException" computerName="36012S3" duration="00:00:00.0024603" startTime="2026-07-03T12:30:43.1749764+05:30" endTime="2026-07-03T12:30:43.1772134+05:30" testType="13cdc9d9-ddb5-4fa4-a97d-d965ccfc6d4b" outcome="Passed" testListId="8c84fa94-04c1-424b-9868-57a2d4851a1d" relativeResultsDirectory="6fbc7387-17ba-4b11-8833-4640b469d262" />
    <UnitTestResult executionId="6874ed17-898d-4c21-9134-1178fadfa452" testId="c9474880-0660-76e6-9150-e517104cefcc" testName="HealthAxisCore_Api.Tests.Services.AppointmentServiceTests.CreateAsync_ShouldIgnoreCancelledAppointmentsWhenCheckingConflicts" computerName="36012S3" duration="00:00:00.0208129" startTime="2026-07-03T12:30:43.0470027+05:30" endTime="2026-07-03T12:30:43.0505099+05:30" testType="13cdc9d9-ddb5-4fa4-a97d-d965ccfc6d4b" outcome="Passed" testListId="8c84fa94-04c1-424b-9868-57a2d4851a1d" relativeResultsDirectory="6874ed17-898d-4c21-9134-1178fadfa452" />
    <UnitTestResult executionId="5833af2a-281e-4e7d-8bd5-3c33afb14c7e" testId="44ba5ca1-5ff5-1dc9-1059-03f5fb1af5be" testName="HealthAxisCore_Api.Tests.Services.AppointmentServiceTests.GetByIdAsync_WhenAppointmentExists_ShouldReturnMappedAppointment" computerName="36012S3" duration="00:00:00.0023780" startTime="2026-07-03T12:30:43.1704931+05:30" endTime="2026-07-03T12:30:43.1727326+05:30" testType="13cdc9d9-ddb5-4fa4-a97d-d965ccfc6d4b" outcome="Passed" testListId="8c84fa94-04c1-424b-9868-57a2d4851a1d" relativeResultsDirectory="5833af2a-281e-4e7d-8bd5-3c33afb14c7e" />
    <UnitTestResult executionId="7a9c7962-dfa1-45a0-a118-12b2f75aa665" testId="a7d85989-8b8c-4b03-5ac7-613112b3dc88" testName="HealthAxisCore_Api.Tests.Services.AppointmentServiceTests.CompleteAsync_WhenAppointmentConfirmed_ShouldCompleteAndReturnTrue" computerName="36012S3" duration="00:00:00.0030679" startTime="2026-07-03T12:30:43.0757770+05:30" endTime="2026-07-03T12:30:43.0786758+05:30" testType="13cdc9d9-ddb5-4fa4-a97d-d965ccfc6d4b" outcome="Passed" testListId="8c84fa94-04c1-424b-9868-57a2d4851a1d" relativeResultsDirectory="7a9c7962-dfa1-45a0-a118-12b2f75aa665" />
    <UnitTestResult executionId="8a776eff-83d3-45bd-a3ba-c0bf250510e1" testId="40674ac4-16dc-cac3-a518-9dc834b42eb7" testName="HealthAxisCore_Api.Tests.Services.DoctorServiceTests.GetAllAsync_ShouldReturnMappedDoctors" computerName="36012S3" duration="00:00:00.0062207" startTime="2026-07-03T12:30:43.0486424+05:30" endTime="2026-07-03T12:30:43.0492783+05:30" testType="13cdc9d9-ddb5-4fa4-a97d-d965ccfc6d4b" outcome="Passed" testListId="8c84fa94-04c1-424b-9868-57a2d4851a1d" relativeResultsDirectory="8a776eff-83d3-45bd-a3ba-c0bf250510e1" />
    <UnitTestResult executionId="20f2710e-2246-4c3a-a95f-056220a1d980" testId="cc94da51-538c-c1e8-211a-9420231e8c47" testName="HealthAxisCore_Api.Tests.Services.AppointmentServiceTests.FilterAsync_WhenRepositoryReturnsNull_ShouldThrowEntityNotFoundException" computerName="36012S3" duration="00:00:00.0156493" startTime="2026-07-03T12:30:43.0655006+05:30" endTime="2026-07-03T12:30:43.0699055+05:30" testType="13cdc9d9-ddb5-4fa4-a97d-d965ccfc6d4b" outcome="Passed" testListId="8c84fa94-04c1-424b-9868-57a2d4851a1d" relativeResultsDirectory="20f2710e-2246-4c3a-a95f-056220a1d980" />
    <UnitTestResult executionId="c7fe3ffe-2b04-4b7d-9b5f-598c651da1da" testId="0b918f1b-a2be-b4a2-b286-958ab896d86c" testName="HealthAxisCore_Api.Tests.Services.AuthServiceTests.LoginAsync_WhenPasswordInvalid_ShouldThrowUnauthorizedException" computerName="36012S3" duration="00:00:00.0036451" startTime="2026-07-03T12:30:44.2356592+05:30" endTime="2026-07-03T12:30:44.2392115+05:30" testType="13cdc9d9-ddb5-4fa4-a97d-d965ccfc6d4b" outcome="Passed" testListId="8c84fa94-04c1-424b-9868-57a2d4851a1d" relativeResultsDirectory="c7fe3ffe-2b04-4b7d-9b5f-598c651da1da" />
    <UnitTestResult executionId="e35fba79-a7c1-4347-bfcf-675b6a58e720" testId="0bb35232-247f-5337-15b5-dff0e7eeccda" testName="HealthAxisCore_Api.Tests.Services.AppointmentServiceTests.GetByPatientAsync_WhenNoAppointments_ShouldThrowEntityNotFoundException" computerName="36012S3" duration="00:00:00.0025852" startTime="2026-07-03T12:30:43.1442901+05:30" endTime="2026-07-03T12:30:43.1467095+05:30" testType="13cdc9d9-ddb5-4fa4-a97d-d965ccfc6d4b" outcome="Passed" testListId="8c84fa94-04c1-424b-9868-57a2d4851a1d" relativeResultsDirectory="e35fba79-a7c1-4347-bfcf-675b6a58e720" />
    <UnitTestResult executionId="a814d488-703d-49d7-9520-00ae839c357f" testId="5ebfd6bc-d822-eb58-1c10-315a9ef72183" testName="HealthAxisCore_Api.Tests.Services.HealthRecordServiceTests.GetByPatientAsync_WhenRepositoryReturnsNull_ShouldThrowEntityNotFoundException" computerName="36012S3" duration="00:00:00.0075209" startTime="2026-07-03T12:30:43.0429702+05:30" endTime="2026-07-03T12:30:43.0432569+05:30" testType="13cdc9d9-ddb5-4fa4-a97d-d965ccfc6d4b" outcome="Passed" testListId="8c84fa94-04c1-424b-9868-57a2d4851a1d" relativeResultsDirectory="a814d488-703d-49d7-9520-00ae839c357f" />
    <UnitTestResult executionId="fa43b740-a439-402d-a976-a2589f1e415c" testId="b65be416-069f-6a5b-60f0-527a9627d1c7" testName="HealthAxisCore_Api.Tests.Services.DoctorServiceTests.GetPagedAsync_ShouldApplyPagination" computerName="36012S3" duration="00:00:00.0026464" startTime="2026-07-03T12:30:43.0599503+05:30" endTime="2026-07-03T12:30:43.0603080+05:30" testType="13cdc9d9-ddb5-4fa4-a97d-d965ccfc6d4b" outcome="Passed" testListId="8c84fa94-04c1-424b-9868-57a2d4851a1d" relativeResultsDirectory="fa43b740-a439-402d-a976-a2589f1e415c" />
    <UnitTestResult executionId="7bdd3eca-8c15-41f4-bd97-07c3d067df33" testId="5d4d745e-1a98-8f1c-eb02-9e03b88e28fa" testName="HealthAxisCore_Api.Tests.Services.DoctorServiceTests.DeleteAsync_WhenDoctorExists_ShouldDeleteDoctorAndReturnTrue" computerName="36012S3" duration="00:00:00.0062267" startTime="2026-07-03T12:30:43.0500562+05:30" endTime="2026-07-03T12:30:43.0503167+05:30" testType="13cdc9d9-ddb5-4fa4-a97d-d965ccfc6d4b" outcome="Passed" testListId="8c84fa94-04c1-424b-9868-57a2d4851a1d" relativeResultsDirectory="7bdd3eca-8c15-41f4-bd97-07c3d067df33" />
    <UnitTestResult executionId="83f73e9d-b2c3-4824-8501-1844715f1c18" testId="e3622c63-2381-168b-b32c-c575196fedde" testName="HealthAxisCore_Api.Tests.Services.AppointmentServiceTests.FilterAsync_WhenNoAppointments_ShouldThrowEntityNotFoundException" computerName="36012S3" duration="00:00:00.0054180" startTime="2026-07-03T12:30:43.0789508+05:30" endTime="2026-07-03T12:30:43.0843083+05:30" testType="13cdc9d9-ddb5-4fa4-a97d-d965ccfc6d4b" outcome="Passed" testListId="8c84fa94-04c1-424b-9868-57a2d4851a1d" relativeResultsDirectory="83f73e9d-b2c3-4824-8501-1844715f1c18" />
    <UnitTestResult executionId="cb139c7b-66cc-4f2b-bae2-be94589c67d2" testId="427d52a1-e39e-0ea8-8130-afc718f896c7" testName="HealthAxisCore_Api.Tests.Services.AuthServiceTests.ChangePasswordAsync_WhenNewPasswordSameAsTemporaryPassword_ShouldThrowBusinessRuleException" computerName="36012S3" duration="00:00:00.0027867" startTime="2026-07-03T12:30:44.3113150+05:30" endTime="2026-07-03T12:30:44.3138769+05:30" testType="13cdc9d9-ddb5-4fa4-a97d-d965ccfc6d4b" outcome="Passed" testListId="8c84fa94-04c1-424b-9868-57a2d4851a1d" relativeResultsDirectory="cb139c7b-66cc-4f2b-bae2-be94589c67d2" />
    <UnitTestResult executionId="b8d12d35-00cc-4808-9fa0-82f651b627c8" testId="4f74a28d-fa0a-863f-11c8-25d677c51b8c" testName="HealthAxisCore_Api.Tests.Services.DoctorServiceTests.SetStatusAsync_WhenDoctorExists_ShouldSetStatusAndReturnTrue" computerName="36012S3" duration="00:00:00.0028231" startTime="2026-07-03T12:30:43.0907571+05:30" endTime="2026-07-03T12:30:43.0935166+05:30" testType="13cdc9d9-ddb5-4fa4-a97d-d965ccfc6d4b" outcome="Passed" testListId="8c84fa94-04c1-424b-9868-57a2d4851a1d" relativeResultsDirectory="b8d12d35-00cc-4808-9fa0-82f651b627c8" />
    <UnitTestResult executionId="2a12479c-b23c-4c9f-b04c-77f2dba35c1b" testId="f1bf9ead-d534-7b4d-7f24-ff17f02ce459" testName="HealthAxisCore_Api.Tests.Services.AuthServiceTests.LoginAsync_WhenUserHasNoRole_ShouldReturnDefaultUserRole" computerName="36012S3" duration="00:00:00.0034974" startTime="2026-07-03T12:30:44.2855641+05:30" endTime="2026-07-03T12:30:44.2889798+05:30" testType="13cdc9d9-ddb5-4fa4-a97d-d965ccfc6d4b" outcome="Passed" testListId="8c84fa94-04c1-424b-9868-57a2d4851a1d" relativeResultsDirectory="2a12479c-b23c-4c9f-b04c-77f2dba35c1b" />
    <UnitTestResult executionId="507320a5-8872-4372-a6f8-bef1acc14870" testId="1a7dbbe5-59a2-f48b-ea30-e9d8a3ae6051" testName="HealthAxisCore_Api.Tests.Services.AuthServiceTests.RevokeRefreshTokenAsync_WhenTokenExists_ShouldRevokeToken" computerName="36012S3" duration="00:00:00.0131918" startTime="2026-07-03T12:30:44.2721877+05:30" endTime="2026-07-03T12:30:44.2854245+05:30" testType="13cdc9d9-ddb5-4fa4-a97d-d965ccfc6d4b" outcome="Passed" testListId="8c84fa94-04c1-424b-9868-57a2d4851a1d" relativeResultsDirectory="507320a5-8872-4372-a6f8-bef1acc14870" />
    <UnitTestResult executionId="c0c0ddaa-5d8e-4825-a823-9429663fe4df" testId="1c4d8b27-513e-d454-eb60-fffa408172af" testName="HealthAxisCore_Api.Tests.Services.PatientServiceTests.GetByIdAsync_WhenPatientExists_ShouldReturnMappedPatient" computerName="36012S3" duration="00:00:00.0066044" startTime="2026-07-03T12:30:43.0602203+05:30" endTime="2026-07-03T12:30:43.0608744+05:30" testType="13cdc9d9-ddb5-4fa4-a97d-d965ccfc6d4b" outcome="Passed" testListId="8c84fa94-04c1-424b-9868-57a2d4851a1d" relativeResultsDirectory="c0c0ddaa-5d8e-4825-a823-9429663fe4df" />
    <UnitTestResult executionId="0a525f7d-3d59-4a34-8f9a-3b6094946404" testId="094a727a-2ad6-248e-0c2b-fa11d3d42136" testName="HealthAxisCore_Api.Tests.Services.AppointmentServiceTests.GetPagedAsync_WithStatusFilter_ShouldReturnOnlyMatchingStatus" computerName="36012S3" duration="00:00:00.0157669" startTime="2026-07-03T12:30:42.9431429+05:30" endTime="2026-07-03T12:30:42.9435649+05:30" testType="13cdc9d9-ddb5-4fa4-a97d-d965ccfc6d4b" outcome="Passed" testListId="8c84fa94-04c1-424b-9868-57a2d4851a1d" relativeResultsDirectory="0a525f7d-3d59-4a34-8f9a-3b6094946404" />
    <UnitTestResult executionId="e7cbb78f-494c-4a8e-bd39-d442708ca2b0" testId="3c8a176e-450b-5190-e852-5a50e245b5df" testName="HealthAxisCore_Api.Tests.Services.PatientServiceTests.GetPagedAsync_WithGenderFilter_ShouldReturnMatchingPatients" computerName="36012S3" duration="00:00:00.0035434" startTime="2026-07-03T12:30:43.0488162+05:30" endTime="2026-07-03T12:30:43.0490650+05:30" testType="13cdc9d9-ddb5-4fa4-a97d-d965ccfc6d4b" outcome="Passed" testListId="8c84fa94-04c1-424b-9868-57a2d4851a1d" relativeResultsDirectory="e7cbb78f-494c-4a8e-bd39-d442708ca2b0" />
    <UnitTestResult executionId="6397bb75-3999-4a00-a300-a59a96618d04" testId="0085bfd0-1fb5-7fb4-f314-0003be09ef88" testName="HealthAxisCore_Api.Tests.Services.AppointmentServiceTests.CreateAsync_WhenPatientHasSameDoctorSameDateDifferentSlot_ShouldThrowAppointmentRuleException" computerName="36012S3" duration="00:00:00.0049068" startTime="2026-07-03T12:30:43.1493686+05:30" endTime="2026-07-03T12:30:43.1542501+05:30" testType="13cdc9d9-ddb5-4fa4-a97d-d965ccfc6d4b" outcome="Passed" testListId="8c84fa94-04c1-424b-9868-57a2d4851a1d" relativeResultsDirectory="6397bb75-3999-4a00-a300-a59a96618d04" />
    <UnitTestResult executionId="6a8e1dbc-b48e-4db4-8eb8-0721d51114da" testId="85f155f5-3c71-35af-b2d6-5abd4abfb0ed" testName="HealthAxisCore_Api.Tests.Services.HealthRecordServiceTests.DeleteAsync_WhenRecordDoesNotExist_ShouldThrowEntityNotFoundException" computerName="36012S3" duration="00:00:00.0069479" startTime="2026-07-03T12:30:43.0448932+05:30" endTime="2026-07-03T12:30:43.0453003+05:30" testType="13cdc9d9-ddb5-4fa4-a97d-d965ccfc6d4b" outcome="Passed" testListId="8c84fa94-04c1-424b-9868-57a2d4851a1d" relativeResultsDirectory="6a8e1dbc-b48e-4db4-8eb8-0721d51114da" />
    <UnitTestResult executionId="6854e56d-034c-47f2-b3aa-22d299a8682d" testId="4692e229-d8bb-18c6-007b-9bcc325a88bf" testName="HealthAxisCore_Api.Tests.Services.AppointmentServiceTests.CreateAsync_WhenDtoIsNull_ShouldThrowAppointmentRuleException" computerName="36012S3" duration="00:00:00.0033942" startTime="2026-07-03T12:30:43.0702517+05:30" endTime="2026-07-03T12:30:43.0732745+05:30" testType="13cdc9d9-ddb5-4fa4-a97d-d965ccfc6d4b" outcome="Passed" testListId="8c84fa94-04c1-424b-9868-57a2d4851a1d" relativeResultsDirectory="6854e56d-034c-47f2-b3aa-22d299a8682d" />
    <UnitTestResult executionId="2ca175ea-98e9-4a8f-8dfe-31327726f4c3" testId="5793086c-3e69-b231-2580-154b36c43ea6" testName="HealthAxisCore_Api.Tests.Services.AuthServiceTests.RefreshTokenAsync_WhenTokenDoesNotExist_ShouldThrowUnauthorizedException" computerName="36012S3" duration="00:00:00.0088740" startTime="2026-07-03T12:30:44.3023206+05:30" endTime="2026-07-03T12:30:44.3111902+05:30" testType="13cdc9d9-ddb5-4fa4-a97d-d965ccfc6d4b" outcome="Passed" testListId="8c84fa94-04c1-424b-9868-57a2d4851a1d" relativeResultsDirectory="2ca175ea-98e9-4a8f-8dfe-31327726f4c3" />
    <UnitTestResult executionId="380c6b2a-2074-4bfc-94c4-b943b60efa5d" testId="e878076e-a55e-7f9b-5a3c-07ab6f3c3dc9" testName="HealthAxisCore_Api.Tests.Services.AuthServiceTests.RefreshTokenAsync_WhenTokenIsValid_ShouldReturnNewAuthResponse" computerName="36012S3" duration="00:00:00.0053706" startTime="2026-07-03T12:30:44.2973540+05:30" endTime="2026-07-03T12:30:44.3021857+05:30" testType="13cdc9d9-ddb5-4fa4-a97d-d965ccfc6d4b" outcome="Passed" testListId="8c84fa94-04c1-424b-9868-57a2d4851a1d" relativeResultsDirectory="380c6b2a-2074-4bfc-94c4-b943b60efa5d" />
    <UnitTestResult executionId="3fb65314-3f70-47fe-87ef-72429f34bdbc" testId="bf1c4cd0-fa7d-1dbd-e3c9-f94d6315da54" testName="HealthAxisCore_Api.Tests.Services.AppointmentServiceTests.CancelAsync_WhenAppointmentCompleted_ShouldThrowAppointmentRuleException" computerName="36012S3" duration="00:00:00.0024703" startTime="2026-07-03T12:30:43.2127210+05:30" endTime="2026-07-03T12:30:43.2149532+05:30" testType="13cdc9d9-ddb5-4fa4-a97d-d965ccfc6d4b" outcome="Passed" testListId="8c84fa94-04c1-424b-9868-57a2d4851a1d" relativeResultsDirectory="3fb65314-3f70-47fe-87ef-72429f34bdbc" />
    <UnitTestResult executionId="a11ef2d6-b660-4749-b14c-c92d1548666b" testId="88a16fe0-e677-c72b-f4ba-b645b38686be" testName="HealthAxisCore_Api.Tests.Services.PatientServiceTests.UpdateAsync_WhenPatientExists_ShouldUpdatePatientAndReturnTrue" computerName="36012S3" duration="00:00:00.0149061" startTime="2026-07-03T12:30:43.0652225+05:30" endTime="2026-07-03T12:30:43.0658005+05:30" testType="13cdc9d9-ddb5-4fa4-a97d-d965ccfc6d4b" outcome="Passed" testListId="8c84fa94-04c1-424b-9868-57a2d4851a1d" relativeResultsDirectory="a11ef2d6-b660-4749-b14c-c92d1548666b" />
    <UnitTestResult executionId="5d2e62e5-ba4e-4ee7-be0e-ad0e6274ec54" testId="432fd773-a8bb-682f-dd61-4624a2a215ac" testName="HealthAxisCore_Api.Tests.Services.AppointmentServiceTests.GetPagedAsync_WhenPageSizeGreaterThanHundred_ShouldLimitToHundred" computerName="36012S3" duration="00:00:00.0040361" startTime="2026-07-03T12:30:43.0507344+05:30" endTime="2026-07-03T12:30:43.0511280+05:30" testType="13cdc9d9-ddb5-4fa4-a97d-d965ccfc6d4b" outcome="Passed" testListId="8c84fa94-04c1-424b-9868-57a2d4851a1d" relativeResultsDirectory="5d2e62e5-ba4e-4ee7-be0e-ad0e6274ec54" />
    <UnitTestResult executionId="c926a6dc-fa9b-4bf6-b27d-3eb61e7a3a5f" testId="eef5786f-a98d-2b44-ef21-f96a93ea19fd" testName="HealthAxisCore_Api.Tests.Services.DoctorServiceTests.GetPagedAsync_WithInactiveStatus_ShouldReturnOnlyInactiveDoctors" computerName="36012S3" duration="00:00:00.0033233" startTime="2026-07-03T12:30:43.0627419+05:30" endTime="2026-07-03T12:30:43.0630901+05:30" testType="13cdc9d9-ddb5-4fa4-a97d-d965ccfc6d4b" outcome="Passed" testListId="8c84fa94-04c1-424b-9868-57a2d4851a1d" relativeResultsDirectory="c926a6dc-fa9b-4bf6-b27d-3eb61e7a3a5f" />
    <UnitTestResult executionId="e62e40a3-46a4-4494-a753-ffdcd1084f60" testId="6d0b9fae-e49f-8279-f4a9-dbe3caa852fe" testName="HealthAxisCore_Api.Tests.Services.AppointmentServiceTests.CreateAsync_WhenTimeSlotFormatIsInvalid_ShouldThrowAppointmentRuleException" computerName="36012S3" duration="00:00:00.0154123" startTime="2026-07-03T12:30:43.0365729+05:30" endTime="2026-07-03T12:30:43.0430351+05:30" testType="13cdc9d9-ddb5-4fa4-a97d-d965ccfc6d4b" outcome="Passed" testListId="8c84fa94-04c1-424b-9868-57a2d4851a1d" relativeResultsDirectory="e62e40a3-46a4-4494-a753-ffdcd1084f60" />
    <UnitTestResult executionId="859d5e02-11de-463c-bd2e-642f7d0a5a7e" testId="b7439823-fee5-d982-b60f-97c87c60ef54" testName="HealthAxisCore_Api.Tests.Services.AuthServiceTests.RegisterAsync_WhenPasswordsDoNotMatch_ShouldThrowBusinessRuleException" computerName="36012S3" duration="00:00:00.0031099" startTime="2026-07-03T12:30:44.2516393+05:30" endTime="2026-07-03T12:30:44.2533546+05:30" testType="13cdc9d9-ddb5-4fa4-a97d-d965ccfc6d4b" outcome="Passed" testListId="8c84fa94-04c1-424b-9868-57a2d4851a1d" relativeResultsDirectory="859d5e02-11de-463c-bd2e-642f7d0a5a7e" />
    <UnitTestResult executionId="204552fd-8dc7-4d84-9581-f2955d0eaae4" testId="ae897d86-3ef1-0b8a-e016-563ce5ffcc72" testName="HealthAxisCore_Api.Tests.Services.AppointmentServiceTests.GetBookedSlotsAsync_WhenDateIsDefault_ShouldThrowAppointmentRuleException" computerName="36012S3" duration="00:00:00.0266268" startTime="2026-07-03T12:30:42.9436898+05:30" endTime="2026-07-03T12:30:43.0356882+05:30" testType="13cdc9d9-ddb5-4fa4-a97d-d965ccfc6d4b" outcome="Passed" testListId="8c84fa94-04c1-424b-9868-57a2d4851a1d" relativeResultsDirectory="204552fd-8dc7-4d84-9581-f2955d0eaae4" />
    <UnitTestResult executionId="4812377b-367d-4c1f-bbce-b3360f6297ca" testId="a3889960-c6ec-2c93-ec6e-9edc5d603260" testName="HealthAxisCore_Api.Tests.Services.AuthServiceTests.RegisterAsync_WhenRoleIsNotPatient_ShouldThrowBusinessRuleException" computerName="36012S3" duration="00:00:00.0021461" startTime="2026-07-03T12:30:44.2700154+05:30" endTime="2026-07-03T12:30:44.2720826+05:30" testType="13cdc9d9-ddb5-4fa4-a97d-d965ccfc6d4b" outcome="Passed" testListId="8c84fa94-04c1-424b-9868-57a2d4851a1d" relativeResultsDirectory="4812377b-367d-4c1f-bbce-b3360f6297ca" />
    <UnitTestResult executionId="7dddf5d8-9a2b-4268-9f72-8e0229e0825f" testId="69a0c6bd-f4f7-595f-3417-980af8f65aac" testName="HealthAxisCore_Api.Tests.Services.AppointmentServiceTests.GetBookedSlotsAsync_ShouldReturnNormalizedDistinctOrderedSlots" computerName="36012S3" duration="00:00:00.0068915" startTime="2026-07-03T12:30:43.1587811+05:30" endTime="2026-07-03T12:30:43.1656293+05:30" testType="13cdc9d9-ddb5-4fa4-a97d-d965ccfc6d4b" outcome="Passed" testListId="8c84fa94-04c1-424b-9868-57a2d4851a1d" relativeResultsDirectory="7dddf5d8-9a2b-4268-9f72-8e0229e0825f" />
    <UnitTestResult executionId="120f57d6-c3b9-4023-85ca-792ccd2b0367" testId="76c423c3-99b2-272c-3285-c16a731e687e" testName="HealthAxisCore_Api.Tests.Services.PatientServiceTests.GetPagedAsync_WithSearchByPatientName_ShouldReturnMatchingPatient" computerName="36012S3" duration="00:00:00.0034624" startTime="2026-07-03T12:30:43.0468211+05:30" endTime="2026-07-03T12:30:43.0470532+05:30" testType="13cdc9d9-ddb5-4fa4-a97d-d965ccfc6d4b" outcome="Passed" testListId="8c84fa94-04c1-424b-9868-57a2d4851a1d" relativeResultsDirectory="120f57d6-c3b9-4023-85ca-792ccd2b0367" />
    <UnitTestResult executionId="6c5156b6-bbec-4487-ad90-cf265e0d9eac" testId="6ee81b32-cfbc-153e-3633-ea98c9fac99b" testName="HealthAxisCore_Api.Tests.Services.AppointmentServiceTests.ConfirmAsync_WhenAppointmentAlreadyConfirmed_ShouldThrowAppointmentRuleException" computerName="36012S3" duration="00:00:00.0024640" startTime="2026-07-03T12:30:43.1469026+05:30" endTime="2026-07-03T12:30:43.1492177+05:30" testType="13cdc9d9-ddb5-4fa4-a97d-d965ccfc6d4b" outcome="Passed" testListId="8c84fa94-04c1-424b-9868-57a2d4851a1d" relativeResultsDirectory="6c5156b6-bbec-4487-ad90-cf265e0d9eac" />
    <UnitTestResult executionId="6393312a-16f3-4a8f-b3d4-a437c4401e82" testId="c425b5fa-e86c-03d6-c613-2d19e88517e2" testName="HealthAxisCore_Api.Tests.Services.AppointmentServiceTests.CreateAsync_WhenDoctorSlotAlreadyBookedWithTimeRange_ShouldThrowAppointmentRuleException" computerName="36012S3" duration="00:00:00.0044841" startTime="2026-07-03T12:30:43.2204997+05:30" endTime="2026-07-03T12:30:43.2238260+05:30" testType="13cdc9d9-ddb5-4fa4-a97d-d965ccfc6d4b" outcome="Passed" testListId="8c84fa94-04c1-424b-9868-57a2d4851a1d" relativeResultsDirectory="6393312a-16f3-4a8f-b3d4-a437c4401e82" />
    <UnitTestResult executionId="b6ecccb8-f54e-4e24-9875-60af68ae105e" testId="672e814a-8fdb-ed53-0fcf-e0a49f349801" testName="HealthAxisCore_Api.Tests.Services.AuthServiceTests.LoginAsync_WhenUserDoesNotExist_ShouldThrowUnauthorizedException" computerName="36012S3" duration="00:00:00.0508904" startTime="2026-07-03T12:30:43.7946963+05:30" endTime="2026-07-03T12:30:43.8455895+05:30" testType="13cdc9d9-ddb5-4fa4-a97d-d965ccfc6d4b" outcome="Passed" testListId="8c84fa94-04c1-424b-9868-57a2d4851a1d" relativeResultsDirectory="b6ecccb8-f54e-4e24-9875-60af68ae105e" />
    <UnitTestResult executionId="73625d31-4834-4805-8856-aedc870cfb7a" testId="646a371d-4b7c-4eb4-2a22-209919c3db2f" testName="HealthAxisCore_Api.Tests.Services.AppointmentServiceTests.CreateAsync_WhenScheduledDateTimeIsInPast_ShouldThrowAppointmentRuleException" computerName="36012S3" duration="00:00:00.0050540" startTime="2026-07-03T12:30:43.0466392+05:30" endTime="2026-07-03T12:30:43.0468788+05:30" testType="13cdc9d9-ddb5-4fa4-a97d-d965ccfc6d4b" outcome="Passed" testListId="8c84fa94-04c1-424b-9868-57a2d4851a1d" relativeResultsDirectory="73625d31-4834-4805-8856-aedc870cfb7a" />
    <UnitTestResult executionId="d0e26592-dcd3-40e2-acda-3cbdc8870830" testId="60084fbf-80b9-59b4-e553-7f0b503afdf4" testName="HealthAxisCore_Api.Tests.Services.DoctorServiceTests.GetPagedAsync_WhenPageSizeGreaterThanHundred_ShouldLimitToHundred" computerName="36012S3" duration="00:00:00.0116991" startTime="2026-07-03T12:30:43.0452470+05:30" endTime="2026-07-03T12:30:43.0472612+05:30" testType="13cdc9d9-ddb5-4fa4-a97d-d965ccfc6d4b" outcome="Passed" testListId="8c84fa94-04c1-424b-9868-57a2d4851a1d" relativeResultsDirectory="d0e26592-dcd3-40e2-acda-3cbdc8870830" />
    <UnitTestResult executionId="f37fd5df-3927-4024-a210-cb78fcaff509" testId="5701981d-34b5-0910-4ae8-66a6939d750f" testName="HealthAxisCore_Api.Tests.Services.AppointmentServiceTests.CompleteAsync_WhenAppointmentAlreadyCompleted_ShouldThrowAppointmentRuleException" computerName="36012S3" duration="00:00:00.0040320" startTime="2026-07-03T12:30:43.0635212+05:30" endTime="2026-07-03T12:30:43.0638593+05:30" testType="13cdc9d9-ddb5-4fa4-a97d-d965ccfc6d4b" outcome="Passed" testListId="8c84fa94-04c1-424b-9868-57a2d4851a1d" relativeResultsDirectory="f37fd5df-3927-4024-a210-cb78fcaff509" />
    <UnitTestResult executionId="65e4afe5-bda2-4cd5-ab76-7b951b49c367" testId="2436040b-c186-c702-f0f2-2ae3547b6900" testName="HealthAxisCore_Api.Tests.Services.AppointmentServiceTests.GetByIdAsync_WhenAppointmentDoesNotExist_ShouldThrowEntityNotFoundException" computerName="36012S3" duration="00:00:00.0035403" startTime="2026-07-03T12:30:43.1406562+05:30" endTime="2026-07-03T12:30:43.1440782+05:30" testType="13cdc9d9-ddb5-4fa4-a97d-d965ccfc6d4b" outcome="Passed" testListId="8c84fa94-04c1-424b-9868-57a2d4851a1d" relativeResultsDirectory="65e4afe5-bda2-4cd5-ab76-7b951b49c367" />
    <UnitTestResult executionId="2a9ecd71-fd38-4e8a-97ea-678788353586" testId="6060b414-1b55-231c-0261-de434481ef90" testName="HealthAxisCore_Api.Tests.Services.DoctorServiceTests.GetByIdAsync_WhenDoctorDoesNotExist_ShouldThrowEntityNotFoundException" computerName="36012S3" duration="00:00:00.2404744" startTime="2026-07-03T12:30:42.7131686+05:30" endTime="2026-07-03T12:30:43.0350107+05:30" testType="13cdc9d9-ddb5-4fa4-a97d-d965ccfc6d4b" outcome="Passed" testListId="8c84fa94-04c1-424b-9868-57a2d4851a1d" relativeResultsDirectory="2a9ecd71-fd38-4e8a-97ea-678788353586" />
    <UnitTestResult executionId="d5292e86-9cc3-4613-9b20-d9f7ee65bc8e" testId="8fa44a01-2dc9-8c67-882f-f4c753406e75" testName="HealthAxisCore_Api.Tests.Services.PatientServiceTests.GetPagedAsync_WhenPageSizeLessThanOne_ShouldDefaultToTen" computerName="36012S3" duration="00:00:00.0036703" startTime="2026-07-03T12:30:43.0368674+05:30" endTime="2026-07-03T12:30:43.0372624+05:30" testType="13cdc9d9-ddb5-4fa4-a97d-d965ccfc6d4b" outcome="Passed" testListId="8c84fa94-04c1-424b-9868-57a2d4851a1d" relativeResultsDirectory="d5292e86-9cc3-4613-9b20-d9f7ee65bc8e" />
    <UnitTestResult executionId="ffb583bd-342c-43c5-9678-f7886b5182d9" testId="0c161ea4-494c-3220-0629-f4469bebc4ed" testName="HealthAxisCore_Api.Tests.Services.AuthServiceTests.ChangePasswordAsync_WhenUserDoesNotExist_ShouldThrowEntityNotFoundException" computerName="36012S3" duration="00:00:00.9912823" startTime="2026-07-03T12:30:42.7131494+05:30" endTime="2026-07-03T12:30:43.7078576+05:30" testType="13cdc9d9-ddb5-4fa4-a97d-d965ccfc6d4b" outcome="Passed" testListId="8c84fa94-04c1-424b-9868-57a2d4851a1d" relativeResultsDirectory="ffb583bd-342c-43c5-9678-f7886b5182d9" />
    <UnitTestResult executionId="72f6f3a8-f0d6-4eff-89f9-4da028d5a0c1" testId="a40fc07a-8d1c-db91-92b1-31d9fc4e9b8b" testName="HealthAxisCore_Api.Tests.Services.AppointmentServiceTests.ConfirmAsync_WhenAppointmentPending_ShouldConfirmAndReturnTrue" computerName="36012S3" duration="00:00:00.0019819" startTime="2026-07-03T12:30:43.1281881+05:30" endTime="2026-07-03T12:30:43.1300330+05:30" testType="13cdc9d9-ddb5-4fa4-a97d-d965ccfc6d4b" outcome="Passed" testListId="8c84fa94-04c1-424b-9868-57a2d4851a1d" relativeResultsDirectory="72f6f3a8-f0d6-4eff-89f9-4da028d5a0c1" />
    <UnitTestResult executionId="48c073c9-ac0e-41e8-945f-bf2f065b6270" testId="424c59a4-b4c7-9185-64dc-06fd58c77662" testName="HealthAxisCore_Api.Tests.Services.DoctorServiceTests.GetPagedAsync_WithSpecialisationFilter_ShouldReturnMatchingDoctors" computerName="36012S3" duration="00:00:00.0032884" startTime="2026-07-03T12:30:43.0607838+05:30" endTime="2026-07-03T12:30:43.0625298+05:30" testType="13cdc9d9-ddb5-4fa4-a97d-d965ccfc6d4b" outcome="Passed" testListId="8c84fa94-04c1-424b-9868-57a2d4851a1d" relativeResultsDirectory="48c073c9-ac0e-41e8-945f-bf2f065b6270" />
    <UnitTestResult executionId="ae4e36e6-5490-4c74-ab5c-43cd664cb444" testId="e0ae2897-a598-1aac-af32-547bedd29d8d" testName="HealthAxisCore_Api.Tests.Services.HealthRecordServiceTests.CreateAsync_WhenValidRequest_ShouldCreateRecordAndReturnMappedResponse" computerName="36012S3" duration="00:00:00.0333403" startTime="2026-07-03T12:30:42.9434963+05:30" endTime="2026-07-03T12:30:42.9534740+05:30" testType="13cdc9d9-ddb5-4fa4-a97d-d965ccfc6d4b" outcome="Passed" testListId="8c84fa94-04c1-424b-9868-57a2d4851a1d" relativeResultsDirectory="ae4e36e6-5490-4c74-ab5c-43cd664cb444" />
    <UnitTestResult executionId="6d212dcf-09bb-4b1e-92ec-6baf76cffc7e" testId="ff92a95a-b583-d45b-77d3-85935dc30d60" testName="HealthAxisCore_Api.Tests.Services.AuthServiceTests.RefreshTokenAsync_WhenTokenIsExpired_ShouldThrowUnauthorizedException" computerName="36012S3" duration="00:00:00.0026731" startTime="2026-07-03T12:30:44.2890828+05:30" endTime="2026-07-03T12:30:44.2917005+05:30" testType="13cdc9d9-ddb5-4fa4-a97d-d965ccfc6d4b" outcome="Passed" testListId="8c84fa94-04c1-424b-9868-57a2d4851a1d" relativeResultsDirectory="6d212dcf-09bb-4b1e-92ec-6baf76cffc7e" />
    <UnitTestResult executionId="5bffa693-d7bf-43e4-8fd2-ee558e2ec099" testId="9bd8c3a0-b44c-f5aa-6c4c-ec4822626b9d" testName="HealthAxisCore_Api.Tests.Services.PatientServiceTests.CreateAsync_WhenValidRequest_ShouldCreatePatientAndReturnMappedResponse" computerName="36012S3" duration="00:00:00.0200998" startTime="2026-07-03T12:30:43.0492259+05:30" endTime="2026-07-03T12:30:43.0600261+05:30" testType="13cdc9d9-ddb5-4fa4-a97d-d965ccfc6d4b" outcome="Passed" testListId="8c84fa94-04c1-424b-9868-57a2d4851a1d" relativeResultsDirectory="5bffa693-d7bf-43e4-8fd2-ee558e2ec099" />
    <UnitTestResult executionId="4831e3af-81a4-4c85-80e3-c03dda15c677" testId="fb88db7e-092a-e84b-0ad3-b7f19a24dfd2" testName="HealthAxisCore_Api.Tests.Services.HealthRecordServiceTests.GetAllAsync_WhenNoRecordsExist_ShouldReturnEmptyMappedList" computerName="36012S3" duration="00:00:00.0053815" startTime="2026-07-03T12:30:43.0482700+05:30" endTime="2026-07-03T12:30:43.0488697+05:30" testType="13cdc9d9-ddb5-4fa4-a97d-d965ccfc6d4b" outcome="Passed" testListId="8c84fa94-04c1-424b-9868-57a2d4851a1d" relativeResultsDirectory="4831e3af-81a4-4c85-80e3-c03dda15c677" />
    <UnitTestResult executionId="89448a5b-b1bc-4391-b2c4-d96174c53c81" testId="0cb77ab1-521b-11c8-3bb7-b446f89fd442" testName="HealthAxisCore_Api.Tests.Services.AuthServiceTests.RevokeRefreshTokenAsync_WhenTokenDoesNotExist_ShouldThrowEntityNotFoundException" computerName="36012S3" duration="00:00:00.0081324" startTime="2026-07-03T12:30:44.2579159+05:30" endTime="2026-07-03T12:30:44.2661083+05:30" testType="13cdc9d9-ddb5-4fa4-a97d-d965ccfc6d4b" outcome="Passed" testListId="8c84fa94-04c1-424b-9868-57a2d4851a1d" relativeResultsDirectory="89448a5b-b1bc-4391-b2c4-d96174c53c81" />
    <UnitTestResult executionId="b7baee0e-aab1-4a34-8305-92510dddebb1" testId="9726f9a9-fe5f-9e30-7e0c-10109d0d5e47" testName="HealthAxisCore_Api.Tests.Services.AppointmentServiceTests.CompleteAsync_WhenAppointmentPending_ShouldThrowAppointmentRuleException" computerName="36012S3" duration="00:00:00.0062647" startTime="2026-07-03T12:30:43.0447019+05:30" endTime="2026-07-03T12:30:43.0449434+05:30" testType="13cdc9d9-ddb5-4fa4-a97d-d965ccfc6d4b" outcome="Passed" testListId="8c84fa94-04c1-424b-9868-57a2d4851a1d" relativeResultsDirectory="b7baee0e-aab1-4a34-8305-92510dddebb1" />
    <UnitTestResult executionId="dcd9a971-c6ca-4df7-93be-9eba9f47e725" testId="20f1dbbc-3e3c-4c3a-f8c6-2e062010a838" testName="HealthAxisCore_Api.Tests.Services.DoctorServiceTests.GetPagedAsync_WhenPageSizeLessThanOne_ShouldDefaultToTen" computerName="36012S3" duration="00:00:00.0027268" startTime="2026-07-03T12:30:43.0480528+05:30" endTime="2026-07-03T12:30:43.0485143+05:30" testType="13cdc9d9-ddb5-4fa4-a97d-d965ccfc6d4b" outcome="Passed" testListId="8c84fa94-04c1-424b-9868-57a2d4851a1d" relativeResultsDirectory="dcd9a971-c6ca-4df7-93be-9eba9f47e725" />
    <UnitTestResult executionId="536abfe7-e1eb-45fc-bbfb-d455f4138f86" testId="c708b804-753d-87d5-cf8b-cf81b762db04" testName="HealthAxisCore_Api.Tests.Services.AppointmentServiceTests.ConfirmAsync_WhenAppointmentCancelled_ShouldThrowAppointmentRuleException" computerName="36012S3" duration="00:00:00.0026153" startTime="2026-07-03T12:30:43.1924768+05:30" endTime="2026-07-03T12:30:43.1950589+05:30" testType="13cdc9d9-ddb5-4fa4-a97d-d965ccfc6d4b" outcome="Passed" testListId="8c84fa94-04c1-424b-9868-57a2d4851a1d" relativeResultsDirectory="536abfe7-e1eb-45fc-bbfb-d455f4138f86" />
    <UnitTestResult executionId="8e47ad7e-2e87-445c-bb7b-24d7a2879b5b" testId="6f6027ea-662a-9b22-a3eb-6d86c3a6fe45" testName="HealthAxisCore_Api.Tests.Services.PatientServiceTests.GetAllAsync_WhenNoPatientsExist_ShouldReturnEmptyMappedList" computerName="36012S3" duration="00:00:00.0046362" startTime="2026-07-03T12:30:43.0833752+05:30" endTime="2026-07-03T12:30:43.0871228+05:30" testType="13cdc9d9-ddb5-4fa4-a97d-d965ccfc6d4b" outcome="Passed" testListId="8c84fa94-04c1-424b-9868-57a2d4851a1d" relativeResultsDirectory="8e47ad7e-2e87-445c-bb7b-24d7a2879b5b" />
    <UnitTestResult executionId="500456e7-c62b-4314-ad1c-e37e75cf511f" testId="15888e9a-f3c9-7ba3-8265-a361f436849b" testName="HealthAxisCore_Api.Tests.Services.AuthServiceTests.RefreshTokenAsync_WhenUserHasNoRole_ShouldReturnDefaultUserRole" computerName="36012S3" duration="00:00:00.0066887" startTime="2026-07-03T12:30:44.2434973+05:30" endTime="2026-07-03T12:30:44.2502273+05:30" testType="13cdc9d9-ddb5-4fa4-a97d-d965ccfc6d4b" outcome="Passed" testListId="8c84fa94-04c1-424b-9868-57a2d4851a1d" relativeResultsDirectory="500456e7-c62b-4314-ad1c-e37e75cf511f" />
    <UnitTestResult executionId="268de4e2-f3e7-47d8-8711-c1b8e86c50a8" testId="6263a860-09da-a4e3-8850-c091a9d31d24" testName="HealthAxisCore_Api.Tests.Services.AppointmentServiceTests.CancelAsync_WhenAppointmentIsValid_ShouldCancelAndReturnTrue" computerName="36012S3" duration="00:00:00.0051052" startTime="2026-07-03T12:30:43.0848114+05:30" endTime="2026-07-03T12:30:43.0899030+05:30" testType="13cdc9d9-ddb5-4fa4-a97d-d965ccfc6d4b" outcome="Passed" testListId="8c84fa94-04c1-424b-9868-57a2d4851a1d" relativeResultsDirectory="268de4e2-f3e7-47d8-8711-c1b8e86c50a8" />
    <UnitTestResult executionId="f271deb0-4e13-4d00-840e-3e56cdcab0f8" testId="a0f289f7-c459-26f3-1bdf-576820d24a51" testName="HealthAxisCore_Api.Tests.Services.PatientServiceTests.GetPagedAsync_WithGenderAll_ShouldNotFilterByGender" computerName="36012S3" duration="00:00:00.0021405" startTime="2026-07-03T12:30:43.0610812+05:30" endTime="2026-07-03T12:30:43.0628258+05:30" testType="13cdc9d9-ddb5-4fa4-a97d-d965ccfc6d4b" outcome="Passed" testListId="8c84fa94-04c1-424b-9868-57a2d4851a1d" relativeResultsDirectory="f271deb0-4e13-4d00-840e-3e56cdcab0f8" />
    <UnitTestResult executionId="4781a916-39a7-463b-b458-b042a7eeb62f" testId="17b05795-710d-ff50-f844-5dc2f5d275c2" testName="HealthAxisCore_Api.Tests.Services.AppointmentServiceTests.GetBookedSlotsAsync_WhenDoctorIdInvalid_ShouldThrowAppointmentRuleException" computerName="36012S3" duration="00:00:00.0146902" startTime="2026-07-03T12:30:43.1983542+05:30" endTime="2026-07-03T12:30:43.2124447+05:30" testType="13cdc9d9-ddb5-4fa4-a97d-d965ccfc6d4b" outcome="Passed" testListId="8c84fa94-04c1-424b-9868-57a2d4851a1d" relativeResultsDirectory="4781a916-39a7-463b-b458-b042a7eeb62f" />
    <UnitTestResult executionId="caa040b2-9d4f-4a8f-918b-ddfc99d25374" testId="3f0509b7-6376-77cc-1117-4bbdf55e5899" testName="HealthAxisCore_Api.Tests.Services.AppointmentServiceTests.ConfirmAsync_WhenAppointmentNotFound_ShouldThrowEntityNotFoundException" computerName="36012S3" duration="00:00:00.0076749" startTime="2026-07-03T12:30:43.0432061+05:30" endTime="2026-07-03T12:30:43.0445534+05:30" testType="13cdc9d9-ddb5-4fa4-a97d-d965ccfc6d4b" outcome="Passed" testListId="8c84fa94-04c1-424b-9868-57a2d4851a1d" relativeResultsDirectory="caa040b2-9d4f-4a8f-918b-ddfc99d25374" />
    <UnitTestResult executionId="7feac6e1-fa1c-4d2e-9191-422144321f41" testId="1e5afcc8-277f-4b06-c393-57e6d27b1d53" testName="HealthAxisCore_Api.Tests.Services.AppointmentServiceTests.CreateAsync_WhenTimeSlotIsEmpty_ShouldThrowAppointmentRuleException" computerName="36012S3" duration="00:00:00.0039980" startTime="2026-07-03T12:30:43.0513200+05:30" endTime="2026-07-03T12:30:43.0593758+05:30" testType="13cdc9d9-ddb5-4fa4-a97d-d965ccfc6d4b" outcome="Passed" testListId="8c84fa94-04c1-424b-9868-57a2d4851a1d" relativeResultsDirectory="7feac6e1-fa1c-4d2e-9191-422144321f41" />
    <UnitTestResult executionId="d3a34ac7-e430-47c9-9ad2-2a5c9de9d512" testId="cbabeac1-56cb-5d18-b234-b0258f0ae218" testName="HealthAxisCore_Api.Tests.Services.AppointmentServiceTests.CancelAsync_WhenAppointmentAlreadyCancelled_ShouldThrowAppointmentRuleException" computerName="36012S3" duration="00:00:00.0032956" startTime="2026-07-03T12:30:43.0970331+05:30" endTime="2026-07-03T12:30:43.0995196+05:30" testType="13cdc9d9-ddb5-4fa4-a97d-d965ccfc6d4b" outcome="Passed" testListId="8c84fa94-04c1-424b-9868-57a2d4851a1d" relativeResultsDirectory="d3a34ac7-e430-47c9-9ad2-2a5c9de9d512" />
  </Results>
  <TestDefinitions>
    <UnitTest name="HealthAxisCore_Api.Tests.Services.DoctorServiceTests.GetPagedAsync_WhenPageSizeGreaterThanHundred_ShouldLimitToHundred" storage="c:\users\287802\source\repos\healthaxisapi\healthaxiscore_api.tests\bin\debug\net10.0\healthaxiscore_api.tests.dll" id="60084fbf-80b9-59b4-e553-7f0b503afdf4">
      <Execution id="d0e26592-dcd3-40e2-acda-3cbdc8870830" />
      <TestMethod codeBase="C:\Users\287802\source\repos\HealthAxisApi\HealthAxisCore_Api.Tests\bin\Debug\net10.0\HealthAxisCore_Api.Tests.dll" adapterTypeName="executor://xunit/VsTestRunner3/netcore/" className="HealthAxisCore_Api.Tests.Services.DoctorServiceTests" name="GetPagedAsync_WhenPageSizeGreaterThanHundred_ShouldLimitToHundred" />
    </UnitTest>
    <UnitTest name="HealthAxisCore_Api.Tests.Services.AppointmentServiceTests.ConfirmAsync_WhenAppointmentCancelled_ShouldThrowAppointmentRuleException" storage="c:\users\287802\source\repos\healthaxisapi\healthaxiscore_api.tests\bin\debug\net10.0\healthaxiscore_api.tests.dll" id="c708b804-753d-87d5-cf8b-cf81b762db04">
      <Execution id="536abfe7-e1eb-45fc-bbfb-d455f4138f86" />
[...]
    <TestEntry testId="e86df7ad-6853-7b65-bd47-c36f639077d0" executionId="c9aa4f4f-9192-41b8-a5fb-3d4cba9d6c9d" testListId="8c84fa94-04c1-424b-9868-57a2d4851a1d" />
    <TestEntry testId="096e7d1c-5fdd-5e4c-3047-9944fd6e782f" executionId="e99a9b91-77ef-4345-8f9d-da5dc3638dc9" testListId="8c84fa94-04c1-424b-9868-57a2d4851a1d" />
    <TestEntry testId="c420437c-41b4-524b-6b0b-b5d05e11f893" executionId="624531b4-d3ff-4ab6-95f3-2f7c6ed62389" testListId="8c84fa94-04c1-424b-9868-57a2d4851a1d" />
    <TestEntry testId="a94faad2-1779-5d82-272a-ad571bb23ae6" executionId="909e77e0-27e0-4bdc-b8c7-479cda2c8f6b" testListId="8c84fa94-04c1-424b-9868-57a2d4851a1d" />
    <TestEntry testId="42f3519e-dad9-96d5-cdd3-42041de20506" executionId="80c46b1e-4594-4d4c-861d-f29e2bee9d7c" testListId="8c84fa94-04c1-424b-9868-57a2d4851a1d" />
    <TestEntry testId="737df69f-938b-26e8-0b5f-8316b9dd334c" executionId="056a1517-1b5a-4057-8dd0-b926e40a4a8d" testListId="8c84fa94-04c1-424b-9868-57a2d4851a1d" />
    <TestEntry testId="9248f7e6-b770-ff4f-6771-c61513502eda" executionId="371d2c20-4a4f-4e29-b0bb-817e75e94678" testListId="8c84fa94-04c1-424b-9868-57a2d4851a1d" />
    <TestEntry testId="8ae75cc9-f446-8423-02f4-8951521dddea" executionId="7ba6eb9b-9e44-4c74-a595-4c5e6e74b92e" testListId="8c84fa94-04c1-424b-9868-57a2d4851a1d" />
    <TestEntry testId="24989759-03f9-dbbc-477b-9ced37842193" executionId="505308b6-6b18-48c0-a78f-0285e3c89ac4" testListId="8c84fa94-04c1-424b-9868-57a2d4851a1d" />
    <TestEntry testId="d6132046-1b6d-200e-a670-827d9b59d219" executionId="a196160d-27ae-461a-a979-539ab7575ca9" testListId="8c84fa94-04c1-424b-9868-57a2d4851a1d" />
    <TestEntry testId="0e2a3242-2686-8c02-85c0-275b58c1340d" executionId="f6a17c66-4380-455a-aeef-755c0b2a0193" testListId="8c84fa94-04c1-424b-9868-57a2d4851a1d" />
    <TestEntry testId="e7de5acf-69fa-0b91-a79b-4b8acfb7010d" executionId="428f6001-9d3f-47fc-b7e0-bb625dafec90" testListId="8c84fa94-04c1-424b-9868-57a2d4851a1d" />
    <TestEntry testId="ed7a488a-f5dc-86a1-e95f-c472b9b92c4c" executionId="4b8f91e7-8a83-400e-a6eb-04365c8256be" testListId="8c84fa94-04c1-424b-9868-57a2d4851a1d" />
    <TestEntry testId="635e7ca7-ddf1-cde9-3229-a1ddbf36fd2c" executionId="9b61e760-9920-43c4-b6ca-214a55a37876" testListId="8c84fa94-04c1-424b-9868-57a2d4851a1d" />
    <TestEntry testId="8520feed-9ca5-9a39-1209-4e6ad0d6418c" executionId="52e4e648-5cb6-42fc-85d4-4d99ad7d71d5" testListId="8c84fa94-04c1-424b-9868-57a2d4851a1d" />
    <TestEntry testId="2b828348-0691-bc99-dc6f-1e108e6544c3" executionId="3ffa83b1-e343-41f1-a63a-114dc57df56b" testListId="8c84fa94-04c1-424b-9868-57a2d4851a1d" />
    <TestEntry testId="5a5c2908-3f27-106b-9c33-5e9365c4059b" executionId="bdf2f3dc-2d3f-448e-8811-2d318c6b99ec" testListId="8c84fa94-04c1-424b-9868-57a2d4851a1d" />
    <TestEntry testId="86a17428-12c6-ae4c-e69a-c674c5ef0743" executionId="47c6f477-967e-499d-9484-21adb8492272" testListId="8c84fa94-04c1-424b-9868-57a2d4851a1d" />
    <TestEntry testId="2ed6a8c5-6e3d-016c-d777-96e702e4d1c0" executionId="031956f5-f47f-4516-bbb7-fe513dd24c22" testListId="8c84fa94-04c1-424b-9868-57a2d4851a1d" />
    <TestEntry testId="bb370f6b-0185-dcb5-5e7c-6fdccfecb0f0" executionId="51aaea2f-639a-4460-99c6-403cfe10846c" testListId="8c84fa94-04c1-424b-9868-57a2d4851a1d" />
    <TestEntry testId="063732d5-57e0-9998-6825-3ffd226fbb73" executionId="ce5b11e3-c990-4ec9-b92a-7770148b4288" testListId="8c84fa94-04c1-424b-9868-57a2d4851a1d" />
    <TestEntry testId="e40996e9-8364-0839-1551-97bce8beb913" executionId="ba40bcf7-491e-4924-99c0-2134527f2e59" testListId="8c84fa94-04c1-424b-9868-57a2d4851a1d" />
    <TestEntry testId="07629545-6acf-22a9-dbbc-e3eeb346119c" executionId="c17bab76-9160-450c-84e2-a16e9bf51082" testListId="8c84fa94-04c1-424b-9868-57a2d4851a1d" />
    <TestEntry testId="483d482e-7caa-7e6a-f3dc-baf250c4e8f6" executionId="eea7ad26-cc76-43ff-a12b-573293beb230" testListId="8c84fa94-04c1-424b-9868-57a2d4851a1d" />
    <TestEntry testId="bb240967-9f0d-eb3d-d0e7-117d68daa217" executionId="dac283de-3967-4d17-a61a-30a8d4ca0b90" testListId="8c84fa94-04c1-424b-9868-57a2d4851a1d" />
    <TestEntry testId="82ca34c3-b6fe-b57e-b1c1-01ffe046c78f" executionId="4b5dae24-678c-423d-a546-9c6f19fe06f4" testListId="8c84fa94-04c1-424b-9868-57a2d4851a1d" />
    <TestEntry testId="bcc458ef-6abd-3440-ffd8-101efdaadd90" executionId="42c1187e-585d-4585-b7ec-e8b5ff07a5d8" testListId="8c84fa94-04c1-424b-9868-57a2d4851a1d" />
    <TestEntry testId="1f8fc005-8034-046c-6b70-660117e481c3" executionId="e537cfbe-d5be-48f8-85f3-f7563f1bd437" testListId="8c84fa94-04c1-424b-9868-57a2d4851a1d" />
    <TestEntry testId="06ff8164-8e58-0453-c4d3-4411731ddf34" executionId="ecfb9895-6b96-4061-9baf-2b220bcab39d" testListId="8c84fa94-04c1-424b-9868-57a2d4851a1d" />
    <TestEntry testId="372eccf9-a766-db83-5e1c-f6d65fda98fb" executionId="1bbf5be9-412f-4493-be04-086b96d87aa5" testListId="8c84fa94-04c1-424b-9868-57a2d4851a1d" />
    <TestEntry testId="28861832-e27f-d248-e2d3-5c17d5f667b6" executionId="ffb0c6de-cab1-4286-bd96-6419f3666f65" testListId="8c84fa94-04c1-424b-9868-57a2d4851a1d" />
    <TestEntry testId="54849638-9222-3519-5f23-73080971559d" executionId="c2f7f9e3-bb4b-4f3a-9ea2-1ac1ff5704bd" testListId="8c84fa94-04c1-424b-9868-57a2d4851a1d" />
    <TestEntry testId="d1901348-99a8-1fb2-47bf-3c3ed616662e" executionId="4c9fb985-bd84-4b5b-9ad6-cb64a2b87e54" testListId="8c84fa94-04c1-424b-9868-57a2d4851a1d" />
    <TestEntry testId="f8ad33e3-d649-5b9b-5634-593a8323f488" executionId="7a4d5919-655f-47f5-8041-145cec7a9895" testListId="8c84fa94-04c1-424b-9868-57a2d4851a1d" />
    <TestEntry testId="6f1765eb-7e85-4326-348b-dca5a8ba30a5" executionId="7897d278-0a61-42d1-b4e7-b963af11ac05" testListId="8c84fa94-04c1-424b-9868-57a2d4851a1d" />
    <TestEntry testId="a66bd92d-acf2-4f21-4500-f532cce84d13" executionId="58dfc0a7-ee9a-4d19-8efe-37473ab4bce4" testListId="8c84fa94-04c1-424b-9868-57a2d4851a1d" />
    <TestEntry testId="f16fbbff-8fcd-714e-94a4-d7c677e29733" executionId="3e3fda8c-a0ce-4634-bce6-b8c07f20d2ca" testListId="8c84fa94-04c1-424b-9868-57a2d4851a1d" />
    <TestEntry testId="6b031548-847c-d18d-edac-9e192bce6f93" executionId="c4353360-a107-4f42-944d-121341d77a65" testListId="8c84fa94-04c1-424b-9868-57a2d4851a1d" />
    <TestEntry testId="9f95c5e1-742e-77d0-fe08-69f11fb58cb2" executionId="56750ffd-a98f-4d21-bd38-e739666381d1" testListId="8c84fa94-04c1-424b-9868-57a2d4851a1d" />
    <TestEntry testId="0d6843bd-0505-1760-7f2e-c266851820a1" executionId="47637c4e-7135-459b-99b0-2ff5e1508ed9" testListId="8c84fa94-04c1-424b-9868-57a2d4851a1d" />
    <TestEntry testId="6c6666e9-38d9-b701-13f4-c8656471db2a" executionId="9989d11d-5606-416c-9bf4-0c7f0a5ef7c6" testListId="8c84fa94-04c1-424b-9868-57a2d4851a1d" />
    <TestEntry testId="e89d0d89-8705-cb60-ff98-6b011347a24d" executionId="661ebb77-004a-422d-8b00-d0df718d0f92" testListId="8c84fa94-04c1-424b-9868-57a2d4851a1d" />
    <TestEntry testId="42d999eb-e8ef-1408-1e49-8f02bef15477" executionId="55ef5a5c-27b8-4b36-ab2b-1079feae968a" testListId="8c84fa94-04c1-424b-9868-57a2d4851a1d" />
    <TestEntry testId="27f71c33-d82a-4763-f130-73ba4c175ee1" executionId="4b4eed9f-73e5-4d02-8120-9c4bbd906b39" testListId="8c84fa94-04c1-424b-9868-57a2d4851a1d" />
    <TestEntry testId="0e05d91f-22d1-23ff-4e51-ecb064eadcb9" executionId="59128b2f-0e69-4a6e-a00c-7275b21fd7cf" testListId="8c84fa94-04c1-424b-9868-57a2d4851a1d" />
    <TestEntry testId="b87aa308-5874-d243-f901-44cdbcc1cbc9" executionId="bb66d8d0-4e9d-485f-af81-fbe0f592d934" testListId="8c84fa94-04c1-424b-9868-57a2d4851a1d" />
    <TestEntry testId="9934ed5c-ec3d-be83-a7bb-49a8080f5222" executionId="b00c0ec1-b40c-459b-be91-ec141c8b6b7f" testListId="8c84fa94-04c1-424b-9868-57a2d4851a1d" />
    <TestEntry testId="4996191e-4b3b-d8ca-ae44-3d4defbcda42" executionId="46c2c718-8abe-4284-819e-17bf8bdcdd9a" testListId="8c84fa94-04c1-424b-9868-57a2d4851a1d" />
    <TestEntry testId="cdfc7e4e-301f-99be-3d05-e6ae9f52887d" executionId="6fbc7387-17ba-4b11-8833-4640b469d262" testListId="8c84fa94-04c1-424b-9868-57a2d4851a1d" />
    <TestEntry testId="c9474880-0660-76e6-9150-e517104cefcc" executionId="6874ed17-898d-4c21-9134-1178fadfa452" testListId="8c84fa94-04c1-424b-9868-57a2d4851a1d" />
    <TestEntry testId="44ba5ca1-5ff5-1dc9-1059-03f5fb1af5be" executionId="5833af2a-281e-4e7d-8bd5-3c33afb14c7e" testListId="8c84fa94-04c1-424b-9868-57a2d4851a1d" />
    <TestEntry testId="a7d85989-8b8c-4b03-5ac7-613112b3dc88" executionId="7a9c7962-dfa1-45a0-a118-12b2f75aa665" testListId="8c84fa94-04c1-424b-9868-57a2d4851a1d" />
    <TestEntry testId="40674ac4-16dc-cac3-a518-9dc834b42eb7" executionId="8a776eff-83d3-45bd-a3ba-c0bf250510e1" testListId="8c84fa94-04c1-424b-9868-57a2d4851a1d" />
    <TestEntry testId="cc94da51-538c-c1e8-211a-9420231e8c47" executionId="20f2710e-2246-4c3a-a95f-056220a1d980" testListId="8c84fa94-04c1-424b-9868-57a2d4851a1d" />
    <TestEntry testId="0b918f1b-a2be-b4a2-b286-958ab896d86c" executionId="c7fe3ffe-2b04-4b7d-9b5f-598c651da1da" testListId="8c84fa94-04c1-424b-9868-57a2d4851a1d" />
    <TestEntry testId="0bb35232-247f-5337-15b5-dff0e7eeccda" executionId="e35fba79-a7c1-4347-bfcf-675b6a58e720" testListId="8c84fa94-04c1-424b-9868-57a2d4851a1d" />
    <TestEntry testId="5ebfd6bc-d822-eb58-1c10-315a9ef72183" executionId="a814d488-703d-49d7-9520-00ae839c357f" testListId="8c84fa94-04c1-424b-9868-57a2d4851a1d" />
    <TestEntry testId="b65be416-069f-6a5b-60f0-527a9627d1c7" executionId="fa43b740-a439-402d-a976-a2589f1e415c" testListId="8c84fa94-04c1-424b-9868-57a2d4851a1d" />
    <TestEntry testId="5d4d745e-1a98-8f1c-eb02-9e03b88e28fa" executionId="7bdd3eca-8c15-41f4-bd97-07c3d067df33" testListId="8c84fa94-04c1-424b-9868-57a2d4851a1d" />
    <TestEntry testId="e3622c63-2381-168b-b32c-c575196fedde" executionId="83f73e9d-b2c3-4824-8501-1844715f1c18" testListId="8c84fa94-04c1-424b-9868-57a2d4851a1d" />
    <TestEntry testId="427d52a1-e39e-0ea8-8130-afc718f896c7" executionId="cb139c7b-66cc-4f2b-bae2-be94589c67d2" testListId="8c84fa94-04c1-424b-9868-57a2d4851a1d" />
    <TestEntry testId="4f74a28d-fa0a-863f-11c8-25d677c51b8c" executionId="b8d12d35-00cc-4808-9fa0-82f651b627c8" testListId="8c84fa94-04c1-424b-9868-57a2d4851a1d" />
    <TestEntry testId="f1bf9ead-d534-7b4d-7f24-ff17f02ce459" executionId="2a12479c-b23c-4c9f-b04c-77f2dba35c1b" testListId="8c84fa94-04c1-424b-9868-57a2d4851a1d" />
    <TestEntry testId="1a7dbbe5-59a2-f48b-ea30-e9d8a3ae6051" executionId="507320a5-8872-4372-a6f8-bef1acc14870" testListId="8c84fa94-04c1-424b-9868-57a2d4851a1d" />
    <TestEntry testId="1c4d8b27-513e-d454-eb60-fffa408172af" executionId="c0c0ddaa-5d8e-4825-a823-9429663fe4df" testListId="8c84fa94-04c1-424b-9868-57a2d4851a1d" />
    <TestEntry testId="094a727a-2ad6-248e-0c2b-fa11d3d42136" executionId="0a525f7d-3d59-4a34-8f9a-3b6094946404" testListId="8c84fa94-04c1-424b-9868-57a2d4851a1d" />
    <TestEntry testId="3c8a176e-450b-5190-e852-5a50e245b5df" executionId="e7cbb78f-494c-4a8e-bd39-d442708ca2b0" testListId="8c84fa94-04c1-424b-9868-57a2d4851a1d" />
    <TestEntry testId="0085bfd0-1fb5-7fb4-f314-0003be09ef88" executionId="6397bb75-3999-4a00-a300-a59a96618d04" testListId="8c84fa94-04c1-424b-9868-57a2d4851a1d" />
    <TestEntry testId="85f155f5-3c71-35af-b2d6-5abd4abfb0ed" executionId="6a8e1dbc-b48e-4db4-8eb8-0721d51114da" testListId="8c84fa94-04c1-424b-9868-57a2d4851a1d" />
    <TestEntry testId="4692e229-d8bb-18c6-007b-9bcc325a88bf" executionId="6854e56d-034c-47f2-b3aa-22d299a8682d" testListId="8c84fa94-04c1-424b-9868-57a2d4851a1d" />
    <TestEntry testId="5793086c-3e69-b231-2580-154b36c43ea6" executionId="2ca175ea-98e9-4a8f-8dfe-31327726f4c3" testListId="8c84fa94-04c1-424b-9868-57a2d4851a1d" />
    <TestEntry testId="e878076e-a55e-7f9b-5a3c-07ab6f3c3dc9" executionId="380c6b2a-2074-4bfc-94c4-b943b60efa5d" testListId="8c84fa94-04c1-424b-9868-57a2d4851a1d" />
    <TestEntry testId="bf1c4cd0-fa7d-1dbd-e3c9-f94d6315da54" executionId="3fb65314-3f70-47fe-87ef-72429f34bdbc" testListId="8c84fa94-04c1-424b-9868-57a2d4851a1d" />
    <TestEntry testId="88a16fe0-e677-c72b-f4ba-b645b38686be" executionId="a11ef2d6-b660-4749-b14c-c92d1548666b" testListId="8c84fa94-04c1-424b-9868-57a2d4851a1d" />
    <TestEntry testId="432fd773-a8bb-682f-dd61-4624a2a215ac" executionId="5d2e62e5-ba4e-4ee7-be0e-ad0e6274ec54" testListId="8c84fa94-04c1-424b-9868-57a2d4851a1d" />
    <TestEntry testId="eef5786f-a98d-2b44-ef21-f96a93ea19fd" executionId="c926a6dc-fa9b-4bf6-b27d-3eb61e7a3a5f" testListId="8c84fa94-04c1-424b-9868-57a2d4851a1d" />
    <TestEntry testId="6d0b9fae-e49f-8279-f4a9-dbe3caa852fe" executionId="e62e40a3-46a4-4494-a753-ffdcd1084f60" testListId="8c84fa94-04c1-424b-9868-57a2d4851a1d" />
    <TestEntry testId="b7439823-fee5-d982-b60f-97c87c60ef54" executionId="859d5e02-11de-463c-bd2e-642f7d0a5a7e" testListId="8c84fa94-04c1-424b-9868-57a2d4851a1d" />
    <TestEntry testId="ae897d86-3ef1-0b8a-e016-563ce5ffcc72" executionId="204552fd-8dc7-4d84-9581-f2955d0eaae4" testListId="8c84fa94-04c1-424b-9868-57a2d4851a1d" />
    <TestEntry testId="a3889960-c6ec-2c93-ec6e-9edc5d603260" executionId="4812377b-367d-4c1f-bbce-b3360f6297ca" testListId="8c84fa94-04c1-424b-9868-57a2d4851a1d" />
    <TestEntry testId="69a0c6bd-f4f7-595f-3417-980af8f65aac" executionId="7dddf5d8-9a2b-4268-9f72-8e0229e0825f" testListId="8c84fa94-04c1-424b-9868-57a2d4851a1d" />
    <TestEntry testId="76c423c3-99b2-272c-3285-c16a731e687e" executionId="120f57d6-c3b9-4023-85ca-792ccd2b0367" testListId="8c84fa94-04c1-424b-9868-57a2d4851a1d" />
    <TestEntry testId="6ee81b32-cfbc-153e-3633-ea98c9fac99b" executionId="6c5156b6-bbec-4487-ad90-cf265e0d9eac" testListId="8c84fa94-04c1-424b-9868-57a2d4851a1d" />
    <TestEntry testId="c425b5fa-e86c-03d6-c613-2d19e88517e2" executionId="6393312a-16f3-4a8f-b3d4-a437c4401e82" testListId="8c84fa94-04c1-424b-9868-57a2d4851a1d" />
    <TestEntry testId="672e814a-8fdb-ed53-0fcf-e0a49f349801" executionId="b6ecccb8-f54e-4e24-9875-60af68ae105e" testListId="8c84fa94-04c1-424b-9868-57a2d4851a1d" />
    <TestEntry testId="646a371d-4b7c-4eb4-2a22-209919c3db2f" executionId="73625d31-4834-4805-8856-aedc870cfb7a" testListId="8c84fa94-04c1-424b-9868-57a2d4851a1d" />
    <TestEntry testId="60084fbf-80b9-59b4-e553-7f0b503afdf4" executionId="d0e26592-dcd3-40e2-acda-3cbdc8870830" testListId="8c84fa94-04c1-424b-9868-57a2d4851a1d" />
    <TestEntry testId="5701981d-34b5-0910-4ae8-66a6939d750f" executionId="f37fd5df-3927-4024-a210-cb78fcaff509" testListId="8c84fa94-04c1-424b-9868-57a2d4851a1d" />
    <TestEntry testId="2436040b-c186-c702-f0f2-2ae3547b6900" executionId="65e4afe5-bda2-4cd5-ab76-7b951b49c367" testListId="8c84fa94-04c1-424b-9868-57a2d4851a1d" />
    <TestEntry testId="6060b414-1b55-231c-0261-de434481ef90" executionId="2a9ecd71-fd38-4e8a-97ea-678788353586" testListId="8c84fa94-04c1-424b-9868-57a2d4851a1d" />
    <TestEntry testId="8fa44a01-2dc9-8c67-882f-f4c753406e75" executionId="d5292e86-9cc3-4613-9b20-d9f7ee65bc8e" testListId="8c84fa94-04c1-424b-9868-57a2d4851a1d" />
    <TestEntry testId="0c161ea4-494c-3220-0629-f4469bebc4ed" executionId="ffb583bd-342c-43c5-9678-f7886b5182d9" testListId="8c84fa94-04c1-424b-9868-57a2d4851a1d" />
    <TestEntry testId="a40fc07a-8d1c-db91-92b1-31d9fc4e9b8b" executionId="72f6f3a8-f0d6-4eff-89f9-4da028d5a0c1" testListId="8c84fa94-04c1-424b-9868-57a2d4851a1d" />
    <TestEntry testId="424c59a4-b4c7-9185-64dc-06fd58c77662" executionId="48c073c9-ac0e-41e8-945f-bf2f065b6270" testListId="8c84fa94-04c1-424b-9868-57a2d4851a1d" />
    <TestEntry testId="e0ae2897-a598-1aac-af32-547bedd29d8d" executionId="ae4e36e6-5490-4c74-ab5c-43cd664cb444" testListId="8c84fa94-04c1-424b-9868-57a2d4851a1d" />
    <TestEntry testId="ff92a95a-b583-d45b-77d3-85935dc30d60" executionId="6d212dcf-09bb-4b1e-92ec-6baf76cffc7e" testListId="8c84fa94-04c1-424b-9868-57a2d4851a1d" />
    <TestEntry testId="9bd8c3a0-b44c-f5aa-6c4c-ec4822626b9d" executionId="5bffa693-d7bf-43e4-8fd2-ee558e2ec099" testListId="8c84fa94-04c1-424b-9868-57a2d4851a1d" />
    <TestEntry testId="fb88db7e-092a-e84b-0ad3-b7f19a24dfd2" executionId="4831e3af-81a4-4c85-80e3-c03dda15c677" testListId="8c84fa94-04c1-424b-9868-57a2d4851a1d" />
    <TestEntry testId="0cb77ab1-521b-11c8-3bb7-b446f89fd442" executionId="89448a5b-b1bc-4391-b2c4-d96174c53c81" testListId="8c84fa94-04c1-424b-9868-57a2d4851a1d" />
    <TestEntry testId="9726f9a9-fe5f-9e30-7e0c-10109d0d5e47" executionId="b7baee0e-aab1-4a34-8305-92510dddebb1" testListId="8c84fa94-04c1-424b-9868-57a2d4851a1d" />
    <TestEntry testId="20f1dbbc-3e3c-4c3a-f8c6-2e062010a838" executionId="dcd9a971-c6ca-4df7-93be-9eba9f47e725" testListId="8c84fa94-04c1-424b-9868-57a2d4851a1d" />
    <TestEntry testId="c708b804-753d-87d5-cf8b-cf81b762db04" executionId="536abfe7-e1eb-45fc-bbfb-d455f4138f86" testListId="8c84fa94-04c1-424b-9868-57a2d4851a1d" />
    <TestEntry testId="6f6027ea-662a-9b22-a3eb-6d86c3a6fe45" executionId="8e47ad7e-2e87-445c-bb7b-24d7a2879b5b" testListId="8c84fa94-04c1-424b-9868-57a2d4851a1d" />
    <TestEntry testId="15888e9a-f3c9-7ba3-8265-a361f436849b" executionId="500456e7-c62b-4314-ad1c-e37e75cf511f" testListId="8c84fa94-04c1-424b-9868-57a2d4851a1d" />
    <TestEntry testId="6263a860-09da-a4e3-8850-c091a9d31d24" executionId="268de4e2-f3e7-47d8-8711-c1b8e86c50a8" testListId="8c84fa94-04c1-424b-9868-57a2d4851a1d" />
    <TestEntry testId="a0f289f7-c459-26f3-1bdf-576820d24a51" executionId="f271deb0-4e13-4d00-840e-3e56cdcab0f8" testListId="8c84fa94-04c1-424b-9868-57a2d4851a1d" />
    <TestEntry testId="17b05795-710d-ff50-f844-5dc2f5d275c2" executionId="4781a916-39a7-463b-b458-b042a7eeb62f" testListId="8c84fa94-04c1-424b-9868-57a2d4851a1d" />
    <TestEntry testId="3f0509b7-6376-77cc-1117-4bbdf55e5899" executionId="caa040b2-9d4f-4a8f-918b-ddfc99d25374" testListId="8c84fa94-04c1-424b-9868-57a2d4851a1d" />
    <TestEntry testId="1e5afcc8-277f-4b06-c393-57e6d27b1d53" executionId="7feac6e1-fa1c-4d2e-9191-422144321f41" testListId="8c84fa94-04c1-424b-9868-57a2d4851a1d" />
    <TestEntry testId="cbabeac1-56cb-5d18-b234-b0258f0ae218" executionId="d3a34ac7-e430-47c9-9ad2-2a5c9de9d512" testListId="8c84fa94-04c1-424b-9868-57a2d4851a1d" />
  </TestEntries>
  <TestLists>
    <TestList name="Results Not in a List" id="8c84fa94-04c1-424b-9868-57a2d4851a1d" />
    <TestList name="All Loaded Results" id="19431567-8539-422a-85d7-44ee4e166bda" />
  </TestLists>
  <ResultSummary outcome="Completed">
    <Counters total="136" executed="136" passed="136" failed="0" error="0" timeout="0" aborted="0" inconclusive="0" passedButRunAborted="0" notRunnable="0" notExecuted="0" disconnected="0" warning="0" completed="0" inProgress="0" pending="0" />
    <Output>
      <StdOut>[xUnit.net 00:00:00.00] xUnit.net VSTest Adapter v3.1.5+1b188a7b0a (64-bit .NET 10.0.9)&#xD;
[xUnit.net 00:00:00.33]   Discovering: HealthAxisCore_Api.Tests&#xD;
[xUnit.net 00:00:00.40]   Discovered:  HealthAxisCore_Api.Tests&#xD;
[xUnit.net 00:00:00.43]   Starting:    HealthAxisCore_Api.Tests&#xD;
     Warning:&#xD;
     The component "Fluent Assertions" is governed by the rules defined in the Xceed License Agreement and&#xD;
     the Xceed Fluent Assertions Community License. You may use Fluent Assertions free of charge for&#xD;
     non-commercial use only. An active subscription is required to use Fluent Assertions for commercial use.&#xD;
     Please contact Xceed Sales mailto:sales@xceed.com to acquire a subscription at a very low cost.&#xD;
     A paid commercial license supports the development and continued increasing support of&#xD;
     Fluent Assertions users under both commercial and community licenses. Help us&#xD;
     keep Fluent Assertions at the forefront of unit testing.&#xD;
     For more information, visit https://xceed.com/products/unit-testing/fluent-assertions/&#xD;
Doctor Temporary Password: Temp@6414&#xD;
[xUnit.net 00:00:02.07]   Finished:    HealthAxisCore_Api.Tests&#xD;
</StdOut>
    </Output>
  </ResultSummary>
</TestRun>